#
# A fatal error has been detected by the Java Runtime Environment:
#
#  EXCEPTION_ACCESS_VIOLATION (0xc0000005) at pc=0x00007ffb3b4adc31, pid=7412, tid=680
#
# JRE version: Java(TM) SE Runtime Environment (11.0.2+9) (build 11.0.2+9-LTS)
# Java VM: Java HotSpot(TM) 64-Bit Server VM (11.0.2+9-LTS, mixed mode, tiered, compressed oops, g1 gc, windows-amd64)
# Problematic frame:
# V  [jvm.dll+0x19dc31]
#
# No core dump will be written. Minidumps are not enabled by default on client versions of Windows
#
# If you would like to submit a bug report, please visit:
#   http://bugreport.java.com/bugreport/crash.jsp
#

---------------  S U M M A R Y ------------

Command Line: -XX:TieredStopAtLevel=1 -Xverify:none -Dspring.output.ansi.enabled=always -Dcom.sun.management.jmxremote -Dspring.jmx.enabled=true -Dspring.liveBeansView.mbeanDomain -Dspring.application.admin.enabled=true -Dmanagement.endpoints.jmx.exposure.include=* -javaagent:C:\Program Files\JetBrains\IntelliJ IDEA 2023.2.2\lib\idea_rt.jar=55772:C:\Program Files\JetBrains\IntelliJ IDEA 2023.2.2\bin -Dfile.encoding=UTF-8 com.fabienit.flyingclub.AeroclubApiApplication

Host: AMD Phenom(tm) II X4 965 Processor, 4 cores, 11G,  Windows 10 , 64 bit Build 19041 (10.0.19041.3636)
Time: Fri Feb  9 15:11:38 2024 Paris, Madrid elapsed time: 15 seconds (0d 0h 0m 15s)

---------------  T H R E A D  ---------------

Current thread (0x000001d2645d7800):  GCTaskThread "GC Thread#1" [stack: 0x00000079a8700000,0x00000079a8800000] [id=680]

Stack: [0x00000079a8700000,0x00000079a8800000],  sp=0x00000079a87ff6d8,  free space=1021k
Native frames: (J=compiled Java code, j=interpreted, Vv=VM code, C=native code)
V  [jvm.dll+0x19dc31]


siginfo: EXCEPTION_ACCESS_VIOLATION (0xc0000005), reading address 0x000000000000c110


Register to memory mapping:

RIP=0x00007ffb3b4adc31 jvm.dll
RAX=0x000000000000c000 is an unknown value
RBX=0x00000007478a28b0 is pointing into object: [Ljava.lang.Object; 
{0x00000007478a2758} - klass: 'java/lang/Object'[]
 - length: 87
RCX=0x0000000800000000 is pointing into metadata
RDX=0x00000007453faef0 is pointing into object: java.lang.Class 
{0x00000007453faeb0} - klass: 'java/lang/Class'
RSP=0x00000079a87ff6d8 points into unknown readable memory: ee 6b 62 3b fb 7f 00 00
RBP=0x000001d267d9f350 points into unknown readable memory: 78 07 b9 3b fb 7f 00 00
RSI=0x000001d267d9f350 points into unknown readable memory: 78 07 b9 3b fb 7f 00 00
RDI=0x0000000000000001 is an unknown value
R8 =0x0 is NULL
R9 =0x0000000800000000 is pointing into metadata
R10=0x000000080000ca30 is pointing into metadata
R11=0x00000007478a2a60 is an oop: [B 
{0x00000007478a2a60} - klass: {type array byte}
 - length: 100
R12=0x0 is NULL
R13=0x00000000000003d8 is an unknown value
R14=0x00000007453faef0 is pointing into object: java.lang.Class 
{0x00000007453faeb0} - klass: 'java/lang/Class'
R15=0xe81cd8e900000000 is an unknown value


Registers:
RAX=0x000000000000c000, RBX=0x00000007478a28b0, RCX=0x0000000800000000, RDX=0x00000007453faef0
RSP=0x00000079a87ff6d8, RBP=0x000001d267d9f350, RSI=0x000001d267d9f350, RDI=0x0000000000000001
R8 =0x0000000000000000, R9 =0x0000000800000000, R10=0x000000080000ca30, R11=0x00000007478a2a60
R12=0x0000000000000000, R13=0x00000000000003d8, R14=0x00000007453faef0, R15=0xe81cd8e900000000
RIP=0x00007ffb3b4adc31, EFLAGS=0x0000000000010246

Top of Stack: (sp=0x00000079a87ff6d8)
0x00000079a87ff6d8:   00007ffb3b626bee 00000007478a2b28
0x00000079a87ff6e8:   00000007453f3150 00000007478a2b01
0x00000079a87ff6f8:   0000000000000001 00000000000000fe
0x00000079a87ff708:   00000007478a28c1 00000007478a0495
0x00000079a87ff718:   00007ffb3b6260b9 000001d267d9f350
0x00000079a87ff728:   0000000000000040 000001d2407ca8a8
0x00000079a87ff738:   00000000000003d8 0000000000000000
0x00000079a87ff748:   000001d2407ca8a0 0000000000000000
0x00000079a87ff758:   00007ffb3b62497d 0000000000000001
0x00000079a87ff768:   00007ffb3b626fdf 000000000000001d
0x00000079a87ff778:   00000007478a28b0 00000007478a28b1
0x00000079a87ff788:   00007ffb3b93f66f 00000079a87ff820
0x00000079a87ff798:   000001d267898a80 00000007000003d8
0x00000079a87ff7a8:   000001d263befd10 0000000000000000
0x00000079a87ff7b8:   000001d267d9f350 000001d267660b88
0x00000079a87ff7c8:   000001d263befd10 00000007453f2d80 

Instructions: (pc=0x00007ffb3b4adc31)
0x00007ffb3b4adc11:   10 0f b6 c1 49 8d 0c 11 49 f7 d1 48 03 c1 49 c1
0x00007ffb3b4adc21:   e9 03 48 c1 e8 03 41 23 c1 c3 49 8b 01 49 8b c9
0x00007ffb3b4adc31:   48 ff a0 10 01 00 00 cc cc cc cc cc cc cc cc 48
0x00007ffb3b4adc41:   83 ec 38 48 8b 02 48 8b 49 38 48 89 44 24 20 48 


Stack slot to memory mapping:
stack at sp + 0 slots: 0x00007ffb3b626bee jvm.dll
stack at sp + 1 slots: 0x00000007478a2b28 is an oop: java.lang.invoke.ResolvedMethodName 
{0x00000007478a2b28} - klass: 'java/lang/invoke/ResolvedMethodName'
stack at sp + 2 slots: 0x00000007453f3150 is an oop: java.lang.invoke.ResolvedMethodName 
{0x00000007453f3150} - klass: 'java/lang/invoke/ResolvedMethodName'
stack at sp + 3 slots: 0x00000007478a2b01 is pointing into object: java.lang.invoke.MemberName 
{0x00000007478a2af8} - klass: 'java/lang/invoke/MemberName'
stack at sp + 4 slots: 0x0000000000000001 is an unknown value
stack at sp + 5 slots: 0x00000000000000fe is an unknown value
stack at sp + 6 slots: 0x00000007478a28c1 is pointing into object: [Ljava.lang.Object; 
{0x00000007478a2758} - klass: 'java/lang/Object'[]
 - length: 87
stack at sp + 7 slots: 0x00000007478a0495 is pointing into object: java.lang.Class 
{0x00000007478a0470} - klass: 'java/lang/Class'


---------------  P R O C E S S  ---------------

Threads class SMR info:
_java_thread_list=0x000001d265b1f590, length=25, elements={
0x000001d24080d800, 0x000001d2639dc800, 0x000001d2639e0000, 0x000001d263a49800,
0x000001d263a4b800, 0x000001d263a4c800, 0x000001d263a52800, 0x000001d26316a000,
0x000001d263ca4800, 0x000001d26444c800, 0x000001d26444d800, 0x000001d2646b9000,
0x000001d264f84800, 0x000001d264f7f800, 0x000001d265235000, 0x000001d2652c9000,
0x000001d2652ce800, 0x000001d2655c8000, 0x000001d265cbf800, 0x000001d2670ac800,
0x000001d2658e8800, 0x000001d267132000, 0x000001d267130800, 0x000001d267131000,
0x000001d267133000
}

Java Threads: ( => current thread )
  0x000001d24080d800 JavaThread "main" [_thread_blocked, id=2304, stack(0x00000079a7600000,0x00000079a7700000)]
  0x000001d2639dc800 JavaThread "Reference Handler" daemon [_thread_blocked, id=16852, stack(0x00000079a7d00000,0x00000079a7e00000)]
  0x000001d2639e0000 JavaThread "Finalizer" daemon [_thread_blocked, id=15104, stack(0x00000079a7e00000,0x00000079a7f00000)]
  0x000001d263a49800 JavaThread "Signal Dispatcher" daemon [_thread_blocked, id=7632, stack(0x00000079a7f00000,0x00000079a8000000)]
  0x000001d263a4b800 JavaThread "Attach Listener" daemon [_thread_blocked, id=11568, stack(0x00000079a8000000,0x00000079a8100000)]
  0x000001d263a4c800 JavaThread "C1 CompilerThread0" daemon [_thread_blocked, id=7072, stack(0x00000079a8100000,0x00000079a8200000)]
  0x000001d263a52800 JavaThread "Sweeper thread" daemon [_thread_blocked, id=16208, stack(0x00000079a8200000,0x00000079a8300000)]
  0x000001d26316a000 JavaThread "Common-Cleaner" daemon [_thread_blocked, id=13596, stack(0x00000079a8300000,0x00000079a8400000)]
  0x000001d263ca4800 JavaThread "C1 CompilerThread1" daemon [_thread_blocked, id=15892, stack(0x00000079a8400000,0x00000079a8500000)]
  0x000001d26444c800 JavaThread "Monitor Ctrl-Break" daemon [_thread_in_native, id=8948, stack(0x00000079a8500000,0x00000079a8600000)]
  0x000001d26444d800 JavaThread "Service Thread" daemon [_thread_blocked, id=12832, stack(0x00000079a8600000,0x00000079a8700000)]
  0x000001d2646b9000 JavaThread "RMI TCP Accept-0" daemon [_thread_in_native, id=5804, stack(0x00000079a8b00000,0x00000079a8c00000)]
  0x000001d264f84800 JavaThread "RMI TCP Connection(2)-192.168.1.86" daemon [_thread_in_native, id=4560, stack(0x00000079a8d00000,0x00000079a8e00000)]
  0x000001d264f7f800 JavaThread "RMI Scheduler(0)" daemon [_thread_blocked, id=17088, stack(0x00000079a8e00000,0x00000079a8f00000)]
  0x000001d265235000 JavaThread "C1 CompilerThread2" daemon [_thread_blocked, id=17020, stack(0x00000079a8f00000,0x00000079a9000000)]
  0x000001d2652c9000 JavaThread "Thread-0" [_thread_blocked, id=1672, stack(0x00000079a9000000,0x00000079a9100000)]
  0x000001d2652ce800 JavaThread "restartedMain" [_thread_blocked, id=17396, stack(0x00000079a9100000,0x00000079a9200000)]
  0x000001d2655c8000 JavaThread "logback-1" daemon [_thread_blocked, id=12576, stack(0x00000079a9300000,0x00000079a9400000)]
  0x000001d265cbf800 JavaThread "RMI TCP Connection(3)-192.168.1.86" daemon [_thread_in_native, id=9644, stack(0x00000079a9200000,0x00000079a9300000)]
  0x000001d2670ac800 JavaThread "mysql-cj-abandoned-connection-cleanup" daemon [_thread_blocked, id=12240, stack(0x00000079a9400000,0x00000079a9500000)]
  0x000001d2658e8800 JavaThread "HikariPool-1 housekeeper" daemon [_thread_blocked, id=9472, stack(0x00000079a9500000,0x00000079a9600000)]
  0x000001d267132000 JavaThread "HikariPool-1 connection adder" daemon [_thread_blocked, id=13176, stack(0x00000079a9600000,0x00000079a9700000)]
  0x000001d267130800 JavaThread "Catalina-utility-1" [_thread_blocked, id=13876, stack(0x00000079a9700000,0x00000079a9800000)]
  0x000001d267131000 JavaThread "Catalina-utility-2" [_thread_blocked, id=12652, stack(0x00000079a9800000,0x00000079a9900000)]
  0x000001d267133000 JavaThread "container-0" [_thread_blocked, id=14496, stack(0x00000079a9900000,0x00000079a9a00000)]

Other Threads:
  0x000001d2639b2000 VMThread "VM Thread" [stack: 0x00000079a7c00000,0x00000079a7d00000] [id=12940]
  0x000001d2646c2800 WatcherThread [stack: 0x00000079a8c00000,0x00000079a8d00000] [id=7012]
  0x000001d240824000 GCTaskThread "GC Thread#0" [stack: 0x00000079a7700000,0x00000079a7800000] [id=7436]
=>0x000001d2645d7800 GCTaskThread "GC Thread#1" [stack: 0x00000079a8700000,0x00000079a8800000] [id=680]
  0x000001d2645d8000 GCTaskThread "GC Thread#2" [stack: 0x00000079a8800000,0x00000079a8900000] [id=11136]
  0x000001d2645d9000 GCTaskThread "GC Thread#3" [stack: 0x00000079a8900000,0x00000079a8a00000] [id=10212]
  0x000001d24086a000 ConcurrentGCThread "G1 Main Marker" [stack: 0x00000079a7800000,0x00000079a7900000] [id=16656]
  0x000001d24086b800 ConcurrentGCThread "G1 Conc#0" [stack: 0x00000079a7900000,0x00000079a7a00000] [id=3252]
  0x000001d26301c800 ConcurrentGCThread "G1 Refine#0" [stack: 0x00000079a7a00000,0x00000079a7b00000] [id=1448]
  0x000001d2645fd800 ConcurrentGCThread "G1 Refine#1" [stack: 0x00000079a8a00000,0x00000079a8b00000] [id=2184]
  0x000001d26301d000 ConcurrentGCThread "G1 Young RemSet Sampling" [stack: 0x00000079a7b00000,0x00000079a7c00000] [id=15436]

Threads with active compile tasks:

VM state:at safepoint (normal execution)

VM Mutex/Monitor currently owned by a thread:  ([mutex/lock_event])
[0x000001d240809490] Threads_lock - owner thread: 0x000001d2639b2000
[0x000001d24080acc0] Heap_lock - owner thread: 0x000001d2652ce800

Heap address: 0x0000000740400000, size: 3068 MB, Compressed Oops mode: Zero based, Oop shift amount: 3
Narrow klass base: 0x0000000800000000, Narrow klass shift: 0
Compressed class space size: 1073741824 Address: 0x0000000800000000

Heap:
 garbage-first heap   total 196608K, used 92736K [0x0000000740400000, 0x0000000800000000)
  region size 1024K, 78 young (79872K), 11 survivors (11264K)
 Metaspace       used 58355K, capacity 59952K, committed 60080K, reserved 1101824K
  class space    used 7653K, capacity 8274K, committed 8320K, reserved 1048576K
Heap Regions: E=young(eden), S=young(survivor), O=old, HS=humongous(starts), HC=humongous(continues), CS=collection set, F=free, A=archive, TAMS=top-at-mark-start (previous, next)
|   0|0x0000000740400000, 0x0000000740500000, 0x0000000740500000|100%|HS|  |TAMS 0x0000000740500000, 0x0000000740500000| Complete 
|   1|0x0000000740500000, 0x0000000740600000, 0x0000000740600000|100%| O|  |TAMS 0x0000000740600000, 0x0000000740600000| Untracked 
|   2|0x0000000740600000, 0x0000000740700000, 0x0000000740700000|100%| O|  |TAMS 0x0000000740700000, 0x0000000740700000| Untracked 
|   3|0x0000000740700000, 0x0000000740800000, 0x0000000740800000|100%| O|  |TAMS 0x0000000740800000, 0x0000000740800000| Untracked 
|   4|0x0000000740800000, 0x0000000740900000, 0x0000000740900000|100%| O|  |TAMS 0x0000000740900000, 0x0000000740900000| Untracked 
|   5|0x0000000740900000, 0x0000000740a00000, 0x0000000740a00000|100%| O|  |TAMS 0x0000000740a00000, 0x0000000740a00000| Untracked 
|   6|0x0000000740a00000, 0x0000000740b00000, 0x0000000740b00000|100%| O|  |TAMS 0x0000000740b00000, 0x0000000740b00000| Untracked 
|   7|0x0000000740b00000, 0x0000000740c00000, 0x0000000740c00000|100%| O|  |TAMS 0x0000000740c00000, 0x0000000740c00000| Untracked 
|   8|0x0000000740c00000, 0x0000000740d00000, 0x0000000740d00000|100%| O|  |TAMS 0x0000000740d00000, 0x0000000740d00000| Untracked 
|   9|0x0000000740d00000, 0x0000000740e00000, 0x0000000740e00000|100%| O|  |TAMS 0x0000000740d4bc00, 0x0000000740e00000| Untracked 
|  10|0x0000000740e00000, 0x0000000740f00000, 0x0000000740f00000|100%| O|  |TAMS 0x0000000740e00000, 0x0000000740f00000| Untracked 
|  11|0x0000000740f00000, 0x0000000741000000, 0x0000000741000000|100%| O|  |TAMS 0x0000000740f00000, 0x0000000741000000| Untracked 
|  12|0x0000000741000000, 0x0000000741100000, 0x0000000741100000|100%| O|  |TAMS 0x0000000741000000, 0x0000000741100000| Untracked 
|  13|0x0000000741100000, 0x0000000741200000, 0x0000000741200000|100%| O|  |TAMS 0x0000000741100000, 0x0000000741200000| Untracked 
|  14|0x0000000741200000, 0x0000000741300000, 0x0000000741300000|100%| O|  |TAMS 0x0000000741200000, 0x0000000741300000| Untracked 
|  15|0x0000000741300000, 0x00000007413feb50, 0x0000000741400000| 99%| O|  |TAMS 0x0000000741300000, 0x0000000741400000| Untracked 
|  16|0x0000000741400000, 0x0000000741400000, 0x0000000741500000|  0%| F|  |TAMS 0x0000000741400000, 0x0000000741400000| Untracked 
|  17|0x0000000741500000, 0x0000000741500000, 0x0000000741600000|  0%| F|  |TAMS 0x0000000741500000, 0x0000000741500000| Untracked 
|  18|0x0000000741600000, 0x0000000741600000, 0x0000000741700000|  0%| F|  |TAMS 0x0000000741600000, 0x0000000741600000| Untracked 
|  19|0x0000000741700000, 0x0000000741700000, 0x0000000741800000|  0%| F|  |TAMS 0x0000000741700000, 0x0000000741700000| Untracked 
|  20|0x0000000741800000, 0x0000000741800000, 0x0000000741900000|  0%| F|  |TAMS 0x0000000741800000, 0x0000000741800000| Untracked 
|  21|0x0000000741900000, 0x0000000741900000, 0x0000000741a00000|  0%| F|  |TAMS 0x0000000741900000, 0x0000000741900000| Untracked 
|  22|0x0000000741a00000, 0x0000000741a00000, 0x0000000741b00000|  0%| F|  |TAMS 0x0000000741a00000, 0x0000000741a00000| Untracked 
|  23|0x0000000741b00000, 0x0000000741b00000, 0x0000000741c00000|  0%| F|  |TAMS 0x0000000741b00000, 0x0000000741b00000| Untracked 
|  24|0x0000000741c00000, 0x0000000741c00000, 0x0000000741d00000|  0%| F|  |TAMS 0x0000000741c00000, 0x0000000741c00000| Untracked 
|  25|0x0000000741d00000, 0x0000000741d00000, 0x0000000741e00000|  0%| F|  |TAMS 0x0000000741d00000, 0x0000000741d00000| Untracked 
|  26|0x0000000741e00000, 0x0000000741e00000, 0x0000000741f00000|  0%| F|  |TAMS 0x0000000741e00000, 0x0000000741e00000| Untracked 
|  27|0x0000000741f00000, 0x0000000741f00000, 0x0000000742000000|  0%| F|  |TAMS 0x0000000741f00000, 0x0000000741f00000| Untracked 
|  28|0x0000000742000000, 0x0000000742000000, 0x0000000742100000|  0%| F|  |TAMS 0x0000000742000000, 0x0000000742000000| Untracked 
|  29|0x0000000742100000, 0x0000000742100000, 0x0000000742200000|  0%| F|  |TAMS 0x0000000742100000, 0x0000000742100000| Untracked 
|  30|0x0000000742200000, 0x0000000742200000, 0x0000000742300000|  0%| F|  |TAMS 0x0000000742200000, 0x0000000742200000| Untracked 
|  31|0x0000000742300000, 0x0000000742300000, 0x0000000742400000|  0%| F|  |TAMS 0x0000000742300000, 0x0000000742300000| Untracked 
|  32|0x0000000742400000, 0x0000000742400000, 0x0000000742500000|  0%| F|  |TAMS 0x0000000742400000, 0x0000000742400000| Untracked 
|  33|0x0000000742500000, 0x0000000742500000, 0x0000000742600000|  0%| F|  |TAMS 0x0000000742500000, 0x0000000742500000| Untracked 
|  34|0x0000000742600000, 0x0000000742600000, 0x0000000742700000|  0%| F|  |TAMS 0x0000000742600000, 0x0000000742600000| Untracked 
|  35|0x0000000742700000, 0x0000000742700000, 0x0000000742800000|  0%| F|  |TAMS 0x0000000742700000, 0x0000000742700000| Untracked 
|  36|0x0000000742800000, 0x0000000742800000, 0x0000000742900000|  0%| F|  |TAMS 0x0000000742800000, 0x0000000742800000| Untracked 
|  37|0x0000000742900000, 0x0000000742900000, 0x0000000742a00000|  0%| F|  |TAMS 0x0000000742900000, 0x0000000742900000| Untracked 
|  38|0x0000000742a00000, 0x0000000742a00000, 0x0000000742b00000|  0%| F|  |TAMS 0x0000000742a00000, 0x0000000742a00000| Untracked 
|  39|0x0000000742b00000, 0x0000000742b00000, 0x0000000742c00000|  0%| F|  |TAMS 0x0000000742b00000, 0x0000000742b00000| Untracked 
|  40|0x0000000742c00000, 0x0000000742c00000, 0x0000000742d00000|  0%| F|  |TAMS 0x0000000742c00000, 0x0000000742c00000| Untracked 
|  41|0x0000000742d00000, 0x0000000742d00000, 0x0000000742e00000|  0%| F|  |TAMS 0x0000000742d00000, 0x0000000742d00000| Untracked 
|  42|0x0000000742e00000, 0x0000000742e00000, 0x0000000742f00000|  0%| F|  |TAMS 0x0000000742e00000, 0x0000000742e00000| Untracked 
|  43|0x0000000742f00000, 0x0000000742f00000, 0x0000000743000000|  0%| F|  |TAMS 0x0000000742f00000, 0x0000000742f00000| Untracked 
|  44|0x0000000743000000, 0x0000000743000000, 0x0000000743100000|  0%| F|  |TAMS 0x0000000743000000, 0x0000000743000000| Untracked 
|  45|0x0000000743100000, 0x0000000743100000, 0x0000000743200000|  0%| F|  |TAMS 0x0000000743100000, 0x0000000743100000| Untracked 
|  46|0x0000000743200000, 0x0000000743200000, 0x0000000743300000|  0%| F|  |TAMS 0x0000000743200000, 0x0000000743200000| Untracked 
|  47|0x0000000743300000, 0x0000000743300000, 0x0000000743400000|  0%| F|  |TAMS 0x0000000743300000, 0x0000000743300000| Untracked 
|  48|0x0000000743400000, 0x0000000743400000, 0x0000000743500000|  0%| F|  |TAMS 0x0000000743400000, 0x0000000743400000| Untracked 
|  49|0x0000000743500000, 0x0000000743500000, 0x0000000743600000|  0%| F|  |TAMS 0x0000000743500000, 0x0000000743500000| Untracked 
|  50|0x0000000743600000, 0x0000000743600000, 0x0000000743700000|  0%| F|  |TAMS 0x0000000743600000, 0x0000000743600000| Untracked 
|  51|0x0000000743700000, 0x0000000743700000, 0x0000000743800000|  0%| F|  |TAMS 0x0000000743700000, 0x0000000743700000| Untracked 
|  52|0x0000000743800000, 0x0000000743800000, 0x0000000743900000|  0%| F|  |TAMS 0x0000000743800000, 0x0000000743800000| Untracked 
|  53|0x0000000743900000, 0x0000000743900000, 0x0000000743a00000|  0%| F|  |TAMS 0x0000000743900000, 0x0000000743900000| Untracked 
|  54|0x0000000743a00000, 0x0000000743a00000, 0x0000000743b00000|  0%| F|  |TAMS 0x0000000743a00000, 0x0000000743a00000| Untracked 
|  55|0x0000000743b00000, 0x0000000743b00000, 0x0000000743c00000|  0%| F|  |TAMS 0x0000000743b00000, 0x0000000743b00000| Untracked 
|  56|0x0000000743c00000, 0x0000000743c00000, 0x0000000743d00000|  0%| F|  |TAMS 0x0000000743c00000, 0x0000000743c00000| Untracked 
|  57|0x0000000743d00000, 0x0000000743d00000, 0x0000000743e00000|  0%| F|  |TAMS 0x0000000743d00000, 0x0000000743d00000| Untracked 
|  58|0x0000000743e00000, 0x0000000743e00000, 0x0000000743f00000|  0%| F|  |TAMS 0x0000000743e00000, 0x0000000743e00000| Untracked 
|  59|0x0000000743f00000, 0x0000000743f00000, 0x0000000744000000|  0%| F|  |TAMS 0x0000000743f00000, 0x0000000743f00000| Untracked 
|  60|0x0000000744000000, 0x0000000744000000, 0x0000000744100000|  0%| F|  |TAMS 0x0000000744000000, 0x0000000744000000| Untracked 
|  61|0x0000000744100000, 0x0000000744100000, 0x0000000744200000|  0%| F|  |TAMS 0x0000000744100000, 0x0000000744100000| Untracked 
|  62|0x0000000744200000, 0x0000000744200000, 0x0000000744300000|  0%| F|  |TAMS 0x0000000744200000, 0x0000000744200000| Untracked 
|  63|0x0000000744300000, 0x0000000744300000, 0x0000000744400000|  0%| F|  |TAMS 0x0000000744300000, 0x0000000744300000| Untracked 
|  64|0x0000000744400000, 0x0000000744400000, 0x0000000744500000|  0%| F|  |TAMS 0x0000000744400000, 0x0000000744400000| Untracked 
|  65|0x0000000744500000, 0x0000000744500000, 0x0000000744600000|  0%| F|  |TAMS 0x0000000744500000, 0x0000000744500000| Untracked 
|  66|0x0000000744600000, 0x00000007446dc040, 0x0000000744700000| 85%| E|CS|TAMS 0x0000000744600000, 0x00000007446dc040| Complete 
|  67|0x0000000744700000, 0x0000000744700000, 0x0000000744800000|  0%| F|  |TAMS 0x0000000744700000, 0x0000000744700000| Untracked 
|  68|0x0000000744800000, 0x0000000744800000, 0x0000000744900000|  0%| F|  |TAMS 0x0000000744800000, 0x0000000744800000| Untracked 
|  69|0x0000000744900000, 0x0000000744900000, 0x0000000744a00000|  0%| F|  |TAMS 0x0000000744900000, 0x0000000744900000| Untracked 
|  70|0x0000000744a00000, 0x0000000744a00000, 0x0000000744b00000|  0%| F|  |TAMS 0x0000000744a00000, 0x0000000744a00000| Untracked 
|  71|0x0000000744b00000, 0x0000000744b00000, 0x0000000744c00000|  0%| F|  |TAMS 0x0000000744b00000, 0x0000000744b00000| Untracked 
|  72|0x0000000744c00000, 0x0000000744c00000, 0x0000000744d00000|  0%| F|  |TAMS 0x0000000744c00000, 0x0000000744c00000| Untracked 
|  73|0x0000000744d00000, 0x0000000744d00000, 0x0000000744e00000|  0%| F|  |TAMS 0x0000000744d00000, 0x0000000744d00000| Untracked 
|  74|0x0000000744e00000, 0x0000000744e00000, 0x0000000744f00000|  0%| F|  |TAMS 0x0000000744e00000, 0x0000000744e00000| Untracked 
|  75|0x0000000744f00000, 0x0000000744f00000, 0x0000000745000000|  0%| F|  |TAMS 0x0000000744f00000, 0x0000000744f00000| Untracked 
|  76|0x0000000745000000, 0x0000000745000000, 0x0000000745100000|  0%| F|  |TAMS 0x0000000745000000, 0x0000000745000000| Untracked 
|  77|0x0000000745100000, 0x0000000745200000, 0x0000000745200000|100%| E|CS|TAMS 0x0000000745100000, 0x0000000745200000| Complete 
|  78|0x0000000745200000, 0x0000000745300000, 0x0000000745300000|100%| E|CS|TAMS 0x0000000745200000, 0x0000000745300000| Complete 
|  79|0x0000000745300000, 0x0000000745400000, 0x0000000745400000|100%| E|CS|TAMS 0x0000000745300000, 0x0000000745400000| Complete 
|  80|0x0000000745400000, 0x0000000745500000, 0x0000000745500000|100%| E|CS|TAMS 0x0000000745400000, 0x0000000745500000| Complete 
|  81|0x0000000745500000, 0x0000000745600000, 0x0000000745600000|100%| E|CS|TAMS 0x0000000745500000, 0x0000000745600000| Complete 
|  82|0x0000000745600000, 0x0000000745700000, 0x0000000745700000|100%| E|CS|TAMS 0x0000000745600000, 0x0000000745700000| Complete 
|  83|0x0000000745700000, 0x0000000745800000, 0x0000000745800000|100%| E|CS|TAMS 0x0000000745700000, 0x0000000745800000| Complete 
|  84|0x0000000745800000, 0x0000000745900000, 0x0000000745900000|100%| E|CS|TAMS 0x0000000745800000, 0x0000000745900000| Complete 
|  85|0x0000000745900000, 0x0000000745a00000, 0x0000000745a00000|100%| E|CS|TAMS 0x0000000745900000, 0x0000000745a00000| Complete 
|  86|0x0000000745a00000, 0x0000000745b00000, 0x0000000745b00000|100%| E|CS|TAMS 0x0000000745a00000, 0x0000000745b00000| Complete 
|  87|0x0000000745b00000, 0x0000000745b00000, 0x0000000745c00000|  0%| F|  |TAMS 0x0000000745b00000, 0x0000000745b00000| Untracked 
|  88|0x0000000745c00000, 0x0000000745c00000, 0x0000000745d00000|  0%| F|  |TAMS 0x0000000745c00000, 0x0000000745c00000| Untracked 
|  89|0x0000000745d00000, 0x0000000745d00000, 0x0000000745e00000|  0%| F|  |TAMS 0x0000000745d00000, 0x0000000745d00000| Untracked 
|  90|0x0000000745e00000, 0x0000000745e00000, 0x0000000745f00000|  0%| F|  |TAMS 0x0000000745e00000, 0x0000000745e00000| Untracked 
|  91|0x0000000745f00000, 0x0000000745f00000, 0x0000000746000000|  0%| F|  |TAMS 0x0000000745f00000, 0x0000000745f00000| Untracked 
|  92|0x0000000746000000, 0x0000000746000000, 0x0000000746100000|  0%| F|  |TAMS 0x0000000746000000, 0x0000000746000000| Untracked 
|  93|0x0000000746100000, 0x0000000746100000, 0x0000000746200000|  0%| F|  |TAMS 0x0000000746100000, 0x0000000746100000| Untracked 
|  94|0x0000000746200000, 0x0000000746200000, 0x0000000746300000|  0%| F|  |TAMS 0x0000000746200000, 0x0000000746200000| Untracked 
|  95|0x0000000746300000, 0x0000000746300000, 0x0000000746400000|  0%| F|  |TAMS 0x0000000746300000, 0x0000000746300000| Untracked 
|  96|0x0000000746400000, 0x0000000746400000, 0x0000000746500000|  0%| F|  |TAMS 0x0000000746400000, 0x0000000746400000| Untracked 
|  97|0x0000000746500000, 0x0000000746500000, 0x0000000746600000|  0%| F|  |TAMS 0x0000000746500000, 0x0000000746500000| Untracked 
|  98|0x0000000746600000, 0x0000000746600000, 0x0000000746700000|  0%| F|  |TAMS 0x0000000746600000, 0x0000000746600000| Untracked 
|  99|0x0000000746700000, 0x0000000746700000, 0x0000000746800000|  0%| F|  |TAMS 0x0000000746700000, 0x0000000746700000| Untracked 
| 100|0x0000000746800000, 0x0000000746800000, 0x0000000746900000|  0%| F|  |TAMS 0x0000000746800000, 0x0000000746800000| Untracked 
| 101|0x0000000746900000, 0x0000000746900000, 0x0000000746a00000|  0%| F|  |TAMS 0x0000000746900000, 0x0000000746900000| Untracked 
| 102|0x0000000746a00000, 0x0000000746a00000, 0x0000000746b00000|  0%| F|  |TAMS 0x0000000746a00000, 0x0000000746a00000| Untracked 
| 103|0x0000000746b00000, 0x0000000746b00000, 0x0000000746c00000|  0%| F|  |TAMS 0x0000000746b00000, 0x0000000746b00000| Untracked 
| 104|0x0000000746c00000, 0x0000000746c00000, 0x0000000746d00000|  0%| F|  |TAMS 0x0000000746c00000, 0x0000000746c00000| Untracked 
| 105|0x0000000746d00000, 0x0000000746d00000, 0x0000000746e00000|  0%| F|  |TAMS 0x0000000746d00000, 0x0000000746d00000| Untracked 
| 106|0x0000000746e00000, 0x0000000746e00000, 0x0000000746f00000|  0%| F|  |TAMS 0x0000000746e00000, 0x0000000746e00000| Untracked 
| 107|0x0000000746f00000, 0x0000000746f00000, 0x0000000747000000|  0%| F|  |TAMS 0x0000000746f00000, 0x0000000746f00000| Untracked 
| 108|0x0000000747000000, 0x0000000747000000, 0x0000000747100000|  0%| F|  |TAMS 0x0000000747000000, 0x0000000747000000| Untracked 
| 109|0x0000000747100000, 0x0000000747100000, 0x0000000747200000|  0%| F|  |TAMS 0x0000000747100000, 0x0000000747100000| Untracked 
| 110|0x0000000747200000, 0x0000000747200000, 0x0000000747300000|  0%| F|  |TAMS 0x0000000747200000, 0x0000000747200000| Untracked 
| 111|0x0000000747300000, 0x0000000747300000, 0x0000000747400000|  0%| F|  |TAMS 0x0000000747300000, 0x0000000747300000| Untracked 
| 112|0x0000000747400000, 0x0000000747400000, 0x0000000747500000|  0%| F|  |TAMS 0x0000000747400000, 0x0000000747400000| Untracked 
| 113|0x0000000747500000, 0x0000000747500000, 0x0000000747600000|  0%| F|  |TAMS 0x0000000747500000, 0x0000000747500000| Untracked 
| 114|0x0000000747600000, 0x00000007476e74a0, 0x0000000747700000| 90%| S|  |TAMS 0x0000000747600000, 0x0000000747600000| Complete 
| 115|0x0000000747700000, 0x0000000747800000, 0x0000000747800000|100%| S|  |TAMS 0x0000000747700000, 0x0000000747700000| Complete 
| 116|0x0000000747800000, 0x0000000747900000, 0x0000000747900000|100%| S|  |TAMS 0x0000000747800000, 0x0000000747800000| Complete 
| 117|0x0000000747900000, 0x0000000747a00000, 0x0000000747a00000|100%| S|  |TAMS 0x0000000747900000, 0x0000000747900000| Complete 
| 118|0x0000000747a00000, 0x0000000747b00000, 0x0000000747b00000|100%| S|  |TAMS 0x0000000747a00000, 0x0000000747a00000| Complete 
| 119|0x0000000747b00000, 0x0000000747c00000, 0x0000000747c00000|100%| S|  |TAMS 0x0000000747b00000, 0x0000000747b00000| Complete 
| 120|0x0000000747c00000, 0x0000000747d00000, 0x0000000747d00000|100%| S|  |TAMS 0x0000000747c00000, 0x0000000747c00000| Complete 
| 121|0x0000000747d00000, 0x0000000747e00000, 0x0000000747e00000|100%| S|  |TAMS 0x0000000747d00000, 0x0000000747d00000| Complete 
| 122|0x0000000747e00000, 0x0000000747f00000, 0x0000000747f00000|100%| S|  |TAMS 0x0000000747e00000, 0x0000000747e00000| Complete 
| 123|0x0000000747f00000, 0x0000000748000000, 0x0000000748000000|100%| S|  |TAMS 0x0000000747f00000, 0x0000000747f00000| Complete 
| 124|0x0000000748000000, 0x0000000748100000, 0x0000000748100000|100%| S|  |TAMS 0x0000000748000000, 0x0000000748000000| Complete 
| 125|0x0000000748100000, 0x0000000748180800, 0x0000000748200000| 50%| E|CS|TAMS 0x0000000748100000, 0x0000000748180800| Complete 
| 126|0x0000000748200000, 0x0000000748300000, 0x0000000748300000|100%| E|CS|TAMS 0x0000000748200000, 0x0000000748300000| Complete 
| 127|0x0000000748300000, 0x0000000748400000, 0x0000000748400000|100%| E|CS|TAMS 0x0000000748300000, 0x0000000748400000| Complete 
| 128|0x0000000748400000, 0x0000000748500000, 0x0000000748500000|100%| E|CS|TAMS 0x0000000748400000, 0x0000000748500000| Complete 
| 129|0x0000000748500000, 0x0000000748600000, 0x0000000748600000|100%| E|CS|TAMS 0x0000000748500000, 0x0000000748600000| Complete 
| 130|0x0000000748600000, 0x0000000748700000, 0x0000000748700000|100%| E|CS|TAMS 0x0000000748600000, 0x0000000748700000| Complete 
| 131|0x0000000748700000, 0x0000000748800000, 0x0000000748800000|100%| E|CS|TAMS 0x0000000748700000, 0x0000000748800000| Complete 
| 132|0x0000000748800000, 0x0000000748900000, 0x0000000748900000|100%| E|CS|TAMS 0x0000000748800000, 0x0000000748900000| Complete 
| 133|0x0000000748900000, 0x0000000748a00000, 0x0000000748a00000|100%| E|CS|TAMS 0x0000000748900000, 0x0000000748a00000| Complete 
| 134|0x0000000748a00000, 0x0000000748b00000, 0x0000000748b00000|100%| E|CS|TAMS 0x0000000748a00000, 0x0000000748b00000| Complete 
| 135|0x0000000748b00000, 0x0000000748c00000, 0x0000000748c00000|100%| E|CS|TAMS 0x0000000748b00000, 0x0000000748c00000| Complete 
| 136|0x0000000748c00000, 0x0000000748d00000, 0x0000000748d00000|100%| E|CS|TAMS 0x0000000748c00000, 0x0000000748d00000| Complete 
| 137|0x0000000748d00000, 0x0000000748e00000, 0x0000000748e00000|100%| E|CS|TAMS 0x0000000748d00000, 0x0000000748e00000| Complete 
| 138|0x0000000748e00000, 0x0000000748f00000, 0x0000000748f00000|100%| E|CS|TAMS 0x0000000748e00000, 0x0000000748f00000| Complete 
| 139|0x0000000748f00000, 0x0000000749000000, 0x0000000749000000|100%| E|CS|TAMS 0x0000000748f00000, 0x0000000749000000| Complete 
| 140|0x0000000749000000, 0x0000000749100000, 0x0000000749100000|100%| E|CS|TAMS 0x0000000749000000, 0x0000000749100000| Complete 
| 141|0x0000000749100000, 0x0000000749200000, 0x0000000749200000|100%| E|CS|TAMS 0x0000000749100000, 0x0000000749200000| Complete 
| 142|0x0000000749200000, 0x0000000749300000, 0x0000000749300000|100%| E|CS|TAMS 0x0000000749200000, 0x0000000749300000| Complete 
| 143|0x0000000749300000, 0x0000000749400000, 0x0000000749400000|100%| E|CS|TAMS 0x0000000749300000, 0x0000000749400000| Complete 
| 144|0x0000000749400000, 0x0000000749500000, 0x0000000749500000|100%| E|CS|TAMS 0x0000000749400000, 0x0000000749500000| Complete 
| 145|0x0000000749500000, 0x0000000749600000, 0x0000000749600000|100%| E|CS|TAMS 0x0000000749500000, 0x0000000749600000| Complete 
| 146|0x0000000749600000, 0x0000000749700000, 0x0000000749700000|100%| E|CS|TAMS 0x0000000749600000, 0x0000000749700000| Complete 
| 147|0x0000000749700000, 0x0000000749800000, 0x0000000749800000|100%| E|CS|TAMS 0x0000000749700000, 0x0000000749800000| Complete 
| 148|0x0000000749800000, 0x0000000749900000, 0x0000000749900000|100%| E|CS|TAMS 0x0000000749800000, 0x0000000749900000| Complete 
| 149|0x0000000749900000, 0x0000000749a00000, 0x0000000749a00000|100%| E|CS|TAMS 0x0000000749900000, 0x0000000749a00000| Complete 
| 150|0x0000000749a00000, 0x0000000749b00000, 0x0000000749b00000|100%| E|CS|TAMS 0x0000000749a00000, 0x0000000749b00000| Complete 
| 151|0x0000000749b00000, 0x0000000749c00000, 0x0000000749c00000|100%| E|CS|TAMS 0x0000000749b00000, 0x0000000749c00000| Complete 
| 152|0x0000000749c00000, 0x0000000749d00000, 0x0000000749d00000|100%| E|CS|TAMS 0x0000000749c00000, 0x0000000749d00000| Complete 
| 153|0x0000000749d00000, 0x0000000749e00000, 0x0000000749e00000|100%| E|CS|TAMS 0x0000000749d00000, 0x0000000749e00000| Complete 
| 154|0x0000000749e00000, 0x0000000749f00000, 0x0000000749f00000|100%| E|CS|TAMS 0x0000000749e00000, 0x0000000749f00000| Complete 
| 155|0x0000000749f00000, 0x000000074a000000, 0x000000074a000000|100%| E|CS|TAMS 0x0000000749f00000, 0x000000074a000000| Complete 
| 156|0x000000074a000000, 0x000000074a100000, 0x000000074a100000|100%| E|CS|TAMS 0x000000074a000000, 0x000000074a100000| Complete 
| 157|0x000000074a100000, 0x000000074a200000, 0x000000074a200000|100%| E|CS|TAMS 0x000000074a100000, 0x000000074a200000| Complete 
| 158|0x000000074a200000, 0x000000074a300000, 0x000000074a300000|100%| E|CS|TAMS 0x000000074a200000, 0x000000074a300000| Complete 
| 159|0x000000074a300000, 0x000000074a400000, 0x000000074a400000|100%| E|CS|TAMS 0x000000074a300000, 0x000000074a400000| Complete 
| 160|0x000000074a400000, 0x000000074a500000, 0x000000074a500000|100%| E|CS|TAMS 0x000000074a400000, 0x000000074a500000| Complete 
| 161|0x000000074a500000, 0x000000074a600000, 0x000000074a600000|100%| E|CS|TAMS 0x000000074a500000, 0x000000074a600000| Complete 
| 162|0x000000074a600000, 0x000000074a700000, 0x000000074a700000|100%| E|CS|TAMS 0x000000074a600000, 0x000000074a700000| Complete 
| 163|0x000000074a700000, 0x000000074a800000, 0x000000074a800000|100%| E|CS|TAMS 0x000000074a700000, 0x000000074a800000| Complete 
| 164|0x000000074a800000, 0x000000074a900000, 0x000000074a900000|100%| E|CS|TAMS 0x000000074a800000, 0x000000074a900000| Complete 
| 165|0x000000074a900000, 0x000000074aa00000, 0x000000074aa00000|100%| E|CS|TAMS 0x000000074a900000, 0x000000074aa00000| Complete 
| 166|0x000000074aa00000, 0x000000074ab00000, 0x000000074ab00000|100%| E|CS|TAMS 0x000000074aa00000, 0x000000074ab00000| Complete 
| 167|0x000000074ab00000, 0x000000074ac00000, 0x000000074ac00000|100%| E|CS|TAMS 0x000000074ab00000, 0x000000074ac00000| Complete 
| 168|0x000000074ac00000, 0x000000074ad00000, 0x000000074ad00000|100%| E|CS|TAMS 0x000000074ac00000, 0x000000074ad00000| Complete 
| 169|0x000000074ad00000, 0x000000074ae00000, 0x000000074ae00000|100%| E|CS|TAMS 0x000000074ad00000, 0x000000074ae00000| Complete 
| 170|0x000000074ae00000, 0x000000074af00000, 0x000000074af00000|100%| E|CS|TAMS 0x000000074ae00000, 0x000000074af00000| Complete 
| 171|0x000000074af00000, 0x000000074b000000, 0x000000074b000000|100%| E|CS|TAMS 0x000000074af00000, 0x000000074b000000| Complete 
| 172|0x000000074b000000, 0x000000074b100000, 0x000000074b100000|100%| E|CS|TAMS 0x000000074b000000, 0x000000074b100000| Complete 
| 173|0x000000074b100000, 0x000000074b200000, 0x000000074b200000|100%| E|CS|TAMS 0x000000074b100000, 0x000000074b200000| Complete 
| 174|0x000000074b200000, 0x000000074b300000, 0x000000074b300000|100%| E|CS|TAMS 0x000000074b200000, 0x000000074b300000| Complete 
| 175|0x000000074b300000, 0x000000074b400000, 0x000000074b400000|100%| E|CS|TAMS 0x000000074b300000, 0x000000074b400000| Complete 
| 176|0x000000074b400000, 0x000000074b500000, 0x000000074b500000|100%| E|CS|TAMS 0x000000074b400000, 0x000000074b500000| Complete 
| 177|0x000000074b500000, 0x000000074b600000, 0x000000074b600000|100%| E|CS|TAMS 0x000000074b500000, 0x000000074b600000| Complete 
| 178|0x000000074b600000, 0x000000074b700000, 0x000000074b700000|100%| E|CS|TAMS 0x000000074b600000, 0x000000074b700000| Complete 
| 179|0x000000074b700000, 0x000000074b800000, 0x000000074b800000|100%| E|CS|TAMS 0x000000074b700000, 0x000000074b800000| Complete 
| 180|0x000000074b800000, 0x000000074b900000, 0x000000074b900000|100%| E|CS|TAMS 0x000000074b800000, 0x000000074b900000| Complete 
| 181|0x000000074b900000, 0x000000074ba00000, 0x000000074ba00000|100%| E|CS|TAMS 0x000000074b900000, 0x000000074ba00000| Complete 
| 182|0x000000074ba00000, 0x000000074bb00000, 0x000000074bb00000|100%| E|CS|TAMS 0x000000074ba00000, 0x000000074bb00000| Complete 
| 183|0x000000074bb00000, 0x000000074bc00000, 0x000000074bc00000|100%| E|CS|TAMS 0x000000074bb00000, 0x000000074bc00000| Complete 
| 184|0x000000074bc00000, 0x000000074bd00000, 0x000000074bd00000|100%| E|CS|TAMS 0x000000074bc00000, 0x000000074bd00000| Complete 
| 185|0x000000074bd00000, 0x000000074be00000, 0x000000074be00000|100%| E|CS|TAMS 0x000000074bd00000, 0x000000074be00000| Complete 
| 186|0x000000074be00000, 0x000000074bf00000, 0x000000074bf00000|100%| E|CS|TAMS 0x000000074be00000, 0x000000074bf00000| Complete 
| 187|0x000000074bf00000, 0x000000074c000000, 0x000000074c000000|100%| E|CS|TAMS 0x000000074bf00000, 0x000000074c000000| Complete 
| 188|0x000000074c000000, 0x000000074c100000, 0x000000074c100000|100%| E|CS|TAMS 0x000000074c000000, 0x000000074c100000| Complete 
| 189|0x000000074c100000, 0x000000074c200000, 0x000000074c200000|100%| E|CS|TAMS 0x000000074c100000, 0x000000074c200000| Complete 
| 190|0x000000074c200000, 0x000000074c300000, 0x000000074c300000|100%| E|CS|TAMS 0x000000074c200000, 0x000000074c300000| Complete 
| 191|0x000000074c300000, 0x000000074c400000, 0x000000074c400000|100%| E|CS|TAMS 0x000000074c300000, 0x000000074c400000| Complete 

Card table byte_map: [0x000001d259f10000,0x000001d25a510000] _byte_map_base: 0x000001d25650e000

Marking Bits (Prev, Next): (CMBitMap*) 0x000001d24085d7c8, (CMBitMap*) 0x000001d24085d800
 Prev Bits: [0x000001d25ab10000, 0x000001d25db00000)
 Next Bits: [0x000001d25db00000, 0x000001d260af0000)

Polling page: 0x000001d240670000

Metaspace:

Usage:
  Non-class:     50.47 MB capacity,    49.51 MB ( 98%) used,   788.59 KB (  2%) free+waste,   187.69 KB ( <1%) overhead. 
      Class:      8.08 MB capacity,     7.47 MB ( 93%) used,   529.39 KB (  6%) free+waste,    91.06 KB (  1%) overhead. 
       Both:     58.55 MB capacity,    56.99 MB ( 97%) used,     1.29 MB (  2%) free+waste,   278.75 KB ( <1%) overhead. 

Virtual space:
  Non-class space:       52.00 MB reserved,      50.55 MB ( 97%) committed 
      Class space:        1.00 GB reserved,       8.13 MB ( <1%) committed 
             Both:        1.05 GB reserved,      58.67 MB (  5%) committed 

Chunk freelists:
   Non-Class:  256 bytes
       Class:  0 bytes
        Both:  256 bytes

CodeHeap 'non-profiled nmethods': size=238912Kb used=9737Kb max_used=9737Kb free=229175Kb
 bounds [0x000001d24a9a0000, 0x000001d24b330000, 0x000001d2592f0000]
CodeHeap 'non-nmethods': size=6848Kb used=2375Kb max_used=2375Kb free=4472Kb
 bounds [0x000001d24a2f0000, 0x000001d24a560000, 0x000001d24a9a0000]
 total_blobs=6500 nmethods=5827 adapters=547
 compilation: enabled
              stopped_count=0, restarted_count=0
 full_count=0

Compilation events (10 events):
Event: 15.438 Thread 0x000001d263a4c800 5859       1       org.springframework.data.repository.core.support.MethodLookups$RepositoryAwareMethodLookup::getLookups (12 bytes)
Event: 15.438 Thread 0x000001d263ca4800 nmethod 5857 0x000001d24b320190 code [0x000001d24b3203a0, 0x000001d24b3206f0]
Event: 15.439 Thread 0x000001d263ca4800 5860       1       org.springframework.data.repository.core.support.MethodLookups$RepositoryAwareMethodLookup$$Lambda$809/0x000000080080fc40::get$Lambda (9 bytes)
Event: 15.439 Thread 0x000001d265235000 nmethod 5855 0x000001d24b320890 code [0x000001d24b320ae0, 0x000001d24b3210c0]
Event: 15.439 Thread 0x000001d265235000 5861       1       org.springframework.data.repository.core.support.MethodLookups$RepositoryAwareMethodLookup$$Lambda$809/0x000000080080fc40::<init> (10 bytes)
Event: 15.439 Thread 0x000001d263ca4800 nmethod 5860 0x000001d24b321390 code [0x000001d24b321540, 0x000001d24b3216f8]
Event: 15.439 Thread 0x000001d265235000 nmethod 5861 0x000001d24b321790 code [0x000001d24b321940, 0x000001d24b321ab8]
Event: 15.439 Thread 0x000001d263a4c800 nmethod 5859 0x000001d24b321b10 code [0x000001d24b321cc0, 0x000001d24b321f78]
Event: 15.444 Thread 0x000001d263ca4800 5862       1       org.springframework.data.repository.core.support.RepositoryFragment$StructuralRepositoryFragment::getSignatureContributor (5 bytes)
Event: 15.445 Thread 0x000001d263ca4800 nmethod 5862 0x000001d24b322090 code [0x000001d24b322240, 0x000001d24b322358]

GC Heap History (10 events):
Event: 8.325 GC heap after
{Heap after GC invocations=6 (full 0):
 garbage-first heap   total 196608K, used 14024K [0x0000000740400000, 0x0000000800000000)
  region size 1024K, 6 young (6144K), 6 survivors (6144K)
 Metaspace       used 27821K, capacity 28677K, committed 28848K, reserved 1075200K
  class space    used 3425K, capacity 3762K, committed 3840K, reserved 1048576K
}
Event: 10.569 GC heap before
{Heap before GC invocations=6 (full 0):
 garbage-first heap   total 196608K, used 125640K [0x0000000740400000, 0x0000000800000000)
  region size 1024K, 115 young (117760K), 6 survivors (6144K)
 Metaspace       used 31938K, capacity 32999K, committed 33072K, reserved 1077248K
  class space    used 4032K, capacity 4473K, committed 4480K, reserved 1048576K
}
Event: 10.582 GC heap after
{Heap after GC invocations=7 (full 0):
 garbage-first heap   total 196608K, used 17587K [0x0000000740400000, 0x0000000800000000)
  region size 1024K, 9 young (9216K), 9 survivors (9216K)
 Metaspace       used 31938K, capacity 32999K, committed 33072K, reserved 1077248K
  class space    used 4032K, capacity 4473K, committed 4480K, reserved 1048576K
}
Event: 11.449 GC heap before
{Heap before GC invocations=7 (full 0):
 garbage-first heap   total 196608K, used 49331K [0x0000000740400000, 0x0000000800000000)
  region size 1024K, 41 young (41984K), 9 survivors (9216K)
 Metaspace       used 34667K, capacity 35806K, committed 35920K, reserved 1081344K
  class space    used 4403K, capacity 4842K, committed 4864K, reserved 1048576K
}
Event: 11.468 GC heap after
{Heap after GC invocations=8 (full 0):
 garbage-first heap   total 196608K, used 18735K [0x0000000740400000, 0x0000000800000000)
  region size 1024K, 9 young (9216K), 9 survivors (9216K)
 Metaspace       used 34667K, capacity 35806K, committed 35920K, reserved 1081344K
  class space    used 4403K, capacity 4842K, committed 4864K, reserved 1048576K
}
Event: 12.096 GC heap before
{Heap before GC invocations=9 (full 0):
 garbage-first heap   total 196608K, used 126255K [0x0000000740400000, 0x0000000800000000)
  region size 1024K, 115 young (117760K), 9 survivors (9216K)
 Metaspace       used 37197K, capacity 38435K, committed 38608K, reserved 1083392K
  class space    used 4725K, capacity 5229K, committed 5248K, reserved 1048576K
}
Event: 12.108 GC heap after
{Heap after GC invocations=10 (full 0):
 garbage-first heap   total 196608K, used 20205K [0x0000000740400000, 0x0000000800000000)
  region size 1024K, 10 young (10240K), 10 survivors (10240K)
 Metaspace       used 37197K, capacity 38435K, committed 38608K, reserved 1083392K
  class space    used 4725K, capacity 5229K, committed 5248K, reserved 1048576K
}
Event: 14.235 GC heap before
{Heap before GC invocations=10 (full 0):
 garbage-first heap   total 196608K, used 126701K [0x0000000740400000, 0x0000000800000000)
  region size 1024K, 115 young (117760K), 10 survivors (10240K)
 Metaspace       used 52153K, capacity 53624K, committed 53840K, reserved 1095680K
  class space    used 6753K, capacity 7303K, committed 7424K, reserved 1048576K
}
Event: 14.249 GC heap after
{Heap after GC invocations=11 (full 0):
 garbage-first heap   total 196608K, used 24638K [0x0000000740400000, 0x0000000800000000)
  region size 1024K, 11 young (11264K), 11 survivors (11264K)
 Metaspace       used 52153K, capacity 53624K, committed 53840K, reserved 1095680K
  class space    used 6753K, capacity 7303K, committed 7424K, reserved 1048576K
}
Event: 15.453 GC heap before
{Heap before GC invocations=11 (full 0):
 garbage-first heap   total 196608K, used 92222K [0x0000000740400000, 0x0000000800000000)
  region size 1024K, 78 young (79872K), 11 survivors (11264K)
 Metaspace       used 58355K, capacity 59952K, committed 60080K, reserved 1101824K
  class space    used 7653K, capacity 8274K, committed 8320K, reserved 1048576K
}

Deoptimization events (0 events):
No events

Classes redefined (0 events):
No events

Internal exceptions (10 events):
Event: 15.299 Thread 0x000001d2652ce800 Exception <a 'java/lang/ClassNotFoundException'{0x0000000748b89560}: java/lang/ObjectCustomizer> (0x0000000748b89560) thrown at [t:/workspace/open/src/hotspot/share/classfile/systemDictionary.cpp, line 231]
Event: 15.300 Thread 0x000001d2652ce800 Exception <a 'java/lang/ClassNotFoundException'{0x0000000748ba40f0}: com/fabienit/flyingclub/model/beans/AircraftCustomizer> (0x0000000748ba40f0) thrown at [t:/workspace/open/src/hotspot/share/classfile/systemDictionary.cpp, line 231]
Event: 15.323 Thread 0x000001d2652ce800 Exception <a 'java/lang/NoSuchMethodError'{0x0000000748ac8d18}: java.lang.invoke.DirectMethodHandle$Holder.invokeVirtual(Ljava/lang/Object;Ljava/lang/Object;Ljava/lang/Object;)I> (0x0000000748ac8d18) thrown at [t:/workspace/open/src/hotspot/share/interpre
Event: 15.350 Thread 0x000001d2652ce800 Exception <a 'java/lang/ClassNotFoundException'{0x00000007489877b8}: java/lang/ObjectCustomizer> (0x00000007489877b8) thrown at [t:/workspace/open/src/hotspot/share/classfile/systemDictionary.cpp, line 231]
Event: 15.351 Thread 0x000001d2652ce800 Exception <a 'java/lang/ClassNotFoundException'{0x00000007489a2fb8}: com/fabienit/flyingclub/model/beans/ReservationCustomizer> (0x00000007489a2fb8) thrown at [t:/workspace/open/src/hotspot/share/classfile/systemDictionary.cpp, line 231]
Event: 15.361 Thread 0x000001d2652ce800 Exception <a 'java/lang/ClassNotFoundException'{0x0000000748829f88}: java/lang/ObjectCustomizer> (0x0000000748829f88) thrown at [t:/workspace/open/src/hotspot/share/classfile/systemDictionary.cpp, line 231]
Event: 15.362 Thread 0x000001d2652ce800 Exception <a 'java/lang/ClassNotFoundException'{0x0000000748846d28}: com/fabienit/flyingclub/model/beans/RegisteredUserCustomizer> (0x0000000748846d28) thrown at [t:/workspace/open/src/hotspot/share/classfile/systemDictionary.cpp, line 231]
Event: 15.377 Thread 0x000001d2652ce800 Exception <a 'java/lang/ClassNotFoundException'{0x00000007488ea500}: java/lang/ObjectCustomizer> (0x00000007488ea500) thrown at [t:/workspace/open/src/hotspot/share/classfile/systemDictionary.cpp, line 231]
Event: 15.379 Thread 0x000001d2652ce800 Exception <a 'java/lang/ClassNotFoundException'{0x0000000748706020}: com/fabienit/flyingclub/model/beans/WorkshopCustomizer> (0x0000000748706020) thrown at [t:/workspace/open/src/hotspot/share/classfile/systemDictionary.cpp, line 231]
Event: 15.402 Thread 0x000001d2652ce800 Exception <a 'java/lang/IncompatibleClassChangeError'{0x0000000748612fc0}: Found class java.lang.Object, but interface was expected> (0x0000000748612fc0) thrown at [t:/workspace/open/src/hotspot/share/interpreter/linkResolver.cpp, line 838]

Events (10 events):
Event: 15.422 loading class org/springframework/data/repository/core/support/MethodLookup$InvokedMethod done
Event: 15.422 loading class org/springframework/data/repository/core/support/MethodLookup$InvokedMethod
Event: 15.422 loading class org/springframework/data/repository/core/support/MethodLookup$InvokedMethod done
Event: 15.422 loading class org/springframework/data/repository/core/support/MethodLookups$RepositoryAwareMethodLookup
Event: 15.422 loading class org/springframework/data/repository/core/support/MethodLookups$RepositoryAwareMethodLookup done
Event: 15.452 loading class org/springframework/aop/DynamicIntroductionAdvice
Event: 15.452 loading class org/springframework/aop/DynamicIntroductionAdvice done
Event: 15.452 loading class org/springframework/data/repository/core/support/TransactionalRepositoryProxyPostProcessor$CustomAnnotationTransactionAttributeSource
Event: 15.452 loading class org/springframework/data/repository/core/support/TransactionalRepositoryProxyPostProcessor$CustomAnnotationTransactionAttributeSource done
Event: 15.453 Executing VM operation: CollectForMetadataAllocation


Dynamic libraries:
0x00007ff6f67b0000 - 0x00007ff6f67f7000 	C:\Program Files\Java\jdk-11.0.2\bin\java.exe
0x00007ffbb9bd0000 - 0x00007ffbb9dc8000 	C:\WINDOWS\SYSTEM32\ntdll.dll
0x00007ffbb9100000 - 0x00007ffbb91bd000 	C:\WINDOWS\System32\KERNEL32.DLL
0x00007ffbb7570000 - 0x00007ffbb7866000 	C:\WINDOWS\System32\KERNELBASE.dll
0x00007ffbb8780000 - 0x00007ffbb8833000 	C:\WINDOWS\System32\ADVAPI32.dll
0x00007ffbb8200000 - 0x00007ffbb829e000 	C:\WINDOWS\System32\msvcrt.dll
0x00007ffbb8300000 - 0x00007ffbb839f000 	C:\WINDOWS\System32\sechost.dll
0x00007ffbb8840000 - 0x00007ffbb8966000 	C:\WINDOWS\System32\RPCRT4.dll
0x00007ffbb7870000 - 0x00007ffbb7897000 	C:\WINDOWS\System32\bcrypt.dll
0x00007ffbb9220000 - 0x00007ffbb93be000 	C:\WINDOWS\System32\USER32.dll
0x00007ffbb7be0000 - 0x00007ffbb7c02000 	C:\WINDOWS\System32\win32u.dll
0x00007ffbb94a0000 - 0x00007ffbb94cb000 	C:\WINDOWS\System32\GDI32.dll
0x00007ffbb78a0000 - 0x00007ffbb79b7000 	C:\WINDOWS\System32\gdi32full.dll
0x00007ffbb73f0000 - 0x00007ffbb748d000 	C:\WINDOWS\System32\msvcp_win.dll
0x00007ffbb7ae0000 - 0x00007ffbb7be0000 	C:\WINDOWS\System32\ucrtbase.dll
0x00007ffba9690000 - 0x00007ffba992a000 	C:\WINDOWS\WinSxS\amd64_microsoft.windows.common-controls_6595b64144ccf1df_6.0.19041.3636_none_60b6a03d71f818d5\COMCTL32.dll
0x00007ffbb15e0000 - 0x00007ffbb15ea000 	C:\WINDOWS\SYSTEM32\VERSION.dll
0x00007ffbb90c0000 - 0x00007ffbb90f2000 	C:\WINDOWS\System32\IMM32.DLL
0x00007ffb8f120000 - 0x00007ffb8f136000 	C:\Program Files\Java\jdk-11.0.2\bin\vcruntime140.dll
0x00007ffb8d6d0000 - 0x00007ffb8d77a000 	C:\Program Files\Java\jdk-11.0.2\bin\msvcp140.dll
0x00007ffb3b310000 - 0x00007ffb3be37000 	C:\Program Files\Java\jdk-11.0.2\bin\server\jvm.dll
0x00007ffbb9a80000 - 0x00007ffbb9a88000 	C:\WINDOWS\System32\PSAPI.DLL
0x00007ffb9b920000 - 0x00007ffb9b929000 	C:\WINDOWS\SYSTEM32\WSOCK32.dll
0x00007ffbb94d0000 - 0x00007ffbb953b000 	C:\WINDOWS\System32\WS2_32.dll
0x00007ffbaf300000 - 0x00007ffbaf327000 	C:\WINDOWS\SYSTEM32\WINMM.dll
0x00007ffbb5120000 - 0x00007ffbb5132000 	C:\WINDOWS\SYSTEM32\kernel.appcore.dll
0x00007ffba3f00000 - 0x00007ffba3f11000 	C:\Program Files\Java\jdk-11.0.2\bin\verify.dll
0x00007ffbade50000 - 0x00007ffbae034000 	C:\WINDOWS\SYSTEM32\DBGHELP.DLL
0x00007ffb9f1e0000 - 0x00007ffb9f214000 	C:\WINDOWS\SYSTEM32\dbgcore.DLL
0x00007ffbb74e0000 - 0x00007ffbb7562000 	C:\WINDOWS\System32\bcryptPrimitives.dll
0x00007ffb8f3f0000 - 0x00007ffb8f419000 	C:\Program Files\Java\jdk-11.0.2\bin\java.dll
0x00007ffb8cde0000 - 0x00007ffb8ce0f000 	C:\Program Files\Java\jdk-11.0.2\bin\instrument.dll
0x00007ffb8f3d0000 - 0x00007ffb8f3e6000 	C:\Program Files\Java\jdk-11.0.2\bin\zip.dll
0x00007ffba3e10000 - 0x00007ffba3e1a000 	C:\Program Files\Java\jdk-11.0.2\bin\jimage.dll
0x00007ffbb8970000 - 0x00007ffbb90b5000 	C:\WINDOWS\System32\SHELL32.dll
0x00007ffbb5320000 - 0x00007ffbb5abc000 	C:\WINDOWS\SYSTEM32\windows.storage.dll
0x00007ffbb83a0000 - 0x00007ffbb86f4000 	C:\WINDOWS\System32\combase.dll
0x00007ffbb6b10000 - 0x00007ffbb6b3e000 	C:\WINDOWS\SYSTEM32\Wldp.dll
0x00007ffbb9540000 - 0x00007ffbb960d000 	C:\WINDOWS\System32\OLEAUT32.dll
0x00007ffbb93c0000 - 0x00007ffbb946d000 	C:\WINDOWS\System32\SHCORE.dll
0x00007ffbb81a0000 - 0x00007ffbb81f5000 	C:\WINDOWS\System32\shlwapi.dll
0x00007ffbb71c0000 - 0x00007ffbb71e5000 	C:\WINDOWS\SYSTEM32\profapi.dll
0x00007ffb8f3b0000 - 0x00007ffb8f3c9000 	C:\Program Files\Java\jdk-11.0.2\bin\net.dll
0x00007ffbaf830000 - 0x00007ffbaf93a000 	C:\WINDOWS\SYSTEM32\WINHTTP.dll
0x00007ffba2640000 - 0x00007ffba282c000 	C:\WINDOWS\SYSTEM32\urlmon.dll
0x00007ffb9db70000 - 0x00007ffb9de2c000 	C:\WINDOWS\SYSTEM32\iertutil.dll
0x00007ffba3b00000 - 0x00007ffba3b28000 	C:\WINDOWS\SYSTEM32\srvcli.dll
0x00007ffbb6710000 - 0x00007ffbb671c000 	C:\WINDOWS\SYSTEM32\netutils.dll
0x00007ffbb68f0000 - 0x00007ffbb695a000 	C:\WINDOWS\system32\mswsock.dll
0x00007ffb8f100000 - 0x00007ffb8f113000 	C:\Program Files\Java\jdk-11.0.2\bin\nio.dll
0x00007ffb8cdb0000 - 0x00007ffb8cdca000 	C:\Program Files\JetBrains\IntelliJ IDEA 2023.2.2\bin\breakgen64.dll
0x00007ffbb6640000 - 0x00007ffbb670a000 	C:\WINDOWS\SYSTEM32\DNSAPI.dll
0x00007ffbb6600000 - 0x00007ffbb663b000 	C:\WINDOWS\SYSTEM32\IPHLPAPI.DLL
0x00007ffbb9490000 - 0x00007ffbb9498000 	C:\WINDOWS\System32\NSI.dll
0x00007ffbade40000 - 0x00007ffbade4a000 	C:\Windows\System32\rasadhlp.dll
0x00007ffba8880000 - 0x00007ffba8900000 	C:\WINDOWS\System32\fwpuclnt.dll
0x00007ffb8cda0000 - 0x00007ffb8cda9000 	C:\Program Files\Java\jdk-11.0.2\bin\management.dll
0x00007ffb8cd90000 - 0x00007ffb8cd9c000 	C:\Program Files\Java\jdk-11.0.2\bin\management_ext.dll
0x00007ffbb6b50000 - 0x00007ffbb6b68000 	C:\WINDOWS\SYSTEM32\CRYPTSP.dll
0x00007ffbb6240000 - 0x00007ffbb6274000 	C:\WINDOWS\system32\rsaenh.dll
0x00007ffbb7180000 - 0x00007ffbb71ae000 	C:\WINDOWS\SYSTEM32\USERENV.dll
0x00007ffbb6a80000 - 0x00007ffbb6a8c000 	C:\WINDOWS\SYSTEM32\CRYPTBASE.dll
0x00007ffbb15f0000 - 0x00007ffbb1607000 	C:\WINDOWS\SYSTEM32\dhcpcsvc6.DLL
0x00007ffbb0ac0000 - 0x00007ffbb0add000 	C:\WINDOWS\SYSTEM32\dhcpcsvc.DLL
0x00007ffb9bce0000 - 0x00007ffb9bcf7000 	C:\WINDOWS\system32\napinsp.dll
0x00007ffb9bcc0000 - 0x00007ffb9bcdb000 	C:\WINDOWS\system32\pnrpnsp.dll
0x00007ffb9bca0000 - 0x00007ffb9bcb5000 	C:\WINDOWS\system32\wshbth.dll
0x00007ffbb2ba0000 - 0x00007ffbb2bbd000 	C:\WINDOWS\system32\NLAapi.dll
0x00007ffb9bc80000 - 0x00007ffb9bc92000 	C:\WINDOWS\System32\winrnr.dll

dbghelp: loaded successfully - version: 4.0.5 - missing functions: none
symbol engine: initialized successfully - sym options: 0x614 - pdb path: .;C:\Program Files\Java\jdk-11.0.2\bin;C:\WINDOWS\SYSTEM32;C:\WINDOWS\WinSxS\amd64_microsoft.windows.common-controls_6595b64144ccf1df_6.0.19041.3636_none_60b6a03d71f818d5;C:\Program Files\Java\jdk-11.0.2\bin\server;C:\Program Files\JetBrains\IntelliJ IDEA 2023.2.2\bin

VM Arguments:
jvm_args: -XX:TieredStopAtLevel=1 -Xverify:none -Dspring.output.ansi.enabled=always -Dcom.sun.management.jmxremote -Dspring.jmx.enabled=true -Dspring.liveBeansView.mbeanDomain -Dspring.application.admin.enabled=true -Dmanagement.endpoints.jmx.exposure.include=* -javaagent:C:\Program Files\JetBrains\IntelliJ IDEA 2023.2.2\lib\idea_rt.jar=55772:C:\Program Files\JetBrains\IntelliJ IDEA 2023.2.2\bin -Dfile.encoding=UTF-8 
java_command: com.fabienit.flyingclub.AeroclubApiApplication
java_class_path (initial): C:\Users\FaB\Git\Projet 12\aeroclubp12\backendApiAeroclub\target\classes;C:\Users\FaB\.m2\repository\org\springframework\boot\spring-boot-starter-web\2.2.2.RELEASE\spring-boot-starter-web-2.2.2.RELEASE.jar;C:\Users\FaB\.m2\repository\org\springframework\boot\spring-boot-starter\2.2.2.RELEASE\spring-boot-starter-2.2.2.RELEASE.jar;C:\Users\FaB\.m2\repository\org\springframework\boot\spring-boot-starter-logging\2.2.2.RELEASE\spring-boot-starter-logging-2.2.2.RELEASE.jar;C:\Users\FaB\.m2\repository\ch\qos\logback\logback-classic\1.2.3\logback-classic-1.2.3.jar;C:\Users\FaB\.m2\repository\ch\qos\logback\logback-core\1.2.3\logback-core-1.2.3.jar;C:\Users\FaB\.m2\repository\org\apache\logging\log4j\log4j-to-slf4j\2.12.1\log4j-to-slf4j-2.12.1.jar;C:\Users\FaB\.m2\repository\org\apache\logging\log4j\log4j-api\2.12.1\log4j-api-2.12.1.jar;C:\Users\FaB\.m2\repository\org\slf4j\jul-to-slf4j\1.7.29\jul-to-slf4j-1.7.29.jar;C:\Users\FaB\.m2\repository\jakarta\annotation\jakarta.annotation-api\1.3.5\jakarta.annotation-api-1.3.5.jar;C:\Users\FaB\.m2\repository\org\yaml\snakeyaml\1.25\snakeyaml-1.25.jar;C:\Users\FaB\.m2\repository\org\springframework\boot\spring-boot-starter-json\2.2.2.RELEASE\spring-boot-starter-json-2.2.2.RELEASE.jar;C:\Users\FaB\.m2\repository\com\fasterxml\jackson\core\jackson-databind\2.10.1\jackson-databind-2.10.1.jar;C:\Users\FaB\.m2\repository\com\fasterxml\jackson\core\jackson-core\2.10.1\jackson-core-2.10.1.jar;C:\Users\FaB\.m2\repository\com\fasterxml\jackson\datatype\jackson-datatype-jdk8\2.10.1\jackson-datatype-jdk8-2.10.1.jar;C:\Users\FaB\.m2\repository\com\fasterxml\jackson\datatype\jackson-datatype-jsr310\2.10.1\jackson-datatype-jsr310-2.10.1.jar;C:\Users\FaB\.m2\repository\com\fasterxml\jackson\module\jackson-module-parameter-names\2.10.1\jackson-module-parameter-names-2.10.1.jar;C:\Users\FaB\.m2\repository\org\springframework\boot\spring-boot-starter-tomcat\2.2.2.RELEASE\spring-boot-starter-tomcat-2.2.2.RELEASE.jar;C:\Use
Launcher Type: SUN_STANDARD

[Global flags]
     bool BytecodeVerificationLocal                = false                                     {product} {command line}
     bool BytecodeVerificationRemote               = false                                     {product} {command line}
     intx CICompilerCount                          = 3                                         {product} {ergonomic}
     uint ConcGCThreads                            = 1                                         {product} {ergonomic}
     uint G1ConcRefinementThreads                  = 4                                         {product} {ergonomic}
   size_t G1HeapRegionSize                         = 1048576                                   {product} {ergonomic}
    uintx GCDrainStackTargetSize                   = 64                                        {product} {ergonomic}
   size_t InitialHeapSize                          = 201326592                                 {product} {ergonomic}
     bool ManagementServer                         = true                                      {product} {command line}
   size_t MarkStackSize                            = 4194304                                   {product} {ergonomic}
   size_t MaxHeapSize                              = 3217031168                                {product} {ergonomic}
   size_t MaxNewSize                               = 1929379840                                {product} {ergonomic}
   size_t MinHeapDeltaBytes                        = 1048576                                   {product} {ergonomic}
    uintx NonNMethodCodeHeapSize                   = 6973028                                {pd product} {ergonomic}
    uintx NonProfiledCodeHeapSize                  = 244685212                              {pd product} {ergonomic}
    uintx ProfiledCodeHeapSize                     = 0                                      {pd product} {ergonomic}
    uintx ReservedCodeCacheSize                    = 251658240                              {pd product} {ergonomic}
     bool SegmentedCodeCache                       = true                                      {product} {ergonomic}
     intx TieredStopAtLevel                        = 1                                         {product} {command line}
     bool UseCompressedClassPointers               = true                                 {lp64_product} {ergonomic}
     bool UseCompressedOops                        = true                                 {lp64_product} {ergonomic}
     bool UseG1GC                                  = true                                      {product} {ergonomic}
     bool UseLargePagesIndividualAllocation        = false                                  {pd product} {ergonomic}

Logging:
Log output configuration:
 #0: stdout all=warning uptime,level,tags
 #1: stderr all=off uptime,level,tags

Environment Variables:
JAVA_HOME=C:\Program Files\Java\jdk-11.0.2
PATH=C:\Program Files\Common Files\Oracle\Java\javapath;C:\WINDOWS\system32;C:\WINDOWS;C:\WINDOWS\System32\Wbem;C:\WINDOWS\System32\WindowsPowerShell\v1.0\;C:\WINDOWS\System32\OpenSSH\;C:\apache-maven-3.6.0\bin;C:\Program Files\MariaDB 10.4\bin;C:\Program Files\NVIDIA Corporation\NVIDIA NvDLISR;C:\Program Files (x86)\NVIDIA Corporation\PhysX\Common;C:\Program Files\Git\cmd;C:\Program Files\PuTTY\;C:\Program Files\PostgreSQL\14\bin;C:\Program Files\Java\jdk-11.0.2\bin;C:\Program Files\Docker\Docker\resources\bin;C:\Program Files\nodejs\;C:\Program Files\dotnet\;C:\Users\FaB\Downloads\gradle-8.4-bin\gradle-8.4\bin;C:\Program Files\Java\jdk-11.0.2\bin;C:\Users\FaB\AppData\Local\Programs\Microsoft VS Code\bin;C:\Program Files\Heroku\bin;C:\Users\FaB\AppData\Roaming\npm;C:\Users\FaB\.dotnet\tools;
USERNAME=FaB PC
OS=Windows_NT
PROCESSOR_IDENTIFIER=AMD64 Family 16 Model 4 Stepping 3, AuthenticAMD



---------------  S Y S T E M  ---------------

OS: Windows 10 , 64 bit Build 19041 (10.0.19041.3636)

CPU:total 4 (initial active 4) (4 cores per cpu, 1 threads per core) family 16 model 4 stepping 3, cmov, cx8, fxsr, mmx, sse, sse2, sse3, popcnt, mmxext, 3dnowpref, lzcnt, sse4a, tsc, tscinvbit, tscinv

Memory: 4k page, system-wide physical 12264M (4318M free)
TotalPageFile size 23528M (AvailPageFile size 9888M)
current process WorkingSet (physical memory assigned to process): 270M, peak: 270M
current process commit charge ("private bytes"): 362M, peak: 362M

vm_info: Java HotSpot(TM) 64-Bit Server VM (11.0.2+9-LTS) for windows-amd64 JRE (11.0.2+9-LTS), built on Jan 18 2019 05:24:10 by "mach5one" with MS VC++ 15.5 (VS2017)

END.
