2022-07-22 11:27:41,245 INFO com.fabienit.biblioapi.AvailableCopieManagerImplTest [main] Starting AvailableCopieManagerImplTest on FABPC with PID 17608 (started by FaB PC in C:\Users\FaB\Git\Projet 10\bibliothequep10\backendApiBiblio)
2022-07-22 11:27:41,295 DEBUG com.fabienit.biblioapi.AvailableCopieManagerImplTest [main] Running with Spring Boot v2.2.1.RELEASE, Spring v5.2.1.RELEASE
2022-07-22 11:27:41,295 INFO com.fabienit.biblioapi.AvailableCopieManagerImplTest [main] The following profiles are active: integration
2022-07-22 11:28:00,515 DEBUG com.fabienit.biblioapi.configuration.SwaggerConfig$$EnhancerBySpringCGLIB$$994b45df [main] Set Swagger2 documentation
2022-07-22 11:28:03,505 INFO com.fabienit.biblioapi.AvailableCopieManagerImplTest [main] Started AvailableCopieManagerImplTest in 23.075 seconds (JVM running for 29.11)
2022-07-22 11:28:04,075 INFO com.fabienit.biblioapi.controller.BookControllerTest [main] Starting BookControllerTest on FABPC with PID 17608 (started by FaB PC in C:\Users\FaB\Git\Projet 10\bibliothequep10\backendApiBiblio)
2022-07-22 11:28:04,076 DEBUG com.fabienit.biblioapi.controller.BookControllerTest [main] Running with Spring Boot v2.2.1.RELEASE, Spring v5.2.1.RELEASE
2022-07-22 11:28:04,076 INFO com.fabienit.biblioapi.controller.BookControllerTest [main] The following profiles are active: integration
2022-07-22 11:28:09,937 DEBUG com.fabienit.biblioapi.configuration.SwaggerConfig$$EnhancerBySpringCGLIB$$994b45df [main] Set Swagger2 documentation
2022-07-22 11:28:11,777 INFO com.fabienit.biblioapi.controller.BookControllerTest [main] Started BookControllerTest in 7.818 seconds (JVM running for 37.382)
2022-07-22 11:28:12,772 INFO com.fabienit.biblioapi.web.controllers.BookController [http-nio-auto-1-exec-1] Providing book resource from database: all book list
2022-07-22 11:28:13,584 INFO com.fabienit.biblioapi.controller.BookControllerTest [main] Starting BookControllerTest on FABPC with PID 17608 (started by FaB PC in C:\Users\FaB\Git\Projet 10\bibliothequep10\backendApiBiblio)
2022-07-22 11:28:13,585 DEBUG com.fabienit.biblioapi.controller.BookControllerTest [main] Running with Spring Boot v2.2.1.RELEASE, Spring v5.2.1.RELEASE
2022-07-22 11:28:13,585 INFO com.fabienit.biblioapi.controller.BookControllerTest [main] The following profiles are active: integration
2022-07-22 11:28:16,417 DEBUG com.fabienit.biblioapi.configuration.SwaggerConfig$$EnhancerBySpringCGLIB$$994b45df [main] Set Swagger2 documentation
2022-07-22 11:28:17,136 INFO com.fabienit.biblioapi.controller.BookControllerTest [main] Started BookControllerTest in 3.608 seconds (JVM running for 42.742)
2022-07-22 11:28:17,683 INFO com.fabienit.biblioapi.web.controllers.BookController [http-nio-auto-2-exec-1] Adding new book in database
2022-07-22 11:28:17,992 INFO com.fabienit.biblioapi.controller.BookControllerTest [main] Starting BookControllerTest on FABPC with PID 17608 (started by FaB PC in C:\Users\FaB\Git\Projet 10\bibliothequep10\backendApiBiblio)
2022-07-22 11:28:17,993 DEBUG com.fabienit.biblioapi.controller.BookControllerTest [main] Running with Spring Boot v2.2.1.RELEASE, Spring v5.2.1.RELEASE
2022-07-22 11:28:17,993 INFO com.fabienit.biblioapi.controller.BookControllerTest [main] The following profiles are active: integration
2022-07-22 11:28:20,855 DEBUG com.fabienit.biblioapi.configuration.SwaggerConfig$$EnhancerBySpringCGLIB$$994b45df [main] Set Swagger2 documentation
2022-07-22 11:28:21,429 INFO com.fabienit.biblioapi.controller.BookControllerTest [main] Started BookControllerTest in 3.488 seconds (JVM running for 47.034)
2022-07-22 11:28:21,773 INFO com.fabienit.biblioapi.web.controllers.BookController [http-nio-auto-3-exec-1] Providing book resource from database: book id: 1
2022-07-22 11:28:21,935 INFO com.fabienit.biblioapi.controller.BookControllerTest [main] Starting BookControllerTest on FABPC with PID 17608 (started by FaB PC in C:\Users\FaB\Git\Projet 10\bibliothequep10\backendApiBiblio)
2022-07-22 11:28:21,935 DEBUG com.fabienit.biblioapi.controller.BookControllerTest [main] Running with Spring Boot v2.2.1.RELEASE, Spring v5.2.1.RELEASE
2022-07-22 11:28:21,936 INFO com.fabienit.biblioapi.controller.BookControllerTest [main] The following profiles are active: integration
2022-07-22 11:28:24,756 DEBUG com.fabienit.biblioapi.configuration.SwaggerConfig$$EnhancerBySpringCGLIB$$994b45df [main] Set Swagger2 documentation
2022-07-22 11:28:25,290 INFO com.fabienit.biblioapi.controller.BookControllerTest [main] Started BookControllerTest in 3.403 seconds (JVM running for 50.895)
2022-07-22 11:28:25,632 INFO com.fabienit.biblioapi.web.controllers.BookController [http-nio-auto-4-exec-1] Providing book resource from database: book id: 999
2022-07-22 11:28:25,908 INFO com.fabienit.biblioapi.dao.BookDaoTest [main] Starting BookDaoTest on FABPC with PID 17608 (started by FaB PC in C:\Users\FaB\Git\Projet 10\bibliothequep10\backendApiBiblio)
2022-07-22 11:28:25,908 DEBUG com.fabienit.biblioapi.dao.BookDaoTest [main] Running with Spring Boot v2.2.1.RELEASE, Spring v5.2.1.RELEASE
2022-07-22 11:28:25,909 INFO com.fabienit.biblioapi.dao.BookDaoTest [main] The following profiles are active: integration
2022-07-22 11:28:28,257 DEBUG com.fabienit.biblioapi.configuration.SwaggerConfig$$EnhancerBySpringCGLIB$$994b45df [main] Set Swagger2 documentation
2022-07-22 11:28:28,908 INFO com.fabienit.biblioapi.dao.BookDaoTest [main] Started BookDaoTest in 3.105 seconds (JVM running for 54.513)
2022-07-22 11:28:29,150 INFO com.fabienit.biblioapi.dao.BookDaoTest [main] Starting BookDaoTest on FABPC with PID 17608 (started by FaB PC in C:\Users\FaB\Git\Projet 10\bibliothequep10\backendApiBiblio)
2022-07-22 11:28:29,151 DEBUG com.fabienit.biblioapi.dao.BookDaoTest [main] Running with Spring Boot v2.2.1.RELEASE, Spring v5.2.1.RELEASE
2022-07-22 11:28:29,152 INFO com.fabienit.biblioapi.dao.BookDaoTest [main] The following profiles are active: integration
2022-07-22 11:28:31,398 DEBUG com.fabienit.biblioapi.configuration.SwaggerConfig$$EnhancerBySpringCGLIB$$994b45df [main] Set Swagger2 documentation
2022-07-22 11:28:32,047 INFO com.fabienit.biblioapi.dao.BookDaoTest [main] Started BookDaoTest in 2.947 seconds (JVM running for 57.652)
2022-07-22 11:28:32,314 INFO com.fabienit.biblioapi.model.beans.AvailableCopieKeyTest [main] Starting AvailableCopieKeyTest on FABPC with PID 17608 (started by FaB PC in C:\Users\FaB\Git\Projet 10\bibliothequep10\backendApiBiblio)
2022-07-22 11:28:32,315 DEBUG com.fabienit.biblioapi.model.beans.AvailableCopieKeyTest [main] Running with Spring Boot v2.2.1.RELEASE, Spring v5.2.1.RELEASE
2022-07-22 11:28:32,315 INFO com.fabienit.biblioapi.model.beans.AvailableCopieKeyTest [main] The following profiles are active: integration
2022-07-22 11:28:34,464 DEBUG com.fabienit.biblioapi.configuration.SwaggerConfig$$EnhancerBySpringCGLIB$$994b45df [main] Set Swagger2 documentation
2022-07-22 11:28:35,046 INFO com.fabienit.biblioapi.model.beans.AvailableCopieKeyTest [main] Started AvailableCopieKeyTest in 2.807 seconds (JVM running for 60.651)
2022-07-22 11:28:35,216 INFO com.fabienit.biblioapi.model.beans.BorrowTest [main] Starting BorrowTest on FABPC with PID 17608 (started by FaB PC in C:\Users\FaB\Git\Projet 10\bibliothequep10\backendApiBiblio)
2022-07-22 11:28:35,217 DEBUG com.fabienit.biblioapi.model.beans.BorrowTest [main] Running with Spring Boot v2.2.1.RELEASE, Spring v5.2.1.RELEASE
2022-07-22 11:28:35,218 INFO com.fabienit.biblioapi.model.beans.BorrowTest [main] The following profiles are active: integration
2022-07-22 11:28:37,283 DEBUG com.fabienit.biblioapi.configuration.SwaggerConfig$$EnhancerBySpringCGLIB$$994b45df [main] Set Swagger2 documentation
2022-07-22 11:28:37,851 INFO com.fabienit.biblioapi.model.beans.BorrowTest [main] Started BorrowTest in 2.682 seconds (JVM running for 63.457)
2022-07-22 11:28:37,926 INFO com.fabienit.biblioapi.model.beans.LibraryTest [main] Starting LibraryTest on FABPC with PID 17608 (started by FaB PC in C:\Users\FaB\Git\Projet 10\bibliothequep10\backendApiBiblio)
2022-07-22 11:28:37,927 DEBUG com.fabienit.biblioapi.model.beans.LibraryTest [main] Running with Spring Boot v2.2.1.RELEASE, Spring v5.2.1.RELEASE
2022-07-22 11:28:37,927 INFO com.fabienit.biblioapi.model.beans.LibraryTest [main] The following profiles are active: integration
2022-07-22 11:28:40,293 DEBUG com.fabienit.biblioapi.configuration.SwaggerConfig$$EnhancerBySpringCGLIB$$994b45df [main] Set Swagger2 documentation
2022-07-22 11:28:40,836 INFO com.fabienit.biblioapi.model.beans.LibraryTest [main] Started LibraryTest in 2.947 seconds (JVM running for 66.442)
2022-07-22 11:28:40,983 INFO com.fabienit.biblioapi.model.beans.RegisteredUserTest [main] Starting RegisteredUserTest on FABPC with PID 17608 (started by FaB PC in C:\Users\FaB\Git\Projet 10\bibliothequep10\backendApiBiblio)
2022-07-22 11:28:40,983 DEBUG com.fabienit.biblioapi.model.beans.RegisteredUserTest [main] Running with Spring Boot v2.2.1.RELEASE, Spring v5.2.1.RELEASE
2022-07-22 11:28:40,983 INFO com.fabienit.biblioapi.model.beans.RegisteredUserTest [main] The following profiles are active: integration
2022-07-22 11:28:42,961 DEBUG com.fabienit.biblioapi.configuration.SwaggerConfig$$EnhancerBySpringCGLIB$$994b45df [main] Set Swagger2 documentation
2022-07-22 11:28:43,485 INFO com.fabienit.biblioapi.model.beans.RegisteredUserTest [main] Started RegisteredUserTest in 2.545 seconds (JVM running for 69.091)
2022-07-22 11:28:43,613 INFO com.fabienit.biblioapi.model.beans.RegisteredUserTest [main] Starting RegisteredUserTest on FABPC with PID 17608 (started by FaB PC in C:\Users\FaB\Git\Projet 10\bibliothequep10\backendApiBiblio)
2022-07-22 11:28:43,613 DEBUG com.fabienit.biblioapi.model.beans.RegisteredUserTest [main] Running with Spring Boot v2.2.1.RELEASE, Spring v5.2.1.RELEASE
2022-07-22 11:28:43,614 INFO com.fabienit.biblioapi.model.beans.RegisteredUserTest [main] The following profiles are active: integration
2022-07-22 11:28:45,774 DEBUG com.fabienit.biblioapi.configuration.SwaggerConfig$$EnhancerBySpringCGLIB$$994b45df [main] Set Swagger2 documentation
2022-07-22 11:28:46,331 INFO com.fabienit.biblioapi.model.beans.RegisteredUserTest [main] Started RegisteredUserTest in 2.762 seconds (JVM running for 71.936)
2022-07-22 11:28:46,466 INFO com.fabienit.biblioapi.model.beans.ReservationTest [main] Starting ReservationTest on FABPC with PID 17608 (started by FaB PC in C:\Users\FaB\Git\Projet 10\bibliothequep10\backendApiBiblio)
2022-07-22 11:28:46,467 DEBUG com.fabienit.biblioapi.model.beans.ReservationTest [main] Running with Spring Boot v2.2.1.RELEASE, Spring v5.2.1.RELEASE
2022-07-22 11:28:46,467 INFO com.fabienit.biblioapi.model.beans.ReservationTest [main] The following profiles are active: integration
2022-07-22 11:28:48,398 DEBUG com.fabienit.biblioapi.configuration.SwaggerConfig$$EnhancerBySpringCGLIB$$994b45df [main] Set Swagger2 documentation
2022-07-22 11:28:48,958 INFO com.fabienit.biblioapi.model.beans.ReservationTest [main] Started ReservationTest in 2.536 seconds (JVM running for 74.563)
2022-07-22 11:28:49,010 INFO com.fabienit.biblioapi.ReservationManagerImplTest [main] Starting ReservationManagerImplTest on FABPC with PID 17608 (started by FaB PC in C:\Users\FaB\Git\Projet 10\bibliothequep10\backendApiBiblio)
2022-07-22 11:28:49,010 DEBUG com.fabienit.biblioapi.ReservationManagerImplTest [main] Running with Spring Boot v2.2.1.RELEASE, Spring v5.2.1.RELEASE
2022-07-22 11:28:49,011 INFO com.fabienit.biblioapi.ReservationManagerImplTest [main] The following profiles are active: integration
2022-07-22 11:28:51,190 DEBUG com.fabienit.biblioapi.configuration.SwaggerConfig$$EnhancerBySpringCGLIB$$994b45df [main] Set Swagger2 documentation
2022-07-22 11:28:51,748 INFO com.fabienit.biblioapi.ReservationManagerImplTest [main] Started ReservationManagerImplTest in 2.768 seconds (JVM running for 77.353)
2022-07-22 11:29:00,018 INFO com.fabienit.biblioapi.AvailableCopieManagerImplIT [main] Starting AvailableCopieManagerImplIT on FABPC with PID 10936 (started by FaB PC in C:\Users\FaB\Git\Projet 10\bibliothequep10\backendApiBiblio)
2022-07-22 11:29:00,026 DEBUG com.fabienit.biblioapi.AvailableCopieManagerImplIT [main] Running with Spring Boot v2.2.1.RELEASE, Spring v5.2.1.RELEASE
2022-07-22 11:29:00,027 INFO com.fabienit.biblioapi.AvailableCopieManagerImplIT [main] The following profiles are active: integration
2022-07-22 11:29:12,664 DEBUG com.fabienit.biblioapi.configuration.SwaggerConfig$$EnhancerBySpringCGLIB$$b18b5a6c [main] Set Swagger2 documentation
2022-07-22 11:29:15,018 INFO com.fabienit.biblioapi.AvailableCopieManagerImplIT [main] Started AvailableCopieManagerImplIT in 15.704 seconds (JVM running for 18.915)
2022-07-22 11:29:15,904 INFO com.fabienit.biblioapi.AvailableCopieManagerImplIT [main] Starting AvailableCopieManagerImplIT on FABPC with PID 10936 (started by FaB PC in C:\Users\FaB\Git\Projet 10\bibliothequep10\backendApiBiblio)
2022-07-22 11:29:15,904 DEBUG com.fabienit.biblioapi.AvailableCopieManagerImplIT [main] Running with Spring Boot v2.2.1.RELEASE, Spring v5.2.1.RELEASE
2022-07-22 11:29:15,904 INFO com.fabienit.biblioapi.AvailableCopieManagerImplIT [main] The following profiles are active: integration
2022-07-22 11:29:18,882 DEBUG com.fabienit.biblioapi.configuration.SwaggerConfig$$EnhancerBySpringCGLIB$$b18b5a6c [main] Set Swagger2 documentation
2022-07-22 11:29:20,218 INFO com.fabienit.biblioapi.AvailableCopieManagerImplIT [main] Started AvailableCopieManagerImplIT in 4.373 seconds (JVM running for 24.115)
2022-07-22 11:29:20,815 INFO com.fabienit.biblioapi.BookManagerImplIT [main] Starting BookManagerImplIT on FABPC with PID 10936 (started by FaB PC in C:\Users\FaB\Git\Projet 10\bibliothequep10\backendApiBiblio)
2022-07-22 11:29:20,815 DEBUG com.fabienit.biblioapi.BookManagerImplIT [main] Running with Spring Boot v2.2.1.RELEASE, Spring v5.2.1.RELEASE
2022-07-22 11:29:20,815 INFO com.fabienit.biblioapi.BookManagerImplIT [main] The following profiles are active: integration
2022-07-22 11:29:24,660 DEBUG com.fabienit.biblioapi.configuration.SwaggerConfig$$EnhancerBySpringCGLIB$$b18b5a6c [main] Set Swagger2 documentation
2022-07-22 11:29:25,758 INFO com.fabienit.biblioapi.BookManagerImplIT [main] Started BookManagerImplIT in 5.021 seconds (JVM running for 29.655)
2022-07-22 11:29:26,054 INFO com.fabienit.biblioapi.BookManagerImplIT [main] Starting BookManagerImplIT on FABPC with PID 10936 (started by FaB PC in C:\Users\FaB\Git\Projet 10\bibliothequep10\backendApiBiblio)
2022-07-22 11:29:26,055 DEBUG com.fabienit.biblioapi.BookManagerImplIT [main] Running with Spring Boot v2.2.1.RELEASE, Spring v5.2.1.RELEASE
2022-07-22 11:29:26,055 INFO com.fabienit.biblioapi.BookManagerImplIT [main] The following profiles are active: integration
2022-07-22 11:29:28,506 DEBUG com.fabienit.biblioapi.configuration.SwaggerConfig$$EnhancerBySpringCGLIB$$b18b5a6c [main] Set Swagger2 documentation
2022-07-22 11:29:29,188 INFO com.fabienit.biblioapi.BookManagerImplIT [main] Started BookManagerImplIT in 3.211 seconds (JVM running for 33.085)
2022-07-22 11:29:29,486 INFO com.fabienit.biblioapi.BookManagerImplIT [main] Starting BookManagerImplIT on FABPC with PID 10936 (started by FaB PC in C:\Users\FaB\Git\Projet 10\bibliothequep10\backendApiBiblio)
2022-07-22 11:29:29,486 DEBUG com.fabienit.biblioapi.BookManagerImplIT [main] Running with Spring Boot v2.2.1.RELEASE, Spring v5.2.1.RELEASE
2022-07-22 11:29:29,487 INFO com.fabienit.biblioapi.BookManagerImplIT [main] The following profiles are active: integration
2022-07-22 11:29:31,981 DEBUG com.fabienit.biblioapi.configuration.SwaggerConfig$$EnhancerBySpringCGLIB$$b18b5a6c [main] Set Swagger2 documentation
2022-07-22 11:29:32,652 INFO com.fabienit.biblioapi.BookManagerImplIT [main] Started BookManagerImplIT in 3.217 seconds (JVM running for 36.548)
2022-07-22 11:29:32,935 INFO com.fabienit.biblioapi.BookManagerImplIT [main] Starting BookManagerImplIT on FABPC with PID 10936 (started by FaB PC in C:\Users\FaB\Git\Projet 10\bibliothequep10\backendApiBiblio)
2022-07-22 11:29:32,935 DEBUG com.fabienit.biblioapi.BookManagerImplIT [main] Running with Spring Boot v2.2.1.RELEASE, Spring v5.2.1.RELEASE
2022-07-22 11:29:32,936 INFO com.fabienit.biblioapi.BookManagerImplIT [main] The following profiles are active: integration
2022-07-22 11:29:35,244 DEBUG com.fabienit.biblioapi.configuration.SwaggerConfig$$EnhancerBySpringCGLIB$$b18b5a6c [main] Set Swagger2 documentation
2022-07-22 11:29:35,852 INFO com.fabienit.biblioapi.BookManagerImplIT [main] Started BookManagerImplIT in 2.973 seconds (JVM running for 39.749)
2022-07-22 11:29:36,051 INFO com.fabienit.biblioapi.BookManagerImplIT [main] Starting BookManagerImplIT on FABPC with PID 10936 (started by FaB PC in C:\Users\FaB\Git\Projet 10\bibliothequep10\backendApiBiblio)
2022-07-22 11:29:36,052 DEBUG com.fabienit.biblioapi.BookManagerImplIT [main] Running with Spring Boot v2.2.1.RELEASE, Spring v5.2.1.RELEASE
2022-07-22 11:29:36,052 INFO com.fabienit.biblioapi.BookManagerImplIT [main] The following profiles are active: integration
2022-07-22 11:29:38,627 DEBUG com.fabienit.biblioapi.configuration.SwaggerConfig$$EnhancerBySpringCGLIB$$b18b5a6c [main] Set Swagger2 documentation
2022-07-22 11:29:39,248 INFO com.fabienit.biblioapi.BookManagerImplIT [main] Started BookManagerImplIT in 3.244 seconds (JVM running for 43.145)
2022-07-22 11:29:39,440 INFO com.fabienit.biblioapi.BookManagerImplIT [main] Starting BookManagerImplIT on FABPC with PID 10936 (started by FaB PC in C:\Users\FaB\Git\Projet 10\bibliothequep10\backendApiBiblio)
2022-07-22 11:29:39,440 DEBUG com.fabienit.biblioapi.BookManagerImplIT [main] Running with Spring Boot v2.2.1.RELEASE, Spring v5.2.1.RELEASE
2022-07-22 11:29:39,442 INFO com.fabienit.biblioapi.BookManagerImplIT [main] The following profiles are active: integration
2022-07-22 11:29:41,660 DEBUG com.fabienit.biblioapi.configuration.SwaggerConfig$$EnhancerBySpringCGLIB$$b18b5a6c [main] Set Swagger2 documentation
2022-07-22 11:29:42,346 INFO com.fabienit.biblioapi.BookManagerImplIT [main] Started BookManagerImplIT in 2.954 seconds (JVM running for 46.243)
2022-07-22 11:29:42,565 INFO com.fabienit.biblioapi.BorrowManagerImplIT [main] Starting BorrowManagerImplIT on FABPC with PID 10936 (started by FaB PC in C:\Users\FaB\Git\Projet 10\bibliothequep10\backendApiBiblio)
2022-07-22 11:29:42,566 DEBUG com.fabienit.biblioapi.BorrowManagerImplIT [main] Running with Spring Boot v2.2.1.RELEASE, Spring v5.2.1.RELEASE
2022-07-22 11:29:42,566 INFO com.fabienit.biblioapi.BorrowManagerImplIT [main] The following profiles are active: integration
2022-07-22 11:29:44,614 DEBUG com.fabienit.biblioapi.configuration.SwaggerConfig$$EnhancerBySpringCGLIB$$b18b5a6c [main] Set Swagger2 documentation
2022-07-22 11:29:45,201 INFO com.fabienit.biblioapi.BorrowManagerImplIT [main] Started BorrowManagerImplIT in 2.685 seconds (JVM running for 49.097)
2022-07-22 11:29:45,364 INFO com.fabienit.biblioapi.BorrowManagerImplIT [main] Starting BorrowManagerImplIT on FABPC with PID 10936 (started by FaB PC in C:\Users\FaB\Git\Projet 10\bibliothequep10\backendApiBiblio)
2022-07-22 11:29:45,365 DEBUG com.fabienit.biblioapi.BorrowManagerImplIT [main] Running with Spring Boot v2.2.1.RELEASE, Spring v5.2.1.RELEASE
2022-07-22 11:29:45,365 INFO com.fabienit.biblioapi.BorrowManagerImplIT [main] The following profiles are active: integration
2022-07-22 11:29:47,639 DEBUG com.fabienit.biblioapi.configuration.SwaggerConfig$$EnhancerBySpringCGLIB$$b18b5a6c [main] Set Swagger2 documentation
2022-07-22 11:29:48,175 INFO com.fabienit.biblioapi.BorrowManagerImplIT [main] Started BorrowManagerImplIT in 2.853 seconds (JVM running for 52.071)
2022-07-22 11:29:48,310 INFO com.fabienit.biblioapi.LibraryManagerImplIT [main] Starting LibraryManagerImplIT on FABPC with PID 10936 (started by FaB PC in C:\Users\FaB\Git\Projet 10\bibliothequep10\backendApiBiblio)
2022-07-22 11:29:48,310 DEBUG com.fabienit.biblioapi.LibraryManagerImplIT [main] Running with Spring Boot v2.2.1.RELEASE, Spring v5.2.1.RELEASE
2022-07-22 11:29:48,310 INFO com.fabienit.biblioapi.LibraryManagerImplIT [main] The following profiles are active: integration
2022-07-22 11:29:50,369 DEBUG com.fabienit.biblioapi.configuration.SwaggerConfig$$EnhancerBySpringCGLIB$$b18b5a6c [main] Set Swagger2 documentation
2022-07-22 11:29:50,995 INFO com.fabienit.biblioapi.LibraryManagerImplIT [main] Started LibraryManagerImplIT in 2.728 seconds (JVM running for 54.892)
2022-07-22 11:29:51,274 INFO com.fabienit.biblioapi.LibraryManagerImplIT [main] Starting LibraryManagerImplIT on FABPC with PID 10936 (started by FaB PC in C:\Users\FaB\Git\Projet 10\bibliothequep10\backendApiBiblio)
2022-07-22 11:29:51,275 DEBUG com.fabienit.biblioapi.LibraryManagerImplIT [main] Running with Spring Boot v2.2.1.RELEASE, Spring v5.2.1.RELEASE
2022-07-22 11:29:51,276 INFO com.fabienit.biblioapi.LibraryManagerImplIT [main] The following profiles are active: integration
2022-07-22 11:29:53,469 DEBUG com.fabienit.biblioapi.configuration.SwaggerConfig$$EnhancerBySpringCGLIB$$b18b5a6c [main] Set Swagger2 documentation
2022-07-22 11:29:54,005 INFO com.fabienit.biblioapi.LibraryManagerImplIT [main] Started LibraryManagerImplIT in 2.779 seconds (JVM running for 57.902)
2022-07-22 11:29:54,234 INFO com.fabienit.biblioapi.LibraryManagerImplIT [main] Starting LibraryManagerImplIT on FABPC with PID 10936 (started by FaB PC in C:\Users\FaB\Git\Projet 10\bibliothequep10\backendApiBiblio)
2022-07-22 11:29:54,234 DEBUG com.fabienit.biblioapi.LibraryManagerImplIT [main] Running with Spring Boot v2.2.1.RELEASE, Spring v5.2.1.RELEASE
2022-07-22 11:29:54,234 INFO com.fabienit.biblioapi.LibraryManagerImplIT [main] The following profiles are active: integration
2022-07-22 11:29:56,120 DEBUG com.fabienit.biblioapi.configuration.SwaggerConfig$$EnhancerBySpringCGLIB$$b18b5a6c [main] Set Swagger2 documentation
2022-07-22 11:29:56,657 INFO com.fabienit.biblioapi.LibraryManagerImplIT [main] Started LibraryManagerImplIT in 2.468 seconds (JVM running for 60.553)
2022-07-22 11:29:56,848 INFO com.fabienit.biblioapi.LibraryManagerImplIT [main] Starting LibraryManagerImplIT on FABPC with PID 10936 (started by FaB PC in C:\Users\FaB\Git\Projet 10\bibliothequep10\backendApiBiblio)
2022-07-22 11:29:56,848 DEBUG com.fabienit.biblioapi.LibraryManagerImplIT [main] Running with Spring Boot v2.2.1.RELEASE, Spring v5.2.1.RELEASE
2022-07-22 11:29:56,848 INFO com.fabienit.biblioapi.LibraryManagerImplIT [main] The following profiles are active: integration
2022-07-22 11:29:58,821 DEBUG com.fabienit.biblioapi.configuration.SwaggerConfig$$EnhancerBySpringCGLIB$$b18b5a6c [main] Set Swagger2 documentation
2022-07-22 11:29:59,336 INFO com.fabienit.biblioapi.LibraryManagerImplIT [main] Started LibraryManagerImplIT in 2.529 seconds (JVM running for 63.232)
2022-07-22 11:29:59,506 INFO com.fabienit.biblioapi.RegisteredUserManagerImplIT [main] Starting RegisteredUserManagerImplIT on FABPC with PID 10936 (started by FaB PC in C:\Users\FaB\Git\Projet 10\bibliothequep10\backendApiBiblio)
2022-07-22 11:29:59,507 DEBUG com.fabienit.biblioapi.RegisteredUserManagerImplIT [main] Running with Spring Boot v2.2.1.RELEASE, Spring v5.2.1.RELEASE
2022-07-22 11:29:59,507 INFO com.fabienit.biblioapi.RegisteredUserManagerImplIT [main] The following profiles are active: integration
2022-07-22 11:30:01,412 DEBUG com.fabienit.biblioapi.configuration.SwaggerConfig$$EnhancerBySpringCGLIB$$b18b5a6c [main] Set Swagger2 documentation
2022-07-22 11:30:01,932 INFO com.fabienit.biblioapi.RegisteredUserManagerImplIT [main] Started RegisteredUserManagerImplIT in 2.471 seconds (JVM running for 65.829)
2022-07-22 11:30:02,123 INFO com.fabienit.biblioapi.RegisteredUserManagerImplIT [main] Starting RegisteredUserManagerImplIT on FABPC with PID 10936 (started by FaB PC in C:\Users\FaB\Git\Projet 10\bibliothequep10\backendApiBiblio)
2022-07-22 11:30:02,123 DEBUG com.fabienit.biblioapi.RegisteredUserManagerImplIT [main] Running with Spring Boot v2.2.1.RELEASE, Spring v5.2.1.RELEASE
2022-07-22 11:30:02,123 INFO com.fabienit.biblioapi.RegisteredUserManagerImplIT [main] The following profiles are active: integration
2022-07-22 11:30:04,346 DEBUG com.fabienit.biblioapi.configuration.SwaggerConfig$$EnhancerBySpringCGLIB$$b18b5a6c [main] Set Swagger2 documentation
2022-07-22 11:30:04,913 INFO com.fabienit.biblioapi.RegisteredUserManagerImplIT [main] Started RegisteredUserManagerImplIT in 2.846 seconds (JVM running for 68.809)
2022-07-22 11:30:05,099 INFO com.fabienit.biblioapi.RegisteredUserManagerImplIT [main] Starting RegisteredUserManagerImplIT on FABPC with PID 10936 (started by FaB PC in C:\Users\FaB\Git\Projet 10\bibliothequep10\backendApiBiblio)
2022-07-22 11:30:05,099 DEBUG com.fabienit.biblioapi.RegisteredUserManagerImplIT [main] Running with Spring Boot v2.2.1.RELEASE, Spring v5.2.1.RELEASE
2022-07-22 11:30:05,100 INFO com.fabienit.biblioapi.RegisteredUserManagerImplIT [main] The following profiles are active: integration
2022-07-22 11:30:07,191 DEBUG com.fabienit.biblioapi.configuration.SwaggerConfig$$EnhancerBySpringCGLIB$$b18b5a6c [main] Set Swagger2 documentation
2022-07-22 11:30:07,720 INFO com.fabienit.biblioapi.RegisteredUserManagerImplIT [main] Started RegisteredUserManagerImplIT in 2.664 seconds (JVM running for 71.616)
2022-07-22 11:30:08,100 INFO com.fabienit.biblioapi.RegisteredUserManagerImplIT [main] Starting RegisteredUserManagerImplIT on FABPC with PID 10936 (started by FaB PC in C:\Users\FaB\Git\Projet 10\bibliothequep10\backendApiBiblio)
2022-07-22 11:30:08,100 DEBUG com.fabienit.biblioapi.RegisteredUserManagerImplIT [main] Running with Spring Boot v2.2.1.RELEASE, Spring v5.2.1.RELEASE
2022-07-22 11:30:08,100 INFO com.fabienit.biblioapi.RegisteredUserManagerImplIT [main] The following profiles are active: integration
2022-07-22 11:30:10,160 DEBUG com.fabienit.biblioapi.configuration.SwaggerConfig$$EnhancerBySpringCGLIB$$b18b5a6c [main] Set Swagger2 documentation
2022-07-22 11:30:10,696 INFO com.fabienit.biblioapi.RegisteredUserManagerImplIT [main] Started RegisteredUserManagerImplIT in 2.642 seconds (JVM running for 74.593)
2022-07-22 11:30:10,920 INFO com.fabienit.biblioapi.RegisteredUserManagerImplIT [main] Starting RegisteredUserManagerImplIT on FABPC with PID 10936 (started by FaB PC in C:\Users\FaB\Git\Projet 10\bibliothequep10\backendApiBiblio)
2022-07-22 11:30:10,921 DEBUG com.fabienit.biblioapi.RegisteredUserManagerImplIT [main] Running with Spring Boot v2.2.1.RELEASE, Spring v5.2.1.RELEASE
2022-07-22 11:30:10,922 INFO com.fabienit.biblioapi.RegisteredUserManagerImplIT [main] The following profiles are active: integration
2022-07-22 11:30:12,892 DEBUG com.fabienit.biblioapi.configuration.SwaggerConfig$$EnhancerBySpringCGLIB$$b18b5a6c [main] Set Swagger2 documentation
2022-07-22 11:30:13,427 INFO com.fabienit.biblioapi.RegisteredUserManagerImplIT [main] Started RegisteredUserManagerImplIT in 2.557 seconds (JVM running for 77.323)
2022-07-22 11:30:13,632 INFO com.fabienit.biblioapi.ReservationManagerImplIT [main] Starting ReservationManagerImplIT on FABPC with PID 10936 (started by FaB PC in C:\Users\FaB\Git\Projet 10\bibliothequep10\backendApiBiblio)
2022-07-22 11:30:13,632 DEBUG com.fabienit.biblioapi.ReservationManagerImplIT [main] Running with Spring Boot v2.2.1.RELEASE, Spring v5.2.1.RELEASE
2022-07-22 11:30:13,632 INFO com.fabienit.biblioapi.ReservationManagerImplIT [main] The following profiles are active: integration
2022-07-22 11:30:15,580 DEBUG com.fabienit.biblioapi.configuration.SwaggerConfig$$EnhancerBySpringCGLIB$$b18b5a6c [main] Set Swagger2 documentation
2022-07-22 11:30:16,132 INFO com.fabienit.biblioapi.ReservationManagerImplIT [main] Started ReservationManagerImplIT in 2.551 seconds (JVM running for 80.028)
2022-07-22 11:30:16,481 INFO com.fabienit.biblioapi.ReservationManagerImplIT [main] Starting ReservationManagerImplIT on FABPC with PID 10936 (started by FaB PC in C:\Users\FaB\Git\Projet 10\bibliothequep10\backendApiBiblio)
2022-07-22 11:30:16,481 DEBUG com.fabienit.biblioapi.ReservationManagerImplIT [main] Running with Spring Boot v2.2.1.RELEASE, Spring v5.2.1.RELEASE
2022-07-22 11:30:16,481 INFO com.fabienit.biblioapi.ReservationManagerImplIT [main] The following profiles are active: integration
2022-07-22 11:30:18,535 DEBUG com.fabienit.biblioapi.configuration.SwaggerConfig$$EnhancerBySpringCGLIB$$b18b5a6c [main] Set Swagger2 documentation
2022-07-22 11:30:19,056 INFO com.fabienit.biblioapi.ReservationManagerImplIT [main] Started ReservationManagerImplIT in 2.633 seconds (JVM running for 82.953)
2022-07-22 11:30:19,240 INFO com.fabienit.biblioapi.ReservationManagerImplIT [main] Starting ReservationManagerImplIT on FABPC with PID 10936 (started by FaB PC in C:\Users\FaB\Git\Projet 10\bibliothequep10\backendApiBiblio)
2022-07-22 11:30:19,241 DEBUG com.fabienit.biblioapi.ReservationManagerImplIT [main] Running with Spring Boot v2.2.1.RELEASE, Spring v5.2.1.RELEASE
2022-07-22 11:30:19,241 INFO com.fabienit.biblioapi.ReservationManagerImplIT [main] The following profiles are active: integration
2022-07-22 11:30:21,335 DEBUG com.fabienit.biblioapi.configuration.SwaggerConfig$$EnhancerBySpringCGLIB$$b18b5a6c [main] Set Swagger2 documentation
2022-07-22 11:30:21,860 INFO com.fabienit.biblioapi.ReservationManagerImplIT [main] Started ReservationManagerImplIT in 2.658 seconds (JVM running for 85.757)
2022-07-22 11:30:22,080 INFO com.fabienit.biblioapi.ReservationManagerImplIT [main] Starting ReservationManagerImplIT on FABPC with PID 10936 (started by FaB PC in C:\Users\FaB\Git\Projet 10\bibliothequep10\backendApiBiblio)
2022-07-22 11:30:22,080 DEBUG com.fabienit.biblioapi.ReservationManagerImplIT [main] Running with Spring Boot v2.2.1.RELEASE, Spring v5.2.1.RELEASE
2022-07-22 11:30:22,080 INFO com.fabienit.biblioapi.ReservationManagerImplIT [main] The following profiles are active: integration
2022-07-22 11:30:23,918 DEBUG com.fabienit.biblioapi.configuration.SwaggerConfig$$EnhancerBySpringCGLIB$$b18b5a6c [main] Set Swagger2 documentation
2022-07-22 11:30:24,402 INFO com.fabienit.biblioapi.ReservationManagerImplIT [main] Started ReservationManagerImplIT in 2.371 seconds (JVM running for 88.299)
2022-07-22 11:30:24,576 INFO com.fabienit.biblioapi.ReservationManagerImplIT [main] Starting ReservationManagerImplIT on FABPC with PID 10936 (started by FaB PC in C:\Users\FaB\Git\Projet 10\bibliothequep10\backendApiBiblio)
2022-07-22 11:30:24,577 DEBUG com.fabienit.biblioapi.ReservationManagerImplIT [main] Running with Spring Boot v2.2.1.RELEASE, Spring v5.2.1.RELEASE
2022-07-22 11:30:24,577 INFO com.fabienit.biblioapi.ReservationManagerImplIT [main] The following profiles are active: integration
2022-07-22 11:30:26,484 DEBUG com.fabienit.biblioapi.configuration.SwaggerConfig$$EnhancerBySpringCGLIB$$b18b5a6c [main] Set Swagger2 documentation
2022-07-22 11:30:27,004 INFO com.fabienit.biblioapi.ReservationManagerImplIT [main] Started ReservationManagerImplIT in 2.469 seconds (JVM running for 90.901)
2022-07-22 12:05:45,823 INFO com.fabienit.biblioapi.controller.BookControllerTest [main] Starting BookControllerTest on FABPC with PID 1160 (started by FaB PC in C:\Users\FaB\Git\Projet 10\bibliothequep10\backendApiBiblio)
2022-07-22 12:05:45,834 DEBUG com.fabienit.biblioapi.controller.BookControllerTest [main] Running with Spring Boot v2.2.1.RELEASE, Spring v5.2.1.RELEASE
2022-07-22 12:05:45,847 INFO com.fabienit.biblioapi.controller.BookControllerTest [main] The following profiles are active: integration
2022-07-22 12:05:56,188 DEBUG com.fabienit.biblioapi.configuration.SwaggerConfig$$EnhancerBySpringCGLIB$$69508939 [main] Set Swagger2 documentation
2022-07-22 12:05:58,284 INFO com.fabienit.biblioapi.controller.BookControllerTest [main] Started BookControllerTest in 13.743 seconds (JVM running for 16.512)
2022-07-22 12:05:59,295 INFO com.fabienit.biblioapi.web.controllers.BookController [http-nio-auto-1-exec-1] Adding new book in database
2022-07-22 12:09:08,229 INFO com.fabienit.biblioapi.controller.BookControllerTest [main] Starting BookControllerTest on FABPC with PID 16956 (started by FaB PC in C:\Users\FaB\Git\Projet 10\bibliothequep10\backendApiBiblio)
2022-07-22 12:09:08,237 DEBUG com.fabienit.biblioapi.controller.BookControllerTest [main] Running with Spring Boot v2.2.1.RELEASE, Spring v5.2.1.RELEASE
2022-07-22 12:09:08,238 INFO com.fabienit.biblioapi.controller.BookControllerTest [main] The following profiles are active: integration
2022-07-22 12:09:21,592 DEBUG com.fabienit.biblioapi.configuration.SwaggerConfig$$EnhancerBySpringCGLIB$$69508939 [main] Set Swagger2 documentation
2022-07-22 12:09:23,307 INFO com.fabienit.biblioapi.controller.BookControllerTest [main] Started BookControllerTest in 15.665 seconds (JVM running for 17.519)
2022-07-22 12:09:24,289 INFO com.fabienit.biblioapi.web.controllers.BookController [http-nio-auto-1-exec-1] Adding new book in database
2022-07-22 12:09:43,473 INFO com.fabienit.biblioapi.AvailableCopieManagerImplTest [main] Starting AvailableCopieManagerImplTest on FABPC with PID 17276 (started by FaB PC in C:\Users\FaB\Git\Projet 10\bibliothequep10\backendApiBiblio)
2022-07-22 12:09:43,482 DEBUG com.fabienit.biblioapi.AvailableCopieManagerImplTest [main] Running with Spring Boot v2.2.1.RELEASE, Spring v5.2.1.RELEASE
2022-07-22 12:09:43,483 INFO com.fabienit.biblioapi.AvailableCopieManagerImplTest [main] The following profiles are active: integration
2022-07-22 12:09:56,051 DEBUG com.fabienit.biblioapi.configuration.SwaggerConfig$$EnhancerBySpringCGLIB$$e2de318e [main] Set Swagger2 documentation
2022-07-22 12:09:58,400 INFO com.fabienit.biblioapi.AvailableCopieManagerImplTest [main] Started AvailableCopieManagerImplTest in 15.554 seconds (JVM running for 19.096)
2022-07-22 12:09:58,841 INFO com.fabienit.biblioapi.controller.BookControllerTest [main] Starting BookControllerTest on FABPC with PID 17276 (started by FaB PC in C:\Users\FaB\Git\Projet 10\bibliothequep10\backendApiBiblio)
2022-07-22 12:09:58,842 DEBUG com.fabienit.biblioapi.controller.BookControllerTest [main] Running with Spring Boot v2.2.1.RELEASE, Spring v5.2.1.RELEASE
2022-07-22 12:09:58,843 INFO com.fabienit.biblioapi.controller.BookControllerTest [main] The following profiles are active: integration
2022-07-22 12:10:02,928 DEBUG com.fabienit.biblioapi.configuration.SwaggerConfig$$EnhancerBySpringCGLIB$$e2de318e [main] Set Swagger2 documentation
2022-07-22 12:10:04,027 INFO com.fabienit.biblioapi.controller.BookControllerTest [main] Started BookControllerTest in 5.293 seconds (JVM running for 24.723)
2022-07-22 12:10:04,923 INFO com.fabienit.biblioapi.web.controllers.BookController [http-nio-auto-1-exec-1] Providing book resource from database: all book list
2022-07-22 12:10:05,706 INFO com.fabienit.biblioapi.controller.BookControllerTest [main] Starting BookControllerTest on FABPC with PID 17276 (started by FaB PC in C:\Users\FaB\Git\Projet 10\bibliothequep10\backendApiBiblio)
2022-07-22 12:10:05,707 DEBUG com.fabienit.biblioapi.controller.BookControllerTest [main] Running with Spring Boot v2.2.1.RELEASE, Spring v5.2.1.RELEASE
2022-07-22 12:10:05,707 INFO com.fabienit.biblioapi.controller.BookControllerTest [main] The following profiles are active: integration
2022-07-22 12:10:09,091 DEBUG com.fabienit.biblioapi.configuration.SwaggerConfig$$EnhancerBySpringCGLIB$$e2de318e [main] Set Swagger2 documentation
2022-07-22 12:10:09,722 INFO com.fabienit.biblioapi.controller.BookControllerTest [main] Started BookControllerTest in 4.088 seconds (JVM running for 30.418)
2022-07-22 12:10:10,215 INFO com.fabienit.biblioapi.web.controllers.BookController [http-nio-auto-2-exec-1] Adding new book in database
2022-07-22 12:10:10,556 INFO com.fabienit.biblioapi.controller.BookControllerTest [main] Starting BookControllerTest on FABPC with PID 17276 (started by FaB PC in C:\Users\FaB\Git\Projet 10\bibliothequep10\backendApiBiblio)
2022-07-22 12:10:10,556 DEBUG com.fabienit.biblioapi.controller.BookControllerTest [main] Running with Spring Boot v2.2.1.RELEASE, Spring v5.2.1.RELEASE
2022-07-22 12:10:10,557 INFO com.fabienit.biblioapi.controller.BookControllerTest [main] The following profiles are active: integration
2022-07-22 12:10:13,259 DEBUG com.fabienit.biblioapi.configuration.SwaggerConfig$$EnhancerBySpringCGLIB$$e2de318e [main] Set Swagger2 documentation
2022-07-22 12:10:14,035 INFO com.fabienit.biblioapi.controller.BookControllerTest [main] Started BookControllerTest in 3.532 seconds (JVM running for 34.731)
2022-07-22 12:10:14,522 INFO com.fabienit.biblioapi.web.controllers.BookController [http-nio-auto-3-exec-10] Adding new book in database
2022-07-22 12:10:14,720 INFO com.fabienit.biblioapi.controller.BookControllerTest [main] Starting BookControllerTest on FABPC with PID 17276 (started by FaB PC in C:\Users\FaB\Git\Projet 10\bibliothequep10\backendApiBiblio)
2022-07-22 12:10:14,721 DEBUG com.fabienit.biblioapi.controller.BookControllerTest [main] Running with Spring Boot v2.2.1.RELEASE, Spring v5.2.1.RELEASE
2022-07-22 12:10:14,721 INFO com.fabienit.biblioapi.controller.BookControllerTest [main] The following profiles are active: integration
2022-07-22 12:10:17,367 DEBUG com.fabienit.biblioapi.configuration.SwaggerConfig$$EnhancerBySpringCGLIB$$e2de318e [main] Set Swagger2 documentation
2022-07-22 12:10:17,946 INFO com.fabienit.biblioapi.controller.BookControllerTest [main] Started BookControllerTest in 3.288 seconds (JVM running for 38.642)
2022-07-22 12:10:18,316 INFO com.fabienit.biblioapi.web.controllers.BookController [http-nio-auto-4-exec-1] Providing book resource from database: book id: 1
2022-07-22 12:10:18,500 INFO com.fabienit.biblioapi.controller.BookControllerTest [main] Starting BookControllerTest on FABPC with PID 17276 (started by FaB PC in C:\Users\FaB\Git\Projet 10\bibliothequep10\backendApiBiblio)
2022-07-22 12:10:18,500 DEBUG com.fabienit.biblioapi.controller.BookControllerTest [main] Running with Spring Boot v2.2.1.RELEASE, Spring v5.2.1.RELEASE
2022-07-22 12:10:18,500 INFO com.fabienit.biblioapi.controller.BookControllerTest [main] The following profiles are active: integration
2022-07-22 12:10:21,251 DEBUG com.fabienit.biblioapi.configuration.SwaggerConfig$$EnhancerBySpringCGLIB$$e2de318e [main] Set Swagger2 documentation
2022-07-22 12:10:21,788 INFO com.fabienit.biblioapi.controller.BookControllerTest [main] Started BookControllerTest in 3.337 seconds (JVM running for 42.484)
2022-07-22 12:10:22,151 INFO com.fabienit.biblioapi.web.controllers.BookController [http-nio-auto-5-exec-1] Providing book resource from database: book id: 999
2022-07-22 12:10:22,332 INFO com.fabienit.biblioapi.dao.BookDaoTest [main] Starting BookDaoTest on FABPC with PID 17276 (started by FaB PC in C:\Users\FaB\Git\Projet 10\bibliothequep10\backendApiBiblio)
2022-07-22 12:10:22,333 DEBUG com.fabienit.biblioapi.dao.BookDaoTest [main] Running with Spring Boot v2.2.1.RELEASE, Spring v5.2.1.RELEASE
2022-07-22 12:10:22,333 INFO com.fabienit.biblioapi.dao.BookDaoTest [main] The following profiles are active: integration
2022-07-22 12:10:24,539 DEBUG com.fabienit.biblioapi.configuration.SwaggerConfig$$EnhancerBySpringCGLIB$$e2de318e [main] Set Swagger2 documentation
2022-07-22 12:10:25,260 INFO com.fabienit.biblioapi.dao.BookDaoTest [main] Started BookDaoTest in 2.967 seconds (JVM running for 45.956)
2022-07-22 12:10:25,618 INFO com.fabienit.biblioapi.dao.BookDaoTest [main] Starting BookDaoTest on FABPC with PID 17276 (started by FaB PC in C:\Users\FaB\Git\Projet 10\bibliothequep10\backendApiBiblio)
2022-07-22 12:10:25,618 DEBUG com.fabienit.biblioapi.dao.BookDaoTest [main] Running with Spring Boot v2.2.1.RELEASE, Spring v5.2.1.RELEASE
2022-07-22 12:10:25,618 INFO com.fabienit.biblioapi.dao.BookDaoTest [main] The following profiles are active: integration
2022-07-22 12:10:27,831 DEBUG com.fabienit.biblioapi.configuration.SwaggerConfig$$EnhancerBySpringCGLIB$$e2de318e [main] Set Swagger2 documentation
2022-07-22 12:10:28,451 INFO com.fabienit.biblioapi.dao.BookDaoTest [main] Started BookDaoTest in 2.889 seconds (JVM running for 49.147)
2022-07-22 12:10:28,659 INFO com.fabienit.biblioapi.model.beans.AvailableCopieKeyTest [main] Starting AvailableCopieKeyTest on FABPC with PID 17276 (started by FaB PC in C:\Users\FaB\Git\Projet 10\bibliothequep10\backendApiBiblio)
2022-07-22 12:10:28,659 DEBUG com.fabienit.biblioapi.model.beans.AvailableCopieKeyTest [main] Running with Spring Boot v2.2.1.RELEASE, Spring v5.2.1.RELEASE
2022-07-22 12:10:28,660 INFO com.fabienit.biblioapi.model.beans.AvailableCopieKeyTest [main] The following profiles are active: integration
2022-07-22 12:10:31,142 DEBUG com.fabienit.biblioapi.configuration.SwaggerConfig$$EnhancerBySpringCGLIB$$e2de318e [main] Set Swagger2 documentation
2022-07-22 12:10:31,912 INFO com.fabienit.biblioapi.model.beans.AvailableCopieKeyTest [main] Started AvailableCopieKeyTest in 3.303 seconds (JVM running for 52.608)
2022-07-22 12:10:32,064 INFO com.fabienit.biblioapi.model.beans.BorrowTest [main] Starting BorrowTest on FABPC with PID 17276 (started by FaB PC in C:\Users\FaB\Git\Projet 10\bibliothequep10\backendApiBiblio)
2022-07-22 12:10:32,064 DEBUG com.fabienit.biblioapi.model.beans.BorrowTest [main] Running with Spring Boot v2.2.1.RELEASE, Spring v5.2.1.RELEASE
2022-07-22 12:10:32,065 INFO com.fabienit.biblioapi.model.beans.BorrowTest [main] The following profiles are active: integration
2022-07-22 12:10:34,164 DEBUG com.fabienit.biblioapi.configuration.SwaggerConfig$$EnhancerBySpringCGLIB$$e2de318e [main] Set Swagger2 documentation
2022-07-22 12:10:34,768 INFO com.fabienit.biblioapi.model.beans.BorrowTest [main] Started BorrowTest in 2.742 seconds (JVM running for 55.464)
2022-07-22 12:10:34,834 INFO com.fabienit.biblioapi.model.beans.LibraryTest [main] Starting LibraryTest on FABPC with PID 17276 (started by FaB PC in C:\Users\FaB\Git\Projet 10\bibliothequep10\backendApiBiblio)
2022-07-22 12:10:34,834 DEBUG com.fabienit.biblioapi.model.beans.LibraryTest [main] Running with Spring Boot v2.2.1.RELEASE, Spring v5.2.1.RELEASE
2022-07-22 12:10:34,835 INFO com.fabienit.biblioapi.model.beans.LibraryTest [main] The following profiles are active: integration
2022-07-22 12:10:36,932 DEBUG com.fabienit.biblioapi.configuration.SwaggerConfig$$EnhancerBySpringCGLIB$$e2de318e [main] Set Swagger2 documentation
2022-07-22 12:10:37,464 INFO com.fabienit.biblioapi.model.beans.LibraryTest [main] Started LibraryTest in 2.66 seconds (JVM running for 58.16)
2022-07-22 12:10:37,622 INFO com.fabienit.biblioapi.model.beans.RegisteredUserTest [main] Starting RegisteredUserTest on FABPC with PID 17276 (started by FaB PC in C:\Users\FaB\Git\Projet 10\bibliothequep10\backendApiBiblio)
2022-07-22 12:10:37,622 DEBUG com.fabienit.biblioapi.model.beans.RegisteredUserTest [main] Running with Spring Boot v2.2.1.RELEASE, Spring v5.2.1.RELEASE
2022-07-22 12:10:37,622 INFO com.fabienit.biblioapi.model.beans.RegisteredUserTest [main] The following profiles are active: integration
2022-07-22 12:10:39,674 DEBUG com.fabienit.biblioapi.configuration.SwaggerConfig$$EnhancerBySpringCGLIB$$e2de318e [main] Set Swagger2 documentation
2022-07-22 12:10:40,219 INFO com.fabienit.biblioapi.model.beans.RegisteredUserTest [main] Started RegisteredUserTest in 2.638 seconds (JVM running for 60.915)
2022-07-22 12:10:40,369 INFO com.fabienit.biblioapi.model.beans.RegisteredUserTest [main] Starting RegisteredUserTest on FABPC with PID 17276 (started by FaB PC in C:\Users\FaB\Git\Projet 10\bibliothequep10\backendApiBiblio)
2022-07-22 12:10:40,370 DEBUG com.fabienit.biblioapi.model.beans.RegisteredUserTest [main] Running with Spring Boot v2.2.1.RELEASE, Spring v5.2.1.RELEASE
2022-07-22 12:10:40,370 INFO com.fabienit.biblioapi.model.beans.RegisteredUserTest [main] The following profiles are active: integration
2022-07-22 12:10:42,478 DEBUG com.fabienit.biblioapi.configuration.SwaggerConfig$$EnhancerBySpringCGLIB$$e2de318e [main] Set Swagger2 documentation
2022-07-22 12:10:42,990 INFO com.fabienit.biblioapi.model.beans.RegisteredUserTest [main] Started RegisteredUserTest in 2.67 seconds (JVM running for 63.686)
2022-07-22 12:10:43,103 INFO com.fabienit.biblioapi.model.beans.ReservationTest [main] Starting ReservationTest on FABPC with PID 17276 (started by FaB PC in C:\Users\FaB\Git\Projet 10\bibliothequep10\backendApiBiblio)
2022-07-22 12:10:43,103 DEBUG com.fabienit.biblioapi.model.beans.ReservationTest [main] Running with Spring Boot v2.2.1.RELEASE, Spring v5.2.1.RELEASE
2022-07-22 12:10:43,103 INFO com.fabienit.biblioapi.model.beans.ReservationTest [main] The following profiles are active: integration
2022-07-22 12:10:45,000 DEBUG com.fabienit.biblioapi.configuration.SwaggerConfig$$EnhancerBySpringCGLIB$$e2de318e [main] Set Swagger2 documentation
2022-07-22 12:10:45,528 INFO com.fabienit.biblioapi.model.beans.ReservationTest [main] Started ReservationTest in 2.466 seconds (JVM running for 66.224)
2022-07-22 12:10:45,597 INFO com.fabienit.biblioapi.ReservationManagerImplTest [main] Starting ReservationManagerImplTest on FABPC with PID 17276 (started by FaB PC in C:\Users\FaB\Git\Projet 10\bibliothequep10\backendApiBiblio)
2022-07-22 12:10:45,597 DEBUG com.fabienit.biblioapi.ReservationManagerImplTest [main] Running with Spring Boot v2.2.1.RELEASE, Spring v5.2.1.RELEASE
2022-07-22 12:10:45,597 INFO com.fabienit.biblioapi.ReservationManagerImplTest [main] The following profiles are active: integration
2022-07-22 12:10:47,676 DEBUG com.fabienit.biblioapi.configuration.SwaggerConfig$$EnhancerBySpringCGLIB$$e2de318e [main] Set Swagger2 documentation
2022-07-22 12:10:48,226 INFO com.fabienit.biblioapi.ReservationManagerImplTest [main] Started ReservationManagerImplTest in 2.666 seconds (JVM running for 68.922)
2022-07-22 12:10:56,143 INFO com.fabienit.biblioapi.AvailableCopieManagerImplIT [main] Starting AvailableCopieManagerImplIT on FABPC with PID 17120 (started by FaB PC in C:\Users\FaB\Git\Projet 10\bibliothequep10\backendApiBiblio)
2022-07-22 12:10:56,152 DEBUG com.fabienit.biblioapi.AvailableCopieManagerImplIT [main] Running with Spring Boot v2.2.1.RELEASE, Spring v5.2.1.RELEASE
2022-07-22 12:10:56,152 INFO com.fabienit.biblioapi.AvailableCopieManagerImplIT [main] The following profiles are active: integration
2022-07-22 12:11:08,301 DEBUG com.fabienit.biblioapi.configuration.SwaggerConfig$$EnhancerBySpringCGLIB$$13265ee0 [main] Set Swagger2 documentation
2022-07-22 12:11:10,577 INFO com.fabienit.biblioapi.AvailableCopieManagerImplIT [main] Started AvailableCopieManagerImplIT in 15.133 seconds (JVM running for 18.476)
2022-07-22 12:11:11,658 INFO com.fabienit.biblioapi.AvailableCopieManagerImplIT [main] Starting AvailableCopieManagerImplIT on FABPC with PID 17120 (started by FaB PC in C:\Users\FaB\Git\Projet 10\bibliothequep10\backendApiBiblio)
2022-07-22 12:11:11,659 DEBUG com.fabienit.biblioapi.AvailableCopieManagerImplIT [main] Running with Spring Boot v2.2.1.RELEASE, Spring v5.2.1.RELEASE
2022-07-22 12:11:11,659 INFO com.fabienit.biblioapi.AvailableCopieManagerImplIT [main] The following profiles are active: integration
2022-07-22 12:11:14,479 DEBUG com.fabienit.biblioapi.configuration.SwaggerConfig$$EnhancerBySpringCGLIB$$13265ee0 [main] Set Swagger2 documentation
2022-07-22 12:11:15,325 INFO com.fabienit.biblioapi.AvailableCopieManagerImplIT [main] Started AvailableCopieManagerImplIT in 3.736 seconds (JVM running for 23.225)
2022-07-22 12:11:15,899 INFO com.fabienit.biblioapi.BookManagerImplIT [main] Starting BookManagerImplIT on FABPC with PID 17120 (started by FaB PC in C:\Users\FaB\Git\Projet 10\bibliothequep10\backendApiBiblio)
2022-07-22 12:11:15,900 DEBUG com.fabienit.biblioapi.BookManagerImplIT [main] Running with Spring Boot v2.2.1.RELEASE, Spring v5.2.1.RELEASE
2022-07-22 12:11:15,900 INFO com.fabienit.biblioapi.BookManagerImplIT [main] The following profiles are active: integration
2022-07-22 12:11:19,369 DEBUG com.fabienit.biblioapi.configuration.SwaggerConfig$$EnhancerBySpringCGLIB$$13265ee0 [main] Set Swagger2 documentation
2022-07-22 12:11:20,244 INFO com.fabienit.biblioapi.BookManagerImplIT [main] Started BookManagerImplIT in 4.438 seconds (JVM running for 28.144)
2022-07-22 12:11:20,525 INFO com.fabienit.biblioapi.BookManagerImplIT [main] Starting BookManagerImplIT on FABPC with PID 17120 (started by FaB PC in C:\Users\FaB\Git\Projet 10\bibliothequep10\backendApiBiblio)
2022-07-22 12:11:20,525 DEBUG com.fabienit.biblioapi.BookManagerImplIT [main] Running with Spring Boot v2.2.1.RELEASE, Spring v5.2.1.RELEASE
2022-07-22 12:11:20,525 INFO com.fabienit.biblioapi.BookManagerImplIT [main] The following profiles are active: integration
2022-07-22 12:11:23,264 DEBUG com.fabienit.biblioapi.configuration.SwaggerConfig$$EnhancerBySpringCGLIB$$13265ee0 [main] Set Swagger2 documentation
2022-07-22 12:11:23,964 INFO com.fabienit.biblioapi.BookManagerImplIT [main] Started BookManagerImplIT in 3.495 seconds (JVM running for 31.864)
2022-07-22 12:11:24,262 INFO com.fabienit.biblioapi.BookManagerImplIT [main] Starting BookManagerImplIT on FABPC with PID 17120 (started by FaB PC in C:\Users\FaB\Git\Projet 10\bibliothequep10\backendApiBiblio)
2022-07-22 12:11:24,263 DEBUG com.fabienit.biblioapi.BookManagerImplIT [main] Running with Spring Boot v2.2.1.RELEASE, Spring v5.2.1.RELEASE
2022-07-22 12:11:24,263 INFO com.fabienit.biblioapi.BookManagerImplIT [main] The following profiles are active: integration
2022-07-22 12:11:26,630 DEBUG com.fabienit.biblioapi.configuration.SwaggerConfig$$EnhancerBySpringCGLIB$$13265ee0 [main] Set Swagger2 documentation
2022-07-22 12:11:27,328 INFO com.fabienit.biblioapi.BookManagerImplIT [main] Started BookManagerImplIT in 3.117 seconds (JVM running for 35.228)
2022-07-22 12:11:27,639 INFO com.fabienit.biblioapi.BookManagerImplIT [main] Starting BookManagerImplIT on FABPC with PID 17120 (started by FaB PC in C:\Users\FaB\Git\Projet 10\bibliothequep10\backendApiBiblio)
2022-07-22 12:11:27,640 DEBUG com.fabienit.biblioapi.BookManagerImplIT [main] Running with Spring Boot v2.2.1.RELEASE, Spring v5.2.1.RELEASE
2022-07-22 12:11:27,640 INFO com.fabienit.biblioapi.BookManagerImplIT [main] The following profiles are active: integration
2022-07-22 12:11:30,300 DEBUG com.fabienit.biblioapi.configuration.SwaggerConfig$$EnhancerBySpringCGLIB$$13265ee0 [main] Set Swagger2 documentation
2022-07-22 12:11:30,952 INFO com.fabienit.biblioapi.BookManagerImplIT [main] Started BookManagerImplIT in 3.376 seconds (JVM running for 38.852)
2022-07-22 12:11:31,236 INFO com.fabienit.biblioapi.BookManagerImplIT [main] Starting BookManagerImplIT on FABPC with PID 17120 (started by FaB PC in C:\Users\FaB\Git\Projet 10\bibliothequep10\backendApiBiblio)
2022-07-22 12:11:31,236 DEBUG com.fabienit.biblioapi.BookManagerImplIT [main] Running with Spring Boot v2.2.1.RELEASE, Spring v5.2.1.RELEASE
2022-07-22 12:11:31,236 INFO com.fabienit.biblioapi.BookManagerImplIT [main] The following profiles are active: integration
2022-07-22 12:11:33,357 DEBUG com.fabienit.biblioapi.configuration.SwaggerConfig$$EnhancerBySpringCGLIB$$13265ee0 [main] Set Swagger2 documentation
2022-07-22 12:11:34,006 INFO com.fabienit.biblioapi.BookManagerImplIT [main] Started BookManagerImplIT in 2.834 seconds (JVM running for 41.905)
2022-07-22 12:11:34,324 INFO com.fabienit.biblioapi.BookManagerImplIT [main] Starting BookManagerImplIT on FABPC with PID 17120 (started by FaB PC in C:\Users\FaB\Git\Projet 10\bibliothequep10\backendApiBiblio)
2022-07-22 12:11:34,325 DEBUG com.fabienit.biblioapi.BookManagerImplIT [main] Running with Spring Boot v2.2.1.RELEASE, Spring v5.2.1.RELEASE
2022-07-22 12:11:34,325 INFO com.fabienit.biblioapi.BookManagerImplIT [main] The following profiles are active: integration
2022-07-22 12:11:36,671 DEBUG com.fabienit.biblioapi.configuration.SwaggerConfig$$EnhancerBySpringCGLIB$$13265ee0 [main] Set Swagger2 documentation
2022-07-22 12:11:37,360 INFO com.fabienit.biblioapi.BookManagerImplIT [main] Started BookManagerImplIT in 3.08 seconds (JVM running for 45.26)
2022-07-22 12:11:37,621 INFO com.fabienit.biblioapi.BorrowManagerImplIT [main] Starting BorrowManagerImplIT on FABPC with PID 17120 (started by FaB PC in C:\Users\FaB\Git\Projet 10\bibliothequep10\backendApiBiblio)
2022-07-22 12:11:37,622 DEBUG com.fabienit.biblioapi.BorrowManagerImplIT [main] Running with Spring Boot v2.2.1.RELEASE, Spring v5.2.1.RELEASE
2022-07-22 12:11:37,622 INFO com.fabienit.biblioapi.BorrowManagerImplIT [main] The following profiles are active: integration
2022-07-22 12:11:39,840 DEBUG com.fabienit.biblioapi.configuration.SwaggerConfig$$EnhancerBySpringCGLIB$$13265ee0 [main] Set Swagger2 documentation
2022-07-22 12:11:40,399 INFO com.fabienit.biblioapi.BorrowManagerImplIT [main] Started BorrowManagerImplIT in 2.83 seconds (JVM running for 48.299)
2022-07-22 12:11:40,520 INFO com.fabienit.biblioapi.BorrowManagerImplIT [main] Starting BorrowManagerImplIT on FABPC with PID 17120 (started by FaB PC in C:\Users\FaB\Git\Projet 10\bibliothequep10\backendApiBiblio)
2022-07-22 12:11:40,520 DEBUG com.fabienit.biblioapi.BorrowManagerImplIT [main] Running with Spring Boot v2.2.1.RELEASE, Spring v5.2.1.RELEASE
2022-07-22 12:11:40,520 INFO com.fabienit.biblioapi.BorrowManagerImplIT [main] The following profiles are active: integration
2022-07-22 12:11:42,513 DEBUG com.fabienit.biblioapi.configuration.SwaggerConfig$$EnhancerBySpringCGLIB$$13265ee0 [main] Set Swagger2 documentation
2022-07-22 12:11:43,060 INFO com.fabienit.biblioapi.BorrowManagerImplIT [main] Started BorrowManagerImplIT in 2.581 seconds (JVM running for 50.96)
2022-07-22 12:11:43,189 INFO com.fabienit.biblioapi.LibraryManagerImplIT [main] Starting LibraryManagerImplIT on FABPC with PID 17120 (started by FaB PC in C:\Users\FaB\Git\Projet 10\bibliothequep10\backendApiBiblio)
2022-07-22 12:11:43,190 DEBUG com.fabienit.biblioapi.LibraryManagerImplIT [main] Running with Spring Boot v2.2.1.RELEASE, Spring v5.2.1.RELEASE
2022-07-22 12:11:43,190 INFO com.fabienit.biblioapi.LibraryManagerImplIT [main] The following profiles are active: integration
2022-07-22 12:11:45,311 DEBUG com.fabienit.biblioapi.configuration.SwaggerConfig$$EnhancerBySpringCGLIB$$13265ee0 [main] Set Swagger2 documentation
2022-07-22 12:11:45,841 INFO com.fabienit.biblioapi.LibraryManagerImplIT [main] Started LibraryManagerImplIT in 2.693 seconds (JVM running for 53.741)
2022-07-22 12:11:46,080 INFO com.fabienit.biblioapi.LibraryManagerImplIT [main] Starting LibraryManagerImplIT on FABPC with PID 17120 (started by FaB PC in C:\Users\FaB\Git\Projet 10\bibliothequep10\backendApiBiblio)
2022-07-22 12:11:46,080 DEBUG com.fabienit.biblioapi.LibraryManagerImplIT [main] Running with Spring Boot v2.2.1.RELEASE, Spring v5.2.1.RELEASE
2022-07-22 12:11:46,081 INFO com.fabienit.biblioapi.LibraryManagerImplIT [main] The following profiles are active: integration
2022-07-22 12:11:48,130 DEBUG com.fabienit.biblioapi.configuration.SwaggerConfig$$EnhancerBySpringCGLIB$$13265ee0 [main] Set Swagger2 documentation
2022-07-22 12:11:48,671 INFO com.fabienit.biblioapi.LibraryManagerImplIT [main] Started LibraryManagerImplIT in 2.641 seconds (JVM running for 56.571)
2022-07-22 12:11:48,899 INFO com.fabienit.biblioapi.LibraryManagerImplIT [main] Starting LibraryManagerImplIT on FABPC with PID 17120 (started by FaB PC in C:\Users\FaB\Git\Projet 10\bibliothequep10\backendApiBiblio)
2022-07-22 12:11:48,900 DEBUG com.fabienit.biblioapi.LibraryManagerImplIT [main] Running with Spring Boot v2.2.1.RELEASE, Spring v5.2.1.RELEASE
2022-07-22 12:11:48,901 INFO com.fabienit.biblioapi.LibraryManagerImplIT [main] The following profiles are active: integration
2022-07-22 12:11:50,990 DEBUG com.fabienit.biblioapi.configuration.SwaggerConfig$$EnhancerBySpringCGLIB$$13265ee0 [main] Set Swagger2 documentation
2022-07-22 12:11:51,517 INFO com.fabienit.biblioapi.LibraryManagerImplIT [main] Started LibraryManagerImplIT in 2.665 seconds (JVM running for 59.416)
2022-07-22 12:11:51,709 INFO com.fabienit.biblioapi.LibraryManagerImplIT [main] Starting LibraryManagerImplIT on FABPC with PID 17120 (started by FaB PC in C:\Users\FaB\Git\Projet 10\bibliothequep10\backendApiBiblio)
2022-07-22 12:11:51,710 DEBUG com.fabienit.biblioapi.LibraryManagerImplIT [main] Running with Spring Boot v2.2.1.RELEASE, Spring v5.2.1.RELEASE
2022-07-22 12:11:51,710 INFO com.fabienit.biblioapi.LibraryManagerImplIT [main] The following profiles are active: integration
2022-07-22 12:11:53,742 DEBUG com.fabienit.biblioapi.configuration.SwaggerConfig$$EnhancerBySpringCGLIB$$13265ee0 [main] Set Swagger2 documentation
2022-07-22 12:11:54,260 INFO com.fabienit.biblioapi.LibraryManagerImplIT [main] Started LibraryManagerImplIT in 2.597 seconds (JVM running for 62.159)
2022-07-22 12:11:54,434 INFO com.fabienit.biblioapi.RegisteredUserManagerImplIT [main] Starting RegisteredUserManagerImplIT on FABPC with PID 17120 (started by FaB PC in C:\Users\FaB\Git\Projet 10\bibliothequep10\backendApiBiblio)
2022-07-22 12:11:54,434 DEBUG com.fabienit.biblioapi.RegisteredUserManagerImplIT [main] Running with Spring Boot v2.2.1.RELEASE, Spring v5.2.1.RELEASE
2022-07-22 12:11:54,434 INFO com.fabienit.biblioapi.RegisteredUserManagerImplIT [main] The following profiles are active: integration
2022-07-22 12:11:56,597 DEBUG com.fabienit.biblioapi.configuration.SwaggerConfig$$EnhancerBySpringCGLIB$$13265ee0 [main] Set Swagger2 documentation
2022-07-22 12:11:57,118 INFO com.fabienit.biblioapi.RegisteredUserManagerImplIT [main] Started RegisteredUserManagerImplIT in 2.728 seconds (JVM running for 65.018)
2022-07-22 12:11:57,331 INFO com.fabienit.biblioapi.RegisteredUserManagerImplIT [main] Starting RegisteredUserManagerImplIT on FABPC with PID 17120 (started by FaB PC in C:\Users\FaB\Git\Projet 10\bibliothequep10\backendApiBiblio)
2022-07-22 12:11:57,331 DEBUG com.fabienit.biblioapi.RegisteredUserManagerImplIT [main] Running with Spring Boot v2.2.1.RELEASE, Spring v5.2.1.RELEASE
2022-07-22 12:11:57,331 INFO com.fabienit.biblioapi.RegisteredUserManagerImplIT [main] The following profiles are active: integration
2022-07-22 12:11:59,323 DEBUG com.fabienit.biblioapi.configuration.SwaggerConfig$$EnhancerBySpringCGLIB$$13265ee0 [main] Set Swagger2 documentation
2022-07-22 12:11:59,895 INFO com.fabienit.biblioapi.RegisteredUserManagerImplIT [main] Started RegisteredUserManagerImplIT in 2.621 seconds (JVM running for 67.795)
2022-07-22 12:12:00,176 INFO com.fabienit.biblioapi.RegisteredUserManagerImplIT [main] Starting RegisteredUserManagerImplIT on FABPC with PID 17120 (started by FaB PC in C:\Users\FaB\Git\Projet 10\bibliothequep10\backendApiBiblio)
2022-07-22 12:12:00,176 DEBUG com.fabienit.biblioapi.RegisteredUserManagerImplIT [main] Running with Spring Boot v2.2.1.RELEASE, Spring v5.2.1.RELEASE
2022-07-22 12:12:00,176 INFO com.fabienit.biblioapi.RegisteredUserManagerImplIT [main] The following profiles are active: integration
2022-07-22 12:12:02,160 DEBUG com.fabienit.biblioapi.configuration.SwaggerConfig$$EnhancerBySpringCGLIB$$13265ee0 [main] Set Swagger2 documentation
2022-07-22 12:12:02,681 INFO com.fabienit.biblioapi.RegisteredUserManagerImplIT [main] Started RegisteredUserManagerImplIT in 2.636 seconds (JVM running for 70.58)
2022-07-22 12:12:02,851 INFO com.fabienit.biblioapi.RegisteredUserManagerImplIT [main] Starting RegisteredUserManagerImplIT on FABPC with PID 17120 (started by FaB PC in C:\Users\FaB\Git\Projet 10\bibliothequep10\backendApiBiblio)
2022-07-22 12:12:02,852 DEBUG com.fabienit.biblioapi.RegisteredUserManagerImplIT [main] Running with Spring Boot v2.2.1.RELEASE, Spring v5.2.1.RELEASE
2022-07-22 12:12:02,852 INFO com.fabienit.biblioapi.RegisteredUserManagerImplIT [main] The following profiles are active: integration
2022-07-22 12:12:04,824 DEBUG com.fabienit.biblioapi.configuration.SwaggerConfig$$EnhancerBySpringCGLIB$$13265ee0 [main] Set Swagger2 documentation
2022-07-22 12:12:05,355 INFO com.fabienit.biblioapi.RegisteredUserManagerImplIT [main] Started RegisteredUserManagerImplIT in 2.543 seconds (JVM running for 73.255)
2022-07-22 12:12:05,588 INFO com.fabienit.biblioapi.RegisteredUserManagerImplIT [main] Starting RegisteredUserManagerImplIT on FABPC with PID 17120 (started by FaB PC in C:\Users\FaB\Git\Projet 10\bibliothequep10\backendApiBiblio)
2022-07-22 12:12:05,589 DEBUG com.fabienit.biblioapi.RegisteredUserManagerImplIT [main] Running with Spring Boot v2.2.1.RELEASE, Spring v5.2.1.RELEASE
2022-07-22 12:12:05,589 INFO com.fabienit.biblioapi.RegisteredUserManagerImplIT [main] The following profiles are active: integration
2022-07-22 12:12:07,717 DEBUG com.fabienit.biblioapi.configuration.SwaggerConfig$$EnhancerBySpringCGLIB$$13265ee0 [main] Set Swagger2 documentation
2022-07-22 12:12:08,217 INFO com.fabienit.biblioapi.RegisteredUserManagerImplIT [main] Started RegisteredUserManagerImplIT in 2.678 seconds (JVM running for 76.117)
2022-07-22 12:12:08,475 INFO com.fabienit.biblioapi.ReservationManagerImplIT [main] Starting ReservationManagerImplIT on FABPC with PID 17120 (started by FaB PC in C:\Users\FaB\Git\Projet 10\bibliothequep10\backendApiBiblio)
2022-07-22 12:12:08,475 DEBUG com.fabienit.biblioapi.ReservationManagerImplIT [main] Running with Spring Boot v2.2.1.RELEASE, Spring v5.2.1.RELEASE
2022-07-22 12:12:08,476 INFO com.fabienit.biblioapi.ReservationManagerImplIT [main] The following profiles are active: integration
2022-07-22 12:12:10,402 DEBUG com.fabienit.biblioapi.configuration.SwaggerConfig$$EnhancerBySpringCGLIB$$13265ee0 [main] Set Swagger2 documentation
2022-07-22 12:12:10,948 INFO com.fabienit.biblioapi.ReservationManagerImplIT [main] Started ReservationManagerImplIT in 2.529 seconds (JVM running for 78.848)
2022-07-22 12:12:11,253 INFO com.fabienit.biblioapi.ReservationManagerImplIT [main] Starting ReservationManagerImplIT on FABPC with PID 17120 (started by FaB PC in C:\Users\FaB\Git\Projet 10\bibliothequep10\backendApiBiblio)
2022-07-22 12:12:11,253 DEBUG com.fabienit.biblioapi.ReservationManagerImplIT [main] Running with Spring Boot v2.2.1.RELEASE, Spring v5.2.1.RELEASE
2022-07-22 12:12:11,253 INFO com.fabienit.biblioapi.ReservationManagerImplIT [main] The following profiles are active: integration
2022-07-22 12:12:13,284 DEBUG com.fabienit.biblioapi.configuration.SwaggerConfig$$EnhancerBySpringCGLIB$$13265ee0 [main] Set Swagger2 documentation
2022-07-22 12:12:13,824 INFO com.fabienit.biblioapi.ReservationManagerImplIT [main] Started ReservationManagerImplIT in 2.612 seconds (JVM running for 81.724)
2022-07-22 12:12:14,007 INFO com.fabienit.biblioapi.ReservationManagerImplIT [main] Starting ReservationManagerImplIT on FABPC with PID 17120 (started by FaB PC in C:\Users\FaB\Git\Projet 10\bibliothequep10\backendApiBiblio)
2022-07-22 12:12:14,007 DEBUG com.fabienit.biblioapi.ReservationManagerImplIT [main] Running with Spring Boot v2.2.1.RELEASE, Spring v5.2.1.RELEASE
2022-07-22 12:12:14,007 INFO com.fabienit.biblioapi.ReservationManagerImplIT [main] The following profiles are active: integration
2022-07-22 12:12:15,864 DEBUG com.fabienit.biblioapi.configuration.SwaggerConfig$$EnhancerBySpringCGLIB$$13265ee0 [main] Set Swagger2 documentation
2022-07-22 12:12:16,427 INFO com.fabienit.biblioapi.ReservationManagerImplIT [main] Started ReservationManagerImplIT in 2.46 seconds (JVM running for 84.327)
2022-07-22 12:12:16,655 INFO com.fabienit.biblioapi.ReservationManagerImplIT [main] Starting ReservationManagerImplIT on FABPC with PID 17120 (started by FaB PC in C:\Users\FaB\Git\Projet 10\bibliothequep10\backendApiBiblio)
2022-07-22 12:12:16,655 DEBUG com.fabienit.biblioapi.ReservationManagerImplIT [main] Running with Spring Boot v2.2.1.RELEASE, Spring v5.2.1.RELEASE
2022-07-22 12:12:16,656 INFO com.fabienit.biblioapi.ReservationManagerImplIT [main] The following profiles are active: integration
2022-07-22 12:12:18,631 DEBUG com.fabienit.biblioapi.configuration.SwaggerConfig$$EnhancerBySpringCGLIB$$13265ee0 [main] Set Swagger2 documentation
2022-07-22 12:12:19,156 INFO com.fabienit.biblioapi.ReservationManagerImplIT [main] Started ReservationManagerImplIT in 2.544 seconds (JVM running for 87.056)
2022-07-22 12:12:19,359 INFO com.fabienit.biblioapi.ReservationManagerImplIT [main] Starting ReservationManagerImplIT on FABPC with PID 17120 (started by FaB PC in C:\Users\FaB\Git\Projet 10\bibliothequep10\backendApiBiblio)
2022-07-22 12:12:19,360 DEBUG com.fabienit.biblioapi.ReservationManagerImplIT [main] Running with Spring Boot v2.2.1.RELEASE, Spring v5.2.1.RELEASE
2022-07-22 12:12:19,360 INFO com.fabienit.biblioapi.ReservationManagerImplIT [main] The following profiles are active: integration
2022-07-22 12:12:21,153 DEBUG com.fabienit.biblioapi.configuration.SwaggerConfig$$EnhancerBySpringCGLIB$$13265ee0 [main] Set Swagger2 documentation
2022-07-22 12:12:21,676 INFO com.fabienit.biblioapi.ReservationManagerImplIT [main] Started ReservationManagerImplIT in 2.362 seconds (JVM running for 89.576)
