2024-02-09 15:11:30,546 INFO com.fabienit.flyingclub.AeroclubApiApplication [restartedMain] Starting AeroclubApiApplication on FABPC with PID 7412 (started by FaB PC in C:\Users\FaB\Git\Projet 12\aeroclubp12)
2024-02-09 15:11:30,556 DEBUG com.fabienit.flyingclub.AeroclubApiApplication [restartedMain] Running with Spring Boot v2.2.2.RELEASE, Spring v5.2.2.RELEASE
2024-02-09 15:11:30,557 INFO com.fabienit.flyingclub.AeroclubApiApplication [restartedMain] The following profiles are active: dev
2024-02-09 15:13:00,340 INFO com.fabienit.flyingclub.AeroclubApiApplication [restartedMain] Starting AeroclubApiApplication on FABPC with PID 12756 (started by FaB PC in C:\Users\FaB\Git\Projet 12\aeroclubp12)
2024-02-09 15:13:00,344 DEBUG com.fabienit.flyingclub.AeroclubApiApplication [restartedMain] Running with Spring Boot v2.2.2.RELEASE, Spring v5.2.2.RELEASE
2024-02-09 15:13:00,345 INFO com.fabienit.flyingclub.AeroclubApiApplication [restartedMain] The following profiles are active: dev
2024-02-09 15:13:09,210 DEBUG com.fabienit.flyingclub.configuration.SwaggerConfig$$EnhancerBySpringCGLIB$$229390fa [restartedMain] Set Swagger2 documentation
2024-02-09 15:13:10,547 INFO com.fabienit.flyingclub.AeroclubApiApplication [restartedMain] Started AeroclubApiApplication in 12.961 seconds (JVM running for 25.466)
2024-02-09 15:23:40,637 INFO com.fabienit.flyingclub.AeroclubApiApplication [restartedMain] Starting AeroclubApiApplication on FABPC with PID 13964 (started by FaB PC in C:\Users\FaB\Git\Projet 12\aeroclubp12)
2024-02-09 15:23:40,641 DEBUG com.fabienit.flyingclub.AeroclubApiApplication [restartedMain] Running with Spring Boot v2.2.2.RELEASE, Spring v5.2.2.RELEASE
2024-02-09 15:23:40,641 INFO com.fabienit.flyingclub.AeroclubApiApplication [restartedMain] The following profiles are active: dev
2024-02-09 15:23:48,240 DEBUG com.fabienit.flyingclub.configuration.SwaggerConfig$$EnhancerBySpringCGLIB$$9300cc37 [restartedMain] Set Swagger2 documentation
2024-02-09 15:23:49,000 INFO com.fabienit.flyingclub.AeroclubApiApplication [restartedMain] Started AeroclubApiApplication in 9.037 seconds (JVM running for 11.838)
2024-02-09 15:24:46,267 INFO com.fabienit.flyingclub.web.controllers.RegisteredUserController [http-nio-8001-exec-1] Search user by email: admin@admin.com
2024-02-09 15:53:18,355 INFO com.fabienit.flyingclub.web.controllers.RegisteredUserController [http-nio-8001-exec-3] Search user by email: test1@gmail.com
2024-02-09 15:53:20,922 INFO com.fabienit.flyingclub.web.controllers.RegisteredUserController [http-nio-8001-exec-4] Providing registeredUser resource from database: registeredUser id: 4
2024-02-09 15:53:22,939 INFO com.fabienit.flyingclub.web.controllers.RegisteredUserController [http-nio-8001-exec-6] Providing registeredUser resource from database: registeredUser id: 4
2024-02-09 15:53:25,147 INFO com.fabienit.flyingclub.web.controllers.RegisteredUserController [http-nio-8001-exec-5] Updating registeredUser in database, id: 4
2024-02-09 15:53:25,345 INFO com.fabienit.flyingclub.web.controllers.RegisteredUserController [http-nio-8001-exec-7] Providing registeredUser resource from database: registeredUser id: 4
2024-02-09 15:53:25,490 INFO com.fabienit.flyingclub.web.controllers.RegisteredUserController [http-nio-8001-exec-8] Providing registeredUser resource from database: registeredUser id: 4
2024-02-09 15:53:31,610 INFO com.fabienit.flyingclub.web.controllers.RegisteredUserController [http-nio-8001-exec-9] Providing registeredUser resource from database: registeredUser id: 4
2024-02-09 15:53:38,442 INFO com.fabienit.flyingclub.web.controllers.FlyingClubController [http-nio-8001-exec-10] Providing aircraft resource from database: all flyingClub list
2024-02-09 15:53:40,337 INFO com.fabienit.flyingclub.web.controllers.AircraftController [http-nio-8001-exec-1] Providing aircraft resource from database: all aircraft list
2024-02-09 15:53:45,249 INFO com.fabienit.flyingclub.web.controllers.AircraftController [http-nio-8001-exec-2] Providing aircraft resource from database: all aircraft list
2024-02-09 15:53:45,398 INFO com.fabienit.flyingclub.web.controllers.ReservationController [http-nio-8001-exec-3] Providing reservation list for registered user from database: user id: 4
2024-02-09 15:53:56,159 INFO com.fabienit.flyingclub.web.controllers.AircraftController [http-nio-8001-exec-4] Providing aircraft resource from database: available between dates aircraft list
2024-02-09 15:54:04,265 INFO com.fabienit.flyingclub.web.controllers.RegisteredUserController [http-nio-8001-exec-6] Providing registeredUser resource from database: registeredUser id: 4
2024-02-09 15:54:04,464 INFO com.fabienit.flyingclub.web.controllers.AircraftController [http-nio-8001-exec-5] Providing aircraft resource from database: aircraft id: 3
2024-02-09 15:54:04,620 INFO com.fabienit.flyingclub.web.controllers.ReservationController [http-nio-8001-exec-7] Adding new reservation in database
2024-02-09 15:54:05,543 INFO com.fabienit.flyingclub.web.controllers.AircraftController [http-nio-8001-exec-8] Providing aircraft resource from database: all aircraft list
2024-02-09 15:54:05,691 INFO com.fabienit.flyingclub.web.controllers.ReservationController [http-nio-8001-exec-9] Providing reservation list for registered user from database: user id: 4
2024-02-09 15:54:09,299 INFO com.fabienit.flyingclub.web.controllers.FlyingClubController [http-nio-8001-exec-10] Providing aircraft resource from database: all flyingClub list
2024-02-09 15:54:10,340 INFO com.fabienit.flyingclub.web.controllers.AircraftController [http-nio-8001-exec-1] Providing aircraft resource from database: all aircraft list
2024-02-09 15:54:46,524 INFO com.fabienit.flyingclub.web.controllers.RegisteredUserController [http-nio-8001-exec-2] Providing registeredUser resource from database: registeredUser id: 4
2024-02-09 15:54:46,654 INFO com.fabienit.flyingclub.web.controllers.ReservationController [http-nio-8001-exec-3] Providing reservation resource from database: reservation id: 8
2024-02-09 15:54:46,795 INFO com.fabienit.flyingclub.web.controllers.ReservationController [http-nio-8001-exec-4] Updating reservation in database, id: 8
2024-02-09 15:54:46,978 INFO com.fabienit.flyingclub.web.controllers.AircraftController [http-nio-8001-exec-6] Providing aircraft resource from database: all aircraft list
2024-02-09 15:54:47,103 INFO com.fabienit.flyingclub.web.controllers.ReservationController [http-nio-8001-exec-5] Providing reservation list for registered user from database: user id: 4
2024-02-09 15:54:58,830 INFO com.fabienit.flyingclub.web.controllers.AircraftController [http-nio-8001-exec-7] Providing aircraft resource from database: available between dates aircraft list
2024-02-09 15:55:01,412 INFO com.fabienit.flyingclub.web.controllers.RegisteredUserController [http-nio-8001-exec-8] Providing registeredUser resource from database: registeredUser id: 4
2024-02-09 15:55:01,552 INFO com.fabienit.flyingclub.web.controllers.AircraftController [http-nio-8001-exec-9] Providing aircraft resource from database: aircraft id: 3
2024-02-09 15:55:01,703 INFO com.fabienit.flyingclub.web.controllers.ReservationController [http-nio-8001-exec-10] Adding new reservation in database
2024-02-09 15:55:01,866 INFO com.fabienit.flyingclub.web.controllers.AircraftController [http-nio-8001-exec-1] Providing aircraft resource from database: all aircraft list
2024-02-09 15:55:01,991 INFO com.fabienit.flyingclub.web.controllers.ReservationController [http-nio-8001-exec-2] Providing reservation list for registered user from database: user id: 4
2024-02-09 15:55:06,508 INFO com.fabienit.flyingclub.web.controllers.ReservationController [http-nio-8001-exec-3] Providing reservation resource from database: reservation id: 9
2024-02-09 15:55:16,253 INFO com.fabienit.flyingclub.web.controllers.RegisteredUserController [http-nio-8001-exec-4] Providing registeredUser resource from database: registeredUser id: 4
2024-02-09 15:55:22,584 INFO com.fabienit.flyingclub.web.controllers.ReservationController [http-nio-8001-exec-6] Providing reservation resource from database: reservation id: 9
2024-02-09 15:55:22,706 INFO com.fabienit.flyingclub.web.controllers.RegisteredUserController [http-nio-8001-exec-5] Updating registeredUser in database, id: 4
2024-02-09 15:55:22,846 INFO com.fabienit.flyingclub.web.controllers.AircraftController [http-nio-8001-exec-7] Updating aircraft in database, id: 3
2024-02-09 15:55:22,996 INFO com.fabienit.flyingclub.web.controllers.ReservationController [http-nio-8001-exec-8] Updating reservation in database, id: 9
2024-02-09 15:55:23,161 INFO com.fabienit.flyingclub.web.controllers.RegisteredUserController [http-nio-8001-exec-9] Providing registeredUser resource from database: registeredUser id: 4
2024-02-09 15:55:23,288 INFO com.fabienit.flyingclub.web.controllers.AircraftController [http-nio-8001-exec-10] Providing aircraft resource from database: all aircraft list
2024-02-09 15:55:23,418 INFO com.fabienit.flyingclub.web.controllers.ReservationController [http-nio-8001-exec-1] Providing reservation list for registered user from database: user id: 4
2024-02-09 15:55:39,472 INFO com.fabienit.flyingclub.web.controllers.RegisteredUserController [http-nio-8001-exec-2] Providing registeredUser resource from database: registeredUser id: 4
2024-02-09 15:55:44,055 INFO com.fabienit.flyingclub.web.controllers.AircraftController [http-nio-8001-exec-3] Providing aircraft resource from database: all aircraft list
2024-02-09 15:56:07,738 INFO com.fabienit.flyingclub.web.controllers.AircraftController [http-nio-8001-exec-4] Providing aircraft resource from database: available between dates aircraft list
2024-02-09 15:56:10,882 INFO com.fabienit.flyingclub.web.controllers.RegisteredUserController [http-nio-8001-exec-6] Providing registeredUser resource from database: registeredUser id: 4
2024-02-09 15:56:11,006 INFO com.fabienit.flyingclub.web.controllers.AircraftController [http-nio-8001-exec-5] Providing aircraft resource from database: aircraft id: 1
2024-02-09 15:56:11,137 INFO com.fabienit.flyingclub.web.controllers.ReservationController [http-nio-8001-exec-7] Adding new reservation in database
2024-02-09 15:56:11,290 INFO com.fabienit.flyingclub.web.controllers.AircraftController [http-nio-8001-exec-8] Providing aircraft resource from database: all aircraft list
2024-02-09 15:56:11,409 INFO com.fabienit.flyingclub.web.controllers.ReservationController [http-nio-8001-exec-9] Providing reservation list for registered user from database: user id: 4
2024-02-09 15:56:14,963 INFO com.fabienit.flyingclub.web.controllers.ReservationController [http-nio-8001-exec-10] Providing reservation resource from database: reservation id: 10
2024-02-09 15:56:15,087 INFO com.fabienit.flyingclub.web.controllers.AircraftController [http-nio-8001-exec-10] Providing aircraft resource from database: aircraft id: 1
2024-02-09 15:56:21,099 INFO com.fabienit.flyingclub.web.controllers.AircraftController [http-nio-8001-exec-1] Providing aircraft resource from database: available between dates aircraft list
2024-02-09 15:56:21,227 INFO com.fabienit.flyingclub.web.controllers.ReservationController [http-nio-8001-exec-2] Providing reservation resource from database: existing reservation by id and dates
2024-02-09 15:56:24,603 INFO com.fabienit.flyingclub.web.controllers.AircraftController [http-nio-8001-exec-4] Providing aircraft resource from database: aircraft id: 1
2024-02-09 15:56:24,722 INFO com.fabienit.flyingclub.web.controllers.RegisteredUserController [http-nio-8001-exec-6] Providing registeredUser resource from database: registeredUser id: 4
2024-02-09 15:56:24,849 INFO com.fabienit.flyingclub.web.controllers.AircraftController [http-nio-8001-exec-6] Providing aircraft resource from database: aircraft id: 1
2024-02-09 15:56:24,971 INFO com.fabienit.flyingclub.web.controllers.ReservationController [http-nio-8001-exec-5] Updating reservation in database, id: 10
2024-02-09 15:56:25,150 INFO com.fabienit.flyingclub.web.controllers.AircraftController [http-nio-8001-exec-7] Providing aircraft resource from database: all aircraft list
2024-02-09 15:56:25,268 INFO com.fabienit.flyingclub.web.controllers.ReservationController [http-nio-8001-exec-8] Providing reservation list for registered user from database: user id: 4
2024-02-09 15:56:36,290 INFO com.fabienit.flyingclub.web.controllers.WorkshopController [http-nio-8001-exec-9] Providing revision resource from database: all revisions list
2024-02-09 15:56:36,422 INFO com.fabienit.flyingclub.web.controllers.AircraftController [http-nio-8001-exec-10] Providing aircraft resource from database: all aircraft list
2024-02-09 15:56:49,929 INFO com.fabienit.flyingclub.web.controllers.WorkshopController [http-nio-8001-exec-1] Providing revision resource from database: all revisions list
2024-02-09 15:56:50,059 INFO com.fabienit.flyingclub.web.controllers.AircraftController [http-nio-8001-exec-2] Providing aircraft resource from database: all aircraft list
2024-02-09 15:56:58,948 INFO com.fabienit.flyingclub.web.controllers.RegisteredUserController [http-nio-8001-exec-3] Search user by email: mechanic@mechanic.com
2024-02-09 15:57:01,163 INFO com.fabienit.flyingclub.web.controllers.RegisteredUserController [http-nio-8001-exec-4] Providing registeredUser resource from database: registeredUser id: 2
2024-02-09 15:57:07,736 INFO com.fabienit.flyingclub.web.controllers.AircraftController [http-nio-8001-exec-6] Providing aircraft resource from database: all aircraft list
2024-02-09 15:57:07,860 INFO com.fabienit.flyingclub.web.controllers.ReservationController [http-nio-8001-exec-5] Providing reservation list for registered user from database: user id: 2
2024-02-09 15:57:19,592 INFO com.fabienit.flyingclub.web.controllers.WorkshopController [http-nio-8001-exec-7] Providing revision resource from database: all revisions list
2024-02-09 15:57:19,715 INFO com.fabienit.flyingclub.web.controllers.AircraftController [http-nio-8001-exec-8] Providing aircraft resource from database: all aircraft list
2024-02-09 15:57:41,275 INFO com.fabienit.flyingclub.web.controllers.WorkshopController [http-nio-8001-exec-9] Providing workshop resource from database: revision id: 4
2024-02-09 15:57:52,408 INFO com.fabienit.flyingclub.web.controllers.AircraftController [http-nio-8001-exec-10] Providing aircraft resource from database: aircraft id: 5
2024-02-09 15:57:52,528 INFO com.fabienit.flyingclub.web.controllers.AircraftController [http-nio-8001-exec-1] Updating aircraft in database, id: 5
2024-02-09 15:57:52,663 INFO com.fabienit.flyingclub.web.controllers.WorkshopController [http-nio-8001-exec-2] Updating workshop in database, id: 4
2024-02-09 15:57:52,801 INFO com.fabienit.flyingclub.web.controllers.WorkshopController [http-nio-8001-exec-3] Providing revision resource from database: all revisions list
2024-02-09 15:57:52,929 INFO com.fabienit.flyingclub.web.controllers.AircraftController [http-nio-8001-exec-4] Providing aircraft resource from database: all aircraft list
2024-02-09 15:58:04,703 INFO com.fabienit.flyingclub.web.controllers.AircraftController [http-nio-8001-exec-6] Providing aircraft resource from database: all aircraft list
2024-02-09 15:58:12,816 INFO com.fabienit.flyingclub.web.controllers.AircraftController [http-nio-8001-exec-5] Providing aircraft resource from database: all aircraft list
2024-02-09 15:58:21,877 INFO com.fabienit.flyingclub.web.controllers.AircraftController [http-nio-8001-exec-7] Providing aircraft resource from database: aircraft id: 1
2024-02-09 15:58:22,008 INFO com.fabienit.flyingclub.web.controllers.AircraftController [http-nio-8001-exec-8] Updating aircraft in database, id: 1
2024-02-09 15:58:22,144 INFO com.fabienit.flyingclub.web.controllers.WorkshopController [http-nio-8001-exec-9] Adding new workshop in database
2024-02-09 15:58:22,276 INFO com.fabienit.flyingclub.web.controllers.WorkshopController [http-nio-8001-exec-10] Providing revision resource from database: all revisions list
2024-02-09 15:58:22,400 INFO com.fabienit.flyingclub.web.controllers.AircraftController [http-nio-8001-exec-1] Providing aircraft resource from database: all aircraft list
2024-02-09 15:58:31,124 INFO com.fabienit.flyingclub.web.controllers.RegisteredUserController [http-nio-8001-exec-2] Providing registeredUser resource from database: registeredUser id: 2
2024-02-09 15:58:31,245 INFO com.fabienit.flyingclub.web.controllers.WorkshopController [http-nio-8001-exec-3] Providing workshop resource from database: revision id: 6
2024-02-09 15:58:31,370 INFO com.fabienit.flyingclub.web.controllers.WorkshopController [http-nio-8001-exec-4] Providing workshop resource from database: revision id: 6
2024-02-09 15:58:31,492 INFO com.fabienit.flyingclub.web.controllers.AircraftController [http-nio-8001-exec-6] Updating aircraft in database, id: 1
2024-02-09 15:58:31,623 INFO com.fabienit.flyingclub.web.controllers.WorkshopController [http-nio-8001-exec-6] Updating workshop in database, id: 6
2024-02-09 15:58:31,750 INFO com.fabienit.flyingclub.web.controllers.WorkshopController [http-nio-8001-exec-5] Providing revision resource from database: all revisions list
2024-02-09 15:58:31,874 INFO com.fabienit.flyingclub.web.controllers.AircraftController [http-nio-8001-exec-7] Providing aircraft resource from database: all aircraft list
2024-02-09 15:58:36,204 INFO com.fabienit.flyingclub.web.controllers.AircraftController [http-nio-8001-exec-8] Providing aircraft resource from database: all aircraft list
2024-02-09 15:58:40,578 INFO com.fabienit.flyingclub.web.controllers.AircraftController [http-nio-8001-exec-9] Providing aircraft resource from database: aircraft id: 3
2024-02-09 15:58:40,700 INFO com.fabienit.flyingclub.web.controllers.AircraftController [http-nio-8001-exec-10] Updating aircraft in database, id: 3
2024-02-09 15:58:40,836 INFO com.fabienit.flyingclub.web.controllers.WorkshopController [http-nio-8001-exec-1] Adding new workshop in database
2024-02-09 15:58:40,965 INFO com.fabienit.flyingclub.web.controllers.WorkshopController [http-nio-8001-exec-2] Providing revision resource from database: all revisions list
2024-02-09 15:58:41,091 INFO com.fabienit.flyingclub.web.controllers.AircraftController [http-nio-8001-exec-3] Providing aircraft resource from database: all aircraft list
2024-02-09 15:58:44,358 INFO com.fabienit.flyingclub.web.controllers.WorkshopController [http-nio-8001-exec-4] Providing workshop resource from database: revision id: 7
2024-02-09 15:58:47,995 INFO com.fabienit.flyingclub.web.controllers.AircraftController [http-nio-8001-exec-6] Providing aircraft resource from database: aircraft id: 3
2024-02-09 15:58:48,126 INFO com.fabienit.flyingclub.web.controllers.AircraftController [http-nio-8001-exec-5] Updating aircraft in database, id: 3
2024-02-09 15:58:48,253 INFO com.fabienit.flyingclub.web.controllers.WorkshopController [http-nio-8001-exec-7] Updating workshop in database, id: 7
2024-02-09 15:58:48,378 INFO com.fabienit.flyingclub.web.controllers.WorkshopController [http-nio-8001-exec-8] Providing revision resource from database: all revisions list
2024-02-09 15:58:48,517 INFO com.fabienit.flyingclub.web.controllers.AircraftController [http-nio-8001-exec-9] Providing aircraft resource from database: all aircraft list
2024-02-09 15:59:00,240 INFO com.fabienit.flyingclub.web.controllers.WorkshopController [http-nio-8001-exec-10] Providing revision resource from database: all revisions list
2024-02-09 15:59:00,361 INFO com.fabienit.flyingclub.web.controllers.AircraftController [http-nio-8001-exec-1] Providing aircraft resource from database: all aircraft list
2024-02-09 15:59:09,432 INFO com.fabienit.flyingclub.web.controllers.RegisteredUserController [http-nio-8001-exec-2] Search user by email: admin@admin.com
2024-02-09 15:59:11,436 INFO com.fabienit.flyingclub.web.controllers.RegisteredUserController [http-nio-8001-exec-3] Providing registeredUser resource from database: all registeredUser list
2024-02-09 15:59:33,626 INFO com.fabienit.flyingclub.web.controllers.RegisteredUserController [http-nio-8001-exec-4] Adding new registeredUser in database
2024-02-09 15:59:33,865 INFO com.fabienit.flyingclub.web.controllers.RegisteredUserController [http-nio-8001-exec-6] Providing registeredUser resource from database: all registeredUser list
2024-02-09 15:59:40,089 INFO com.fabienit.flyingclub.web.controllers.RegisteredUserController [http-nio-8001-exec-5] Providing registeredUser resource from database: registeredUser id: 7
2024-02-09 15:59:43,022 INFO com.fabienit.flyingclub.web.controllers.RegisteredUserController [http-nio-8001-exec-7] Updating registeredUser in database, id: 7
2024-02-09 15:59:43,145 INFO com.fabienit.flyingclub.web.controllers.RegisteredUserController [http-nio-8001-exec-8] Providing registeredUser resource from database: registeredUser id: 1
2024-02-09 15:59:43,281 INFO com.fabienit.flyingclub.web.controllers.RegisteredUserController [http-nio-8001-exec-9] Providing registeredUser resource from database: all registeredUser list
2024-02-09 15:59:48,406 INFO com.fabienit.flyingclub.web.controllers.AircraftController [http-nio-8001-exec-10] Providing aircraft resource from database: all aircraft list
2024-02-09 15:59:48,529 INFO com.fabienit.flyingclub.web.controllers.ReservationController [http-nio-8001-exec-1] Providing reservation resource from database: all reservation list
2024-02-09 16:00:04,543 INFO com.fabienit.flyingclub.web.controllers.AircraftController [http-nio-8001-exec-2] Providing aircraft resource from database: all aircraft list
2024-02-09 16:00:04,667 INFO com.fabienit.flyingclub.web.controllers.ReservationController [http-nio-8001-exec-3] Providing reservation resource from database: all reservation list
2024-02-09 16:00:20,537 INFO com.fabienit.flyingclub.web.controllers.WorkshopController [http-nio-8001-exec-4] Providing revision resource from database: all revisions list
2024-02-09 16:00:20,664 INFO com.fabienit.flyingclub.web.controllers.AircraftController [http-nio-8001-exec-6] Providing aircraft resource from database: all aircraft list
2024-02-09 16:00:24,424 INFO com.fabienit.flyingclub.web.controllers.AircraftController [http-nio-8001-exec-5] Providing aircraft resource from database: all aircraft list
2024-02-09 16:00:26,364 INFO com.fabienit.flyingclub.web.controllers.AircraftController [http-nio-8001-exec-7] Providing aircraft resource from database: aircraft id: 1
2024-02-09 16:00:26,487 INFO com.fabienit.flyingclub.web.controllers.AircraftController [http-nio-8001-exec-8] Updating aircraft in database, id: 1
2024-02-09 16:00:26,621 INFO com.fabienit.flyingclub.web.controllers.WorkshopController [http-nio-8001-exec-9] Adding new workshop in database
2024-02-09 16:00:26,746 INFO com.fabienit.flyingclub.web.controllers.WorkshopController [http-nio-8001-exec-10] Providing revision resource from database: all revisions list
2024-02-09 16:00:26,878 INFO com.fabienit.flyingclub.web.controllers.AircraftController [http-nio-8001-exec-1] Providing aircraft resource from database: all aircraft list
2024-02-09 16:03:28,596 INFO com.fabienit.flyingclub.web.controllers.RegisteredUserController [http-nio-8001-exec-3] Search user by email: test2@gmail.com
2024-02-09 16:03:31,021 INFO com.fabienit.flyingclub.web.controllers.AircraftController [http-nio-8001-exec-4] Providing aircraft resource from database: all aircraft list
2024-02-09 16:03:31,146 INFO com.fabienit.flyingclub.web.controllers.ReservationController [http-nio-8001-exec-6] Providing reservation list for registered user from database: user id: 5
2024-02-09 16:03:38,423 INFO com.fabienit.flyingclub.web.controllers.AircraftController [http-nio-8001-exec-5] Providing aircraft resource from database: available between dates aircraft list
2024-02-09 16:03:47,005 INFO com.fabienit.flyingclub.web.controllers.RegisteredUserController [http-nio-8001-exec-7] Providing registeredUser resource from database: registeredUser id: 5
2024-02-09 16:03:47,131 INFO com.fabienit.flyingclub.web.controllers.AircraftController [http-nio-8001-exec-8] Providing aircraft resource from database: aircraft id: 4
2024-02-09 16:03:47,271 INFO com.fabienit.flyingclub.web.controllers.ReservationController [http-nio-8001-exec-9] Adding new reservation in database
2024-02-09 16:03:47,428 INFO com.fabienit.flyingclub.web.controllers.AircraftController [http-nio-8001-exec-10] Providing aircraft resource from database: all aircraft list
2024-02-09 16:03:47,545 INFO com.fabienit.flyingclub.web.controllers.ReservationController [http-nio-8001-exec-1] Providing reservation list for registered user from database: user id: 5
2024-02-09 17:20:38,584 INFO com.fabienit.flyingclub.web.controllers.RegisteredUserController [http-nio-8001-exec-3] Search user by email: test1@gmail.com
2024-02-09 17:20:41,734 INFO com.fabienit.flyingclub.web.controllers.RegisteredUserController [http-nio-8001-exec-4] Providing registeredUser resource from database: registeredUser id: 4
2024-02-09 17:20:43,920 INFO com.fabienit.flyingclub.web.controllers.RegisteredUserController [http-nio-8001-exec-6] Providing registeredUser resource from database: registeredUser id: 4
2024-02-09 17:20:47,540 INFO com.fabienit.flyingclub.web.controllers.RegisteredUserController [http-nio-8001-exec-5] Updating registeredUser in database, id: 4
2024-02-09 17:20:47,670 INFO com.fabienit.flyingclub.web.controllers.RegisteredUserController [http-nio-8001-exec-7] Providing registeredUser resource from database: registeredUser id: 4
2024-02-09 17:20:47,803 INFO com.fabienit.flyingclub.web.controllers.RegisteredUserController [http-nio-8001-exec-8] Providing registeredUser resource from database: registeredUser id: 4
2024-02-09 17:20:55,186 INFO com.fabienit.flyingclub.web.controllers.AircraftController [http-nio-8001-exec-9] Providing aircraft resource from database: all aircraft list
2024-02-09 17:20:55,308 INFO com.fabienit.flyingclub.web.controllers.ReservationController [http-nio-8001-exec-10] Providing reservation list for registered user from database: user id: 4
2024-02-09 17:20:57,347 INFO com.fabienit.flyingclub.web.controllers.FlyingClubController [http-nio-8001-exec-1] Providing aircraft resource from database: all flyingClub list
2024-02-09 17:20:59,688 INFO com.fabienit.flyingclub.web.controllers.AircraftController [http-nio-8001-exec-2] Providing aircraft resource from database: all aircraft list
2024-02-09 17:21:20,196 INFO com.fabienit.flyingclub.web.controllers.AircraftController [http-nio-8001-exec-3] Providing aircraft resource from database: all aircraft list
2024-02-09 17:21:24,566 INFO com.fabienit.flyingclub.web.controllers.AircraftController [http-nio-8001-exec-4] Providing aircraft resource from database: all aircraft list
2024-02-09 17:21:24,687 INFO com.fabienit.flyingclub.web.controllers.ReservationController [http-nio-8001-exec-6] Providing reservation list for registered user from database: user id: 4
2024-02-09 17:21:32,839 INFO com.fabienit.flyingclub.web.controllers.ReservationController [http-nio-8001-exec-5] Providing reservation resource from database: reservation id: 10
2024-02-09 17:21:32,970 INFO com.fabienit.flyingclub.web.controllers.AircraftController [http-nio-8001-exec-7] Providing aircraft resource from database: aircraft id: 1
2024-02-09 17:21:38,447 INFO com.fabienit.flyingclub.web.controllers.AircraftController [http-nio-8001-exec-8] Providing aircraft resource from database: available between dates aircraft list
2024-02-09 17:21:38,577 INFO com.fabienit.flyingclub.web.controllers.ReservationController [http-nio-8001-exec-9] Providing reservation resource from database: existing reservation by id and dates
2024-02-09 17:21:45,242 INFO com.fabienit.flyingclub.web.controllers.AircraftController [http-nio-8001-exec-1] Providing aircraft resource from database: aircraft id: 4
2024-02-09 17:21:45,364 INFO com.fabienit.flyingclub.web.controllers.RegisteredUserController [http-nio-8001-exec-2] Providing registeredUser resource from database: registeredUser id: 4
2024-02-09 17:21:45,489 INFO com.fabienit.flyingclub.web.controllers.AircraftController [http-nio-8001-exec-3] Providing aircraft resource from database: aircraft id: 4
2024-02-09 17:21:45,615 INFO com.fabienit.flyingclub.web.controllers.ReservationController [http-nio-8001-exec-4] Updating reservation in database, id: 10
2024-02-09 17:21:45,794 INFO com.fabienit.flyingclub.web.controllers.AircraftController [http-nio-8001-exec-6] Providing aircraft resource from database: all aircraft list
2024-02-09 17:21:45,914 INFO com.fabienit.flyingclub.web.controllers.ReservationController [http-nio-8001-exec-5] Providing reservation list for registered user from database: user id: 4
2024-02-09 17:22:00,884 INFO com.fabienit.flyingclub.web.controllers.RegisteredUserController [http-nio-8001-exec-7] Providing registeredUser resource from database: registeredUser id: 4
2024-02-09 17:22:01,009 INFO com.fabienit.flyingclub.web.controllers.ReservationController [http-nio-8001-exec-8] Providing reservation resource from database: reservation id: 10
2024-02-09 17:22:01,135 INFO com.fabienit.flyingclub.web.controllers.ReservationController [http-nio-8001-exec-9] Updating reservation in database, id: 10
2024-02-09 17:22:01,313 INFO com.fabienit.flyingclub.web.controllers.AircraftController [http-nio-8001-exec-10] Providing aircraft resource from database: all aircraft list
2024-02-09 17:22:01,456 INFO com.fabienit.flyingclub.web.controllers.ReservationController [http-nio-8001-exec-1] Providing reservation list for registered user from database: user id: 4
2024-02-09 17:22:24,630 INFO com.fabienit.flyingclub.web.controllers.AircraftController [http-nio-8001-exec-2] Providing aircraft resource from database: available between dates aircraft list
2024-02-09 17:22:30,876 INFO com.fabienit.flyingclub.web.controllers.RegisteredUserController [http-nio-8001-exec-3] Providing registeredUser resource from database: registeredUser id: 4
2024-02-09 17:22:31,000 INFO com.fabienit.flyingclub.web.controllers.AircraftController [http-nio-8001-exec-4] Providing aircraft resource from database: aircraft id: 5
2024-02-09 17:22:31,130 INFO com.fabienit.flyingclub.web.controllers.ReservationController [http-nio-8001-exec-6] Adding new reservation in database
2024-02-09 17:22:31,288 INFO com.fabienit.flyingclub.web.controllers.AircraftController [http-nio-8001-exec-5] Providing aircraft resource from database: all aircraft list
2024-02-09 17:22:31,405 INFO com.fabienit.flyingclub.web.controllers.ReservationController [http-nio-8001-exec-7] Providing reservation list for registered user from database: user id: 4
2024-02-09 17:22:44,562 INFO com.fabienit.flyingclub.web.controllers.ReservationController [http-nio-8001-exec-8] Providing reservation resource from database: reservation id: 12
2024-02-09 17:22:59,440 INFO com.fabienit.flyingclub.web.controllers.RegisteredUserController [http-nio-8001-exec-9] Providing registeredUser resource from database: registeredUser id: 4
2024-02-09 17:23:03,180 INFO com.fabienit.flyingclub.web.controllers.ReservationController [http-nio-8001-exec-10] Providing reservation resource from database: reservation id: 12
2024-02-09 17:23:03,306 INFO com.fabienit.flyingclub.web.controllers.RegisteredUserController [http-nio-8001-exec-1] Updating registeredUser in database, id: 4
2024-02-09 17:23:03,433 INFO com.fabienit.flyingclub.web.controllers.AircraftController [http-nio-8001-exec-2] Updating aircraft in database, id: 5
2024-02-09 17:23:03,557 INFO com.fabienit.flyingclub.web.controllers.ReservationController [http-nio-8001-exec-3] Updating reservation in database, id: 12
2024-02-09 17:23:03,706 INFO com.fabienit.flyingclub.web.controllers.RegisteredUserController [http-nio-8001-exec-4] Providing registeredUser resource from database: registeredUser id: 4
2024-02-09 17:23:03,830 INFO com.fabienit.flyingclub.web.controllers.AircraftController [http-nio-8001-exec-6] Providing aircraft resource from database: all aircraft list
2024-02-09 17:23:03,951 INFO com.fabienit.flyingclub.web.controllers.ReservationController [http-nio-8001-exec-5] Providing reservation list for registered user from database: user id: 4
2024-02-09 17:23:07,406 INFO com.fabienit.flyingclub.web.controllers.AircraftController [http-nio-8001-exec-7] Providing aircraft resource from database: all aircraft list
2024-02-09 17:23:13,953 INFO com.fabienit.flyingclub.web.controllers.RegisteredUserController [http-nio-8001-exec-8] Providing registeredUser resource from database: registeredUser id: 4
2024-02-09 17:23:27,774 INFO com.fabienit.flyingclub.web.controllers.WorkshopController [http-nio-8001-exec-9] Providing revision resource from database: all revisions list
2024-02-09 17:23:27,901 INFO com.fabienit.flyingclub.web.controllers.AircraftController [http-nio-8001-exec-10] Providing aircraft resource from database: all aircraft list
2024-02-09 17:23:36,202 INFO com.fabienit.flyingclub.web.controllers.RegisteredUserController [http-nio-8001-exec-1] Search user by email: mechanic@mechanic.com
2024-02-09 17:23:38,299 INFO com.fabienit.flyingclub.web.controllers.RegisteredUserController [http-nio-8001-exec-2] Providing registeredUser resource from database: registeredUser id: 2
2024-02-09 17:23:40,824 INFO com.fabienit.flyingclub.web.controllers.FlyingClubController [http-nio-8001-exec-3] Providing aircraft resource from database: all flyingClub list
2024-02-09 17:23:42,258 INFO com.fabienit.flyingclub.web.controllers.AircraftController [http-nio-8001-exec-4] Providing aircraft resource from database: all aircraft list
2024-02-09 17:23:45,339 INFO com.fabienit.flyingclub.web.controllers.AircraftController [http-nio-8001-exec-6] Providing aircraft resource from database: all aircraft list
2024-02-09 17:23:45,461 INFO com.fabienit.flyingclub.web.controllers.ReservationController [http-nio-8001-exec-5] Providing reservation list for registered user from database: user id: 2
2024-02-09 17:23:51,454 INFO com.fabienit.flyingclub.web.controllers.WorkshopController [http-nio-8001-exec-7] Providing revision resource from database: all revisions list
2024-02-09 17:23:51,577 INFO com.fabienit.flyingclub.web.controllers.AircraftController [http-nio-8001-exec-8] Providing aircraft resource from database: all aircraft list
2024-02-09 17:23:55,902 INFO com.fabienit.flyingclub.web.controllers.WorkshopController [http-nio-8001-exec-9] Providing workshop resource from database: revision id: 5
2024-02-09 17:24:06,629 INFO com.fabienit.flyingclub.web.controllers.AircraftController [http-nio-8001-exec-10] Providing aircraft resource from database: aircraft id: 2
2024-02-09 17:24:06,751 INFO com.fabienit.flyingclub.web.controllers.AircraftController [http-nio-8001-exec-1] Updating aircraft in database, id: 2
2024-02-09 17:24:06,878 INFO com.fabienit.flyingclub.web.controllers.WorkshopController [http-nio-8001-exec-2] Updating workshop in database, id: 5
2024-02-09 17:24:07,014 INFO com.fabienit.flyingclub.web.controllers.WorkshopController [http-nio-8001-exec-3] Providing revision resource from database: all revisions list
2024-02-09 17:24:07,138 INFO com.fabienit.flyingclub.web.controllers.AircraftController [http-nio-8001-exec-4] Providing aircraft resource from database: all aircraft list
2024-02-09 17:24:12,619 INFO com.fabienit.flyingclub.web.controllers.RegisteredUserController [http-nio-8001-exec-6] Providing registeredUser resource from database: registeredUser id: 2
2024-02-09 17:24:12,740 INFO com.fabienit.flyingclub.web.controllers.WorkshopController [http-nio-8001-exec-5] Providing workshop resource from database: revision id: 8
2024-02-09 17:24:12,862 INFO com.fabienit.flyingclub.web.controllers.WorkshopController [http-nio-8001-exec-7] Providing workshop resource from database: revision id: 8
2024-02-09 17:24:12,982 INFO com.fabienit.flyingclub.web.controllers.AircraftController [http-nio-8001-exec-8] Updating aircraft in database, id: 1
2024-02-09 17:24:13,116 INFO com.fabienit.flyingclub.web.controllers.WorkshopController [http-nio-8001-exec-9] Updating workshop in database, id: 8
2024-02-09 17:24:13,243 INFO com.fabienit.flyingclub.web.controllers.WorkshopController [http-nio-8001-exec-10] Providing revision resource from database: all revisions list
2024-02-09 17:24:13,365 INFO com.fabienit.flyingclub.web.controllers.AircraftController [http-nio-8001-exec-1] Providing aircraft resource from database: all aircraft list
2024-02-09 17:24:16,573 INFO com.fabienit.flyingclub.web.controllers.AircraftController [http-nio-8001-exec-2] Providing aircraft resource from database: all aircraft list
2024-02-09 17:24:19,475 INFO com.fabienit.flyingclub.web.controllers.AircraftController [http-nio-8001-exec-3] Providing aircraft resource from database: aircraft id: 1
2024-02-09 17:24:19,605 INFO com.fabienit.flyingclub.web.controllers.AircraftController [http-nio-8001-exec-4] Updating aircraft in database, id: 1
2024-02-09 17:24:19,743 INFO com.fabienit.flyingclub.web.controllers.WorkshopController [http-nio-8001-exec-6] Adding new workshop in database
2024-02-09 17:24:19,873 INFO com.fabienit.flyingclub.web.controllers.WorkshopController [http-nio-8001-exec-5] Providing revision resource from database: all revisions list
2024-02-09 17:24:19,998 INFO com.fabienit.flyingclub.web.controllers.AircraftController [http-nio-8001-exec-5] Providing aircraft resource from database: all aircraft list
2024-02-09 17:24:31,323 INFO com.fabienit.flyingclub.web.controllers.WorkshopController [http-nio-8001-exec-7] Providing revision resource from database: all revisions list
2024-02-09 17:24:31,449 INFO com.fabienit.flyingclub.web.controllers.AircraftController [http-nio-8001-exec-8] Providing aircraft resource from database: all aircraft list
2024-02-09 17:24:34,419 INFO com.fabienit.flyingclub.web.controllers.WorkshopController [http-nio-8001-exec-9] Providing revision resource from database: all revisions list
2024-02-09 17:24:34,547 INFO com.fabienit.flyingclub.web.controllers.AircraftController [http-nio-8001-exec-10] Providing aircraft resource from database: all aircraft list
2024-02-09 17:24:39,480 INFO com.fabienit.flyingclub.web.controllers.RegisteredUserController [http-nio-8001-exec-1] Search user by email: admin@admin.com
2024-02-09 17:24:44,591 INFO com.fabienit.flyingclub.web.controllers.AircraftController [http-nio-8001-exec-2] Providing aircraft resource from database: all aircraft list
2024-02-09 17:24:56,520 INFO com.fabienit.flyingclub.web.controllers.WorkshopController [http-nio-8001-exec-3] Providing revision resource from database: all revisions list
2024-02-09 17:24:56,640 INFO com.fabienit.flyingclub.web.controllers.AircraftController [http-nio-8001-exec-4] Providing aircraft resource from database: all aircraft list
2024-02-09 17:25:02,016 INFO com.fabienit.flyingclub.web.controllers.FlyingClubController [http-nio-8001-exec-6] Providing aircraft resource from database: all flyingClub list
2024-02-09 17:25:02,902 INFO com.fabienit.flyingclub.web.controllers.AircraftController [http-nio-8001-exec-5] Providing aircraft resource from database: all aircraft list
2024-02-09 17:25:26,608 INFO com.fabienit.flyingclub.web.controllers.AircraftController [http-nio-8001-exec-7] Providing aircraft resource from database: aircraft id: 2
2024-02-09 17:25:34,518 INFO com.fabienit.flyingclub.web.controllers.AircraftController [http-nio-8001-exec-8] Updating aircraft in database, id: 2
2024-02-09 17:25:34,639 INFO com.fabienit.flyingclub.web.controllers.AircraftController [http-nio-8001-exec-9] Providing aircraft resource from database: aircraft id: 2
2024-02-09 17:25:34,780 INFO com.fabienit.flyingclub.web.controllers.WorkshopController [http-nio-8001-exec-10] Adding new workshop in database
2024-02-09 17:25:34,909 INFO com.fabienit.flyingclub.web.controllers.AircraftController [http-nio-8001-exec-1] Providing aircraft resource from database: all aircraft list
2024-02-09 17:25:46,408 INFO com.fabienit.flyingclub.web.controllers.WorkshopController [http-nio-8001-exec-2] Providing revision resource from database: all revisions list
2024-02-09 17:25:46,544 INFO com.fabienit.flyingclub.web.controllers.AircraftController [http-nio-8001-exec-3] Providing aircraft resource from database: all aircraft list
