2024-02-04 09:56:55,567 INFO com.fabienit.flyingclub.AeroclubApiApplication [restartedMain] Starting AeroclubApiApplication on FABPC with PID 9064 (started by FaB PC in C:\Users\FaB\Git\Projet 12\aeroclubp12)
2024-02-04 09:56:55,575 DEBUG com.fabienit.flyingclub.AeroclubApiApplication [restartedMain] Running with Spring Boot v2.2.2.RELEASE, Spring v5.2.2.RELEASE
2024-02-04 09:56:55,576 INFO com.fabienit.flyingclub.AeroclubApiApplication [restartedMain] The following profiles are active: dev
2024-02-04 09:57:02,736 DEBUG com.fabienit.flyingclub.configuration.SwaggerConfig$$EnhancerBySpringCGLIB$$5f164338 [restartedMain] Set Swagger2 documentation
2024-02-04 09:57:03,558 INFO com.fabienit.flyingclub.AeroclubApiApplication [restartedMain] Started AeroclubApiApplication in 8.486 seconds (JVM running for 10.494)
2024-02-04 11:59:46,734 INFO com.fabienit.flyingclub.AeroclubApiApplication [restartedMain] Starting AeroclubApiApplication on FABPC with PID 2648 (started by FaB PC in C:\Users\FaB\Git\Projet 12\aeroclubp12)
2024-02-04 11:59:46,738 DEBUG com.fabienit.flyingclub.AeroclubApiApplication [restartedMain] Running with Spring Boot v2.2.2.RELEASE, Spring v5.2.2.RELEASE
2024-02-04 11:59:46,738 INFO com.fabienit.flyingclub.AeroclubApiApplication [restartedMain] The following profiles are active: dev
2024-02-04 11:59:54,354 DEBUG com.fabienit.flyingclub.configuration.SwaggerConfig$$EnhancerBySpringCGLIB$$bafdf843 [restartedMain] Set Swagger2 documentation
2024-02-04 11:59:55,516 INFO com.fabienit.flyingclub.AeroclubApiApplication [restartedMain] Started AeroclubApiApplication in 9.313 seconds (JVM running for 11.424)
2024-02-04 12:01:04,463 INFO com.fabienit.flyingclub.web.controllers.RegisteredUserController [http-nio-8001-exec-7] Search user by email: mechanic@mechanic.com
2024-02-04 12:01:06,430 INFO com.fabienit.flyingclub.web.controllers.WorkshopController [http-nio-8001-exec-8] Providing revision resource from database: all revisions list
2024-02-04 12:01:06,653 INFO com.fabienit.flyingclub.web.controllers.AircraftController [http-nio-8001-exec-9] Providing aircraft resource from database: all aircraft list
2024-02-04 12:03:29,528 INFO com.fabienit.flyingclub.web.controllers.AircraftController [http-nio-8001-exec-2] Providing aircraft resource from database: all aircraft list
2024-02-04 12:04:22,153 INFO com.fabienit.flyingclub.web.controllers.AircraftController [http-nio-8001-exec-3] Providing aircraft resource from database: all aircraft list
2024-02-04 12:05:22,759 INFO com.fabienit.flyingclub.web.controllers.AircraftController [http-nio-8001-exec-5] Providing aircraft resource from database: aircraft id: 3
2024-02-04 12:05:22,955 INFO com.fabienit.flyingclub.web.controllers.AircraftController [http-nio-8001-exec-6] Updating aircraft in database, id: 3
2024-02-04 12:05:23,170 INFO com.fabienit.flyingclub.web.controllers.WorkshopController [http-nio-8001-exec-7] Adding new workshop in database
2024-02-04 12:05:23,337 INFO com.fabienit.flyingclub.web.controllers.WorkshopController [http-nio-8001-exec-8] Providing revision resource from database: all revisions list
2024-02-04 12:05:23,464 INFO com.fabienit.flyingclub.web.controllers.AircraftController [http-nio-8001-exec-9] Providing aircraft resource from database: all aircraft list
2024-02-04 12:05:56,022 INFO com.fabienit.flyingclub.web.controllers.WorkshopController [http-nio-8001-exec-10] Providing workshop resource from database: revision id: 4
2024-02-04 12:43:02,291 INFO com.fabienit.flyingclub.web.controllers.RegisteredUserController [http-nio-8001-exec-2] Search user by email: test1@gmail.com
2024-02-04 12:43:09,408 INFO com.fabienit.flyingclub.web.controllers.RegisteredUserController [http-nio-8001-exec-3] Providing registeredUser resource from database: registeredUser id: 4
2024-02-04 12:44:30,519 INFO com.fabienit.flyingclub.web.controllers.RegisteredUserController [http-nio-8001-exec-5] Providing registeredUser resource from database: registeredUser id: 4
2024-02-04 12:48:31,032 INFO com.fabienit.flyingclub.web.controllers.RegisteredUserController [http-nio-8001-exec-7] Providing registeredUser resource from database: registeredUser id: 4
2024-02-04 12:48:48,444 INFO com.fabienit.flyingclub.web.controllers.RegisteredUserController [http-nio-8001-exec-8] Updating registeredUser in database, id: 4
2024-02-04 12:48:48,876 INFO com.fabienit.flyingclub.web.controllers.RegisteredUserController [http-nio-8001-exec-9] Providing registeredUser resource from database: registeredUser id: 4
2024-02-04 12:48:49,258 INFO com.fabienit.flyingclub.web.controllers.RegisteredUserController [http-nio-8001-exec-10] Providing registeredUser resource from database: registeredUser id: 4
2024-02-04 12:50:01,638 INFO com.fabienit.flyingclub.web.controllers.RegisteredUserController [http-nio-8001-exec-2] Providing registeredUser resource from database: registeredUser id: 4
2024-02-04 12:50:11,730 INFO com.fabienit.flyingclub.web.controllers.FlyingClubController [http-nio-8001-exec-3] Providing aircraft resource from database: all flyingClub list
2024-02-04 12:50:18,760 INFO com.fabienit.flyingclub.web.controllers.AircraftController [http-nio-8001-exec-4] Providing aircraft resource from database: all aircraft list
2024-02-04 12:50:40,973 INFO com.fabienit.flyingclub.web.controllers.FlyingClubController [http-nio-8001-exec-5] Providing aircraft resource from database: all flyingClub list
2024-02-04 12:50:42,481 INFO com.fabienit.flyingclub.web.controllers.AircraftController [http-nio-8001-exec-6] Providing aircraft resource from database: all aircraft list
2024-02-04 12:50:45,038 INFO com.fabienit.flyingclub.web.controllers.FlyingClubController [http-nio-8001-exec-7] Providing aircraft resource from database: all flyingClub list
2024-02-04 12:50:51,203 INFO com.fabienit.flyingclub.web.controllers.AircraftController [http-nio-8001-exec-8] Providing aircraft resource from database: all aircraft list
2024-02-04 12:51:03,544 INFO com.fabienit.flyingclub.web.controllers.AircraftController [http-nio-8001-exec-9] Providing aircraft resource from database: all aircraft list
2024-02-04 12:51:03,683 INFO com.fabienit.flyingclub.web.controllers.ReservationController [http-nio-8001-exec-10] Providing reservation list for registered user from database: user id: 4
2024-02-04 12:51:29,582 INFO com.fabienit.flyingclub.web.controllers.AircraftController [http-nio-8001-exec-1] Providing aircraft resource from database: available between dates aircraft list
2024-02-04 12:51:38,357 INFO com.fabienit.flyingclub.web.controllers.RegisteredUserController [http-nio-8001-exec-2] Providing registeredUser resource from database: registeredUser id: 4
2024-02-04 12:51:38,809 INFO com.fabienit.flyingclub.web.controllers.AircraftController [http-nio-8001-exec-3] Providing aircraft resource from database: aircraft id: 4
2024-02-04 12:51:38,943 INFO com.fabienit.flyingclub.web.controllers.ReservationController [http-nio-8001-exec-4] Adding new reservation in database
2024-02-04 12:51:41,722 ERROR org.apache.catalina.core.ContainerBase.[Tomcat].[localhost].[/].[dispatcherServlet] [http-nio-8001-exec-4] Servlet.service() for servlet [dispatcherServlet] in context with path [] threw exception [Request processing failed; nested exception is org.springframework.mail.MailSendException: Mail server connection failed; nested exception is com.sun.mail.util.MailConnectException: Couldn't connect to host, port: localhost, 25; timeout -1;
  nested exception is:
	java.net.ConnectException: Connection refused: connect. Failed messages: com.sun.mail.util.MailConnectException: Couldn't connect to host, port: localhost, 25; timeout -1;
  nested exception is:
	java.net.ConnectException: Connection refused: connect; message exceptions (1) are:
Failed message 1: com.sun.mail.util.MailConnectException: Couldn't connect to host, port: localhost, 25; timeout -1;
  nested exception is:
	java.net.ConnectException: Connection refused: connect] with root cause
java.net.ConnectException: Connection refused: connect
	at java.base/java.net.PlainSocketImpl.connect0(Native Method)
	at java.base/java.net.PlainSocketImpl.socketConnect(PlainSocketImpl.java:101)
	at java.base/java.net.AbstractPlainSocketImpl.doConnect(AbstractPlainSocketImpl.java:399)
	at java.base/java.net.AbstractPlainSocketImpl.connectToAddress(AbstractPlainSocketImpl.java:242)
	at java.base/java.net.AbstractPlainSocketImpl.connect(AbstractPlainSocketImpl.java:224)
	at java.base/java.net.SocksSocketImpl.connect(SocksSocketImpl.java:403)
	at java.base/java.net.Socket.connect(Socket.java:591)
	at java.base/java.net.Socket.connect(Socket.java:540)
	at com.sun.mail.util.SocketFetcher.createSocket(SocketFetcher.java:335)
	at com.sun.mail.util.SocketFetcher.getSocket(SocketFetcher.java:214)
	at com.sun.mail.smtp.SMTPTransport.openServer(SMTPTransport.java:2160)
	at com.sun.mail.smtp.SMTPTransport.protocolConnect(SMTPTransport.java:722)
	at javax.mail.Service.connect(Service.java:342)
	at org.springframework.mail.javamail.JavaMailSenderImpl.connectTransport(JavaMailSenderImpl.java:518)
	at org.springframework.mail.javamail.JavaMailSenderImpl.doSend(JavaMailSenderImpl.java:437)
	at org.springframework.mail.javamail.JavaMailSenderImpl.send(JavaMailSenderImpl.java:361)
	at org.springframework.mail.javamail.JavaMailSenderImpl.send(JavaMailSenderImpl.java:356)
	at com.fabienit.flyingclub.manager.EmailService.sendHtmlMessage(EmailService.java:42)
	at com.fabienit.flyingclub.manager.impl.ReservationManagerImpl.save(ReservationManagerImpl.java:77)
	at com.fabienit.flyingclub.manager.impl.ReservationManagerImpl$$FastClassBySpringCGLIB$$b422f1f0.invoke(<generated>)
	at org.springframework.cglib.proxy.MethodProxy.invoke(MethodProxy.java:218)
	at org.springframework.aop.framework.CglibAopProxy$CglibMethodInvocation.invokeJoinpoint(CglibAopProxy.java:769)
	at org.springframework.aop.framework.ReflectiveMethodInvocation.proceed(ReflectiveMethodInvocation.java:163)
	at org.springframework.aop.framework.CglibAopProxy$CglibMethodInvocation.proceed(CglibAopProxy.java:747)
	at org.springframework.transaction.interceptor.TransactionAspectSupport.invokeWithinTransaction(TransactionAspectSupport.java:366)
	at org.springframework.transaction.interceptor.TransactionInterceptor.invoke(TransactionInterceptor.java:99)
	at org.springframework.aop.framework.ReflectiveMethodInvocation.proceed(ReflectiveMethodInvocation.java:186)
	at org.springframework.aop.framework.CglibAopProxy$CglibMethodInvocation.proceed(CglibAopProxy.java:747)
	at org.springframework.aop.framework.CglibAopProxy$DynamicAdvisedInterceptor.intercept(CglibAopProxy.java:689)
	at com.fabienit.flyingclub.manager.impl.ReservationManagerImpl$$EnhancerBySpringCGLIB$$faa5bf6b.save(<generated>)
	at com.fabienit.flyingclub.web.controllers.ReservationController.addReservation(ReservationController.java:72)
	at com.fabienit.flyingclub.web.controllers.ReservationController$$FastClassBySpringCGLIB$$2c17ce79.invoke(<generated>)
	at org.springframework.cglib.proxy.MethodProxy.invoke(MethodProxy.java:218)
	at org.springframework.aop.framework.CglibAopProxy$CglibMethodInvocation.invokeJoinpoint(CglibAopProxy.java:769)
	at org.springframework.aop.framework.ReflectiveMethodInvocation.proceed(ReflectiveMethodInvocation.java:163)
	at org.springframework.aop.framework.CglibAopProxy$CglibMethodInvocation.proceed(CglibAopProxy.java:747)
	at org.springframework.validation.beanvalidation.MethodValidationInterceptor.invoke(MethodValidationInterceptor.java:120)
	at org.springframework.aop.framework.ReflectiveMethodInvocation.proceed(ReflectiveMethodInvocation.java:186)
	at org.springframework.aop.framework.CglibAopProxy$CglibMethodInvocation.proceed(CglibAopProxy.java:747)
	at org.springframework.aop.framework.CglibAopProxy$DynamicAdvisedInterceptor.intercept(CglibAopProxy.java:689)
	at com.fabienit.flyingclub.web.controllers.ReservationController$$EnhancerBySpringCGLIB$$8acf61ac.addReservation(<generated>)
	at java.base/jdk.internal.reflect.NativeMethodAccessorImpl.invoke0(Native Method)
	at java.base/jdk.internal.reflect.NativeMethodAccessorImpl.invoke(NativeMethodAccessorImpl.java:62)
	at java.base/jdk.internal.reflect.DelegatingMethodAccessorImpl.invoke(DelegatingMethodAccessorImpl.java:43)
	at java.base/java.lang.reflect.Method.invoke(Method.java:566)
	at org.springframework.web.method.support.InvocableHandlerMethod.doInvoke(InvocableHandlerMethod.java:190)
	at org.springframework.web.method.support.InvocableHandlerMethod.invokeForRequest(InvocableHandlerMethod.java:138)
	at org.springframework.web.servlet.mvc.method.annotation.ServletInvocableHandlerMethod.invokeAndHandle(ServletInvocableHandlerMethod.java:106)
	at org.springframework.web.servlet.mvc.method.annotation.RequestMappingHandlerAdapter.invokeHandlerMethod(RequestMappingHandlerAdapter.java:888)
	at org.springframework.web.servlet.mvc.method.annotation.RequestMappingHandlerAdapter.handleInternal(RequestMappingHandlerAdapter.java:793)
	at org.springframework.web.servlet.mvc.method.AbstractHandlerMethodAdapter.handle(AbstractHandlerMethodAdapter.java:87)
	at org.springframework.web.servlet.DispatcherServlet.doDispatch(DispatcherServlet.java:1040)
	at org.springframework.web.servlet.DispatcherServlet.doService(DispatcherServlet.java:943)
	at org.springframework.web.servlet.FrameworkServlet.processRequest(FrameworkServlet.java:1006)
	at org.springframework.web.servlet.FrameworkServlet.doPost(FrameworkServlet.java:909)
	at javax.servlet.http.HttpServlet.service(HttpServlet.java:660)
	at org.springframework.web.servlet.FrameworkServlet.service(FrameworkServlet.java:883)
	at javax.servlet.http.HttpServlet.service(HttpServlet.java:741)
	at org.apache.catalina.core.ApplicationFilterChain.internalDoFilter(ApplicationFilterChain.java:231)
	at org.apache.catalina.core.ApplicationFilterChain.doFilter(ApplicationFilterChain.java:166)
	at org.apache.tomcat.websocket.server.WsFilter.doFilter(WsFilter.java:53)
	at org.apache.catalina.core.ApplicationFilterChain.internalDoFilter(ApplicationFilterChain.java:193)
	at org.apache.catalina.core.ApplicationFilterChain.doFilter(ApplicationFilterChain.java:166)
	at org.springframework.security.web.FilterChainProxy$VirtualFilterChain.doFilter(FilterChainProxy.java:320)
	at org.springframework.security.web.access.intercept.FilterSecurityInterceptor.invoke(FilterSecurityInterceptor.java:126)
	at org.springframework.security.web.access.intercept.FilterSecurityInterceptor.doFilter(FilterSecurityInterceptor.java:90)
	at org.springframework.security.web.FilterChainProxy$VirtualFilterChain.doFilter(FilterChainProxy.java:334)
	at org.springframework.security.web.access.ExceptionTranslationFilter.doFilter(ExceptionTranslationFilter.java:118)
	at org.springframework.security.web.FilterChainProxy$VirtualFilterChain.doFilter(FilterChainProxy.java:334)
	at org.springframework.security.web.session.SessionManagementFilter.doFilter(SessionManagementFilter.java:137)
	at org.springframework.security.web.FilterChainProxy$VirtualFilterChain.doFilter(FilterChainProxy.java:334)
	at org.springframework.security.web.authentication.AnonymousAuthenticationFilter.doFilter(AnonymousAuthenticationFilter.java:111)
	at org.springframework.security.web.FilterChainProxy$VirtualFilterChain.doFilter(FilterChainProxy.java:334)
	at org.springframework.security.web.servletapi.SecurityContextHolderAwareRequestFilter.doFilter(SecurityContextHolderAwareRequestFilter.java:158)
	at org.springframework.security.web.FilterChainProxy$VirtualFilterChain.doFilter(FilterChainProxy.java:334)
	at org.springframework.security.web.savedrequest.RequestCacheAwareFilter.doFilter(RequestCacheAwareFilter.java:63)
	at org.springframework.security.web.FilterChainProxy$VirtualFilterChain.doFilter(FilterChainProxy.java:334)
	at org.springframework.security.web.authentication.www.BasicAuthenticationFilter.doFilterInternal(BasicAuthenticationFilter.java:203)
	at org.springframework.web.filter.OncePerRequestFilter.doFilter(OncePerRequestFilter.java:119)
	at org.springframework.security.web.FilterChainProxy$VirtualFilterChain.doFilter(FilterChainProxy.java:334)
	at org.springframework.security.web.authentication.logout.LogoutFilter.doFilter(LogoutFilter.java:116)
	at org.springframework.security.web.FilterChainProxy$VirtualFilterChain.doFilter(FilterChainProxy.java:334)
	at org.springframework.security.web.header.HeaderWriterFilter.doHeadersAfter(HeaderWriterFilter.java:92)
	at org.springframework.security.web.header.HeaderWriterFilter.doFilterInternal(HeaderWriterFilter.java:77)
	at org.springframework.web.filter.OncePerRequestFilter.doFilter(OncePerRequestFilter.java:119)
	at org.springframework.security.web.FilterChainProxy$VirtualFilterChain.doFilter(FilterChainProxy.java:334)
	at org.springframework.security.web.context.SecurityContextPersistenceFilter.doFilter(SecurityContextPersistenceFilter.java:105)
	at org.springframework.security.web.FilterChainProxy$VirtualFilterChain.doFilter(FilterChainProxy.java:334)
	at org.springframework.security.web.context.request.async.WebAsyncManagerIntegrationFilter.doFilterInternal(WebAsyncManagerIntegrationFilter.java:56)
	at org.springframework.web.filter.OncePerRequestFilter.doFilter(OncePerRequestFilter.java:119)
	at org.springframework.security.web.FilterChainProxy$VirtualFilterChain.doFilter(FilterChainProxy.java:334)
	at org.springframework.security.web.FilterChainProxy.doFilterInternal(FilterChainProxy.java:215)
	at org.springframework.security.web.FilterChainProxy.doFilter(FilterChainProxy.java:178)
	at org.springframework.web.filter.DelegatingFilterProxy.invokeDelegate(DelegatingFilterProxy.java:358)
	at org.springframework.web.filter.DelegatingFilterProxy.doFilter(DelegatingFilterProxy.java:271)
	at org.apache.catalina.core.ApplicationFilterChain.internalDoFilter(ApplicationFilterChain.java:193)
	at org.apache.catalina.core.ApplicationFilterChain.doFilter(ApplicationFilterChain.java:166)
	at org.springframework.web.filter.RequestContextFilter.doFilterInternal(RequestContextFilter.java:100)
	at org.springframework.web.filter.OncePerRequestFilter.doFilter(OncePerRequestFilter.java:119)
	at org.apache.catalina.core.ApplicationFilterChain.internalDoFilter(ApplicationFilterChain.java:193)
	at org.apache.catalina.core.ApplicationFilterChain.doFilter(ApplicationFilterChain.java:166)
	at org.springframework.web.filter.FormContentFilter.doFilterInternal(FormContentFilter.java:93)
	at org.springframework.web.filter.OncePerRequestFilter.doFilter(OncePerRequestFilter.java:119)
	at org.apache.catalina.core.ApplicationFilterChain.internalDoFilter(ApplicationFilterChain.java:193)
	at org.apache.catalina.core.ApplicationFilterChain.doFilter(ApplicationFilterChain.java:166)
	at org.springframework.web.filter.CharacterEncodingFilter.doFilterInternal(CharacterEncodingFilter.java:201)
	at org.springframework.web.filter.OncePerRequestFilter.doFilter(OncePerRequestFilter.java:119)
	at org.apache.catalina.core.ApplicationFilterChain.internalDoFilter(ApplicationFilterChain.java:193)
	at org.apache.catalina.core.ApplicationFilterChain.doFilter(ApplicationFilterChain.java:166)
	at org.apache.catalina.core.StandardWrapperValve.invoke(StandardWrapperValve.java:202)
	at org.apache.catalina.core.StandardContextValve.invoke(StandardContextValve.java:96)
	at org.apache.catalina.authenticator.AuthenticatorBase.invoke(AuthenticatorBase.java:526)
	at org.apache.catalina.core.StandardHostValve.invoke(StandardHostValve.java:139)
	at org.apache.catalina.valves.ErrorReportValve.invoke(ErrorReportValve.java:92)
	at org.apache.catalina.core.StandardEngineValve.invoke(StandardEngineValve.java:74)
	at org.apache.catalina.connector.CoyoteAdapter.service(CoyoteAdapter.java:343)
	at org.apache.coyote.http11.Http11Processor.service(Http11Processor.java:367)
	at org.apache.coyote.AbstractProcessorLight.process(AbstractProcessorLight.java:65)
	at org.apache.coyote.AbstractProtocol$ConnectionHandler.process(AbstractProtocol.java:860)
	at org.apache.tomcat.util.net.NioEndpoint$SocketProcessor.doRun(NioEndpoint.java:1591)
	at org.apache.tomcat.util.net.SocketProcessorBase.run(SocketProcessorBase.java:49)
	at java.base/java.util.concurrent.ThreadPoolExecutor.runWorker(ThreadPoolExecutor.java:1128)
	at java.base/java.util.concurrent.ThreadPoolExecutor$Worker.run(ThreadPoolExecutor.java:628)
	at org.apache.tomcat.util.threads.TaskThread$WrappingRunnable.run(TaskThread.java:61)
	at java.base/java.lang.Thread.run(Thread.java:834)
2024-02-04 12:51:41,876 INFO com.fabienit.flyingclub.web.controllers.AircraftController [http-nio-8001-exec-5] Providing aircraft resource from database: all aircraft list
2024-02-04 12:51:42,015 INFO com.fabienit.flyingclub.web.controllers.ReservationController [http-nio-8001-exec-6] Providing reservation list for registered user from database: user id: 4
2024-02-04 12:52:15,932 INFO com.fabienit.flyingclub.web.controllers.AircraftController [http-nio-8001-exec-7] Providing aircraft resource from database: available between dates aircraft list
2024-02-04 12:52:18,407 INFO com.fabienit.flyingclub.web.controllers.RegisteredUserController [http-nio-8001-exec-8] Providing registeredUser resource from database: registeredUser id: 4
2024-02-04 12:52:18,532 INFO com.fabienit.flyingclub.web.controllers.AircraftController [http-nio-8001-exec-9] Providing aircraft resource from database: aircraft id: 4
2024-02-04 12:52:18,690 INFO com.fabienit.flyingclub.web.controllers.ReservationController [http-nio-8001-exec-10] Adding new reservation in database
2024-02-04 12:52:19,015 INFO com.fabienit.flyingclub.web.controllers.AircraftController [http-nio-8001-exec-1] Providing aircraft resource from database: all aircraft list
2024-02-04 12:52:19,147 INFO com.fabienit.flyingclub.web.controllers.ReservationController [http-nio-8001-exec-2] Providing reservation list for registered user from database: user id: 4
2024-02-04 12:52:27,232 INFO com.fabienit.flyingclub.web.controllers.ReservationController [http-nio-8001-exec-3] Providing reservation resource from database: reservation id: 8
2024-02-04 12:52:27,368 INFO com.fabienit.flyingclub.web.controllers.AircraftController [http-nio-8001-exec-4] Providing aircraft resource from database: aircraft id: 4
2024-02-04 12:52:30,832 INFO com.fabienit.flyingclub.web.controllers.AircraftController [http-nio-8001-exec-5] Providing aircraft resource from database: available between dates aircraft list
2024-02-04 12:52:30,975 INFO com.fabienit.flyingclub.web.controllers.ReservationController [http-nio-8001-exec-6] Providing reservation resource from database: existing reservation by id and dates
2024-02-04 12:52:31,112 INFO com.fabienit.flyingclub.web.controllers.ReservationController [http-nio-8001-exec-7] Providing reservation resource from database: existing reservation by id and dates
2024-02-04 12:52:37,482 INFO com.fabienit.flyingclub.web.controllers.AircraftController [http-nio-8001-exec-10] Providing aircraft resource from database: aircraft id: 4
2024-02-04 12:52:37,608 INFO com.fabienit.flyingclub.web.controllers.RegisteredUserController [http-nio-8001-exec-1] Providing registeredUser resource from database: registeredUser id: 4
2024-02-04 12:52:37,736 INFO com.fabienit.flyingclub.web.controllers.AircraftController [http-nio-8001-exec-2] Providing aircraft resource from database: aircraft id: 4
2024-02-04 12:52:37,869 INFO com.fabienit.flyingclub.web.controllers.ReservationController [http-nio-8001-exec-3] Updating reservation in database, id: 8
2024-02-04 12:52:38,041 INFO com.fabienit.flyingclub.web.controllers.AircraftController [http-nio-8001-exec-4] Providing aircraft resource from database: all aircraft list
2024-02-04 12:52:38,162 INFO com.fabienit.flyingclub.web.controllers.ReservationController [http-nio-8001-exec-5] Providing reservation list for registered user from database: user id: 4
2024-02-04 12:52:42,042 INFO com.fabienit.flyingclub.web.controllers.ReservationController [http-nio-8001-exec-6] Providing reservation resource from database: reservation id: 8
2024-02-04 12:52:42,166 INFO com.fabienit.flyingclub.web.controllers.AircraftController [http-nio-8001-exec-7] Providing aircraft resource from database: aircraft id: 4
2024-02-04 12:52:43,392 INFO com.fabienit.flyingclub.web.controllers.AircraftController [http-nio-8001-exec-8] Providing aircraft resource from database: available between dates aircraft list
2024-02-04 12:52:43,519 INFO com.fabienit.flyingclub.web.controllers.ReservationController [http-nio-8001-exec-9] Providing reservation resource from database: existing reservation by id and dates
2024-02-04 12:52:43,649 INFO com.fabienit.flyingclub.web.controllers.ReservationController [http-nio-8001-exec-10] Providing reservation resource from database: existing reservation by id and dates
2024-02-04 12:52:47,239 INFO com.fabienit.flyingclub.web.controllers.AircraftController [http-nio-8001-exec-3] Providing aircraft resource from database: aircraft id: 1
2024-02-04 12:52:47,366 INFO com.fabienit.flyingclub.web.controllers.RegisteredUserController [http-nio-8001-exec-4] Providing registeredUser resource from database: registeredUser id: 4
2024-02-04 12:52:47,486 INFO com.fabienit.flyingclub.web.controllers.AircraftController [http-nio-8001-exec-5] Providing aircraft resource from database: aircraft id: 1
2024-02-04 12:52:47,625 INFO com.fabienit.flyingclub.web.controllers.ReservationController [http-nio-8001-exec-6] Updating reservation in database, id: 8
2024-02-04 12:52:47,778 INFO com.fabienit.flyingclub.web.controllers.AircraftController [http-nio-8001-exec-7] Providing aircraft resource from database: all aircraft list
2024-02-04 12:52:47,901 INFO com.fabienit.flyingclub.web.controllers.ReservationController [http-nio-8001-exec-8] Providing reservation list for registered user from database: user id: 4
2024-02-04 12:53:57,880 INFO com.fabienit.flyingclub.web.controllers.RegisteredUserController [http-nio-8001-exec-10] Providing registeredUser resource from database: registeredUser id: 4
2024-02-04 12:53:58,000 INFO com.fabienit.flyingclub.web.controllers.ReservationController [http-nio-8001-exec-1] Providing reservation resource from database: reservation id: 8
2024-02-04 12:53:58,130 INFO com.fabienit.flyingclub.web.controllers.ReservationController [http-nio-8001-exec-2] Updating reservation in database, id: 8
2024-02-04 12:53:58,291 INFO com.fabienit.flyingclub.web.controllers.AircraftController [http-nio-8001-exec-3] Providing aircraft resource from database: all aircraft list
2024-02-04 12:53:58,409 INFO com.fabienit.flyingclub.web.controllers.ReservationController [http-nio-8001-exec-4] Providing reservation list for registered user from database: user id: 4
2024-02-04 12:55:25,149 INFO com.fabienit.flyingclub.web.controllers.WorkshopController [http-nio-8001-exec-6] Providing revision resource from database: all revisions list
2024-02-04 12:55:25,280 INFO com.fabienit.flyingclub.web.controllers.AircraftController [http-nio-8001-exec-7] Providing aircraft resource from database: all aircraft list
2024-02-04 12:55:35,852 INFO com.fabienit.flyingclub.web.controllers.WorkshopController [http-nio-8001-exec-8] Providing revision resource from database: all revisions list
2024-02-04 12:55:35,984 INFO com.fabienit.flyingclub.web.controllers.AircraftController [http-nio-8001-exec-9] Providing aircraft resource from database: all aircraft list
2024-02-04 12:55:59,166 INFO com.fabienit.flyingclub.web.controllers.RegisteredUserController [http-nio-8001-exec-10] Search user by email: mechanic@mechanic.com
2024-02-04 12:56:01,464 INFO com.fabienit.flyingclub.web.controllers.AircraftController [http-nio-8001-exec-1] Providing aircraft resource from database: all aircraft list
2024-02-04 12:56:01,583 INFO com.fabienit.flyingclub.web.controllers.ReservationController [http-nio-8001-exec-2] Providing reservation list for registered user from database: user id: 2
2024-02-04 12:56:25,410 INFO com.fabienit.flyingclub.web.controllers.AircraftController [http-nio-8001-exec-3] Providing aircraft resource from database: all aircraft list
2024-02-04 12:56:25,527 INFO com.fabienit.flyingclub.web.controllers.ReservationController [http-nio-8001-exec-4] Providing reservation list for registered user from database: user id: 2
2024-02-04 12:56:33,932 INFO com.fabienit.flyingclub.web.controllers.FlyingClubController [http-nio-8001-exec-5] Providing aircraft resource from database: all flyingClub list
2024-02-04 12:56:34,948 INFO com.fabienit.flyingclub.web.controllers.AircraftController [http-nio-8001-exec-6] Providing aircraft resource from database: all aircraft list
2024-02-04 12:56:35,944 INFO com.fabienit.flyingclub.web.controllers.FlyingClubController [http-nio-8001-exec-7] Providing aircraft resource from database: all flyingClub list
2024-02-04 12:56:39,725 INFO com.fabienit.flyingclub.web.controllers.FlyingClubController [http-nio-8001-exec-8] Providing aircraft resource from database: all flyingClub list
2024-02-04 12:56:41,919 INFO com.fabienit.flyingclub.web.controllers.FlyingClubController [http-nio-8001-exec-9] Providing aircraft resource from database: all flyingClub list
2024-02-04 12:57:26,000 INFO com.fabienit.flyingclub.web.controllers.FlyingClubController [http-nio-8001-exec-10] Providing aircraft resource from database: all flyingClub list
2024-02-04 12:57:27,433 INFO com.fabienit.flyingclub.web.controllers.AircraftController [http-nio-8001-exec-1] Providing aircraft resource from database: all aircraft list
2024-02-04 12:57:28,451 INFO com.fabienit.flyingclub.web.controllers.FlyingClubController [http-nio-8001-exec-2] Providing aircraft resource from database: all flyingClub list
2024-02-04 12:57:31,337 INFO com.fabienit.flyingclub.web.controllers.AircraftController [http-nio-8001-exec-3] Providing aircraft resource from database: all aircraft list
2024-02-04 12:57:31,456 INFO com.fabienit.flyingclub.web.controllers.ReservationController [http-nio-8001-exec-4] Providing reservation list for registered user from database: user id: 2
2024-02-04 12:57:48,264 INFO com.fabienit.flyingclub.web.controllers.WorkshopController [http-nio-8001-exec-5] Providing revision resource from database: all revisions list
2024-02-04 12:57:48,384 INFO com.fabienit.flyingclub.web.controllers.AircraftController [http-nio-8001-exec-6] Providing aircraft resource from database: all aircraft list
2024-02-04 12:58:31,570 INFO com.fabienit.flyingclub.web.controllers.AircraftController [http-nio-8001-exec-7] Providing aircraft resource from database: all aircraft list
2024-02-04 12:58:32,529 INFO com.fabienit.flyingclub.web.controllers.WorkshopController [http-nio-8001-exec-8] Providing revision resource from database: all revisions list
2024-02-04 12:58:32,648 INFO com.fabienit.flyingclub.web.controllers.AircraftController [http-nio-8001-exec-9] Providing aircraft resource from database: all aircraft list
2024-02-04 12:58:42,522 INFO com.fabienit.flyingclub.web.controllers.WorkshopController [http-nio-8001-exec-10] Providing revision resource from database: all revisions list
2024-02-04 12:58:42,650 INFO com.fabienit.flyingclub.web.controllers.AircraftController [http-nio-8001-exec-1] Providing aircraft resource from database: all aircraft list
2024-02-04 12:58:47,730 INFO com.fabienit.flyingclub.web.controllers.WorkshopController [http-nio-8001-exec-2] Providing revision resource from database: all revisions list
2024-02-04 12:58:47,854 INFO com.fabienit.flyingclub.web.controllers.AircraftController [http-nio-8001-exec-3] Providing aircraft resource from database: all aircraft list
2024-02-04 12:58:51,225 INFO com.fabienit.flyingclub.web.controllers.WorkshopController [http-nio-8001-exec-4] Providing revision resource from database: all revisions list
2024-02-04 12:58:51,349 INFO com.fabienit.flyingclub.web.controllers.AircraftController [http-nio-8001-exec-5] Providing aircraft resource from database: all aircraft list
2024-02-04 12:58:54,167 INFO com.fabienit.flyingclub.web.controllers.WorkshopController [http-nio-8001-exec-6] Providing revision resource from database: all revisions list
2024-02-04 12:58:54,289 INFO com.fabienit.flyingclub.web.controllers.AircraftController [http-nio-8001-exec-7] Providing aircraft resource from database: all aircraft list
2024-02-04 12:58:56,505 INFO com.fabienit.flyingclub.web.controllers.WorkshopController [http-nio-8001-exec-8] Providing revision resource from database: all revisions list
2024-02-04 12:58:56,624 INFO com.fabienit.flyingclub.web.controllers.AircraftController [http-nio-8001-exec-9] Providing aircraft resource from database: all aircraft list
2024-02-04 12:58:59,518 INFO com.fabienit.flyingclub.web.controllers.WorkshopController [http-nio-8001-exec-10] Providing revision resource from database: all revisions list
2024-02-04 12:58:59,639 INFO com.fabienit.flyingclub.web.controllers.AircraftController [http-nio-8001-exec-1] Providing aircraft resource from database: all aircraft list
2024-02-04 12:59:22,601 INFO com.fabienit.flyingclub.web.controllers.WorkshopController [http-nio-8001-exec-2] Providing workshop resource from database: revision id: 4
2024-02-04 12:59:48,311 INFO com.fabienit.flyingclub.web.controllers.AircraftController [http-nio-8001-exec-3] Providing aircraft resource from database: aircraft id: 5
2024-02-04 12:59:48,437 INFO com.fabienit.flyingclub.web.controllers.AircraftController [http-nio-8001-exec-4] Updating aircraft in database, id: 5
2024-02-04 12:59:48,578 INFO com.fabienit.flyingclub.web.controllers.WorkshopController [http-nio-8001-exec-5] Updating workshop in database, id: 4
2024-02-04 12:59:48,739 INFO com.fabienit.flyingclub.web.controllers.WorkshopController [http-nio-8001-exec-6] Providing revision resource from database: all revisions list
2024-02-04 12:59:48,861 INFO com.fabienit.flyingclub.web.controllers.AircraftController [http-nio-8001-exec-7] Providing aircraft resource from database: all aircraft list
2024-02-04 12:59:58,147 INFO com.fabienit.flyingclub.web.controllers.FlyingClubController [http-nio-8001-exec-8] Providing aircraft resource from database: all flyingClub list
2024-02-04 12:59:59,285 INFO com.fabienit.flyingclub.web.controllers.AircraftController [http-nio-8001-exec-9] Providing aircraft resource from database: all aircraft list
2024-02-04 13:00:12,882 INFO com.fabienit.flyingclub.web.controllers.WorkshopController [http-nio-8001-exec-10] Providing revision resource from database: all revisions list
2024-02-04 13:00:13,003 INFO com.fabienit.flyingclub.web.controllers.AircraftController [http-nio-8001-exec-1] Providing aircraft resource from database: all aircraft list
2024-02-04 13:00:17,406 INFO com.fabienit.flyingclub.web.controllers.WorkshopController [http-nio-8001-exec-2] Providing workshop resource from database: revision id: 6
2024-02-04 13:00:17,530 INFO com.fabienit.flyingclub.web.controllers.WorkshopController [http-nio-8001-exec-3] Updating workshop in database, id: 6
2024-02-04 13:00:17,657 INFO com.fabienit.flyingclub.web.controllers.WorkshopController [http-nio-8001-exec-4] Providing revision resource from database: all revisions list
2024-02-04 13:00:17,781 INFO com.fabienit.flyingclub.web.controllers.AircraftController [http-nio-8001-exec-5] Providing aircraft resource from database: all aircraft list
2024-02-04 13:00:24,291 INFO com.fabienit.flyingclub.web.controllers.FlyingClubController [http-nio-8001-exec-6] Providing aircraft resource from database: all flyingClub list
2024-02-04 13:00:25,856 INFO com.fabienit.flyingclub.web.controllers.AircraftController [http-nio-8001-exec-7] Providing aircraft resource from database: all aircraft list
2024-02-04 13:00:37,670 INFO com.fabienit.flyingclub.web.controllers.WorkshopController [http-nio-8001-exec-8] Providing revision resource from database: all revisions list
2024-02-04 13:00:37,796 INFO com.fabienit.flyingclub.web.controllers.AircraftController [http-nio-8001-exec-9] Providing aircraft resource from database: all aircraft list
2024-02-04 13:01:23,252 INFO com.fabienit.flyingclub.web.controllers.RegisteredUserController [http-nio-8001-exec-10] Search user by email: admin@admin.com
2024-02-04 13:01:24,699 INFO com.fabienit.flyingclub.web.controllers.FlyingClubController [http-nio-8001-exec-1] Providing aircraft resource from database: all flyingClub list
2024-02-04 13:01:25,757 INFO com.fabienit.flyingclub.web.controllers.AircraftController [http-nio-8001-exec-2] Providing aircraft resource from database: all aircraft list
2024-02-04 13:02:02,306 INFO com.fabienit.flyingclub.web.controllers.AircraftController [http-nio-8001-exec-3] Adding new aircraft in database
2024-02-04 13:02:02,443 INFO com.fabienit.flyingclub.web.controllers.AircraftController [http-nio-8001-exec-4] Providing aircraft resource from database: all aircraft list
2024-02-04 13:02:10,167 INFO com.fabienit.flyingclub.web.controllers.AircraftController [http-nio-8001-exec-5] Providing aircraft resource from database: all aircraft list
2024-02-04 13:02:10,282 INFO com.fabienit.flyingclub.web.controllers.ReservationController [http-nio-8001-exec-6] Providing reservation resource from database: all reservation list
2024-02-04 13:02:33,866 INFO com.fabienit.flyingclub.web.controllers.AircraftController [http-nio-8001-exec-7] Providing aircraft resource from database: all aircraft list
2024-02-04 13:02:33,984 INFO com.fabienit.flyingclub.web.controllers.ReservationController [http-nio-8001-exec-8] Providing reservation list for registered user from database: user id: 1
2024-02-04 13:02:40,015 INFO com.fabienit.flyingclub.web.controllers.WorkshopController [http-nio-8001-exec-9] Providing revision resource from database: all revisions list
2024-02-04 13:02:40,135 INFO com.fabienit.flyingclub.web.controllers.AircraftController [http-nio-8001-exec-10] Providing aircraft resource from database: all aircraft list
2024-02-04 13:02:49,224 INFO com.fabienit.flyingclub.web.controllers.WorkshopController [http-nio-8001-exec-1] Providing workshop resource from database: revision id: 5
2024-02-04 13:02:52,618 INFO com.fabienit.flyingclub.web.controllers.WorkshopController [http-nio-8001-exec-2] Providing revision resource from database: all revisions list
2024-02-04 13:02:52,741 INFO com.fabienit.flyingclub.web.controllers.AircraftController [http-nio-8001-exec-3] Providing aircraft resource from database: all aircraft list
2024-02-04 13:03:04,008 INFO com.fabienit.flyingclub.web.controllers.AircraftController [http-nio-8001-exec-4] Providing aircraft resource from database: all aircraft list
2024-02-04 13:03:05,973 INFO com.fabienit.flyingclub.web.controllers.AircraftController [http-nio-8001-exec-5] Providing aircraft resource from database: aircraft id: 1
2024-02-04 13:03:06,092 INFO com.fabienit.flyingclub.web.controllers.AircraftController [http-nio-8001-exec-6] Updating aircraft in database, id: 1
2024-02-04 13:03:06,215 INFO com.fabienit.flyingclub.web.controllers.WorkshopController [http-nio-8001-exec-7] Adding new workshop in database
2024-02-04 13:03:06,342 INFO com.fabienit.flyingclub.web.controllers.WorkshopController [http-nio-8001-exec-8] Providing revision resource from database: all revisions list
2024-02-04 13:03:06,464 INFO com.fabienit.flyingclub.web.controllers.AircraftController [http-nio-8001-exec-9] Providing aircraft resource from database: all aircraft list
2024-02-04 13:03:09,257 INFO com.fabienit.flyingclub.web.controllers.WorkshopController [http-nio-8001-exec-10] Providing workshop resource from database: revision id: 7
2024-02-04 13:03:12,643 INFO com.fabienit.flyingclub.web.controllers.WorkshopController [http-nio-8001-exec-1] Providing revision resource from database: all revisions list
2024-02-04 13:03:12,764 INFO com.fabienit.flyingclub.web.controllers.AircraftController [http-nio-8001-exec-2] Providing aircraft resource from database: all aircraft list
