2024-01-28 12:48:12,273 INFO com.fabienit.flyingclub.AeroclubApiApplication [restartedMain] Starting AeroclubApiApplication on FABPC with PID 2836 (started by FaB PC in C:\Users\FaB\Git\Projet 12\aeroclubp12)
2024-01-28 12:48:12,284 DEBUG com.fabienit.flyingclub.AeroclubApiApplication [restartedMain] Running with Spring Boot v2.2.2.RELEASE, Spring v5.2.2.RELEASE
2024-01-28 12:48:12,284 INFO com.fabienit.flyingclub.AeroclubApiApplication [restartedMain] The following profiles are active: dev
2024-01-28 12:48:19,652 DEBUG com.fabienit.flyingclub.configuration.SwaggerConfig$$EnhancerBySpringCGLIB$$bb1ee3a3 [restartedMain] Set Swagger2 documentation
2024-01-28 12:48:20,627 INFO com.fabienit.flyingclub.AeroclubApiApplication [restartedMain] Started AeroclubApiApplication in 8.861 seconds (JVM running for 10.978)
2024-01-28 12:49:47,315 INFO com.fabienit.flyingclub.web.controllers.RegisteredUserController [http-nio-8001-exec-1] Search user by email: admin@admin.com
2024-01-28 12:50:54,014 INFO com.fabienit.flyingclub.web.controllers.RegisteredUserController [http-nio-8001-exec-3] Providing registeredUser resource from database: all registeredUser list
2024-01-28 12:51:11,055 INFO com.fabienit.flyingclub.web.controllers.RegisteredUserController [http-nio-8001-exec-4] Providing registeredUser resource from database: all registeredUser list
2024-01-28 12:51:15,796 INFO com.fabienit.flyingclub.web.controllers.AircraftController [http-nio-8001-exec-5] Providing aircraft resource from database: all aircraft list
2024-01-28 12:51:15,958 INFO com.fabienit.flyingclub.web.controllers.ReservationController [http-nio-8001-exec-6] Providing reservation resource from database: all reservation list
2024-01-28 12:51:39,887 INFO com.fabienit.flyingclub.web.controllers.AircraftController [http-nio-8001-exec-7] Providing aircraft resource from database: all aircraft list
2024-01-28 12:51:40,035 INFO com.fabienit.flyingclub.web.controllers.ReservationController [http-nio-8001-exec-8] Providing reservation resource from database: all reservation list
2024-01-28 12:51:42,665 INFO com.fabienit.flyingclub.web.controllers.WorkshopController [http-nio-8001-exec-9] Providing revision resource from database: all revisions list
2024-01-28 12:51:45,268 INFO com.fabienit.flyingclub.web.controllers.WorkshopController [http-nio-8001-exec-10] Providing workshop resource from database: revision id: 2
2024-01-28 12:51:47,191 INFO com.fabienit.flyingclub.web.controllers.WorkshopController [http-nio-8001-exec-1] Providing revision resource from database: all revisions list
2024-01-28 12:52:32,373 INFO com.fabienit.flyingclub.web.controllers.RegisteredUserController [http-nio-8001-exec-2] Search user by email: test1@gmail.com
2024-01-28 12:58:06,523 INFO com.fabienit.flyingclub.web.controllers.AircraftController [http-nio-8001-exec-4] Providing aircraft resource from database: all aircraft list
2024-01-28 12:58:06,716 INFO com.fabienit.flyingclub.web.controllers.ReservationController [http-nio-8001-exec-5] Providing reservation list for registered user from database: user id: 4
2024-01-28 12:58:22,988 INFO com.fabienit.flyingclub.web.controllers.AircraftController [http-nio-8001-exec-6] Providing aircraft resource from database: available between dates aircraft list
2024-01-28 12:58:25,249 INFO com.fabienit.flyingclub.web.controllers.RegisteredUserController [http-nio-8001-exec-7] Providing registeredUser resource from database: registeredUser id: 4
2024-01-28 12:58:25,374 INFO com.fabienit.flyingclub.web.controllers.AircraftController [http-nio-8001-exec-8] Providing aircraft resource from database: aircraft id: 3
2024-01-28 12:58:25,542 INFO com.fabienit.flyingclub.web.controllers.ReservationController [http-nio-8001-exec-9] Adding new reservation in database
2024-01-28 12:58:26,322 INFO com.fabienit.flyingclub.web.controllers.AircraftController [http-nio-8001-exec-10] Providing aircraft resource from database: all aircraft list
2024-01-28 12:58:26,444 INFO com.fabienit.flyingclub.web.controllers.ReservationController [http-nio-8001-exec-1] Providing reservation list for registered user from database: user id: 4
2024-01-28 12:58:39,085 INFO com.fabienit.flyingclub.web.controllers.AircraftController [http-nio-8001-exec-2] Providing aircraft resource from database: all aircraft list
2024-01-28 12:58:39,211 INFO com.fabienit.flyingclub.web.controllers.ReservationController [http-nio-8001-exec-3] Providing reservation list for registered user from database: user id: 4
2024-01-28 13:01:41,504 INFO com.fabienit.flyingclub.web.controllers.AircraftController [http-nio-8001-exec-5] Providing aircraft resource from database: available between dates aircraft list
2024-01-28 13:02:15,459 INFO com.fabienit.flyingclub.web.controllers.RegisteredUserController [http-nio-8001-exec-6] Providing registeredUser resource from database: registeredUser id: 4
2024-01-28 13:02:15,587 INFO com.fabienit.flyingclub.web.controllers.AircraftController [http-nio-8001-exec-7] Providing aircraft resource from database: aircraft id: 4
2024-01-28 13:02:15,726 INFO com.fabienit.flyingclub.web.controllers.ReservationController [http-nio-8001-exec-8] Adding new reservation in database
2024-01-28 13:02:15,893 INFO com.fabienit.flyingclub.web.controllers.AircraftController [http-nio-8001-exec-9] Providing aircraft resource from database: all aircraft list
2024-01-28 13:02:16,011 INFO com.fabienit.flyingclub.web.controllers.ReservationController [http-nio-8001-exec-10] Providing reservation list for registered user from database: user id: 4
2024-01-28 13:09:47,693 INFO com.fabienit.flyingclub.web.controllers.RegisteredUserController [http-nio-8001-exec-2] Search user by email: mechanic@mechanic.com
2024-01-28 13:09:48,983 INFO com.fabienit.flyingclub.web.controllers.WorkshopController [http-nio-8001-exec-3] Providing revision resource from database: all revisions list
2024-01-28 13:11:54,966 INFO com.fabienit.flyingclub.web.controllers.RegisteredUserController [http-nio-8001-exec-5] Search user by email: mechanic@mechanic.com
2024-01-28 13:11:56,664 INFO com.fabienit.flyingclub.web.controllers.WorkshopController [http-nio-8001-exec-6] Providing revision resource from database: all revisions list
2024-01-28 13:13:52,965 INFO com.fabienit.flyingclub.web.controllers.WorkshopController [http-nio-8001-exec-8] Providing workshop resource from database: revision id: 4
2024-01-28 13:15:04,014 INFO com.fabienit.flyingclub.web.controllers.WorkshopController [http-nio-8001-exec-10] Providing revision resource from database: all revisions list
2024-01-28 13:15:05,621 INFO com.fabienit.flyingclub.web.controllers.AircraftController [http-nio-8001-exec-1] Providing aircraft resource from database: all aircraft list
2024-01-28 16:23:11,487 INFO com.fabienit.flyingclub.web.controllers.WorkshopController [http-nio-8001-exec-3] Providing revision resource from database: all revisions list
2024-01-28 16:23:35,153 INFO com.fabienit.flyingclub.web.controllers.RegisteredUserController [http-nio-8001-exec-4] Search user by email: mechanic@mechanic.com
2024-01-28 16:23:36,384 INFO com.fabienit.flyingclub.web.controllers.WorkshopController [http-nio-8001-exec-5] Providing revision resource from database: all revisions list
2024-01-28 16:52:20,941 INFO com.fabienit.flyingclub.web.controllers.RegisteredUserController [http-nio-8001-exec-7] Search user by email: admin@admin.com
2024-01-28 16:52:22,014 INFO com.fabienit.flyingclub.web.controllers.WorkshopController [http-nio-8001-exec-8] Providing revision resource from database: all revisions list
2024-01-28 16:58:07,978 INFO com.fabienit.flyingclub.web.controllers.RegisteredUserController [http-nio-8001-exec-10] Search user by email: admin@admin.com
2024-01-28 16:58:09,527 INFO com.fabienit.flyingclub.web.controllers.WorkshopController [http-nio-8001-exec-1] Providing revision resource from database: all revisions list
2024-01-28 16:59:39,557 INFO com.fabienit.flyingclub.web.controllers.RegisteredUserController [http-nio-8001-exec-3] Search user by email: admin@admin.com
2024-01-28 16:59:40,847 INFO com.fabienit.flyingclub.web.controllers.WorkshopController [http-nio-8001-exec-4] Providing revision resource from database: all revisions list
2024-01-28 17:00:27,725 INFO com.fabienit.flyingclub.web.controllers.RegisteredUserController [http-nio-8001-exec-6] Search user by email: admin@admin.com
2024-01-28 17:00:28,673 INFO com.fabienit.flyingclub.web.controllers.WorkshopController [http-nio-8001-exec-7] Providing revision resource from database: all revisions list
2024-01-28 17:00:57,818 INFO com.fabienit.flyingclub.web.controllers.RegisteredUserController [http-nio-8001-exec-9] Search user by email: admin@admin.com
2024-01-28 17:00:58,897 INFO com.fabienit.flyingclub.web.controllers.WorkshopController [http-nio-8001-exec-10] Providing revision resource from database: all revisions list
2024-01-28 17:01:28,425 INFO com.fabienit.flyingclub.web.controllers.WorkshopController [http-nio-8001-exec-1] Providing workshop resource from database: revision id: 4
2024-01-28 17:01:29,760 INFO com.fabienit.flyingclub.web.controllers.WorkshopController [http-nio-8001-exec-2] Providing revision resource from database: all revisions list
2024-01-28 17:01:30,510 INFO com.fabienit.flyingclub.web.controllers.WorkshopController [http-nio-8001-exec-3] Providing workshop resource from database: revision id: 4
2024-01-28 17:01:35,424 INFO com.fabienit.flyingclub.web.controllers.WorkshopController [http-nio-8001-exec-4] Updating workshop in database, id: 4
2024-01-28 17:01:35,608 INFO com.fabienit.flyingclub.web.controllers.WorkshopController [http-nio-8001-exec-5] Providing revision resource from database: all revisions list
2024-01-28 17:01:43,840 INFO com.fabienit.flyingclub.web.controllers.AircraftController [http-nio-8001-exec-6] Providing aircraft resource from database: all aircraft list
2024-01-28 17:01:45,827 INFO com.fabienit.flyingclub.web.controllers.AircraftController [http-nio-8001-exec-7] Providing aircraft resource from database: aircraft id: 1
2024-01-28 17:01:45,960 INFO com.fabienit.flyingclub.web.controllers.AircraftController [http-nio-8001-exec-8] Updating aircraft in database, id: 1
2024-01-28 17:01:46,133 INFO com.fabienit.flyingclub.web.controllers.WorkshopController [http-nio-8001-exec-9] Adding new workshop in database
2024-01-28 17:01:46,287 INFO com.fabienit.flyingclub.web.controllers.WorkshopController [http-nio-8001-exec-10] Providing revision resource from database: all revisions list
2024-01-28 17:01:51,447 INFO com.fabienit.flyingclub.web.controllers.WorkshopController [http-nio-8001-exec-1] Providing revision resource from database: all revisions list
2024-01-28 20:40:05,677 INFO com.fabienit.flyingclub.web.controllers.RegisteredUserController [http-nio-8001-exec-3] Search user by email: admin@admin.com
2024-01-28 20:40:20,184 INFO com.fabienit.flyingclub.web.controllers.WorkshopController [http-nio-8001-exec-4] Providing revision resource from database: all revisions list
2024-01-28 20:40:22,388 INFO com.fabienit.flyingclub.web.controllers.AircraftController [http-nio-8001-exec-5] Providing aircraft resource from database: all aircraft list
2024-01-28 20:40:22,676 INFO com.fabienit.flyingclub.web.controllers.ReservationController [http-nio-8001-exec-6] Providing reservation resource from database: all reservation list
2024-01-28 20:40:24,762 INFO com.fabienit.flyingclub.web.controllers.FlyingClubController [http-nio-8001-exec-7] Providing aircraft resource from database: all flyingClub list
