2024-01-22 10:25:53,402 INFO com.fabienit.flyingclub.AeroclubApiApplication [restartedMain] Starting AeroclubApiApplication on FABPC with PID 13128 (started by FaB PC in C:\Users\FaB\Git\Projet 12\aeroclubp12)
2024-01-22 10:25:53,426 DEBUG com.fabienit.flyingclub.AeroclubApiApplication [restartedMain] Running with Spring Boot v2.2.2.RELEASE, Spring v5.2.2.RELEASE
2024-01-22 10:25:53,426 INFO com.fabienit.flyingclub.AeroclubApiApplication [restartedMain] The following profiles are active: dev
2024-01-22 10:26:00,930 DEBUG com.fabienit.flyingclub.configuration.SwaggerConfig$$EnhancerBySpringCGLIB$$df367793 [restartedMain] Set Swagger2 documentation
2024-01-22 10:26:01,779 INFO com.fabienit.flyingclub.AeroclubApiApplication [restartedMain] Started AeroclubApiApplication in 8.917 seconds (JVM running for 11.155)
2024-01-22 10:54:13,654 INFO com.fabienit.flyingclub.AeroclubApiApplication [restartedMain] Starting AeroclubApiApplication on FABPC with PID 7768 (started by FaB PC in C:\Users\FaB\Git\Projet 12\aeroclubp12)
2024-01-22 10:54:13,658 DEBUG com.fabienit.flyingclub.AeroclubApiApplication [restartedMain] Running with Spring Boot v2.2.2.RELEASE, Spring v5.2.2.RELEASE
2024-01-22 10:54:13,658 INFO com.fabienit.flyingclub.AeroclubApiApplication [restartedMain] The following profiles are active: dev
2024-01-22 10:54:20,406 DEBUG com.fabienit.flyingclub.configuration.SwaggerConfig$$EnhancerBySpringCGLIB$$7a525d38 [restartedMain] Set Swagger2 documentation
2024-01-22 10:54:21,322 INFO com.fabienit.flyingclub.AeroclubApiApplication [restartedMain] Started AeroclubApiApplication in 8.234 seconds (JVM running for 10.858)
2024-01-22 10:57:51,432 INFO com.fabienit.flyingclub.web.controllers.RegisteredUserController [http-nio-8001-exec-1] Search user by email: test1@gmail.com
2024-01-22 10:57:53,218 INFO com.fabienit.flyingclub.web.controllers.AircraftController [http-nio-8001-exec-2] Providing aircraft resource from database: all aircraft list
2024-01-22 10:57:53,401 INFO com.fabienit.flyingclub.web.controllers.ReservationController [http-nio-8001-exec-3] Providing reservation list for registered user from database: user id: 4
2024-01-22 10:58:13,684 INFO com.fabienit.flyingclub.web.controllers.AircraftController [http-nio-8001-exec-4] Providing aircraft resource from database: available between dates aircraft list
2024-01-22 10:58:17,012 INFO com.fabienit.flyingclub.web.controllers.RegisteredUserController [http-nio-8001-exec-5] Providing registeredUser resource from database: registeredUser id: 4
2024-01-22 10:58:17,175 INFO com.fabienit.flyingclub.web.controllers.AircraftController [http-nio-8001-exec-6] Providing aircraft resource from database: aircraft id: 3
2024-01-22 10:58:17,379 INFO com.fabienit.flyingclub.web.controllers.ReservationController [http-nio-8001-exec-7] Adding new reservation in database
2024-01-22 10:58:19,931 ERROR org.apache.catalina.core.ContainerBase.[Tomcat].[localhost].[/].[dispatcherServlet] [http-nio-8001-exec-7] Servlet.service() for servlet [dispatcherServlet] in context with path [] threw exception [Request processing failed; nested exception is org.springframework.mail.MailSendException: Mail server connection failed; nested exception is com.sun.mail.util.MailConnectException: Couldn't connect to host, port: localhost, 25; timeout -1;
  nested exception is:
	java.net.ConnectException: Connection refused: connect. Failed messages: com.sun.mail.util.MailConnectException: Couldn't connect to host, port: localhost, 25; timeout -1;
  nested exception is:
	java.net.ConnectException: Connection refused: connect; message exceptions (1) are:
Failed message 1: com.sun.mail.util.MailConnectException: Couldn't connect to host, port: localhost, 25; timeout -1;
  nested exception is:
	java.net.ConnectException: Connection refused: connect] with root cause
java.net.ConnectException: Connection refused: connect
	at java.base/java.net.PlainSocketImpl.connect0(Native Method)
	at java.base/java.net.PlainSocketImpl.socketConnect(PlainSocketImpl.java:101)
	at java.base/java.net.AbstractPlainSocketImpl.doConnect(AbstractPlainSocketImpl.java:399)
	at java.base/java.net.AbstractPlainSocketImpl.connectToAddress(AbstractPlainSocketImpl.java:242)
	at java.base/java.net.AbstractPlainSocketImpl.connect(AbstractPlainSocketImpl.java:224)
	at java.base/java.net.SocksSocketImpl.connect(SocksSocketImpl.java:403)
	at java.base/java.net.Socket.connect(Socket.java:591)
	at java.base/java.net.Socket.connect(Socket.java:540)
	at com.sun.mail.util.SocketFetcher.createSocket(SocketFetcher.java:335)
	at com.sun.mail.util.SocketFetcher.getSocket(SocketFetcher.java:214)
	at com.sun.mail.smtp.SMTPTransport.openServer(SMTPTransport.java:2160)
	at com.sun.mail.smtp.SMTPTransport.protocolConnect(SMTPTransport.java:722)
	at javax.mail.Service.connect(Service.java:342)
	at org.springframework.mail.javamail.JavaMailSenderImpl.connectTransport(JavaMailSenderImpl.java:518)
	at org.springframework.mail.javamail.JavaMailSenderImpl.doSend(JavaMailSenderImpl.java:437)
	at org.springframework.mail.javamail.JavaMailSenderImpl.send(JavaMailSenderImpl.java:361)
	at org.springframework.mail.javamail.JavaMailSenderImpl.send(JavaMailSenderImpl.java:356)
	at com.fabienit.flyingclub.manager.EmailService.sendHtmlMessage(EmailService.java:43)
	at com.fabienit.flyingclub.manager.impl.ReservationManagerImpl.save(ReservationManagerImpl.java:89)
	at com.fabienit.flyingclub.manager.impl.ReservationManagerImpl$$FastClassBySpringCGLIB$$b422f1f0.invoke(<generated>)
	at org.springframework.cglib.proxy.MethodProxy.invoke(MethodProxy.java:218)
	at org.springframework.aop.framework.CglibAopProxy$CglibMethodInvocation.invokeJoinpoint(CglibAopProxy.java:769)
	at org.springframework.aop.framework.ReflectiveMethodInvocation.proceed(ReflectiveMethodInvocation.java:163)
	at org.springframework.aop.framework.CglibAopProxy$CglibMethodInvocation.proceed(CglibAopProxy.java:747)
	at org.springframework.transaction.interceptor.TransactionAspectSupport.invokeWithinTransaction(TransactionAspectSupport.java:366)
	at org.springframework.transaction.interceptor.TransactionInterceptor.invoke(TransactionInterceptor.java:99)
	at org.springframework.aop.framework.ReflectiveMethodInvocation.proceed(ReflectiveMethodInvocation.java:186)
	at org.springframework.aop.framework.CglibAopProxy$CglibMethodInvocation.proceed(CglibAopProxy.java:747)
	at org.springframework.aop.framework.CglibAopProxy$DynamicAdvisedInterceptor.intercept(CglibAopProxy.java:689)
	at com.fabienit.flyingclub.manager.impl.ReservationManagerImpl$$EnhancerBySpringCGLIB$$247b1d35.save(<generated>)
	at com.fabienit.flyingclub.web.controllers.ReservationController.addReservation(ReservationController.java:71)
	at com.fabienit.flyingclub.web.controllers.ReservationController$$FastClassBySpringCGLIB$$2c17ce79.invoke(<generated>)
	at org.springframework.cglib.proxy.MethodProxy.invoke(MethodProxy.java:218)
	at org.springframework.aop.framework.CglibAopProxy$CglibMethodInvocation.invokeJoinpoint(CglibAopProxy.java:769)
	at org.springframework.aop.framework.ReflectiveMethodInvocation.proceed(ReflectiveMethodInvocation.java:163)
	at org.springframework.aop.framework.CglibAopProxy$CglibMethodInvocation.proceed(CglibAopProxy.java:747)
	at org.springframework.validation.beanvalidation.MethodValidationInterceptor.invoke(MethodValidationInterceptor.java:120)
	at org.springframework.aop.framework.ReflectiveMethodInvocation.proceed(ReflectiveMethodInvocation.java:186)
	at org.springframework.aop.framework.CglibAopProxy$CglibMethodInvocation.proceed(CglibAopProxy.java:747)
	at org.springframework.aop.framework.CglibAopProxy$DynamicAdvisedInterceptor.intercept(CglibAopProxy.java:689)
	at com.fabienit.flyingclub.web.controllers.ReservationController$$EnhancerBySpringCGLIB$$99a85aa0.addReservation(<generated>)
	at java.base/jdk.internal.reflect.NativeMethodAccessorImpl.invoke0(Native Method)
	at java.base/jdk.internal.reflect.NativeMethodAccessorImpl.invoke(NativeMethodAccessorImpl.java:62)
	at java.base/jdk.internal.reflect.DelegatingMethodAccessorImpl.invoke(DelegatingMethodAccessorImpl.java:43)
	at java.base/java.lang.reflect.Method.invoke(Method.java:566)
	at org.springframework.web.method.support.InvocableHandlerMethod.doInvoke(InvocableHandlerMethod.java:190)
	at org.springframework.web.method.support.InvocableHandlerMethod.invokeForRequest(InvocableHandlerMethod.java:138)
	at org.springframework.web.servlet.mvc.method.annotation.ServletInvocableHandlerMethod.invokeAndHandle(ServletInvocableHandlerMethod.java:106)
	at org.springframework.web.servlet.mvc.method.annotation.RequestMappingHandlerAdapter.invokeHandlerMethod(RequestMappingHandlerAdapter.java:888)
	at org.springframework.web.servlet.mvc.method.annotation.RequestMappingHandlerAdapter.handleInternal(RequestMappingHandlerAdapter.java:793)
	at org.springframework.web.servlet.mvc.method.AbstractHandlerMethodAdapter.handle(AbstractHandlerMethodAdapter.java:87)
	at org.springframework.web.servlet.DispatcherServlet.doDispatch(DispatcherServlet.java:1040)
	at org.springframework.web.servlet.DispatcherServlet.doService(DispatcherServlet.java:943)
	at org.springframework.web.servlet.FrameworkServlet.processRequest(FrameworkServlet.java:1006)
	at org.springframework.web.servlet.FrameworkServlet.doPost(FrameworkServlet.java:909)
	at javax.servlet.http.HttpServlet.service(HttpServlet.java:660)
	at org.springframework.web.servlet.FrameworkServlet.service(FrameworkServlet.java:883)
	at javax.servlet.http.HttpServlet.service(HttpServlet.java:741)
	at org.apache.catalina.core.ApplicationFilterChain.internalDoFilter(ApplicationFilterChain.java:231)
	at org.apache.catalina.core.ApplicationFilterChain.doFilter(ApplicationFilterChain.java:166)
	at org.apache.tomcat.websocket.server.WsFilter.doFilter(WsFilter.java:53)
	at org.apache.catalina.core.ApplicationFilterChain.internalDoFilter(ApplicationFilterChain.java:193)
	at org.apache.catalina.core.ApplicationFilterChain.doFilter(ApplicationFilterChain.java:166)
	at org.springframework.security.web.FilterChainProxy$VirtualFilterChain.doFilter(FilterChainProxy.java:320)
	at org.springframework.security.web.access.intercept.FilterSecurityInterceptor.invoke(FilterSecurityInterceptor.java:126)
	at org.springframework.security.web.access.intercept.FilterSecurityInterceptor.doFilter(FilterSecurityInterceptor.java:90)
	at org.springframework.security.web.FilterChainProxy$VirtualFilterChain.doFilter(FilterChainProxy.java:334)
	at org.springframework.security.web.access.ExceptionTranslationFilter.doFilter(ExceptionTranslationFilter.java:118)
	at org.springframework.security.web.FilterChainProxy$VirtualFilterChain.doFilter(FilterChainProxy.java:334)
	at org.springframework.security.web.session.SessionManagementFilter.doFilter(SessionManagementFilter.java:137)
	at org.springframework.security.web.FilterChainProxy$VirtualFilterChain.doFilter(FilterChainProxy.java:334)
	at org.springframework.security.web.authentication.AnonymousAuthenticationFilter.doFilter(AnonymousAuthenticationFilter.java:111)
	at org.springframework.security.web.FilterChainProxy$VirtualFilterChain.doFilter(FilterChainProxy.java:334)
	at org.springframework.security.web.servletapi.SecurityContextHolderAwareRequestFilter.doFilter(SecurityContextHolderAwareRequestFilter.java:158)
	at org.springframework.security.web.FilterChainProxy$VirtualFilterChain.doFilter(FilterChainProxy.java:334)
	at org.springframework.security.web.savedrequest.RequestCacheAwareFilter.doFilter(RequestCacheAwareFilter.java:63)
	at org.springframework.security.web.FilterChainProxy$VirtualFilterChain.doFilter(FilterChainProxy.java:334)
	at org.springframework.security.web.authentication.www.BasicAuthenticationFilter.doFilterInternal(BasicAuthenticationFilter.java:203)
	at org.springframework.web.filter.OncePerRequestFilter.doFilter(OncePerRequestFilter.java:119)
	at org.springframework.security.web.FilterChainProxy$VirtualFilterChain.doFilter(FilterChainProxy.java:334)
	at org.springframework.security.web.authentication.logout.LogoutFilter.doFilter(LogoutFilter.java:116)
	at org.springframework.security.web.FilterChainProxy$VirtualFilterChain.doFilter(FilterChainProxy.java:334)
	at org.springframework.security.web.header.HeaderWriterFilter.doHeadersAfter(HeaderWriterFilter.java:92)
	at org.springframework.security.web.header.HeaderWriterFilter.doFilterInternal(HeaderWriterFilter.java:77)
	at org.springframework.web.filter.OncePerRequestFilter.doFilter(OncePerRequestFilter.java:119)
	at org.springframework.security.web.FilterChainProxy$VirtualFilterChain.doFilter(FilterChainProxy.java:334)
	at org.springframework.security.web.context.SecurityContextPersistenceFilter.doFilter(SecurityContextPersistenceFilter.java:105)
	at org.springframework.security.web.FilterChainProxy$VirtualFilterChain.doFilter(FilterChainProxy.java:334)
	at org.springframework.security.web.context.request.async.WebAsyncManagerIntegrationFilter.doFilterInternal(WebAsyncManagerIntegrationFilter.java:56)
	at org.springframework.web.filter.OncePerRequestFilter.doFilter(OncePerRequestFilter.java:119)
	at org.springframework.security.web.FilterChainProxy$VirtualFilterChain.doFilter(FilterChainProxy.java:334)
	at org.springframework.security.web.FilterChainProxy.doFilterInternal(FilterChainProxy.java:215)
	at org.springframework.security.web.FilterChainProxy.doFilter(FilterChainProxy.java:178)
	at org.springframework.web.filter.DelegatingFilterProxy.invokeDelegate(DelegatingFilterProxy.java:358)
	at org.springframework.web.filter.DelegatingFilterProxy.doFilter(DelegatingFilterProxy.java:271)
	at org.apache.catalina.core.ApplicationFilterChain.internalDoFilter(ApplicationFilterChain.java:193)
	at org.apache.catalina.core.ApplicationFilterChain.doFilter(ApplicationFilterChain.java:166)
	at org.springframework.web.filter.RequestContextFilter.doFilterInternal(RequestContextFilter.java:100)
	at org.springframework.web.filter.OncePerRequestFilter.doFilter(OncePerRequestFilter.java:119)
	at org.apache.catalina.core.ApplicationFilterChain.internalDoFilter(ApplicationFilterChain.java:193)
	at org.apache.catalina.core.ApplicationFilterChain.doFilter(ApplicationFilterChain.java:166)
	at org.springframework.web.filter.FormContentFilter.doFilterInternal(FormContentFilter.java:93)
	at org.springframework.web.filter.OncePerRequestFilter.doFilter(OncePerRequestFilter.java:119)
	at org.apache.catalina.core.ApplicationFilterChain.internalDoFilter(ApplicationFilterChain.java:193)
	at org.apache.catalina.core.ApplicationFilterChain.doFilter(ApplicationFilterChain.java:166)
	at org.springframework.web.filter.CharacterEncodingFilter.doFilterInternal(CharacterEncodingFilter.java:201)
	at org.springframework.web.filter.OncePerRequestFilter.doFilter(OncePerRequestFilter.java:119)
	at org.apache.catalina.core.ApplicationFilterChain.internalDoFilter(ApplicationFilterChain.java:193)
	at org.apache.catalina.core.ApplicationFilterChain.doFilter(ApplicationFilterChain.java:166)
	at org.apache.catalina.core.StandardWrapperValve.invoke(StandardWrapperValve.java:202)
	at org.apache.catalina.core.StandardContextValve.invoke(StandardContextValve.java:96)
	at org.apache.catalina.authenticator.AuthenticatorBase.invoke(AuthenticatorBase.java:526)
	at org.apache.catalina.core.StandardHostValve.invoke(StandardHostValve.java:139)
	at org.apache.catalina.valves.ErrorReportValve.invoke(ErrorReportValve.java:92)
	at org.apache.catalina.core.StandardEngineValve.invoke(StandardEngineValve.java:74)
	at org.apache.catalina.connector.CoyoteAdapter.service(CoyoteAdapter.java:343)
	at org.apache.coyote.http11.Http11Processor.service(Http11Processor.java:367)
	at org.apache.coyote.AbstractProcessorLight.process(AbstractProcessorLight.java:65)
	at org.apache.coyote.AbstractProtocol$ConnectionHandler.process(AbstractProtocol.java:860)
	at org.apache.tomcat.util.net.NioEndpoint$SocketProcessor.doRun(NioEndpoint.java:1591)
	at org.apache.tomcat.util.net.SocketProcessorBase.run(SocketProcessorBase.java:49)
	at java.base/java.util.concurrent.ThreadPoolExecutor.runWorker(ThreadPoolExecutor.java:1128)
	at java.base/java.util.concurrent.ThreadPoolExecutor$Worker.run(ThreadPoolExecutor.java:628)
	at org.apache.tomcat.util.threads.TaskThread$WrappingRunnable.run(TaskThread.java:61)
	at java.base/java.lang.Thread.run(Thread.java:834)
2024-01-22 10:58:20,097 INFO com.fabienit.flyingclub.web.controllers.AircraftController [http-nio-8001-exec-8] Providing aircraft resource from database: all aircraft list
2024-01-22 10:58:20,249 INFO com.fabienit.flyingclub.web.controllers.ReservationController [http-nio-8001-exec-9] Providing reservation list for registered user from database: user id: 4
2024-01-22 10:59:34,855 INFO com.fabienit.flyingclub.web.controllers.AircraftController [http-nio-8001-exec-1] Providing aircraft resource from database: available between dates aircraft list
2024-01-22 10:59:37,645 INFO com.fabienit.flyingclub.web.controllers.RegisteredUserController [http-nio-8001-exec-2] Providing registeredUser resource from database: registeredUser id: 4
2024-01-22 10:59:37,778 INFO com.fabienit.flyingclub.web.controllers.AircraftController [http-nio-8001-exec-3] Providing aircraft resource from database: aircraft id: 1
2024-01-22 10:59:37,910 INFO com.fabienit.flyingclub.web.controllers.ReservationController [http-nio-8001-exec-4] Adding new reservation in database
2024-01-22 10:59:38,389 INFO com.fabienit.flyingclub.web.controllers.AircraftController [http-nio-8001-exec-5] Providing aircraft resource from database: all aircraft list
2024-01-22 10:59:38,536 INFO com.fabienit.flyingclub.web.controllers.ReservationController [http-nio-8001-exec-6] Providing reservation list for registered user from database: user id: 4
2024-01-22 10:59:43,518 INFO com.fabienit.flyingclub.web.controllers.ReservationController [http-nio-8001-exec-7] Providing reservation resource from database: reservation id: 8
2024-01-22 10:59:47,244 INFO com.fabienit.flyingclub.web.controllers.ReservationController [http-nio-8001-exec-8] Providing reservation resource from database: reservation id: 8
2024-01-22 10:59:47,373 INFO com.fabienit.flyingclub.web.controllers.RegisteredUserController [http-nio-8001-exec-9] Updating registeredUser in database, id: 4
2024-01-22 10:59:47,528 INFO com.fabienit.flyingclub.web.controllers.AircraftController [http-nio-8001-exec-10] Updating aircraft in database, id: 1
2024-01-22 10:59:47,662 INFO com.fabienit.flyingclub.web.controllers.ReservationController [http-nio-8001-exec-1] Updating reservation in database, id: 8
2024-01-22 10:59:47,900 INFO com.fabienit.flyingclub.web.controllers.AircraftController [http-nio-8001-exec-2] Providing aircraft resource from database: all aircraft list
2024-01-22 10:59:48,019 INFO com.fabienit.flyingclub.web.controllers.ReservationController [http-nio-8001-exec-3] Providing reservation list for registered user from database: user id: 4
2024-01-22 13:44:56,973 INFO com.fabienit.flyingclub.AeroclubApiApplication [restartedMain] Starting AeroclubApiApplication on FABPC with PID 8212 (started by FaB PC in C:\Users\FaB\Git\Projet 12\aeroclubp12)
2024-01-22 13:44:56,995 DEBUG com.fabienit.flyingclub.AeroclubApiApplication [restartedMain] Running with Spring Boot v2.2.2.RELEASE, Spring v5.2.2.RELEASE
2024-01-22 13:44:57,000 INFO com.fabienit.flyingclub.AeroclubApiApplication [restartedMain] The following profiles are active: dev
2024-01-22 13:45:06,231 DEBUG com.fabienit.flyingclub.configuration.SwaggerConfig$$EnhancerBySpringCGLIB$$dbc0e2b0 [restartedMain] Set Swagger2 documentation
2024-01-22 13:45:07,227 INFO com.fabienit.flyingclub.AeroclubApiApplication [restartedMain] Started AeroclubApiApplication in 11.024 seconds (JVM running for 13.692)
2024-01-22 15:41:05,821 INFO com.fabienit.flyingclub.web.controllers.RegisteredUserController [http-nio-8001-exec-1] Search user by email: test1@gmail.com
2024-01-22 16:01:57,835 INFO com.fabienit.flyingclub.AeroclubApiApplication [restartedMain] Starting AeroclubApiApplication on FABPC with PID 11420 (started by FaB PC in C:\Users\FaB\Git\Projet 12\aeroclubp12)
2024-01-22 16:01:57,839 DEBUG com.fabienit.flyingclub.AeroclubApiApplication [restartedMain] Running with Spring Boot v2.2.2.RELEASE, Spring v5.2.2.RELEASE
2024-01-22 16:01:57,839 INFO com.fabienit.flyingclub.AeroclubApiApplication [restartedMain] The following profiles are active: dev
2024-01-22 16:02:04,906 DEBUG com.fabienit.flyingclub.configuration.SwaggerConfig$$EnhancerBySpringCGLIB$$3c34c32f [restartedMain] Set Swagger2 documentation
2024-01-22 16:02:05,683 INFO com.fabienit.flyingclub.AeroclubApiApplication [restartedMain] Started AeroclubApiApplication in 8.317 seconds (JVM running for 9.99)
2024-01-22 16:02:16,263 INFO com.fabienit.flyingclub.web.controllers.RegisteredUserController [http-nio-8001-exec-1] Search user by email: admin@admin.com
2024-01-22 16:02:17,604 INFO com.fabienit.flyingclub.web.controllers.AircraftController [http-nio-8001-exec-2] Providing aircraft resource from database: all aircraft list
2024-01-22 16:02:17,788 INFO com.fabienit.flyingclub.web.controllers.ReservationController [http-nio-8001-exec-3] Providing reservation list for registered user from database: user id: 1
2024-01-22 16:02:25,303 INFO com.fabienit.flyingclub.web.controllers.AircraftController [http-nio-8001-exec-4] Providing aircraft resource from database: available between dates aircraft list
2024-01-22 16:02:27,607 INFO com.fabienit.flyingclub.web.controllers.RegisteredUserController [http-nio-8001-exec-5] Providing registeredUser resource from database: registeredUser id: 1
2024-01-22 16:02:27,784 INFO com.fabienit.flyingclub.web.controllers.AircraftController [http-nio-8001-exec-6] Providing aircraft resource from database: aircraft id: 3
2024-01-22 16:02:28,001 INFO com.fabienit.flyingclub.web.controllers.ReservationController [http-nio-8001-exec-7] Adding new reservation in database
2024-01-22 16:02:30,628 ERROR org.apache.catalina.core.ContainerBase.[Tomcat].[localhost].[/].[dispatcherServlet] [http-nio-8001-exec-7] Servlet.service() for servlet [dispatcherServlet] in context with path [] threw exception [Request processing failed; nested exception is org.springframework.mail.MailSendException: Mail server connection failed; nested exception is com.sun.mail.util.MailConnectException: Couldn't connect to host, port: localhost, 25; timeout -1;
  nested exception is:
	java.net.ConnectException: Connection refused: connect. Failed messages: com.sun.mail.util.MailConnectException: Couldn't connect to host, port: localhost, 25; timeout -1;
  nested exception is:
	java.net.ConnectException: Connection refused: connect; message exceptions (1) are:
Failed message 1: com.sun.mail.util.MailConnectException: Couldn't connect to host, port: localhost, 25; timeout -1;
  nested exception is:
	java.net.ConnectException: Connection refused: connect] with root cause
java.net.ConnectException: Connection refused: connect
	at java.base/java.net.PlainSocketImpl.connect0(Native Method)
	at java.base/java.net.PlainSocketImpl.socketConnect(PlainSocketImpl.java:101)
	at java.base/java.net.AbstractPlainSocketImpl.doConnect(AbstractPlainSocketImpl.java:399)
	at java.base/java.net.AbstractPlainSocketImpl.connectToAddress(AbstractPlainSocketImpl.java:242)
	at java.base/java.net.AbstractPlainSocketImpl.connect(AbstractPlainSocketImpl.java:224)
	at java.base/java.net.SocksSocketImpl.connect(SocksSocketImpl.java:403)
	at java.base/java.net.Socket.connect(Socket.java:591)
	at java.base/java.net.Socket.connect(Socket.java:540)
	at com.sun.mail.util.SocketFetcher.createSocket(SocketFetcher.java:335)
	at com.sun.mail.util.SocketFetcher.getSocket(SocketFetcher.java:214)
	at com.sun.mail.smtp.SMTPTransport.openServer(SMTPTransport.java:2160)
	at com.sun.mail.smtp.SMTPTransport.protocolConnect(SMTPTransport.java:722)
	at javax.mail.Service.connect(Service.java:342)
	at org.springframework.mail.javamail.JavaMailSenderImpl.connectTransport(JavaMailSenderImpl.java:518)
	at org.springframework.mail.javamail.JavaMailSenderImpl.doSend(JavaMailSenderImpl.java:437)
	at org.springframework.mail.javamail.JavaMailSenderImpl.send(JavaMailSenderImpl.java:361)
	at org.springframework.mail.javamail.JavaMailSenderImpl.send(JavaMailSenderImpl.java:356)
	at com.fabienit.flyingclub.manager.EmailService.sendHtmlMessage(EmailService.java:43)
	at com.fabienit.flyingclub.manager.impl.ReservationManagerImpl.save(ReservationManagerImpl.java:89)
	at com.fabienit.flyingclub.manager.impl.ReservationManagerImpl$$FastClassBySpringCGLIB$$b422f1f0.invoke(<generated>)
	at org.springframework.cglib.proxy.MethodProxy.invoke(MethodProxy.java:218)
	at org.springframework.aop.framework.CglibAopProxy$CglibMethodInvocation.invokeJoinpoint(CglibAopProxy.java:769)
	at org.springframework.aop.framework.ReflectiveMethodInvocation.proceed(ReflectiveMethodInvocation.java:163)
	at org.springframework.aop.framework.CglibAopProxy$CglibMethodInvocation.proceed(CglibAopProxy.java:747)
	at org.springframework.transaction.interceptor.TransactionAspectSupport.invokeWithinTransaction(TransactionAspectSupport.java:366)
	at org.springframework.transaction.interceptor.TransactionInterceptor.invoke(TransactionInterceptor.java:99)
	at org.springframework.aop.framework.ReflectiveMethodInvocation.proceed(ReflectiveMethodInvocation.java:186)
	at org.springframework.aop.framework.CglibAopProxy$CglibMethodInvocation.proceed(CglibAopProxy.java:747)
	at org.springframework.aop.framework.CglibAopProxy$DynamicAdvisedInterceptor.intercept(CglibAopProxy.java:689)
	at com.fabienit.flyingclub.manager.impl.ReservationManagerImpl$$EnhancerBySpringCGLIB$$5913d732.save(<generated>)
	at com.fabienit.flyingclub.web.controllers.ReservationController.addReservation(ReservationController.java:71)
	at com.fabienit.flyingclub.web.controllers.ReservationController$$FastClassBySpringCGLIB$$2c17ce79.invoke(<generated>)
	at org.springframework.cglib.proxy.MethodProxy.invoke(MethodProxy.java:218)
	at org.springframework.aop.framework.CglibAopProxy$CglibMethodInvocation.invokeJoinpoint(CglibAopProxy.java:769)
	at org.springframework.aop.framework.ReflectiveMethodInvocation.proceed(ReflectiveMethodInvocation.java:163)
	at org.springframework.aop.framework.CglibAopProxy$CglibMethodInvocation.proceed(CglibAopProxy.java:747)
	at org.springframework.validation.beanvalidation.MethodValidationInterceptor.invoke(MethodValidationInterceptor.java:120)
	at org.springframework.aop.framework.ReflectiveMethodInvocation.proceed(ReflectiveMethodInvocation.java:186)
	at org.springframework.aop.framework.CglibAopProxy$CglibMethodInvocation.proceed(CglibAopProxy.java:747)
	at org.springframework.aop.framework.CglibAopProxy$DynamicAdvisedInterceptor.intercept(CglibAopProxy.java:689)
	at com.fabienit.flyingclub.web.controllers.ReservationController$$EnhancerBySpringCGLIB$$255c721f.addReservation(<generated>)
	at java.base/jdk.internal.reflect.NativeMethodAccessorImpl.invoke0(Native Method)
	at java.base/jdk.internal.reflect.NativeMethodAccessorImpl.invoke(NativeMethodAccessorImpl.java:62)
	at java.base/jdk.internal.reflect.DelegatingMethodAccessorImpl.invoke(DelegatingMethodAccessorImpl.java:43)
	at java.base/java.lang.reflect.Method.invoke(Method.java:566)
	at org.springframework.web.method.support.InvocableHandlerMethod.doInvoke(InvocableHandlerMethod.java:190)
	at org.springframework.web.method.support.InvocableHandlerMethod.invokeForRequest(InvocableHandlerMethod.java:138)
	at org.springframework.web.servlet.mvc.method.annotation.ServletInvocableHandlerMethod.invokeAndHandle(ServletInvocableHandlerMethod.java:106)
	at org.springframework.web.servlet.mvc.method.annotation.RequestMappingHandlerAdapter.invokeHandlerMethod(RequestMappingHandlerAdapter.java:888)
	at org.springframework.web.servlet.mvc.method.annotation.RequestMappingHandlerAdapter.handleInternal(RequestMappingHandlerAdapter.java:793)
	at org.springframework.web.servlet.mvc.method.AbstractHandlerMethodAdapter.handle(AbstractHandlerMethodAdapter.java:87)
	at org.springframework.web.servlet.DispatcherServlet.doDispatch(DispatcherServlet.java:1040)
	at org.springframework.web.servlet.DispatcherServlet.doService(DispatcherServlet.java:943)
	at org.springframework.web.servlet.FrameworkServlet.processRequest(FrameworkServlet.java:1006)
	at org.springframework.web.servlet.FrameworkServlet.doPost(FrameworkServlet.java:909)
	at javax.servlet.http.HttpServlet.service(HttpServlet.java:660)
	at org.springframework.web.servlet.FrameworkServlet.service(FrameworkServlet.java:883)
	at javax.servlet.http.HttpServlet.service(HttpServlet.java:741)
	at org.apache.catalina.core.ApplicationFilterChain.internalDoFilter(ApplicationFilterChain.java:231)
	at org.apache.catalina.core.ApplicationFilterChain.doFilter(ApplicationFilterChain.java:166)
	at org.apache.tomcat.websocket.server.WsFilter.doFilter(WsFilter.java:53)
	at org.apache.catalina.core.ApplicationFilterChain.internalDoFilter(ApplicationFilterChain.java:193)
	at org.apache.catalina.core.ApplicationFilterChain.doFilter(ApplicationFilterChain.java:166)
	at org.springframework.security.web.FilterChainProxy$VirtualFilterChain.doFilter(FilterChainProxy.java:320)
	at org.springframework.security.web.access.intercept.FilterSecurityInterceptor.invoke(FilterSecurityInterceptor.java:126)
	at org.springframework.security.web.access.intercept.FilterSecurityInterceptor.doFilter(FilterSecurityInterceptor.java:90)
	at org.springframework.security.web.FilterChainProxy$VirtualFilterChain.doFilter(FilterChainProxy.java:334)
	at org.springframework.security.web.access.ExceptionTranslationFilter.doFilter(ExceptionTranslationFilter.java:118)
	at org.springframework.security.web.FilterChainProxy$VirtualFilterChain.doFilter(FilterChainProxy.java:334)
	at org.springframework.security.web.session.SessionManagementFilter.doFilter(SessionManagementFilter.java:137)
	at org.springframework.security.web.FilterChainProxy$VirtualFilterChain.doFilter(FilterChainProxy.java:334)
	at org.springframework.security.web.authentication.AnonymousAuthenticationFilter.doFilter(AnonymousAuthenticationFilter.java:111)
	at org.springframework.security.web.FilterChainProxy$VirtualFilterChain.doFilter(FilterChainProxy.java:334)
	at org.springframework.security.web.servletapi.SecurityContextHolderAwareRequestFilter.doFilter(SecurityContextHolderAwareRequestFilter.java:158)
	at org.springframework.security.web.FilterChainProxy$VirtualFilterChain.doFilter(FilterChainProxy.java:334)
	at org.springframework.security.web.savedrequest.RequestCacheAwareFilter.doFilter(RequestCacheAwareFilter.java:63)
	at org.springframework.security.web.FilterChainProxy$VirtualFilterChain.doFilter(FilterChainProxy.java:334)
	at org.springframework.security.web.authentication.www.BasicAuthenticationFilter.doFilterInternal(BasicAuthenticationFilter.java:203)
	at org.springframework.web.filter.OncePerRequestFilter.doFilter(OncePerRequestFilter.java:119)
	at org.springframework.security.web.FilterChainProxy$VirtualFilterChain.doFilter(FilterChainProxy.java:334)
	at org.springframework.security.web.authentication.logout.LogoutFilter.doFilter(LogoutFilter.java:116)
	at org.springframework.security.web.FilterChainProxy$VirtualFilterChain.doFilter(FilterChainProxy.java:334)
	at org.springframework.security.web.header.HeaderWriterFilter.doHeadersAfter(HeaderWriterFilter.java:92)
	at org.springframework.security.web.header.HeaderWriterFilter.doFilterInternal(HeaderWriterFilter.java:77)
	at org.springframework.web.filter.OncePerRequestFilter.doFilter(OncePerRequestFilter.java:119)
	at org.springframework.security.web.FilterChainProxy$VirtualFilterChain.doFilter(FilterChainProxy.java:334)
	at org.springframework.security.web.context.SecurityContextPersistenceFilter.doFilter(SecurityContextPersistenceFilter.java:105)
	at org.springframework.security.web.FilterChainProxy$VirtualFilterChain.doFilter(FilterChainProxy.java:334)
	at org.springframework.security.web.context.request.async.WebAsyncManagerIntegrationFilter.doFilterInternal(WebAsyncManagerIntegrationFilter.java:56)
	at org.springframework.web.filter.OncePerRequestFilter.doFilter(OncePerRequestFilter.java:119)
	at org.springframework.security.web.FilterChainProxy$VirtualFilterChain.doFilter(FilterChainProxy.java:334)
	at org.springframework.security.web.FilterChainProxy.doFilterInternal(FilterChainProxy.java:215)
	at org.springframework.security.web.FilterChainProxy.doFilter(FilterChainProxy.java:178)
	at org.springframework.web.filter.DelegatingFilterProxy.invokeDelegate(DelegatingFilterProxy.java:358)
	at org.springframework.web.filter.DelegatingFilterProxy.doFilter(DelegatingFilterProxy.java:271)
	at org.apache.catalina.core.ApplicationFilterChain.internalDoFilter(ApplicationFilterChain.java:193)
	at org.apache.catalina.core.ApplicationFilterChain.doFilter(ApplicationFilterChain.java:166)
	at org.springframework.web.filter.RequestContextFilter.doFilterInternal(RequestContextFilter.java:100)
	at org.springframework.web.filter.OncePerRequestFilter.doFilter(OncePerRequestFilter.java:119)
	at org.apache.catalina.core.ApplicationFilterChain.internalDoFilter(ApplicationFilterChain.java:193)
	at org.apache.catalina.core.ApplicationFilterChain.doFilter(ApplicationFilterChain.java:166)
	at org.springframework.web.filter.FormContentFilter.doFilterInternal(FormContentFilter.java:93)
	at org.springframework.web.filter.OncePerRequestFilter.doFilter(OncePerRequestFilter.java:119)
	at org.apache.catalina.core.ApplicationFilterChain.internalDoFilter(ApplicationFilterChain.java:193)
	at org.apache.catalina.core.ApplicationFilterChain.doFilter(ApplicationFilterChain.java:166)
	at org.springframework.web.filter.CharacterEncodingFilter.doFilterInternal(CharacterEncodingFilter.java:201)
	at org.springframework.web.filter.OncePerRequestFilter.doFilter(OncePerRequestFilter.java:119)
	at org.apache.catalina.core.ApplicationFilterChain.internalDoFilter(ApplicationFilterChain.java:193)
	at org.apache.catalina.core.ApplicationFilterChain.doFilter(ApplicationFilterChain.java:166)
	at org.apache.catalina.core.StandardWrapperValve.invoke(StandardWrapperValve.java:202)
	at org.apache.catalina.core.StandardContextValve.invoke(StandardContextValve.java:96)
	at org.apache.catalina.authenticator.AuthenticatorBase.invoke(AuthenticatorBase.java:526)
	at org.apache.catalina.core.StandardHostValve.invoke(StandardHostValve.java:139)
	at org.apache.catalina.valves.ErrorReportValve.invoke(ErrorReportValve.java:92)
	at org.apache.catalina.core.StandardEngineValve.invoke(StandardEngineValve.java:74)
	at org.apache.catalina.connector.CoyoteAdapter.service(CoyoteAdapter.java:343)
	at org.apache.coyote.http11.Http11Processor.service(Http11Processor.java:367)
	at org.apache.coyote.AbstractProcessorLight.process(AbstractProcessorLight.java:65)
	at org.apache.coyote.AbstractProtocol$ConnectionHandler.process(AbstractProtocol.java:860)
	at org.apache.tomcat.util.net.NioEndpoint$SocketProcessor.doRun(NioEndpoint.java:1591)
	at org.apache.tomcat.util.net.SocketProcessorBase.run(SocketProcessorBase.java:49)
	at java.base/java.util.concurrent.ThreadPoolExecutor.runWorker(ThreadPoolExecutor.java:1128)
	at java.base/java.util.concurrent.ThreadPoolExecutor$Worker.run(ThreadPoolExecutor.java:628)
	at org.apache.tomcat.util.threads.TaskThread$WrappingRunnable.run(TaskThread.java:61)
	at java.base/java.lang.Thread.run(Thread.java:834)
2024-01-22 16:02:30,790 INFO com.fabienit.flyingclub.web.controllers.AircraftController [http-nio-8001-exec-8] Providing aircraft resource from database: all aircraft list
2024-01-22 16:02:30,922 INFO com.fabienit.flyingclub.web.controllers.ReservationController [http-nio-8001-exec-9] Providing reservation list for registered user from database: user id: 1
2024-01-22 16:03:02,392 INFO com.fabienit.flyingclub.web.controllers.AircraftController [http-nio-8001-exec-10] Providing aircraft resource from database: available between dates aircraft list
2024-01-22 16:03:04,344 INFO com.fabienit.flyingclub.web.controllers.RegisteredUserController [http-nio-8001-exec-1] Providing registeredUser resource from database: registeredUser id: 1
2024-01-22 16:03:04,477 INFO com.fabienit.flyingclub.web.controllers.AircraftController [http-nio-8001-exec-2] Providing aircraft resource from database: aircraft id: 3
2024-01-22 16:03:04,610 INFO com.fabienit.flyingclub.web.controllers.ReservationController [http-nio-8001-exec-3] Adding new reservation in database
2024-01-22 16:03:04,959 INFO com.fabienit.flyingclub.web.controllers.AircraftController [http-nio-8001-exec-4] Providing aircraft resource from database: all aircraft list
2024-01-22 16:03:05,097 INFO com.fabienit.flyingclub.web.controllers.ReservationController [http-nio-8001-exec-5] Providing reservation list for registered user from database: user id: 1
2024-01-22 16:03:26,105 INFO com.fabienit.flyingclub.web.controllers.AircraftController [http-nio-8001-exec-6] Providing aircraft resource from database: available between dates aircraft list
2024-01-22 16:03:28,062 INFO com.fabienit.flyingclub.web.controllers.RegisteredUserController [http-nio-8001-exec-7] Providing registeredUser resource from database: registeredUser id: 1
2024-01-22 16:03:28,184 INFO com.fabienit.flyingclub.web.controllers.AircraftController [http-nio-8001-exec-8] Providing aircraft resource from database: aircraft id: 3
2024-01-22 16:03:28,324 INFO com.fabienit.flyingclub.web.controllers.ReservationController [http-nio-8001-exec-9] Adding new reservation in database
2024-01-22 16:03:28,559 INFO com.fabienit.flyingclub.web.controllers.AircraftController [http-nio-8001-exec-10] Providing aircraft resource from database: all aircraft list
2024-01-22 16:03:28,682 INFO com.fabienit.flyingclub.web.controllers.ReservationController [http-nio-8001-exec-1] Providing reservation list for registered user from database: user id: 1
2024-01-22 16:03:42,970 INFO com.fabienit.flyingclub.web.controllers.FlyingClubController [http-nio-8001-exec-2] Providing aircraft resource from database: all aircraft list
2024-01-22 16:03:43,912 INFO com.fabienit.flyingclub.web.controllers.AircraftController [http-nio-8001-exec-3] Providing aircraft resource from database: all aircraft list
2024-01-22 16:03:49,579 INFO com.fabienit.flyingclub.web.controllers.WorkshopController [http-nio-8001-exec-4] Providing revision resource from database: all revisions list
2024-01-22 16:03:52,757 INFO com.fabienit.flyingclub.web.controllers.AircraftController [http-nio-8001-exec-5] Providing aircraft resource from database: all aircraft list
2024-01-22 16:03:55,169 INFO com.fabienit.flyingclub.web.controllers.WorkshopController [http-nio-8001-exec-6] Providing revision resource from database: all revisions list
2024-01-22 16:03:56,009 INFO com.fabienit.flyingclub.web.controllers.AircraftController [http-nio-8001-exec-7] Providing aircraft resource from database: all aircraft list
2024-01-22 16:03:59,403 INFO com.fabienit.flyingclub.web.controllers.WorkshopController [http-nio-8001-exec-8] Providing revision resource from database: all revisions list
2024-01-22 16:04:12,280 INFO com.fabienit.flyingclub.web.controllers.AircraftController [http-nio-8001-exec-9] Providing aircraft resource from database: all aircraft list
2024-01-22 16:04:12,400 INFO com.fabienit.flyingclub.web.controllers.ReservationController [http-nio-8001-exec-10] Providing reservation list for registered user from database: user id: 1
2024-01-22 16:04:13,329 INFO com.fabienit.flyingclub.web.controllers.ReservationController [http-nio-8001-exec-1] Providing reservation resource from database: reservation id: 8
2024-01-22 16:04:16,408 INFO com.fabienit.flyingclub.web.controllers.ReservationController [http-nio-8001-exec-2] Providing reservation resource from database: reservation id: 8
2024-01-22 16:04:16,533 INFO com.fabienit.flyingclub.web.controllers.RegisteredUserController [http-nio-8001-exec-3] Updating registeredUser in database, id: 1
2024-01-22 16:04:16,690 INFO com.fabienit.flyingclub.web.controllers.AircraftController [http-nio-8001-exec-4] Updating aircraft in database, id: 3
2024-01-22 16:04:16,816 INFO com.fabienit.flyingclub.web.controllers.ReservationController [http-nio-8001-exec-5] Updating reservation in database, id: 8
2024-01-22 16:04:16,970 INFO com.fabienit.flyingclub.web.controllers.AircraftController [http-nio-8001-exec-6] Providing aircraft resource from database: all aircraft list
2024-01-22 16:04:17,091 INFO com.fabienit.flyingclub.web.controllers.ReservationController [http-nio-8001-exec-7] Providing reservation list for registered user from database: user id: 1
2024-01-22 16:19:44,808 INFO com.fabienit.flyingclub.AeroclubApiApplication [restartedMain] Starting AeroclubApiApplication on FABPC with PID 11632 (started by FaB PC in C:\Users\FaB\Git\Projet 12\aeroclubp12)
2024-01-22 16:19:44,815 DEBUG com.fabienit.flyingclub.AeroclubApiApplication [restartedMain] Running with Spring Boot v2.2.2.RELEASE, Spring v5.2.2.RELEASE
2024-01-22 16:19:44,815 INFO com.fabienit.flyingclub.AeroclubApiApplication [restartedMain] The following profiles are active: dev
2024-01-22 16:19:52,188 DEBUG com.fabienit.flyingclub.configuration.SwaggerConfig$$EnhancerBySpringCGLIB$$1d2281a2 [restartedMain] Set Swagger2 documentation
2024-01-22 16:19:52,946 INFO com.fabienit.flyingclub.AeroclubApiApplication [restartedMain] Started AeroclubApiApplication in 8.589 seconds (JVM running for 10.095)
2024-01-22 16:20:01,125 INFO com.fabienit.flyingclub.web.controllers.RegisteredUserController [http-nio-8001-exec-1] Search user by email: test1@gmail.com
2024-01-22 16:20:02,182 INFO com.fabienit.flyingclub.web.controllers.AircraftController [http-nio-8001-exec-2] Providing aircraft resource from database: all aircraft list
2024-01-22 16:20:02,344 INFO com.fabienit.flyingclub.web.controllers.ReservationController [http-nio-8001-exec-3] Providing reservation list for registered user from database: user id: 4
2024-01-22 16:20:10,112 INFO com.fabienit.flyingclub.web.controllers.AircraftController [http-nio-8001-exec-4] Providing aircraft resource from database: available between dates aircraft list
2024-01-22 16:20:11,924 INFO com.fabienit.flyingclub.web.controllers.RegisteredUserController [http-nio-8001-exec-5] Providing registeredUser resource from database: registeredUser id: 4
2024-01-22 16:20:12,071 INFO com.fabienit.flyingclub.web.controllers.AircraftController [http-nio-8001-exec-6] Providing aircraft resource from database: aircraft id: 3
2024-01-22 16:20:12,242 INFO com.fabienit.flyingclub.web.controllers.ReservationController [http-nio-8001-exec-7] Adding new reservation in database
2024-01-22 16:20:12,909 INFO com.fabienit.flyingclub.web.controllers.AircraftController [http-nio-8001-exec-8] Providing aircraft resource from database: all aircraft list
2024-01-22 16:20:13,027 INFO com.fabienit.flyingclub.web.controllers.ReservationController [http-nio-8001-exec-10] Providing reservation list for registered user from database: user id: 4
2024-01-22 16:20:16,011 INFO com.fabienit.flyingclub.web.controllers.ReservationController [http-nio-8001-exec-9] Providing reservation resource from database: reservation id: 8
2024-01-22 16:20:16,149 INFO com.fabienit.flyingclub.web.controllers.ReservationController [http-nio-8001-exec-1] Updating reservation in database, id: 8
2024-01-22 16:20:16,330 INFO com.fabienit.flyingclub.web.controllers.AircraftController [http-nio-8001-exec-2] Providing aircraft resource from database: all aircraft list
2024-01-22 16:20:16,450 INFO com.fabienit.flyingclub.web.controllers.ReservationController [http-nio-8001-exec-3] Providing reservation list for registered user from database: user id: 4
2024-01-22 16:20:22,141 INFO com.fabienit.flyingclub.web.controllers.AircraftController [http-nio-8001-exec-4] Providing aircraft resource from database: available between dates aircraft list
2024-01-22 16:20:23,920 INFO com.fabienit.flyingclub.web.controllers.RegisteredUserController [http-nio-8001-exec-5] Providing registeredUser resource from database: registeredUser id: 4
2024-01-22 16:20:24,040 INFO com.fabienit.flyingclub.web.controllers.AircraftController [http-nio-8001-exec-6] Providing aircraft resource from database: aircraft id: 1
2024-01-22 16:20:24,167 INFO com.fabienit.flyingclub.web.controllers.ReservationController [http-nio-8001-exec-7] Adding new reservation in database
2024-01-22 16:20:24,321 INFO com.fabienit.flyingclub.web.controllers.AircraftController [http-nio-8001-exec-8] Providing aircraft resource from database: all aircraft list
2024-01-22 16:20:24,439 INFO com.fabienit.flyingclub.web.controllers.ReservationController [http-nio-8001-exec-10] Providing reservation list for registered user from database: user id: 4
2024-01-22 16:20:26,966 INFO com.fabienit.flyingclub.web.controllers.ReservationController [http-nio-8001-exec-9] Providing reservation resource from database: reservation id: 9
2024-01-22 16:20:32,316 INFO com.fabienit.flyingclub.web.controllers.ReservationController [http-nio-8001-exec-1] Providing reservation resource from database: reservation id: 9
2024-01-22 16:20:32,442 INFO com.fabienit.flyingclub.web.controllers.RegisteredUserController [http-nio-8001-exec-2] Updating registeredUser in database, id: 4
2024-01-22 16:20:32,574 INFO com.fabienit.flyingclub.web.controllers.AircraftController [http-nio-8001-exec-3] Updating aircraft in database, id: 1
2024-01-22 16:20:32,706 INFO com.fabienit.flyingclub.web.controllers.ReservationController [http-nio-8001-exec-4] Updating reservation in database, id: 9
2024-01-22 16:20:32,862 INFO com.fabienit.flyingclub.web.controllers.AircraftController [http-nio-8001-exec-5] Providing aircraft resource from database: all aircraft list
2024-01-22 16:20:32,981 INFO com.fabienit.flyingclub.web.controllers.ReservationController [http-nio-8001-exec-6] Providing reservation list for registered user from database: user id: 4
