2024-01-16 11:23:16,358 INFO com.fabienit.flyingclub.AeroclubApiApplication [restartedMain] Starting AeroclubApiApplication on FABPC with PID 1156 (started by FaB PC in C:\Users\FaB\Git\Projet 12\aeroclubp12)
2024-01-16 11:23:16,368 DEBUG com.fabienit.flyingclub.AeroclubApiApplication [restartedMain] Running with Spring Boot v2.2.2.RELEASE, Spring v5.2.2.RELEASE
2024-01-16 11:23:16,369 INFO com.fabienit.flyingclub.AeroclubApiApplication [restartedMain] The following profiles are active: dev
2024-01-16 11:23:24,823 DEBUG com.fabienit.flyingclub.configuration.SwaggerConfig$$EnhancerBySpringCGLIB$$61122dcf [restartedMain] Set Swagger2 documentation
2024-01-16 11:23:25,748 INFO com.fabienit.flyingclub.AeroclubApiApplication [restartedMain] Started AeroclubApiApplication in 10.025 seconds (JVM running for 12.318)
2024-01-16 11:25:30,224 INFO com.fabienit.flyingclub.web.controllers.RegisteredUserController [http-nio-8001-exec-1] Search user by email: test1@gmail.com
2024-01-16 11:25:31,812 INFO com.fabienit.flyingclub.web.controllers.AircraftController [http-nio-8001-exec-2] Providing aircraft resource from database: all aircraft list
2024-01-16 11:25:32,033 INFO com.fabienit.flyingclub.web.controllers.ReservationController [http-nio-8001-exec-3] Providing reservation list for registered user from database: user id: 2
2024-01-16 11:25:39,994 INFO com.fabienit.flyingclub.web.controllers.AircraftController [http-nio-8001-exec-5] Providing aircraft resource from database: available between dates aircraft list
2024-01-16 11:25:42,919 INFO com.fabienit.flyingclub.web.controllers.RegisteredUserController [http-nio-8001-exec-6] Providing registeredUser resource from database: registeredUser id: 2
2024-01-16 11:25:43,065 INFO com.fabienit.flyingclub.web.controllers.AircraftController [http-nio-8001-exec-4] Providing aircraft resource from database: aircraft id: 3
2024-01-16 11:25:43,254 INFO com.fabienit.flyingclub.web.controllers.ReservationController [http-nio-8001-exec-7] Adding new reservation in database
2024-01-16 11:25:43,453 INFO com.fabienit.flyingclub.web.controllers.AircraftController [http-nio-8001-exec-8] Providing aircraft resource from database: all aircraft list
2024-01-16 11:25:43,581 INFO com.fabienit.flyingclub.web.controllers.ReservationController [http-nio-8001-exec-9] Providing reservation list for registered user from database: user id: 2
2024-01-16 11:25:45,262 INFO com.fabienit.flyingclub.web.controllers.ReservationController [http-nio-8001-exec-10] Providing reservation resource from database: reservation id: 8
2024-01-16 11:25:45,404 INFO com.fabienit.flyingclub.web.controllers.AircraftController [http-nio-8001-exec-1] Providing aircraft resource from database: aircraft id: 3
2024-01-16 11:25:46,780 INFO com.fabienit.flyingclub.web.controllers.AircraftController [http-nio-8001-exec-2] Providing aircraft resource from database: available between dates aircraft list
2024-01-16 11:25:46,977 INFO com.fabienit.flyingclub.web.controllers.ReservationController [http-nio-8001-exec-3] Providing reservation resource from database: existing reservation by id and dates
2024-01-16 11:25:47,111 INFO com.fabienit.flyingclub.web.controllers.ReservationController [http-nio-8001-exec-5] Providing reservation resource from database: existing reservation by id and dates
2024-01-16 13:42:22,577 INFO com.fabienit.flyingclub.web.controllers.RegisteredUserController [http-nio-8001-exec-7] Search user by email: test1@gmail.com
2024-01-16 13:42:23,579 INFO com.fabienit.flyingclub.web.controllers.AircraftController [http-nio-8001-exec-8] Providing aircraft resource from database: all aircraft list
2024-01-16 13:42:23,728 INFO com.fabienit.flyingclub.web.controllers.ReservationController [http-nio-8001-exec-9] Providing reservation list for registered user from database: user id: 2
2024-01-16 13:42:24,727 INFO com.fabienit.flyingclub.web.controllers.ReservationController [http-nio-8001-exec-10] Providing reservation resource from database: reservation id: 8
2024-01-16 13:42:24,871 INFO com.fabienit.flyingclub.web.controllers.AircraftController [http-nio-8001-exec-1] Providing aircraft resource from database: aircraft id: 3
2024-01-16 13:42:26,026 INFO com.fabienit.flyingclub.web.controllers.AircraftController [http-nio-8001-exec-2] Providing aircraft resource from database: available between dates aircraft list
2024-01-16 13:42:26,154 INFO com.fabienit.flyingclub.web.controllers.ReservationController [http-nio-8001-exec-3] Providing reservation resource from database: existing reservation by id and dates
2024-01-16 13:42:26,279 INFO com.fabienit.flyingclub.web.controllers.ReservationController [http-nio-8001-exec-5] Providing reservation resource from database: existing reservation by id and dates
2024-01-16 13:44:59,130 INFO com.fabienit.flyingclub.web.controllers.RegisteredUserController [http-nio-8001-exec-8] Search user by email: test1@gmail.com
2024-01-16 13:45:00,175 INFO com.fabienit.flyingclub.web.controllers.AircraftController [http-nio-8001-exec-9] Providing aircraft resource from database: all aircraft list
2024-01-16 13:45:00,307 INFO com.fabienit.flyingclub.web.controllers.ReservationController [http-nio-8001-exec-10] Providing reservation list for registered user from database: user id: 2
2024-01-16 13:45:01,602 INFO com.fabienit.flyingclub.web.controllers.ReservationController [http-nio-8001-exec-1] Providing reservation resource from database: reservation id: 8
2024-01-16 13:45:01,729 INFO com.fabienit.flyingclub.web.controllers.AircraftController [http-nio-8001-exec-2] Providing aircraft resource from database: aircraft id: 3
2024-01-16 13:45:03,128 INFO com.fabienit.flyingclub.web.controllers.AircraftController [http-nio-8001-exec-3] Providing aircraft resource from database: available between dates aircraft list
2024-01-16 13:45:03,258 INFO com.fabienit.flyingclub.web.controllers.ReservationController [http-nio-8001-exec-5] Providing reservation resource from database: existing reservation by id and dates
2024-01-16 13:45:03,386 INFO com.fabienit.flyingclub.web.controllers.ReservationController [http-nio-8001-exec-6] Providing reservation resource from database: existing reservation by id and dates
2024-01-16 13:45:05,912 INFO com.fabienit.flyingclub.web.controllers.RegisteredUserController [http-nio-8001-exec-8] Providing registeredUser resource from database: registeredUser id: 2
2024-01-16 13:45:06,034 INFO com.fabienit.flyingclub.web.controllers.AircraftController [http-nio-8001-exec-9] Providing aircraft resource from database: aircraft id: 1
2024-01-16 13:45:06,178 INFO com.fabienit.flyingclub.web.controllers.ReservationController [http-nio-8001-exec-10] Updating reservation in database, id: 8
2024-01-16 13:45:06,180 DEBUG com.fabienit.flyingclub.web.controllers.ReservationController [http-nio-8001-exec-10] The requested reservation entity doesn't exist, id: 0
2024-01-16 13:45:06,348 INFO com.fabienit.flyingclub.web.controllers.AircraftController [http-nio-8001-exec-1] Providing aircraft resource from database: all aircraft list
2024-01-16 13:45:06,474 INFO com.fabienit.flyingclub.web.controllers.ReservationController [http-nio-8001-exec-2] Providing reservation list for registered user from database: user id: 2
2024-01-16 16:17:23,710 INFO com.fabienit.flyingclub.web.controllers.ReservationController [http-nio-8001-exec-5] Providing reservation resource from database: reservation id: 8
2024-01-16 16:17:23,901 INFO com.fabienit.flyingclub.web.controllers.AircraftController [http-nio-8001-exec-5] Providing aircraft resource from database: aircraft id: 3
2024-01-16 16:17:32,237 INFO com.fabienit.flyingclub.web.controllers.RegisteredUserController [http-nio-8001-exec-6] Search user by email: test1@gmail.com
2024-01-16 16:17:33,291 INFO com.fabienit.flyingclub.web.controllers.AircraftController [http-nio-8001-exec-4] Providing aircraft resource from database: all aircraft list
2024-01-16 16:17:33,612 INFO com.fabienit.flyingclub.web.controllers.ReservationController [http-nio-8001-exec-7] Providing reservation list for registered user from database: user id: 2
2024-01-16 16:17:34,626 INFO com.fabienit.flyingclub.web.controllers.ReservationController [http-nio-8001-exec-8] Providing reservation resource from database: reservation id: 8
2024-01-16 16:17:34,751 INFO com.fabienit.flyingclub.web.controllers.AircraftController [http-nio-8001-exec-9] Providing aircraft resource from database: aircraft id: 3
2024-01-16 16:17:36,841 INFO com.fabienit.flyingclub.web.controllers.AircraftController [http-nio-8001-exec-10] Providing aircraft resource from database: available between dates aircraft list
2024-01-16 16:17:36,974 INFO com.fabienit.flyingclub.web.controllers.ReservationController [http-nio-8001-exec-1] Providing reservation resource from database: existing reservation by id and dates
2024-01-16 16:17:37,101 INFO com.fabienit.flyingclub.web.controllers.ReservationController [http-nio-8001-exec-2] Providing reservation resource from database: existing reservation by id and dates
2024-01-16 16:17:39,884 INFO com.fabienit.flyingclub.web.controllers.RegisteredUserController [http-nio-8001-exec-6] Providing registeredUser resource from database: registeredUser id: 2
2024-01-16 16:17:40,012 INFO com.fabienit.flyingclub.web.controllers.AircraftController [http-nio-8001-exec-4] Providing aircraft resource from database: aircraft id: 1
2024-01-16 16:17:40,144 INFO com.fabienit.flyingclub.web.controllers.ReservationController [http-nio-8001-exec-7] Updating reservation in database, id: 8
2024-01-16 16:17:40,146 DEBUG com.fabienit.flyingclub.web.controllers.ReservationController [http-nio-8001-exec-7] The requested reservation entity doesn't exist, id: 0
2024-01-16 16:17:40,286 INFO com.fabienit.flyingclub.web.controllers.AircraftController [http-nio-8001-exec-8] Providing aircraft resource from database: all aircraft list
2024-01-16 16:17:40,422 INFO com.fabienit.flyingclub.web.controllers.ReservationController [http-nio-8001-exec-9] Providing reservation list for registered user from database: user id: 2
2024-01-16 16:20:23,838 INFO com.fabienit.flyingclub.web.controllers.RegisteredUserController [http-nio-8001-exec-1] Search user by email: test1@gmail.com
2024-01-16 16:20:25,082 INFO com.fabienit.flyingclub.web.controllers.AircraftController [http-nio-8001-exec-2] Providing aircraft resource from database: all aircraft list
2024-01-16 16:20:25,253 INFO com.fabienit.flyingclub.web.controllers.ReservationController [http-nio-8001-exec-3] Providing reservation list for registered user from database: user id: 2
2024-01-16 16:20:27,053 INFO com.fabienit.flyingclub.web.controllers.ReservationController [http-nio-8001-exec-5] Providing reservation resource from database: reservation id: 8
2024-01-16 16:20:27,226 INFO com.fabienit.flyingclub.web.controllers.AircraftController [http-nio-8001-exec-6] Providing aircraft resource from database: aircraft id: 3
2024-01-16 16:20:28,559 INFO com.fabienit.flyingclub.web.controllers.AircraftController [http-nio-8001-exec-4] Providing aircraft resource from database: available between dates aircraft list
2024-01-16 16:20:28,733 INFO com.fabienit.flyingclub.web.controllers.ReservationController [http-nio-8001-exec-7] Providing reservation resource from database: existing reservation by id and dates
2024-01-16 16:20:28,872 INFO com.fabienit.flyingclub.web.controllers.ReservationController [http-nio-8001-exec-8] Providing reservation resource from database: existing reservation by id and dates
2024-01-16 16:20:31,497 INFO com.fabienit.flyingclub.web.controllers.AircraftController [http-nio-8001-exec-10] Providing aircraft resource from database: aircraft id: 1
2024-01-16 16:20:31,629 INFO com.fabienit.flyingclub.web.controllers.RegisteredUserController [http-nio-8001-exec-1] Providing registeredUser resource from database: registeredUser id: 2
2024-01-16 16:20:31,761 INFO com.fabienit.flyingclub.web.controllers.AircraftController [http-nio-8001-exec-2] Providing aircraft resource from database: aircraft id: 1
2024-01-16 16:20:31,904 INFO com.fabienit.flyingclub.web.controllers.ReservationController [http-nio-8001-exec-3] Updating reservation in database, id: 8
2024-01-16 16:20:31,906 DEBUG com.fabienit.flyingclub.web.controllers.ReservationController [http-nio-8001-exec-3] The requested reservation entity doesn't exist, id: 0
2024-01-16 16:20:32,054 INFO com.fabienit.flyingclub.web.controllers.AircraftController [http-nio-8001-exec-5] Providing aircraft resource from database: all aircraft list
2024-01-16 16:20:32,203 INFO com.fabienit.flyingclub.web.controllers.ReservationController [http-nio-8001-exec-6] Providing reservation list for registered user from database: user id: 2
2024-01-16 16:24:27,330 INFO com.fabienit.flyingclub.AeroclubApiApplication [restartedMain] Starting AeroclubApiApplication on FABPC with PID 2088 (started by FaB PC in C:\Users\FaB\Git\Projet 12\aeroclubp12)
2024-01-16 16:24:27,335 DEBUG com.fabienit.flyingclub.AeroclubApiApplication [restartedMain] Running with Spring Boot v2.2.2.RELEASE, Spring v5.2.2.RELEASE
2024-01-16 16:24:27,335 INFO com.fabienit.flyingclub.AeroclubApiApplication [restartedMain] The following profiles are active: dev
2024-01-16 16:24:40,240 DEBUG com.fabienit.flyingclub.configuration.SwaggerConfig$$EnhancerBySpringCGLIB$$b7d91e2 [restartedMain] Set Swagger2 documentation
2024-01-16 16:24:41,198 INFO com.fabienit.flyingclub.AeroclubApiApplication [restartedMain] Started AeroclubApiApplication in 14.633 seconds (JVM running for 17.136)
2024-01-16 16:25:20,619 INFO com.fabienit.flyingclub.web.controllers.RegisteredUserController [http-nio-8001-exec-1] Search user by email: test1@gmail.com
2024-01-16 16:25:21,896 INFO com.fabienit.flyingclub.web.controllers.AircraftController [http-nio-8001-exec-3] Providing aircraft resource from database: all aircraft list
2024-01-16 16:25:22,143 INFO com.fabienit.flyingclub.web.controllers.ReservationController [http-nio-8001-exec-2] Providing reservation list for registered user from database: user id: 2
2024-01-16 16:25:30,294 INFO com.fabienit.flyingclub.web.controllers.AircraftController [http-nio-8001-exec-4] Providing aircraft resource from database: available between dates aircraft list
2024-01-16 16:25:33,457 INFO com.fabienit.flyingclub.web.controllers.RegisteredUserController [http-nio-8001-exec-5] Providing registeredUser resource from database: registeredUser id: 2
2024-01-16 16:25:33,604 INFO com.fabienit.flyingclub.web.controllers.AircraftController [http-nio-8001-exec-6] Providing aircraft resource from database: aircraft id: 3
2024-01-16 16:25:33,788 INFO com.fabienit.flyingclub.web.controllers.ReservationController [http-nio-8001-exec-7] Adding new reservation in database
2024-01-16 16:25:33,976 INFO com.fabienit.flyingclub.web.controllers.AircraftController [http-nio-8001-exec-8] Providing aircraft resource from database: all aircraft list
2024-01-16 16:25:34,108 INFO com.fabienit.flyingclub.web.controllers.ReservationController [http-nio-8001-exec-9] Providing reservation list for registered user from database: user id: 2
2024-01-16 16:25:35,314 INFO com.fabienit.flyingclub.web.controllers.ReservationController [http-nio-8001-exec-10] Providing reservation resource from database: reservation id: 8
2024-01-16 16:25:35,451 INFO com.fabienit.flyingclub.web.controllers.AircraftController [http-nio-8001-exec-1] Providing aircraft resource from database: aircraft id: 3
2024-01-16 16:25:36,727 INFO com.fabienit.flyingclub.web.controllers.AircraftController [http-nio-8001-exec-3] Providing aircraft resource from database: available between dates aircraft list
2024-01-16 16:25:36,866 INFO com.fabienit.flyingclub.web.controllers.ReservationController [http-nio-8001-exec-2] Providing reservation resource from database: existing reservation by id and dates
2024-01-16 16:25:37,001 INFO com.fabienit.flyingclub.web.controllers.ReservationController [http-nio-8001-exec-2] Providing reservation resource from database: existing reservation by id and dates
2024-01-16 16:25:39,427 INFO com.fabienit.flyingclub.web.controllers.AircraftController [http-nio-8001-exec-6] Providing aircraft resource from database: aircraft id: 1
2024-01-16 16:25:39,599 INFO com.fabienit.flyingclub.web.controllers.RegisteredUserController [http-nio-8001-exec-7] Providing registeredUser resource from database: registeredUser id: 2
2024-01-16 16:25:39,723 INFO com.fabienit.flyingclub.web.controllers.AircraftController [http-nio-8001-exec-8] Providing aircraft resource from database: aircraft id: 1
2024-01-16 16:25:39,855 INFO com.fabienit.flyingclub.web.controllers.ReservationController [http-nio-8001-exec-9] Updating reservation in database, id: 8
2024-01-16 16:25:39,858 DEBUG com.fabienit.flyingclub.web.controllers.ReservationController [http-nio-8001-exec-9] The requested reservation entity doesn't exist, id: 0
2024-01-16 16:25:40,053 INFO com.fabienit.flyingclub.web.controllers.AircraftController [http-nio-8001-exec-10] Providing aircraft resource from database: all aircraft list
2024-01-16 16:25:40,190 INFO com.fabienit.flyingclub.web.controllers.ReservationController [http-nio-8001-exec-1] Providing reservation list for registered user from database: user id: 2
2024-01-16 16:29:05,353 INFO com.fabienit.flyingclub.web.controllers.ReservationController [http-nio-8001-exec-2] Deleting reservation from database: id: 8
2024-01-16 16:29:05,508 INFO com.fabienit.flyingclub.web.controllers.AircraftController [http-nio-8001-exec-8] Providing aircraft resource from database: all aircraft list
2024-01-16 16:29:05,628 INFO com.fabienit.flyingclub.web.controllers.ReservationController [http-nio-8001-exec-9] Providing reservation list for registered user from database: user id: 2
2024-01-16 16:29:17,977 INFO com.fabienit.flyingclub.web.controllers.AircraftController [http-nio-8001-exec-10] Providing aircraft resource from database: available between dates aircraft list
2024-01-16 16:29:20,016 INFO com.fabienit.flyingclub.web.controllers.RegisteredUserController [http-nio-8001-exec-1] Providing registeredUser resource from database: registeredUser id: 2
2024-01-16 16:29:20,136 INFO com.fabienit.flyingclub.web.controllers.AircraftController [http-nio-8001-exec-6] Providing aircraft resource from database: aircraft id: 3
2024-01-16 16:29:20,265 INFO com.fabienit.flyingclub.web.controllers.ReservationController [http-nio-8001-exec-7] Adding new reservation in database
2024-01-16 16:29:20,391 INFO com.fabienit.flyingclub.web.controllers.AircraftController [http-nio-8001-exec-5] Providing aircraft resource from database: all aircraft list
2024-01-16 16:29:20,510 INFO com.fabienit.flyingclub.web.controllers.ReservationController [http-nio-8001-exec-4] Providing reservation list for registered user from database: user id: 2
2024-01-16 16:29:25,091 INFO com.fabienit.flyingclub.web.controllers.ReservationController [http-nio-8001-exec-3] Providing reservation resource from database: reservation id: 9
2024-01-16 16:29:25,235 INFO com.fabienit.flyingclub.web.controllers.AircraftController [http-nio-8001-exec-2] Providing aircraft resource from database: aircraft id: 3
2024-01-16 16:29:26,423 INFO com.fabienit.flyingclub.web.controllers.AircraftController [http-nio-8001-exec-8] Providing aircraft resource from database: available between dates aircraft list
2024-01-16 16:29:26,559 INFO com.fabienit.flyingclub.web.controllers.ReservationController [http-nio-8001-exec-9] Providing reservation resource from database: existing reservation by id and dates
2024-01-16 16:29:26,685 INFO com.fabienit.flyingclub.web.controllers.ReservationController [http-nio-8001-exec-10] Providing reservation resource from database: existing reservation by id and dates
2024-01-16 16:29:28,797 INFO com.fabienit.flyingclub.web.controllers.AircraftController [http-nio-8001-exec-7] Providing aircraft resource from database: aircraft id: 1
2024-01-16 16:29:28,938 INFO com.fabienit.flyingclub.web.controllers.RegisteredUserController [http-nio-8001-exec-5] Providing registeredUser resource from database: registeredUser id: 2
2024-01-16 16:29:29,065 INFO com.fabienit.flyingclub.web.controllers.AircraftController [http-nio-8001-exec-4] Providing aircraft resource from database: aircraft id: 1
2024-01-16 16:29:29,207 INFO com.fabienit.flyingclub.web.controllers.ReservationController [http-nio-8001-exec-3] Updating reservation in database, id: 9
2024-01-16 16:29:29,209 DEBUG com.fabienit.flyingclub.web.controllers.ReservationController [http-nio-8001-exec-3] The requested reservation entity doesn't exist, id: 0
2024-01-16 16:29:29,349 INFO com.fabienit.flyingclub.web.controllers.AircraftController [http-nio-8001-exec-2] Providing aircraft resource from database: all aircraft list
2024-01-16 16:29:29,469 INFO com.fabienit.flyingclub.web.controllers.ReservationController [http-nio-8001-exec-8] Providing reservation list for registered user from database: user id: 2
2024-01-16 16:39:28,573 INFO com.fabienit.flyingclub.AeroclubApiApplication [restartedMain] Starting AeroclubApiApplication on FABPC with PID 8508 (started by FaB PC in C:\Users\FaB\Git\Projet 12\aeroclubp12)
2024-01-16 16:39:28,577 DEBUG com.fabienit.flyingclub.AeroclubApiApplication [restartedMain] Running with Spring Boot v2.2.2.RELEASE, Spring v5.2.2.RELEASE
2024-01-16 16:39:28,577 INFO com.fabienit.flyingclub.AeroclubApiApplication [restartedMain] The following profiles are active: dev
2024-01-16 16:39:35,019 DEBUG com.fabienit.flyingclub.configuration.SwaggerConfig$$EnhancerBySpringCGLIB$$e0204fb3 [restartedMain] Set Swagger2 documentation
2024-01-16 16:39:35,934 INFO com.fabienit.flyingclub.AeroclubApiApplication [restartedMain] Started AeroclubApiApplication in 7.871 seconds (JVM running for 9.373)
2024-01-16 16:39:41,696 INFO com.fabienit.flyingclub.web.controllers.RegisteredUserController [http-nio-8001-exec-1] Search user by email: test1@gmail.com
2024-01-16 16:39:42,682 INFO com.fabienit.flyingclub.web.controllers.AircraftController [http-nio-8001-exec-2] Providing aircraft resource from database: all aircraft list
2024-01-16 16:39:42,867 INFO com.fabienit.flyingclub.web.controllers.ReservationController [http-nio-8001-exec-3] Providing reservation list for registered user from database: user id: 2
2024-01-16 16:39:49,433 INFO com.fabienit.flyingclub.web.controllers.AircraftController [http-nio-8001-exec-4] Providing aircraft resource from database: available between dates aircraft list
2024-01-16 16:39:51,695 INFO com.fabienit.flyingclub.web.controllers.RegisteredUserController [http-nio-8001-exec-6] Providing registeredUser resource from database: registeredUser id: 2
2024-01-16 16:39:51,827 INFO com.fabienit.flyingclub.web.controllers.AircraftController [http-nio-8001-exec-5] Providing aircraft resource from database: aircraft id: 3
2024-01-16 16:39:51,997 INFO com.fabienit.flyingclub.web.controllers.ReservationController [http-nio-8001-exec-7] Adding new reservation in database
2024-01-16 16:39:52,162 INFO com.fabienit.flyingclub.web.controllers.AircraftController [http-nio-8001-exec-8] Providing aircraft resource from database: all aircraft list
2024-01-16 16:39:52,290 INFO com.fabienit.flyingclub.web.controllers.ReservationController [http-nio-8001-exec-9] Providing reservation list for registered user from database: user id: 2
2024-01-16 16:39:54,115 INFO com.fabienit.flyingclub.web.controllers.ReservationController [http-nio-8001-exec-10] Providing reservation resource from database: reservation id: 8
2024-01-16 16:39:54,246 INFO com.fabienit.flyingclub.web.controllers.AircraftController [http-nio-8001-exec-1] Providing aircraft resource from database: aircraft id: 3
2024-01-16 16:39:55,297 INFO com.fabienit.flyingclub.web.controllers.AircraftController [http-nio-8001-exec-2] Providing aircraft resource from database: available between dates aircraft list
2024-01-16 16:39:55,425 INFO com.fabienit.flyingclub.web.controllers.ReservationController [http-nio-8001-exec-3] Providing reservation resource from database: existing reservation by id and dates
2024-01-16 16:39:55,561 INFO com.fabienit.flyingclub.web.controllers.ReservationController [http-nio-8001-exec-4] Providing reservation resource from database: existing reservation by id and dates
2024-01-16 16:39:57,554 INFO com.fabienit.flyingclub.web.controllers.AircraftController [http-nio-8001-exec-7] Providing aircraft resource from database: aircraft id: 1
2024-01-16 16:39:57,677 INFO com.fabienit.flyingclub.web.controllers.RegisteredUserController [http-nio-8001-exec-8] Providing registeredUser resource from database: registeredUser id: 2
2024-01-16 16:39:57,798 INFO com.fabienit.flyingclub.web.controllers.AircraftController [http-nio-8001-exec-9] Providing aircraft resource from database: aircraft id: 1
2024-01-16 16:39:57,920 INFO com.fabienit.flyingclub.web.controllers.ReservationController [http-nio-8001-exec-10] Updating reservation in database, id: 8
2024-01-16 16:39:58,053 INFO com.fabienit.flyingclub.web.controllers.AircraftController [http-nio-8001-exec-1] Providing aircraft resource from database: all aircraft list
2024-01-16 16:39:58,176 INFO com.fabienit.flyingclub.web.controllers.ReservationController [http-nio-8001-exec-2] Providing reservation list for registered user from database: user id: 2
2024-01-16 16:40:27,355 INFO com.fabienit.flyingclub.web.controllers.ReservationController [http-nio-8001-exec-3] Providing reservation resource from database: reservation id: 9
2024-01-16 16:40:27,485 INFO com.fabienit.flyingclub.web.controllers.ReservationController [http-nio-8001-exec-4] Updating reservation in database, id: 9
2024-01-16 16:40:27,653 INFO com.fabienit.flyingclub.web.controllers.AircraftController [http-nio-8001-exec-6] Providing aircraft resource from database: all aircraft list
2024-01-16 16:40:27,778 INFO com.fabienit.flyingclub.web.controllers.ReservationController [http-nio-8001-exec-5] Providing reservation list for registered user from database: user id: 2
2024-01-16 16:40:34,481 INFO com.fabienit.flyingclub.web.controllers.AircraftController [http-nio-8001-exec-7] Providing aircraft resource from database: available between dates aircraft list
2024-01-16 16:40:36,730 INFO com.fabienit.flyingclub.web.controllers.AircraftController [http-nio-8001-exec-8] Providing aircraft resource from database: all aircraft list
2024-01-16 16:40:36,848 INFO com.fabienit.flyingclub.web.controllers.ReservationController [http-nio-8001-exec-9] Providing reservation list for registered user from database: user id: 2
2024-01-16 16:43:54,942 INFO com.fabienit.flyingclub.AeroclubApiApplication [restartedMain] Starting AeroclubApiApplication on FABPC with PID 17888 (started by FaB PC in C:\Users\FaB\Git\Projet 12\aeroclubp12)
2024-01-16 16:43:54,948 DEBUG com.fabienit.flyingclub.AeroclubApiApplication [restartedMain] Running with Spring Boot v2.2.2.RELEASE, Spring v5.2.2.RELEASE
2024-01-16 16:43:54,949 INFO com.fabienit.flyingclub.AeroclubApiApplication [restartedMain] The following profiles are active: dev
2024-01-16 16:44:02,004 DEBUG com.fabienit.flyingclub.configuration.SwaggerConfig$$EnhancerBySpringCGLIB$$2be54d7b [restartedMain] Set Swagger2 documentation
2024-01-16 16:44:02,876 INFO com.fabienit.flyingclub.AeroclubApiApplication [restartedMain] Started AeroclubApiApplication in 8.401 seconds (JVM running for 10.099)
2024-01-16 16:44:11,984 INFO com.fabienit.flyingclub.web.controllers.RegisteredUserController [http-nio-8001-exec-2] Search user by email: test1@gmail.com
2024-01-16 16:44:13,063 INFO com.fabienit.flyingclub.web.controllers.AircraftController [http-nio-8001-exec-1] Providing aircraft resource from database: all aircraft list
2024-01-16 16:44:13,249 INFO com.fabienit.flyingclub.web.controllers.ReservationController [http-nio-8001-exec-3] Providing reservation list for registered user from database: user id: 2
2024-01-16 16:44:19,079 INFO com.fabienit.flyingclub.web.controllers.AircraftController [http-nio-8001-exec-4] Providing aircraft resource from database: available between dates aircraft list
2024-01-16 16:44:21,064 INFO com.fabienit.flyingclub.web.controllers.RegisteredUserController [http-nio-8001-exec-5] Providing registeredUser resource from database: registeredUser id: 2
2024-01-16 16:44:21,233 INFO com.fabienit.flyingclub.web.controllers.AircraftController [http-nio-8001-exec-6] Providing aircraft resource from database: aircraft id: 3
2024-01-16 16:44:21,400 INFO com.fabienit.flyingclub.web.controllers.ReservationController [http-nio-8001-exec-7] Adding new reservation in database
2024-01-16 16:44:21,568 INFO com.fabienit.flyingclub.web.controllers.AircraftController [http-nio-8001-exec-8] Providing aircraft resource from database: all aircraft list
2024-01-16 16:44:21,709 INFO com.fabienit.flyingclub.web.controllers.ReservationController [http-nio-8001-exec-9] Providing reservation list for registered user from database: user id: 2
2024-01-16 16:44:22,496 INFO com.fabienit.flyingclub.web.controllers.ReservationController [http-nio-8001-exec-10] Providing reservation resource from database: reservation id: 8
2024-01-16 16:44:22,633 INFO com.fabienit.flyingclub.web.controllers.AircraftController [http-nio-8001-exec-2] Providing aircraft resource from database: aircraft id: 3
2024-01-16 16:44:24,050 INFO com.fabienit.flyingclub.web.controllers.AircraftController [http-nio-8001-exec-1] Providing aircraft resource from database: available between dates aircraft list
2024-01-16 16:44:24,193 INFO com.fabienit.flyingclub.web.controllers.ReservationController [http-nio-8001-exec-3] Providing reservation resource from database: existing reservation by id and dates
2024-01-16 16:44:24,350 INFO com.fabienit.flyingclub.web.controllers.ReservationController [http-nio-8001-exec-4] Providing reservation resource from database: existing reservation by id and dates
2024-01-16 16:44:27,080 INFO com.fabienit.flyingclub.web.controllers.AircraftController [http-nio-8001-exec-7] Providing aircraft resource from database: aircraft id: 1
2024-01-16 16:44:27,199 INFO com.fabienit.flyingclub.web.controllers.RegisteredUserController [http-nio-8001-exec-8] Providing registeredUser resource from database: registeredUser id: 2
2024-01-16 16:44:27,321 INFO com.fabienit.flyingclub.web.controllers.AircraftController [http-nio-8001-exec-9] Providing aircraft resource from database: aircraft id: 1
2024-01-16 16:44:27,446 INFO com.fabienit.flyingclub.web.controllers.ReservationController [http-nio-8001-exec-10] Updating reservation in database, id: traceur : 8
2024-01-16 16:44:27,582 INFO com.fabienit.flyingclub.web.controllers.AircraftController [http-nio-8001-exec-2] Providing aircraft resource from database: all aircraft list
2024-01-16 16:44:27,716 INFO com.fabienit.flyingclub.web.controllers.ReservationController [http-nio-8001-exec-1] Providing reservation list for registered user from database: user id: 2
2024-01-16 16:47:27,504 INFO com.fabienit.flyingclub.AeroclubApiApplication [restartedMain] Starting AeroclubApiApplication on FABPC with PID 16192 (started by FaB PC in C:\Users\FaB\Git\Projet 12\aeroclubp12)
2024-01-16 16:47:27,507 DEBUG com.fabienit.flyingclub.AeroclubApiApplication [restartedMain] Running with Spring Boot v2.2.2.RELEASE, Spring v5.2.2.RELEASE
2024-01-16 16:47:27,507 INFO com.fabienit.flyingclub.AeroclubApiApplication [restartedMain] The following profiles are active: dev
2024-01-16 16:47:39,293 DEBUG com.fabienit.flyingclub.configuration.SwaggerConfig$$EnhancerBySpringCGLIB$$2455e1e8 [restartedMain] Set Swagger2 documentation
2024-01-16 16:47:40,102 INFO com.fabienit.flyingclub.AeroclubApiApplication [restartedMain] Started AeroclubApiApplication in 13.154 seconds (JVM running for 14.607)
2024-01-16 16:47:53,342 INFO com.fabienit.flyingclub.web.controllers.RegisteredUserController [http-nio-8001-exec-1] Search user by email: test1@gmail.com
2024-01-16 16:47:54,545 INFO com.fabienit.flyingclub.web.controllers.AircraftController [http-nio-8001-exec-2] Providing aircraft resource from database: all aircraft list
2024-01-16 16:47:54,740 INFO com.fabienit.flyingclub.web.controllers.ReservationController [http-nio-8001-exec-3] Providing reservation list for registered user from database: user id: 2
2024-01-16 16:48:00,545 INFO com.fabienit.flyingclub.web.controllers.AircraftController [http-nio-8001-exec-4] Providing aircraft resource from database: available between dates aircraft list
2024-01-16 16:48:02,724 INFO com.fabienit.flyingclub.web.controllers.RegisteredUserController [http-nio-8001-exec-5] Providing registeredUser resource from database: registeredUser id: 2
2024-01-16 16:48:02,861 INFO com.fabienit.flyingclub.web.controllers.AircraftController [http-nio-8001-exec-6] Providing aircraft resource from database: aircraft id: 3
2024-01-16 16:48:03,040 INFO com.fabienit.flyingclub.web.controllers.ReservationController [http-nio-8001-exec-7] Adding new reservation in database
2024-01-16 16:48:03,216 INFO com.fabienit.flyingclub.web.controllers.AircraftController [http-nio-8001-exec-8] Providing aircraft resource from database: all aircraft list
2024-01-16 16:48:03,344 INFO com.fabienit.flyingclub.web.controllers.ReservationController [http-nio-8001-exec-9] Providing reservation list for registered user from database: user id: 2
2024-01-16 16:48:04,606 INFO com.fabienit.flyingclub.web.controllers.ReservationController [http-nio-8001-exec-10] Providing reservation resource from database: reservation id: 8
2024-01-16 16:48:04,738 INFO com.fabienit.flyingclub.web.controllers.AircraftController [http-nio-8001-exec-1] Providing aircraft resource from database: aircraft id: 3
2024-01-16 16:48:06,012 INFO com.fabienit.flyingclub.web.controllers.AircraftController [http-nio-8001-exec-2] Providing aircraft resource from database: available between dates aircraft list
2024-01-16 16:48:06,186 INFO com.fabienit.flyingclub.web.controllers.ReservationController [http-nio-8001-exec-3] Providing reservation resource from database: existing reservation by id and dates
2024-01-16 16:48:06,329 INFO com.fabienit.flyingclub.web.controllers.ReservationController [http-nio-8001-exec-4] Providing reservation resource from database: existing reservation by id and dates
2024-01-16 16:48:08,384 INFO com.fabienit.flyingclub.web.controllers.AircraftController [http-nio-8001-exec-7] Providing aircraft resource from database: aircraft id: 1
2024-01-16 16:48:08,506 INFO com.fabienit.flyingclub.web.controllers.RegisteredUserController [http-nio-8001-exec-8] Providing registeredUser resource from database: registeredUser id: 2
2024-01-16 16:48:08,633 INFO com.fabienit.flyingclub.web.controllers.AircraftController [http-nio-8001-exec-9] Providing aircraft resource from database: aircraft id: 1
2024-01-16 16:48:08,757 INFO com.fabienit.flyingclub.web.controllers.ReservationController [http-nio-8001-exec-10] Updating reservation in database, id: marqueur : 8
2024-01-16 16:48:08,906 INFO com.fabienit.flyingclub.web.controllers.AircraftController [http-nio-8001-exec-1] Providing aircraft resource from database: all aircraft list
2024-01-16 16:48:09,031 INFO com.fabienit.flyingclub.web.controllers.ReservationController [http-nio-8001-exec-2] Providing reservation list for registered user from database: user id: 2
2024-01-16 16:52:05,292 INFO com.fabienit.flyingclub.AeroclubApiApplication [restartedMain] Starting AeroclubApiApplication on FABPC with PID 17056 (started by FaB PC in C:\Users\FaB\Git\Projet 12\aeroclubp12)
2024-01-16 16:52:05,296 DEBUG com.fabienit.flyingclub.AeroclubApiApplication [restartedMain] Running with Spring Boot v2.2.2.RELEASE, Spring v5.2.2.RELEASE
2024-01-16 16:52:05,297 INFO com.fabienit.flyingclub.AeroclubApiApplication [restartedMain] The following profiles are active: dev
2024-01-16 16:52:13,527 DEBUG com.fabienit.flyingclub.configuration.SwaggerConfig$$EnhancerBySpringCGLIB$$e5aca35d [restartedMain] Set Swagger2 documentation
2024-01-16 16:52:14,336 INFO com.fabienit.flyingclub.AeroclubApiApplication [restartedMain] Started AeroclubApiApplication in 9.754 seconds (JVM running for 11.339)
2024-01-16 16:52:52,723 INFO com.fabienit.flyingclub.web.controllers.RegisteredUserController [http-nio-8001-exec-1] Search user by email: test1@gmail.com
2024-01-16 16:52:53,787 INFO com.fabienit.flyingclub.web.controllers.AircraftController [http-nio-8001-exec-2] Providing aircraft resource from database: all aircraft list
2024-01-16 16:52:53,991 INFO com.fabienit.flyingclub.web.controllers.ReservationController [http-nio-8001-exec-3] Providing reservation list for registered user from database: user id: 2
2024-01-16 16:53:00,252 INFO com.fabienit.flyingclub.web.controllers.AircraftController [http-nio-8001-exec-4] Providing aircraft resource from database: available between dates aircraft list
2024-01-16 16:53:02,147 INFO com.fabienit.flyingclub.web.controllers.RegisteredUserController [http-nio-8001-exec-5] Providing registeredUser resource from database: registeredUser id: 2
2024-01-16 16:53:02,280 INFO com.fabienit.flyingclub.web.controllers.AircraftController [http-nio-8001-exec-6] Providing aircraft resource from database: aircraft id: 3
2024-01-16 16:53:02,457 INFO com.fabienit.flyingclub.web.controllers.ReservationController [http-nio-8001-exec-7] Adding new reservation in database
2024-01-16 16:53:02,632 INFO com.fabienit.flyingclub.web.controllers.AircraftController [http-nio-8001-exec-8] Providing aircraft resource from database: all aircraft list
2024-01-16 16:53:02,758 INFO com.fabienit.flyingclub.web.controllers.ReservationController [http-nio-8001-exec-9] Providing reservation list for registered user from database: user id: 2
2024-01-16 16:53:04,026 INFO com.fabienit.flyingclub.web.controllers.ReservationController [http-nio-8001-exec-10] Providing reservation resource from database: reservation id: 8
2024-01-16 16:53:04,167 INFO com.fabienit.flyingclub.web.controllers.AircraftController [http-nio-8001-exec-1] Providing aircraft resource from database: aircraft id: 3
2024-01-16 16:53:05,300 INFO com.fabienit.flyingclub.web.controllers.AircraftController [http-nio-8001-exec-2] Providing aircraft resource from database: available between dates aircraft list
2024-01-16 16:53:05,432 INFO com.fabienit.flyingclub.web.controllers.ReservationController [http-nio-8001-exec-3] Providing reservation resource from database: existing reservation by id and dates
2024-01-16 16:53:05,564 INFO com.fabienit.flyingclub.web.controllers.ReservationController [http-nio-8001-exec-3] Providing reservation resource from database: existing reservation by id and dates
2024-01-16 16:53:07,911 INFO com.fabienit.flyingclub.web.controllers.AircraftController [http-nio-8001-exec-6] Providing aircraft resource from database: aircraft id: 1
2024-01-16 16:53:08,042 INFO com.fabienit.flyingclub.web.controllers.RegisteredUserController [http-nio-8001-exec-7] Providing registeredUser resource from database: registeredUser id: 2
2024-01-16 16:53:08,167 INFO com.fabienit.flyingclub.web.controllers.AircraftController [http-nio-8001-exec-8] Providing aircraft resource from database: aircraft id: 1
2024-01-16 16:53:08,302 INFO com.fabienit.flyingclub.web.controllers.ReservationController [http-nio-8001-exec-9] Updating reservation in database, id: 8
2024-01-16 16:53:08,455 INFO com.fabienit.flyingclub.web.controllers.AircraftController [http-nio-8001-exec-10] Providing aircraft resource from database: all aircraft list
2024-01-16 16:53:08,584 INFO com.fabienit.flyingclub.web.controllers.ReservationController [http-nio-8001-exec-1] Providing reservation list for registered user from database: user id: 2
2024-01-16 16:55:40,726 INFO com.fabienit.flyingclub.AeroclubApiApplication [restartedMain] Starting AeroclubApiApplication on FABPC with PID 9992 (started by FaB PC in C:\Users\FaB\Git\Projet 12\aeroclubp12)
2024-01-16 16:55:40,730 DEBUG com.fabienit.flyingclub.AeroclubApiApplication [restartedMain] Running with Spring Boot v2.2.2.RELEASE, Spring v5.2.2.RELEASE
2024-01-16 16:55:40,730 INFO com.fabienit.flyingclub.AeroclubApiApplication [restartedMain] The following profiles are active: dev
2024-01-16 16:55:47,868 DEBUG com.fabienit.flyingclub.configuration.SwaggerConfig$$EnhancerBySpringCGLIB$$1eec1042 [restartedMain] Set Swagger2 documentation
2024-01-16 16:55:48,617 INFO com.fabienit.flyingclub.AeroclubApiApplication [restartedMain] Started AeroclubApiApplication in 8.385 seconds (JVM running for 9.958)
2024-01-16 16:55:54,556 INFO com.fabienit.flyingclub.web.controllers.RegisteredUserController [http-nio-8001-exec-1] Search user by email: test1@gmail.com
2024-01-16 16:55:55,660 INFO com.fabienit.flyingclub.web.controllers.AircraftController [http-nio-8001-exec-2] Providing aircraft resource from database: all aircraft list
2024-01-16 16:55:55,849 INFO com.fabienit.flyingclub.web.controllers.ReservationController [http-nio-8001-exec-3] Providing reservation list for registered user from database: user id: 2
2024-01-16 16:56:03,011 INFO com.fabienit.flyingclub.web.controllers.AircraftController [http-nio-8001-exec-4] Providing aircraft resource from database: available between dates aircraft list
2024-01-16 16:56:05,140 INFO com.fabienit.flyingclub.web.controllers.RegisteredUserController [http-nio-8001-exec-5] Providing registeredUser resource from database: registeredUser id: 2
2024-01-16 16:56:05,269 INFO com.fabienit.flyingclub.web.controllers.AircraftController [http-nio-8001-exec-6] Providing aircraft resource from database: aircraft id: 3
2024-01-16 16:56:05,492 INFO com.fabienit.flyingclub.web.controllers.ReservationController [http-nio-8001-exec-7] Adding new reservation in database
2024-01-16 16:56:05,691 INFO com.fabienit.flyingclub.web.controllers.AircraftController [http-nio-8001-exec-8] Providing aircraft resource from database: all aircraft list
2024-01-16 16:56:05,821 INFO com.fabienit.flyingclub.web.controllers.ReservationController [http-nio-8001-exec-9] Providing reservation list for registered user from database: user id: 2
2024-01-16 16:56:07,593 INFO com.fabienit.flyingclub.web.controllers.ReservationController [http-nio-8001-exec-10] Providing reservation resource from database: reservation id: 8
2024-01-16 16:56:07,728 INFO com.fabienit.flyingclub.web.controllers.AircraftController [http-nio-8001-exec-1] Providing aircraft resource from database: aircraft id: 3
2024-01-16 16:56:09,027 INFO com.fabienit.flyingclub.web.controllers.AircraftController [http-nio-8001-exec-2] Providing aircraft resource from database: available between dates aircraft list
2024-01-16 16:56:09,160 INFO com.fabienit.flyingclub.web.controllers.ReservationController [http-nio-8001-exec-3] Providing reservation resource from database: existing reservation by id and dates
2024-01-16 16:56:09,293 INFO com.fabienit.flyingclub.web.controllers.ReservationController [http-nio-8001-exec-4] Providing reservation resource from database: existing reservation by id and dates
2024-01-16 16:56:11,245 INFO com.fabienit.flyingclub.web.controllers.AircraftController [http-nio-8001-exec-7] Providing aircraft resource from database: aircraft id: 1
2024-01-16 16:56:11,367 INFO com.fabienit.flyingclub.web.controllers.RegisteredUserController [http-nio-8001-exec-8] Providing registeredUser resource from database: registeredUser id: 2
2024-01-16 16:56:11,490 INFO com.fabienit.flyingclub.web.controllers.AircraftController [http-nio-8001-exec-9] Providing aircraft resource from database: aircraft id: 1
2024-01-16 16:56:11,609 INFO com.fabienit.flyingclub.web.controllers.ReservationController [http-nio-8001-exec-10] Updating reservation in database, id: 8
2024-01-16 16:56:11,760 INFO com.fabienit.flyingclub.web.controllers.AircraftController [http-nio-8001-exec-1] Providing aircraft resource from database: all aircraft list
2024-01-16 16:56:11,884 INFO com.fabienit.flyingclub.web.controllers.ReservationController [http-nio-8001-exec-1] Providing reservation list for registered user from database: user id: 2
2024-01-16 16:59:43,612 INFO com.fabienit.flyingclub.AeroclubApiApplication [restartedMain] Starting AeroclubApiApplication on FABPC with PID 15892 (started by FaB PC in C:\Users\FaB\Git\Projet 12\aeroclubp12)
2024-01-16 16:59:43,616 DEBUG com.fabienit.flyingclub.AeroclubApiApplication [restartedMain] Running with Spring Boot v2.2.2.RELEASE, Spring v5.2.2.RELEASE
2024-01-16 16:59:43,616 INFO com.fabienit.flyingclub.AeroclubApiApplication [restartedMain] The following profiles are active: dev
2024-01-16 16:59:50,739 DEBUG com.fabienit.flyingclub.configuration.SwaggerConfig$$EnhancerBySpringCGLIB$$7974f7bc [restartedMain] Set Swagger2 documentation
2024-01-16 16:59:51,519 INFO com.fabienit.flyingclub.AeroclubApiApplication [restartedMain] Started AeroclubApiApplication in 8.346 seconds (JVM running for 9.778)
2024-01-16 16:59:52,174 INFO com.fabienit.flyingclub.web.controllers.RegisteredUserController [http-nio-8001-exec-1] Search user by email: test1@gmail.com
2024-01-16 16:59:53,366 INFO com.fabienit.flyingclub.web.controllers.AircraftController [http-nio-8001-exec-2] Providing aircraft resource from database: all aircraft list
2024-01-16 16:59:53,545 INFO com.fabienit.flyingclub.web.controllers.ReservationController [http-nio-8001-exec-3] Providing reservation list for registered user from database: user id: 2
2024-01-16 16:59:58,754 INFO com.fabienit.flyingclub.web.controllers.AircraftController [http-nio-8001-exec-4] Providing aircraft resource from database: available between dates aircraft list
2024-01-16 17:00:01,012 INFO com.fabienit.flyingclub.web.controllers.RegisteredUserController [http-nio-8001-exec-5] Providing registeredUser resource from database: registeredUser id: 2
2024-01-16 17:00:01,138 INFO com.fabienit.flyingclub.web.controllers.AircraftController [http-nio-8001-exec-6] Providing aircraft resource from database: aircraft id: 3
2024-01-16 17:00:01,312 INFO com.fabienit.flyingclub.web.controllers.ReservationController [http-nio-8001-exec-7] Adding new reservation in database
2024-01-16 17:00:01,484 INFO com.fabienit.flyingclub.web.controllers.AircraftController [http-nio-8001-exec-8] Providing aircraft resource from database: all aircraft list
2024-01-16 17:00:01,608 INFO com.fabienit.flyingclub.web.controllers.ReservationController [http-nio-8001-exec-9] Providing reservation list for registered user from database: user id: 2
2024-01-16 17:00:02,688 INFO com.fabienit.flyingclub.web.controllers.ReservationController [http-nio-8001-exec-10] Providing reservation resource from database: reservation id: 8
2024-01-16 17:00:02,848 INFO com.fabienit.flyingclub.web.controllers.AircraftController [http-nio-8001-exec-1] Providing aircraft resource from database: aircraft id: 3
2024-01-16 17:00:04,073 INFO com.fabienit.flyingclub.web.controllers.AircraftController [http-nio-8001-exec-2] Providing aircraft resource from database: available between dates aircraft list
2024-01-16 17:00:04,216 INFO com.fabienit.flyingclub.web.controllers.ReservationController [http-nio-8001-exec-3] Providing reservation resource from database: existing reservation by id and dates
2024-01-16 17:00:04,379 INFO com.fabienit.flyingclub.web.controllers.ReservationController [http-nio-8001-exec-4] Providing reservation resource from database: existing reservation by id and dates
2024-01-16 17:00:06,233 INFO com.fabienit.flyingclub.web.controllers.AircraftController [http-nio-8001-exec-7] Providing aircraft resource from database: aircraft id: 1
2024-01-16 17:00:06,352 INFO com.fabienit.flyingclub.web.controllers.RegisteredUserController [http-nio-8001-exec-8] Providing registeredUser resource from database: registeredUser id: 2
2024-01-16 17:00:06,475 INFO com.fabienit.flyingclub.web.controllers.AircraftController [http-nio-8001-exec-9] Providing aircraft resource from database: aircraft id: 1
2024-01-16 17:00:06,598 INFO com.fabienit.flyingclub.web.controllers.ReservationController [http-nio-8001-exec-10] Updating reservation in database, id: 8
2024-01-16 17:00:06,742 INFO com.fabienit.flyingclub.web.controllers.AircraftController [http-nio-8001-exec-1] Providing aircraft resource from database: all aircraft list
2024-01-16 17:00:06,867 INFO com.fabienit.flyingclub.web.controllers.ReservationController [http-nio-8001-exec-2] Providing reservation list for registered user from database: user id: 2
2024-01-16 17:12:22,810 INFO com.fabienit.flyingclub.AeroclubApiApplication [restartedMain] Starting AeroclubApiApplication on FABPC with PID 17916 (started by FaB PC in C:\Users\FaB\Git\Projet 12\aeroclubp12)
2024-01-16 17:12:22,815 DEBUG com.fabienit.flyingclub.AeroclubApiApplication [restartedMain] Running with Spring Boot v2.2.2.RELEASE, Spring v5.2.2.RELEASE
2024-01-16 17:12:22,816 INFO com.fabienit.flyingclub.AeroclubApiApplication [restartedMain] The following profiles are active: dev
2024-01-16 17:12:29,464 DEBUG com.fabienit.flyingclub.configuration.SwaggerConfig$$EnhancerBySpringCGLIB$$2bbafa55 [restartedMain] Set Swagger2 documentation
2024-01-16 17:12:30,350 INFO com.fabienit.flyingclub.AeroclubApiApplication [restartedMain] Started AeroclubApiApplication in 7.994 seconds (JVM running for 9.545)
2024-01-16 17:12:33,340 INFO com.fabienit.flyingclub.web.controllers.RegisteredUserController [http-nio-8001-exec-1] Search user by email: test1@gmail.com
2024-01-16 17:12:34,390 INFO com.fabienit.flyingclub.web.controllers.AircraftController [http-nio-8001-exec-2] Providing aircraft resource from database: all aircraft list
2024-01-16 17:12:34,573 INFO com.fabienit.flyingclub.web.controllers.ReservationController [http-nio-8001-exec-3] Providing reservation list for registered user from database: user id: 2
2024-01-16 17:12:43,154 INFO com.fabienit.flyingclub.web.controllers.AircraftController [http-nio-8001-exec-4] Providing aircraft resource from database: available between dates aircraft list
2024-01-16 17:12:44,978 INFO com.fabienit.flyingclub.web.controllers.RegisteredUserController [http-nio-8001-exec-5] Providing registeredUser resource from database: registeredUser id: 2
2024-01-16 17:12:45,149 INFO com.fabienit.flyingclub.web.controllers.AircraftController [http-nio-8001-exec-6] Providing aircraft resource from database: aircraft id: 3
2024-01-16 17:12:45,308 INFO com.fabienit.flyingclub.web.controllers.ReservationController [http-nio-8001-exec-7] Adding new reservation in database
2024-01-16 17:12:45,476 INFO com.fabienit.flyingclub.web.controllers.AircraftController [http-nio-8001-exec-8] Providing aircraft resource from database: all aircraft list
2024-01-16 17:12:45,599 INFO com.fabienit.flyingclub.web.controllers.ReservationController [http-nio-8001-exec-9] Providing reservation list for registered user from database: user id: 2
2024-01-16 17:12:47,006 INFO com.fabienit.flyingclub.web.controllers.ReservationController [http-nio-8001-exec-10] Providing reservation resource from database: reservation id: 8
2024-01-16 17:12:47,132 INFO com.fabienit.flyingclub.web.controllers.AircraftController [http-nio-8001-exec-1] Providing aircraft resource from database: aircraft id: 3
2024-01-16 17:12:48,900 INFO com.fabienit.flyingclub.web.controllers.AircraftController [http-nio-8001-exec-2] Providing aircraft resource from database: available between dates aircraft list
2024-01-16 17:12:49,028 INFO com.fabienit.flyingclub.web.controllers.ReservationController [http-nio-8001-exec-3] Providing reservation resource from database: existing reservation by id and dates
2024-01-16 17:12:49,164 INFO com.fabienit.flyingclub.web.controllers.ReservationController [http-nio-8001-exec-4] Providing reservation resource from database: existing reservation by id and dates
2024-01-16 17:12:51,201 INFO com.fabienit.flyingclub.web.controllers.AircraftController [http-nio-8001-exec-7] Providing aircraft resource from database: aircraft id: 1
2024-01-16 17:12:51,324 INFO com.fabienit.flyingclub.web.controllers.RegisteredUserController [http-nio-8001-exec-8] Providing registeredUser resource from database: registeredUser id: 2
2024-01-16 17:12:51,444 INFO com.fabienit.flyingclub.web.controllers.AircraftController [http-nio-8001-exec-9] Providing aircraft resource from database: aircraft id: 1
2024-01-16 17:12:51,566 INFO com.fabienit.flyingclub.web.controllers.ReservationController [http-nio-8001-exec-10] Updating reservation in database, id: 8
2024-01-16 17:12:51,708 INFO com.fabienit.flyingclub.web.controllers.AircraftController [http-nio-8001-exec-1] Providing aircraft resource from database: all aircraft list
2024-01-16 17:12:51,830 INFO com.fabienit.flyingclub.web.controllers.ReservationController [http-nio-8001-exec-2] Providing reservation list for registered user from database: user id: 2
2024-01-16 17:14:40,166 INFO com.fabienit.flyingclub.AeroclubApiApplication [restartedMain] Starting AeroclubApiApplication on FABPC with PID 12364 (started by FaB PC in C:\Users\FaB\Git\Projet 12\aeroclubp12)
2024-01-16 17:14:40,170 DEBUG com.fabienit.flyingclub.AeroclubApiApplication [restartedMain] Running with Spring Boot v2.2.2.RELEASE, Spring v5.2.2.RELEASE
2024-01-16 17:14:40,170 INFO com.fabienit.flyingclub.AeroclubApiApplication [restartedMain] The following profiles are active: dev
2024-01-16 17:14:46,527 DEBUG com.fabienit.flyingclub.configuration.SwaggerConfig$$EnhancerBySpringCGLIB$$a1a02d73 [restartedMain] Set Swagger2 documentation
2024-01-16 17:14:47,316 INFO com.fabienit.flyingclub.AeroclubApiApplication [restartedMain] Started AeroclubApiApplication in 7.61 seconds (JVM running for 9.271)
2024-01-16 17:14:50,246 INFO com.fabienit.flyingclub.web.controllers.RegisteredUserController [http-nio-8001-exec-1] Search user by email: test1@gmail.com
2024-01-16 17:14:51,376 INFO com.fabienit.flyingclub.web.controllers.AircraftController [http-nio-8001-exec-2] Providing aircraft resource from database: all aircraft list
2024-01-16 17:14:51,569 INFO com.fabienit.flyingclub.web.controllers.ReservationController [http-nio-8001-exec-3] Providing reservation list for registered user from database: user id: 2
2024-01-16 17:14:58,152 INFO com.fabienit.flyingclub.web.controllers.AircraftController [http-nio-8001-exec-4] Providing aircraft resource from database: available between dates aircraft list
2024-01-16 17:15:00,195 INFO com.fabienit.flyingclub.web.controllers.RegisteredUserController [http-nio-8001-exec-5] Providing registeredUser resource from database: registeredUser id: 2
2024-01-16 17:15:00,326 INFO com.fabienit.flyingclub.web.controllers.AircraftController [http-nio-8001-exec-6] Providing aircraft resource from database: aircraft id: 3
2024-01-16 17:15:00,500 INFO com.fabienit.flyingclub.web.controllers.ReservationController [http-nio-8001-exec-7] Adding new reservation in database
2024-01-16 17:15:00,672 INFO com.fabienit.flyingclub.web.controllers.AircraftController [http-nio-8001-exec-8] Providing aircraft resource from database: all aircraft list
2024-01-16 17:15:00,823 INFO com.fabienit.flyingclub.web.controllers.ReservationController [http-nio-8001-exec-9] Providing reservation list for registered user from database: user id: 2
2024-01-16 17:15:01,554 INFO com.fabienit.flyingclub.web.controllers.ReservationController [http-nio-8001-exec-10] Providing reservation resource from database: reservation id: 8
2024-01-16 17:15:01,691 INFO com.fabienit.flyingclub.web.controllers.AircraftController [http-nio-8001-exec-1] Providing aircraft resource from database: aircraft id: 3
2024-01-16 17:15:03,017 INFO com.fabienit.flyingclub.web.controllers.AircraftController [http-nio-8001-exec-2] Providing aircraft resource from database: available between dates aircraft list
2024-01-16 17:15:03,151 INFO com.fabienit.flyingclub.web.controllers.ReservationController [http-nio-8001-exec-3] Providing reservation resource from database: existing reservation by id and dates
2024-01-16 17:15:03,284 INFO com.fabienit.flyingclub.web.controllers.ReservationController [http-nio-8001-exec-4] Providing reservation resource from database: existing reservation by id and dates
2024-01-16 17:15:05,324 INFO com.fabienit.flyingclub.web.controllers.AircraftController [http-nio-8001-exec-7] Providing aircraft resource from database: aircraft id: 1
2024-01-16 17:15:05,443 INFO com.fabienit.flyingclub.web.controllers.RegisteredUserController [http-nio-8001-exec-8] Providing registeredUser resource from database: registeredUser id: 2
2024-01-16 17:15:05,565 INFO com.fabienit.flyingclub.web.controllers.AircraftController [http-nio-8001-exec-9] Providing aircraft resource from database: aircraft id: 1
2024-01-16 17:15:05,689 INFO com.fabienit.flyingclub.web.controllers.ReservationController [http-nio-8001-exec-10] Updating reservation in database, id: 8
2024-01-16 17:15:05,842 INFO com.fabienit.flyingclub.web.controllers.AircraftController [http-nio-8001-exec-1] Providing aircraft resource from database: all aircraft list
2024-01-16 17:15:05,963 INFO com.fabienit.flyingclub.web.controllers.ReservationController [http-nio-8001-exec-2] Providing reservation list for registered user from database: user id: 2
2024-01-16 17:18:09,298 INFO com.fabienit.flyingclub.AeroclubApiApplication [restartedMain] Starting AeroclubApiApplication on FABPC with PID 2932 (started by FaB PC in C:\Users\FaB\Git\Projet 12\aeroclubp12)
2024-01-16 17:18:09,303 DEBUG com.fabienit.flyingclub.AeroclubApiApplication [restartedMain] Running with Spring Boot v2.2.2.RELEASE, Spring v5.2.2.RELEASE
2024-01-16 17:18:09,304 INFO com.fabienit.flyingclub.AeroclubApiApplication [restartedMain] The following profiles are active: dev
2024-01-16 17:18:19,949 DEBUG com.fabienit.flyingclub.configuration.SwaggerConfig$$EnhancerBySpringCGLIB$$b548b51b [restartedMain] Set Swagger2 documentation
2024-01-16 17:18:20,777 INFO com.fabienit.flyingclub.AeroclubApiApplication [restartedMain] Started AeroclubApiApplication in 11.984 seconds (JVM running for 13.458)
2024-01-16 17:18:35,956 INFO com.fabienit.flyingclub.web.controllers.RegisteredUserController [http-nio-8001-exec-1] Search user by email: test1@gmail.com
2024-01-16 17:18:37,331 INFO com.fabienit.flyingclub.web.controllers.AircraftController [http-nio-8001-exec-2] Providing aircraft resource from database: all aircraft list
2024-01-16 17:18:37,530 INFO com.fabienit.flyingclub.web.controllers.ReservationController [http-nio-8001-exec-3] Providing reservation list for registered user from database: user id: 2
2024-01-16 17:18:43,643 INFO com.fabienit.flyingclub.web.controllers.AircraftController [http-nio-8001-exec-4] Providing aircraft resource from database: available between dates aircraft list
2024-01-16 17:18:45,589 INFO com.fabienit.flyingclub.web.controllers.RegisteredUserController [http-nio-8001-exec-5] Providing registeredUser resource from database: registeredUser id: 2
2024-01-16 17:18:45,718 INFO com.fabienit.flyingclub.web.controllers.AircraftController [http-nio-8001-exec-6] Providing aircraft resource from database: aircraft id: 3
2024-01-16 17:18:45,903 INFO com.fabienit.flyingclub.web.controllers.ReservationController [http-nio-8001-exec-7] Adding new reservation in database
2024-01-16 17:18:46,080 INFO com.fabienit.flyingclub.web.controllers.AircraftController [http-nio-8001-exec-8] Providing aircraft resource from database: all aircraft list
2024-01-16 17:18:46,204 INFO com.fabienit.flyingclub.web.controllers.ReservationController [http-nio-8001-exec-9] Providing reservation list for registered user from database: user id: 2
2024-01-16 17:18:47,848 INFO com.fabienit.flyingclub.web.controllers.ReservationController [http-nio-8001-exec-10] Providing reservation resource from database: reservation id: 8
2024-01-16 17:18:47,981 INFO com.fabienit.flyingclub.web.controllers.AircraftController [http-nio-8001-exec-1] Providing aircraft resource from database: aircraft id: 3
2024-01-16 17:18:49,229 INFO com.fabienit.flyingclub.web.controllers.AircraftController [http-nio-8001-exec-2] Providing aircraft resource from database: available between dates aircraft list
2024-01-16 17:18:49,362 INFO com.fabienit.flyingclub.web.controllers.ReservationController [http-nio-8001-exec-3] Providing reservation resource from database: existing reservation by id and dates
2024-01-16 17:18:49,496 INFO com.fabienit.flyingclub.web.controllers.ReservationController [http-nio-8001-exec-4] Providing reservation resource from database: existing reservation by id and dates
2024-01-16 17:18:51,666 INFO com.fabienit.flyingclub.web.controllers.AircraftController [http-nio-8001-exec-6] Providing aircraft resource from database: aircraft id: 1
2024-01-16 17:18:51,795 INFO com.fabienit.flyingclub.web.controllers.RegisteredUserController [http-nio-8001-exec-7] Providing registeredUser resource from database: registeredUser id: 2
2024-01-16 17:18:51,921 INFO com.fabienit.flyingclub.web.controllers.AircraftController [http-nio-8001-exec-8] Providing aircraft resource from database: aircraft id: 1
2024-01-16 17:18:52,046 INFO com.fabienit.flyingclub.web.controllers.ReservationController [http-nio-8001-exec-9] Updating reservation in database, id: 8
2024-01-16 17:18:52,197 INFO com.fabienit.flyingclub.web.controllers.AircraftController [http-nio-8001-exec-10] Providing aircraft resource from database: all aircraft list
2024-01-16 17:18:52,319 INFO com.fabienit.flyingclub.web.controllers.ReservationController [http-nio-8001-exec-1] Providing reservation list for registered user from database: user id: 2
2024-01-16 17:22:05,629 INFO com.fabienit.flyingclub.AeroclubApiApplication [restartedMain] Starting AeroclubApiApplication on FABPC with PID 13496 (started by FaB PC in C:\Users\FaB\Git\Projet 12\aeroclubp12)
2024-01-16 17:22:05,633 DEBUG com.fabienit.flyingclub.AeroclubApiApplication [restartedMain] Running with Spring Boot v2.2.2.RELEASE, Spring v5.2.2.RELEASE
2024-01-16 17:22:05,633 INFO com.fabienit.flyingclub.AeroclubApiApplication [restartedMain] The following profiles are active: dev
2024-01-16 17:22:12,198 DEBUG com.fabienit.flyingclub.configuration.SwaggerConfig$$EnhancerBySpringCGLIB$$731ae282 [restartedMain] Set Swagger2 documentation
2024-01-16 17:22:13,084 INFO com.fabienit.flyingclub.AeroclubApiApplication [restartedMain] Started AeroclubApiApplication in 7.899 seconds (JVM running for 9.345)
2024-01-16 17:22:15,880 INFO com.fabienit.flyingclub.web.controllers.RegisteredUserController [http-nio-8001-exec-1] Search user by email: test1@gmail.com
2024-01-16 17:22:16,738 INFO com.fabienit.flyingclub.web.controllers.AircraftController [http-nio-8001-exec-2] Providing aircraft resource from database: all aircraft list
2024-01-16 17:22:16,921 INFO com.fabienit.flyingclub.web.controllers.ReservationController [http-nio-8001-exec-3] Providing reservation list for registered user from database: user id: 2
2024-01-16 17:22:22,691 INFO com.fabienit.flyingclub.web.controllers.AircraftController [http-nio-8001-exec-4] Providing aircraft resource from database: available between dates aircraft list
2024-01-16 17:22:29,085 INFO com.fabienit.flyingclub.web.controllers.RegisteredUserController [http-nio-8001-exec-5] Providing registeredUser resource from database: registeredUser id: 2
2024-01-16 17:22:29,213 INFO com.fabienit.flyingclub.web.controllers.AircraftController [http-nio-8001-exec-6] Providing aircraft resource from database: aircraft id: 3
2024-01-16 17:22:29,373 INFO com.fabienit.flyingclub.web.controllers.ReservationController [http-nio-8001-exec-7] Adding new reservation in database
2024-01-16 17:22:29,540 INFO com.fabienit.flyingclub.web.controllers.AircraftController [http-nio-8001-exec-8] Providing aircraft resource from database: all aircraft list
2024-01-16 17:22:29,669 INFO com.fabienit.flyingclub.web.controllers.ReservationController [http-nio-8001-exec-9] Providing reservation list for registered user from database: user id: 2
2024-01-16 17:22:32,190 INFO com.fabienit.flyingclub.web.controllers.ReservationController [http-nio-8001-exec-10] Providing reservation resource from database: reservation id: 8
2024-01-16 17:22:32,317 INFO com.fabienit.flyingclub.web.controllers.AircraftController [http-nio-8001-exec-1] Providing aircraft resource from database: aircraft id: 3
2024-01-16 17:22:33,700 INFO com.fabienit.flyingclub.web.controllers.AircraftController [http-nio-8001-exec-2] Providing aircraft resource from database: available between dates aircraft list
2024-01-16 17:22:33,833 INFO com.fabienit.flyingclub.web.controllers.ReservationController [http-nio-8001-exec-3] Providing reservation resource from database: existing reservation by id and dates
2024-01-16 17:22:33,966 INFO com.fabienit.flyingclub.web.controllers.ReservationController [http-nio-8001-exec-4] Providing reservation resource from database: existing reservation by id and dates
2024-01-16 17:22:36,290 INFO com.fabienit.flyingclub.web.controllers.AircraftController [http-nio-8001-exec-7] Providing aircraft resource from database: aircraft id: 1
2024-01-16 17:22:36,410 INFO com.fabienit.flyingclub.web.controllers.RegisteredUserController [http-nio-8001-exec-8] Providing registeredUser resource from database: registeredUser id: 2
2024-01-16 17:22:36,538 INFO com.fabienit.flyingclub.web.controllers.AircraftController [http-nio-8001-exec-9] Providing aircraft resource from database: aircraft id: 1
2024-01-16 17:22:36,659 INFO com.fabienit.flyingclub.web.controllers.ReservationController [http-nio-8001-exec-10] Updating reservation in database, id: 8
2024-01-16 17:22:36,801 INFO com.fabienit.flyingclub.web.controllers.AircraftController [http-nio-8001-exec-1] Providing aircraft resource from database: all aircraft list
2024-01-16 17:22:36,923 INFO com.fabienit.flyingclub.web.controllers.ReservationController [http-nio-8001-exec-2] Providing reservation list for registered user from database: user id: 2
2024-01-16 17:23:38,606 INFO com.fabienit.flyingclub.AeroclubApiApplication [restartedMain] Starting AeroclubApiApplication on FABPC with PID 16572 (started by FaB PC in C:\Users\FaB\Git\Projet 12\aeroclubp12)
2024-01-16 17:23:38,610 DEBUG com.fabienit.flyingclub.AeroclubApiApplication [restartedMain] Running with Spring Boot v2.2.2.RELEASE, Spring v5.2.2.RELEASE
2024-01-16 17:23:38,611 INFO com.fabienit.flyingclub.AeroclubApiApplication [restartedMain] The following profiles are active: dev
2024-01-16 17:23:48,003 DEBUG com.fabienit.flyingclub.configuration.SwaggerConfig$$EnhancerBySpringCGLIB$$d8ea79ab [restartedMain] Set Swagger2 documentation
2024-01-16 17:23:48,795 INFO com.fabienit.flyingclub.AeroclubApiApplication [restartedMain] Started AeroclubApiApplication in 10.654 seconds (JVM running for 12.135)
2024-01-16 17:24:17,588 INFO com.fabienit.flyingclub.web.controllers.RegisteredUserController [http-nio-8001-exec-1] Search user by email: test1@gmail.com
2024-01-16 17:24:18,727 INFO com.fabienit.flyingclub.web.controllers.AircraftController [http-nio-8001-exec-2] Providing aircraft resource from database: all aircraft list
2024-01-16 17:24:18,926 INFO com.fabienit.flyingclub.web.controllers.ReservationController [http-nio-8001-exec-3] Providing reservation list for registered user from database: user id: 2
2024-01-16 17:24:25,245 INFO com.fabienit.flyingclub.web.controllers.AircraftController [http-nio-8001-exec-5] Providing aircraft resource from database: available between dates aircraft list
2024-01-16 17:24:27,999 INFO com.fabienit.flyingclub.web.controllers.RegisteredUserController [http-nio-8001-exec-4] Providing registeredUser resource from database: registeredUser id: 2
2024-01-16 17:24:28,133 INFO com.fabienit.flyingclub.web.controllers.AircraftController [http-nio-8001-exec-6] Providing aircraft resource from database: aircraft id: 3
2024-01-16 17:24:28,313 INFO com.fabienit.flyingclub.web.controllers.ReservationController [http-nio-8001-exec-10] Adding new reservation in database
2024-01-16 17:24:28,499 INFO com.fabienit.flyingclub.web.controllers.AircraftController [http-nio-8001-exec-8] Providing aircraft resource from database: all aircraft list
2024-01-16 17:24:28,624 INFO com.fabienit.flyingclub.web.controllers.ReservationController [http-nio-8001-exec-9] Providing reservation list for registered user from database: user id: 2
2024-01-16 17:24:30,148 INFO com.fabienit.flyingclub.web.controllers.ReservationController [http-nio-8001-exec-7] Providing reservation resource from database: reservation id: 8
2024-01-16 17:24:30,277 INFO com.fabienit.flyingclub.web.controllers.AircraftController [http-nio-8001-exec-1] Providing aircraft resource from database: aircraft id: 3
2024-01-16 17:24:31,386 INFO com.fabienit.flyingclub.web.controllers.AircraftController [http-nio-8001-exec-2] Providing aircraft resource from database: available between dates aircraft list
2024-01-16 17:24:31,524 INFO com.fabienit.flyingclub.web.controllers.ReservationController [http-nio-8001-exec-3] Providing reservation resource from database: existing reservation by id and dates
2024-01-16 17:24:31,664 INFO com.fabienit.flyingclub.web.controllers.ReservationController [http-nio-8001-exec-3] Providing reservation resource from database: existing reservation by id and dates
2024-01-16 17:24:33,653 INFO com.fabienit.flyingclub.web.controllers.AircraftController [http-nio-8001-exec-6] Providing aircraft resource from database: aircraft id: 1
2024-01-16 17:24:33,785 INFO com.fabienit.flyingclub.web.controllers.RegisteredUserController [http-nio-8001-exec-10] Providing registeredUser resource from database: registeredUser id: 2
2024-01-16 17:24:33,914 INFO com.fabienit.flyingclub.web.controllers.AircraftController [http-nio-8001-exec-8] Providing aircraft resource from database: aircraft id: 1
2024-01-16 17:24:34,040 INFO com.fabienit.flyingclub.web.controllers.ReservationController [http-nio-8001-exec-9] Updating reservation in database, id: 8
2024-01-16 17:24:34,205 INFO com.fabienit.flyingclub.web.controllers.AircraftController [http-nio-8001-exec-7] Providing aircraft resource from database: all aircraft list
2024-01-16 17:24:34,333 INFO com.fabienit.flyingclub.web.controllers.ReservationController [http-nio-8001-exec-1] Providing reservation list for registered user from database: user id: 2
2024-01-16 17:25:41,684 INFO com.fabienit.flyingclub.AeroclubApiApplication [restartedMain] Starting AeroclubApiApplication on FABPC with PID 1952 (started by FaB PC in C:\Users\FaB\Git\Projet 12\aeroclubp12)
2024-01-16 17:25:41,687 DEBUG com.fabienit.flyingclub.AeroclubApiApplication [restartedMain] Running with Spring Boot v2.2.2.RELEASE, Spring v5.2.2.RELEASE
2024-01-16 17:25:41,688 INFO com.fabienit.flyingclub.AeroclubApiApplication [restartedMain] The following profiles are active: dev
2024-01-16 17:25:49,668 DEBUG com.fabienit.flyingclub.configuration.SwaggerConfig$$EnhancerBySpringCGLIB$$465427ef [restartedMain] Set Swagger2 documentation
2024-01-16 17:25:50,420 INFO com.fabienit.flyingclub.AeroclubApiApplication [restartedMain] Started AeroclubApiApplication in 9.196 seconds (JVM running for 10.627)
2024-01-16 17:26:03,638 INFO com.fabienit.flyingclub.web.controllers.RegisteredUserController [http-nio-8001-exec-1] Search user by email: test1@gmail.com
2024-01-16 17:26:04,692 INFO com.fabienit.flyingclub.web.controllers.AircraftController [http-nio-8001-exec-2] Providing aircraft resource from database: all aircraft list
2024-01-16 17:26:04,871 INFO com.fabienit.flyingclub.web.controllers.ReservationController [http-nio-8001-exec-3] Providing reservation list for registered user from database: user id: 2
2024-01-16 17:26:17,315 INFO com.fabienit.flyingclub.web.controllers.AircraftController [http-nio-8001-exec-4] Providing aircraft resource from database: available between dates aircraft list
2024-01-16 17:26:19,202 INFO com.fabienit.flyingclub.web.controllers.RegisteredUserController [http-nio-8001-exec-5] Providing registeredUser resource from database: registeredUser id: 2
2024-01-16 17:26:19,329 INFO com.fabienit.flyingclub.web.controllers.AircraftController [http-nio-8001-exec-6] Providing aircraft resource from database: aircraft id: 3
2024-01-16 17:26:19,508 INFO com.fabienit.flyingclub.web.controllers.ReservationController [http-nio-8001-exec-7] Adding new reservation in database
2024-01-16 17:26:19,674 INFO com.fabienit.flyingclub.web.controllers.AircraftController [http-nio-8001-exec-8] Providing aircraft resource from database: all aircraft list
2024-01-16 17:26:19,796 INFO com.fabienit.flyingclub.web.controllers.ReservationController [http-nio-8001-exec-9] Providing reservation list for registered user from database: user id: 2
2024-01-16 17:26:20,851 INFO com.fabienit.flyingclub.web.controllers.ReservationController [http-nio-8001-exec-10] Providing reservation resource from database: reservation id: 8
2024-01-16 17:26:20,978 INFO com.fabienit.flyingclub.web.controllers.AircraftController [http-nio-8001-exec-1] Providing aircraft resource from database: aircraft id: 3
2024-01-16 17:26:22,133 INFO com.fabienit.flyingclub.web.controllers.AircraftController [http-nio-8001-exec-2] Providing aircraft resource from database: available between dates aircraft list
2024-01-16 17:26:22,261 INFO com.fabienit.flyingclub.web.controllers.ReservationController [http-nio-8001-exec-3] Providing reservation resource from database: existing reservation by id and dates
2024-01-16 17:26:22,395 INFO com.fabienit.flyingclub.web.controllers.ReservationController [http-nio-8001-exec-4] Providing reservation resource from database: existing reservation by id and dates
2024-01-16 17:26:24,440 INFO com.fabienit.flyingclub.web.controllers.AircraftController [http-nio-8001-exec-7] Providing aircraft resource from database: aircraft id: 1
2024-01-16 17:26:24,570 INFO com.fabienit.flyingclub.web.controllers.RegisteredUserController [http-nio-8001-exec-8] Providing registeredUser resource from database: registeredUser id: 2
2024-01-16 17:26:24,711 INFO com.fabienit.flyingclub.web.controllers.AircraftController [http-nio-8001-exec-9] Providing aircraft resource from database: aircraft id: 1
2024-01-16 17:26:24,838 INFO com.fabienit.flyingclub.web.controllers.ReservationController [http-nio-8001-exec-10] Updating reservation in database, id: 8
2024-01-16 17:26:24,990 INFO com.fabienit.flyingclub.web.controllers.AircraftController [http-nio-8001-exec-1] Providing aircraft resource from database: all aircraft list
2024-01-16 17:26:25,111 INFO com.fabienit.flyingclub.web.controllers.ReservationController [http-nio-8001-exec-2] Providing reservation list for registered user from database: user id: 2
2024-01-16 17:28:06,408 INFO com.fabienit.flyingclub.AeroclubApiApplication [restartedMain] Starting AeroclubApiApplication on FABPC with PID 2512 (started by FaB PC in C:\Users\FaB\Git\Projet 12\aeroclubp12)
2024-01-16 17:28:06,412 DEBUG com.fabienit.flyingclub.AeroclubApiApplication [restartedMain] Running with Spring Boot v2.2.2.RELEASE, Spring v5.2.2.RELEASE
2024-01-16 17:28:06,413 INFO com.fabienit.flyingclub.AeroclubApiApplication [restartedMain] The following profiles are active: dev
2024-01-16 17:28:13,045 DEBUG com.fabienit.flyingclub.configuration.SwaggerConfig$$EnhancerBySpringCGLIB$$f4bb5353 [restartedMain] Set Swagger2 documentation
2024-01-16 17:28:14,130 INFO com.fabienit.flyingclub.AeroclubApiApplication [restartedMain] Started AeroclubApiApplication in 8.186 seconds (JVM running for 9.627)
2024-01-16 17:28:14,719 INFO com.fabienit.flyingclub.web.controllers.RegisteredUserController [http-nio-8001-exec-1] Search user by email: test1@gmail.com
2024-01-16 17:28:15,910 INFO com.fabienit.flyingclub.web.controllers.AircraftController [http-nio-8001-exec-2] Providing aircraft resource from database: all aircraft list
2024-01-16 17:28:16,094 INFO com.fabienit.flyingclub.web.controllers.ReservationController [http-nio-8001-exec-3] Providing reservation list for registered user from database: user id: 2
2024-01-16 17:28:22,559 INFO com.fabienit.flyingclub.web.controllers.AircraftController [http-nio-8001-exec-4] Providing aircraft resource from database: available between dates aircraft list
2024-01-16 17:28:24,436 INFO com.fabienit.flyingclub.web.controllers.RegisteredUserController [http-nio-8001-exec-5] Providing registeredUser resource from database: registeredUser id: 2
2024-01-16 17:28:24,563 INFO com.fabienit.flyingclub.web.controllers.AircraftController [http-nio-8001-exec-6] Providing aircraft resource from database: aircraft id: 3
2024-01-16 17:28:24,722 INFO com.fabienit.flyingclub.web.controllers.ReservationController [http-nio-8001-exec-7] Adding new reservation in database
2024-01-16 17:28:24,892 INFO com.fabienit.flyingclub.web.controllers.AircraftController [http-nio-8001-exec-8] Providing aircraft resource from database: all aircraft list
2024-01-16 17:28:25,040 INFO com.fabienit.flyingclub.web.controllers.ReservationController [http-nio-8001-exec-9] Providing reservation list for registered user from database: user id: 2
2024-01-16 17:28:25,813 INFO com.fabienit.flyingclub.web.controllers.ReservationController [http-nio-8001-exec-10] Providing reservation resource from database: reservation id: 8
2024-01-16 17:28:25,969 INFO com.fabienit.flyingclub.web.controllers.AircraftController [http-nio-8001-exec-10] Providing aircraft resource from database: aircraft id: 3
2024-01-16 17:28:27,211 INFO com.fabienit.flyingclub.web.controllers.AircraftController [http-nio-8001-exec-1] Providing aircraft resource from database: available between dates aircraft list
2024-01-16 17:28:27,352 INFO com.fabienit.flyingclub.web.controllers.ReservationController [http-nio-8001-exec-2] Providing reservation resource from database: existing reservation by id and dates
2024-01-16 17:28:27,495 INFO com.fabienit.flyingclub.web.controllers.ReservationController [http-nio-8001-exec-3] Providing reservation resource from database: existing reservation by id and dates
2024-01-16 17:28:29,194 INFO com.fabienit.flyingclub.web.controllers.AircraftController [http-nio-8001-exec-6] Providing aircraft resource from database: aircraft id: 1
2024-01-16 17:28:29,314 INFO com.fabienit.flyingclub.web.controllers.RegisteredUserController [http-nio-8001-exec-7] Providing registeredUser resource from database: registeredUser id: 2
2024-01-16 17:28:29,434 INFO com.fabienit.flyingclub.web.controllers.AircraftController [http-nio-8001-exec-8] Providing aircraft resource from database: aircraft id: 1
2024-01-16 17:28:29,558 INFO com.fabienit.flyingclub.web.controllers.ReservationController [http-nio-8001-exec-9] Updating reservation in database, id: 8
2024-01-16 17:28:29,714 INFO com.fabienit.flyingclub.web.controllers.AircraftController [http-nio-8001-exec-10] Providing aircraft resource from database: all aircraft list
2024-01-16 17:28:29,835 INFO com.fabienit.flyingclub.web.controllers.ReservationController [http-nio-8001-exec-1] Providing reservation list for registered user from database: user id: 2
2024-01-16 17:29:09,061 INFO com.fabienit.flyingclub.web.controllers.ReservationController [http-nio-8001-exec-2] Providing reservation resource from database: reservation id: 8
2024-01-16 17:29:09,180 INFO com.fabienit.flyingclub.web.controllers.AircraftController [http-nio-8001-exec-3] Providing aircraft resource from database: aircraft id: 1
2024-01-16 17:29:16,764 INFO com.fabienit.flyingclub.web.controllers.AircraftController [http-nio-8001-exec-4] Providing aircraft resource from database: available between dates aircraft list
2024-01-16 17:29:16,925 INFO com.fabienit.flyingclub.web.controllers.ReservationController [http-nio-8001-exec-5] Providing reservation resource from database: existing reservation by id and dates
2024-01-16 17:29:17,053 INFO com.fabienit.flyingclub.web.controllers.ReservationController [http-nio-8001-exec-6] Providing reservation resource from database: existing reservation by id and dates
2024-01-16 17:29:20,415 INFO com.fabienit.flyingclub.web.controllers.AircraftController [http-nio-8001-exec-7] Providing aircraft resource from database: aircraft id: 3
2024-01-16 17:29:20,540 INFO com.fabienit.flyingclub.web.controllers.RegisteredUserController [http-nio-8001-exec-8] Providing registeredUser resource from database: registeredUser id: 2
2024-01-16 17:29:20,660 INFO com.fabienit.flyingclub.web.controllers.AircraftController [http-nio-8001-exec-9] Providing aircraft resource from database: aircraft id: 3
2024-01-16 17:29:20,783 INFO com.fabienit.flyingclub.web.controllers.ReservationController [http-nio-8001-exec-10] Updating reservation in database, id: 8
2024-01-16 17:29:20,915 INFO com.fabienit.flyingclub.web.controllers.AircraftController [http-nio-8001-exec-1] Providing aircraft resource from database: all aircraft list
2024-01-16 17:29:21,037 INFO com.fabienit.flyingclub.web.controllers.ReservationController [http-nio-8001-exec-2] Providing reservation list for registered user from database: user id: 2
2024-01-16 18:10:34,641 INFO com.fabienit.flyingclub.web.controllers.RegisteredUserController [http-nio-8001-exec-4] Search user by email: test1@gmail.com
2024-01-16 18:10:35,756 INFO com.fabienit.flyingclub.web.controllers.AircraftController [http-nio-8001-exec-5] Providing aircraft resource from database: all aircraft list
2024-01-16 18:10:35,875 INFO com.fabienit.flyingclub.web.controllers.ReservationController [http-nio-8001-exec-6] Providing reservation list for registered user from database: user id: 2
2024-01-16 18:10:36,907 INFO com.fabienit.flyingclub.web.controllers.ReservationController [http-nio-8001-exec-7] Providing reservation resource from database: reservation id: 8
2024-01-16 18:10:37,027 INFO com.fabienit.flyingclub.web.controllers.AircraftController [http-nio-8001-exec-8] Providing aircraft resource from database: aircraft id: 3
2024-01-16 18:10:40,159 INFO com.fabienit.flyingclub.web.controllers.AircraftController [http-nio-8001-exec-9] Providing aircraft resource from database: available between dates aircraft list
2024-01-16 18:10:40,280 INFO com.fabienit.flyingclub.web.controllers.ReservationController [http-nio-8001-exec-10] Providing reservation resource from database: existing reservation by id and dates
2024-01-16 18:10:40,402 INFO com.fabienit.flyingclub.web.controllers.ReservationController [http-nio-8001-exec-1] Providing reservation resource from database: existing reservation by id and dates
2024-01-16 18:10:43,133 INFO com.fabienit.flyingclub.web.controllers.AircraftController [http-nio-8001-exec-4] Providing aircraft resource from database: aircraft id: 4
2024-01-16 18:10:43,253 INFO com.fabienit.flyingclub.web.controllers.RegisteredUserController [http-nio-8001-exec-5] Providing registeredUser resource from database: registeredUser id: 2
2024-01-16 18:10:43,376 INFO com.fabienit.flyingclub.web.controllers.AircraftController [http-nio-8001-exec-6] Providing aircraft resource from database: aircraft id: 4
2024-01-16 18:10:43,494 INFO com.fabienit.flyingclub.web.controllers.ReservationController [http-nio-8001-exec-7] Updating reservation in database, id: 8
2024-01-16 18:10:43,624 INFO com.fabienit.flyingclub.web.controllers.AircraftController [http-nio-8001-exec-8] Providing aircraft resource from database: all aircraft list
2024-01-16 18:10:43,744 INFO com.fabienit.flyingclub.web.controllers.ReservationController [http-nio-8001-exec-9] Providing reservation list for registered user from database: user id: 2
2024-01-16 18:10:48,036 INFO com.fabienit.flyingclub.web.controllers.ReservationController [http-nio-8001-exec-10] Providing reservation resource from database: reservation id: 7
2024-01-16 18:10:52,048 INFO com.fabienit.flyingclub.web.controllers.ReservationController [http-nio-8001-exec-1] Providing reservation resource from database: reservation id: 7
2024-01-16 18:10:52,170 INFO com.fabienit.flyingclub.web.controllers.RegisteredUserController [http-nio-8001-exec-2] Updating registeredUser in database, id: 2
2024-01-16 18:10:52,303 INFO com.fabienit.flyingclub.web.controllers.AircraftController [http-nio-8001-exec-3] Updating aircraft in database, id: 3
2024-01-16 18:10:52,429 INFO com.fabienit.flyingclub.web.controllers.ReservationController [http-nio-8001-exec-4] Updating reservation in database, id: 7
2024-01-16 18:10:52,556 INFO com.fabienit.flyingclub.web.controllers.AircraftController [http-nio-8001-exec-5] Providing aircraft resource from database: all aircraft list
2024-01-16 18:10:52,678 INFO com.fabienit.flyingclub.web.controllers.ReservationController [http-nio-8001-exec-6] Providing reservation list for registered user from database: user id: 2
2024-01-16 18:15:14,073 INFO com.fabienit.flyingclub.web.controllers.RegisteredUserController [http-nio-8001-exec-8] Search user by email: test1@gmail.com
2024-01-16 18:15:15,111 INFO com.fabienit.flyingclub.web.controllers.AircraftController [http-nio-8001-exec-9] Providing aircraft resource from database: all aircraft list
2024-01-16 18:15:15,232 INFO com.fabienit.flyingclub.web.controllers.ReservationController [http-nio-8001-exec-10] Providing reservation list for registered user from database: user id: 2
2024-01-16 18:15:16,769 INFO com.fabienit.flyingclub.web.controllers.WorkshopController [http-nio-8001-exec-1] Providing revision resource from database: all revisions list
2024-01-16 18:15:18,236 INFO com.fabienit.flyingclub.web.controllers.WorkshopController [http-nio-8001-exec-2] Providing workshop resource from database: revision id: 2
2024-01-16 18:15:21,648 INFO com.fabienit.flyingclub.web.controllers.WorkshopController [http-nio-8001-exec-3] Providing revision resource from database: all revisions list
2024-01-16 18:15:23,730 INFO com.fabienit.flyingclub.web.controllers.WorkshopController [http-nio-8001-exec-4] Providing workshop resource from database: revision id: 2
2024-01-16 18:15:25,004 INFO com.fabienit.flyingclub.web.controllers.WorkshopController [http-nio-8001-exec-5] Providing revision resource from database: all revisions list
2024-01-16 18:15:27,333 INFO com.fabienit.flyingclub.web.controllers.WorkshopController [http-nio-8001-exec-6] Providing workshop resource from database: revision id: 2
2024-01-16 18:15:28,462 INFO com.fabienit.flyingclub.web.controllers.WorkshopController [http-nio-8001-exec-7] Providing revision resource from database: all revisions list
2024-01-16 18:15:30,481 INFO com.fabienit.flyingclub.web.controllers.AircraftController [http-nio-8001-exec-8] Providing aircraft resource from database: all aircraft list
2024-01-16 18:15:47,264 INFO com.fabienit.flyingclub.web.controllers.WorkshopController [http-nio-8001-exec-9] Providing revision resource from database: all revisions list
2024-01-16 18:15:49,782 INFO com.fabienit.flyingclub.web.controllers.AircraftController [http-nio-8001-exec-10] Providing aircraft resource from database: all aircraft list
2024-01-16 18:15:53,162 INFO com.fabienit.flyingclub.web.controllers.WorkshopController [http-nio-8001-exec-1] Providing revision resource from database: all revisions list
2024-01-16 18:16:01,807 INFO com.fabienit.flyingclub.web.controllers.FlyingClubController [http-nio-8001-exec-2] Providing aircraft resource from database: all aircraft list
2024-01-16 18:16:03,835 INFO com.fabienit.flyingclub.web.controllers.AircraftController [http-nio-8001-exec-3] Providing aircraft resource from database: all aircraft list
2024-01-16 18:17:52,328 INFO com.fabienit.flyingclub.web.controllers.RegisteredUserController [http-nio-8001-exec-5] Search user by email: test1@gmail.com
2024-01-16 18:17:53,359 INFO com.fabienit.flyingclub.web.controllers.AircraftController [http-nio-8001-exec-6] Providing aircraft resource from database: all aircraft list
2024-01-16 18:17:53,501 INFO com.fabienit.flyingclub.web.controllers.ReservationController [http-nio-8001-exec-7] Providing reservation list for registered user from database: user id: 2
2024-01-16 18:17:55,942 INFO com.fabienit.flyingclub.web.controllers.FlyingClubController [http-nio-8001-exec-8] Providing aircraft resource from database: all aircraft list
2024-01-16 18:17:56,985 INFO com.fabienit.flyingclub.web.controllers.AircraftController [http-nio-8001-exec-9] Providing aircraft resource from database: all aircraft list
2024-01-16 18:18:10,234 INFO com.fabienit.flyingclub.web.controllers.AircraftController [http-nio-8001-exec-10] Providing aircraft resource from database: all aircraft list
2024-01-16 18:18:25,572 INFO com.fabienit.flyingclub.web.controllers.AircraftController [http-nio-8001-exec-1] Providing aircraft resource from database: all aircraft list
2024-01-16 18:18:26,791 INFO com.fabienit.flyingclub.web.controllers.RegisteredUserController [http-nio-8001-exec-2] Providing registeredUser resource from database: registeredUser id: 2
2024-01-16 18:18:29,070 INFO com.fabienit.flyingclub.web.controllers.RegisteredUserController [http-nio-8001-exec-3] Providing registeredUser resource from database: registeredUser id: 2
2024-01-16 18:18:36,023 INFO com.fabienit.flyingclub.web.controllers.RegisteredUserController [http-nio-8001-exec-4] Providing registeredUser resource from database: registeredUser id: 2
2024-01-16 18:18:41,604 INFO com.fabienit.flyingclub.web.controllers.WorkshopController [http-nio-8001-exec-5] Providing revision resource from database: all revisions list
2024-01-16 18:18:47,573 INFO com.fabienit.flyingclub.web.controllers.AircraftController [http-nio-8001-exec-6] Providing aircraft resource from database: all aircraft list
2024-01-16 18:18:49,705 INFO com.fabienit.flyingclub.web.controllers.WorkshopController [http-nio-8001-exec-7] Providing revision resource from database: all revisions list
2024-01-16 18:18:50,700 INFO com.fabienit.flyingclub.web.controllers.WorkshopController [http-nio-8001-exec-8] Providing workshop resource from database: revision id: 1
2024-01-16 18:18:54,461 INFO com.fabienit.flyingclub.web.controllers.WorkshopController [http-nio-8001-exec-9] Providing revision resource from database: all revisions list
2024-01-16 18:19:09,718 INFO com.fabienit.flyingclub.web.controllers.AircraftController [http-nio-8001-exec-10] Providing aircraft resource from database: all aircraft list
2024-01-16 18:20:31,238 INFO com.fabienit.flyingclub.web.controllers.RegisteredUserController [http-nio-8001-exec-2] Search user by email: test1@gmail.com
2024-01-16 18:20:32,243 INFO com.fabienit.flyingclub.web.controllers.AircraftController [http-nio-8001-exec-3] Providing aircraft resource from database: all aircraft list
2024-01-16 18:20:32,372 INFO com.fabienit.flyingclub.web.controllers.ReservationController [http-nio-8001-exec-4] Providing reservation list for registered user from database: user id: 2
2024-01-16 18:20:33,572 INFO com.fabienit.flyingclub.web.controllers.WorkshopController [http-nio-8001-exec-5] Providing revision resource from database: all revisions list
2024-01-16 18:20:34,900 INFO com.fabienit.flyingclub.web.controllers.AircraftController [http-nio-8001-exec-6] Providing aircraft resource from database: all aircraft list
2024-01-16 18:22:10,987 INFO com.fabienit.flyingclub.web.controllers.AircraftController [http-nio-8001-exec-8] Providing aircraft resource from database: all aircraft list
2024-01-16 18:24:36,506 INFO com.fabienit.flyingclub.web.controllers.RegisteredUserController [http-nio-8001-exec-10] Search user by email: test1@gmail.com
2024-01-16 18:24:37,930 INFO com.fabienit.flyingclub.web.controllers.WorkshopController [http-nio-8001-exec-1] Providing revision resource from database: all revisions list
2024-01-16 18:24:39,963 INFO com.fabienit.flyingclub.web.controllers.AircraftController [http-nio-8001-exec-2] Providing aircraft resource from database: all aircraft list
2024-01-16 18:27:02,315 INFO com.fabienit.flyingclub.web.controllers.RegisteredUserController [http-nio-8001-exec-4] Search user by email: test1@gmail.com
2024-01-16 18:27:03,388 INFO com.fabienit.flyingclub.web.controllers.WorkshopController [http-nio-8001-exec-5] Providing revision resource from database: all revisions list
2024-01-16 18:27:04,648 INFO com.fabienit.flyingclub.web.controllers.AircraftController [http-nio-8001-exec-6] Providing aircraft resource from database: all aircraft list
2024-01-16 18:27:45,498 INFO com.fabienit.flyingclub.web.controllers.RegisteredUserController [http-nio-8001-exec-8] Search user by email: test1@gmail.com
2024-01-16 18:27:46,342 INFO com.fabienit.flyingclub.web.controllers.WorkshopController [http-nio-8001-exec-9] Providing revision resource from database: all revisions list
2024-01-16 18:27:47,364 INFO com.fabienit.flyingclub.web.controllers.AircraftController [http-nio-8001-exec-10] Providing aircraft resource from database: all aircraft list
2024-01-16 18:29:11,609 INFO com.fabienit.flyingclub.web.controllers.RegisteredUserController [http-nio-8001-exec-2] Search user by email: test1@gmail.com
2024-01-16 18:29:12,623 INFO com.fabienit.flyingclub.web.controllers.WorkshopController [http-nio-8001-exec-3] Providing revision resource from database: all revisions list
2024-01-16 18:29:13,663 INFO com.fabienit.flyingclub.web.controllers.AircraftController [http-nio-8001-exec-4] Providing aircraft resource from database: all aircraft list
2024-01-16 18:29:52,548 INFO com.fabienit.flyingclub.web.controllers.RegisteredUserController [http-nio-8001-exec-6] Search user by email: test1@gmail.com
2024-01-16 18:29:53,415 INFO com.fabienit.flyingclub.web.controllers.WorkshopController [http-nio-8001-exec-7] Providing revision resource from database: all revisions list
2024-01-16 18:29:54,315 INFO com.fabienit.flyingclub.web.controllers.AircraftController [http-nio-8001-exec-8] Providing aircraft resource from database: all aircraft list
2024-01-16 18:30:49,001 INFO com.fabienit.flyingclub.web.controllers.RegisteredUserController [http-nio-8001-exec-10] Search user by email: test1@gmail.com
2024-01-16 18:30:50,286 INFO com.fabienit.flyingclub.web.controllers.WorkshopController [http-nio-8001-exec-1] Providing revision resource from database: all revisions list
2024-01-16 18:30:51,620 INFO com.fabienit.flyingclub.web.controllers.AircraftController [http-nio-8001-exec-2] Providing aircraft resource from database: all aircraft list
2024-01-16 18:32:55,256 INFO com.fabienit.flyingclub.web.controllers.RegisteredUserController [http-nio-8001-exec-4] Search user by email: test1@gmail.com
2024-01-16 18:32:56,404 INFO com.fabienit.flyingclub.web.controllers.WorkshopController [http-nio-8001-exec-5] Providing revision resource from database: all revisions list
2024-01-16 18:32:57,864 INFO com.fabienit.flyingclub.web.controllers.AircraftController [http-nio-8001-exec-6] Providing aircraft resource from database: all aircraft list
2024-01-16 18:33:31,080 INFO com.fabienit.flyingclub.web.controllers.RegisteredUserController [http-nio-8001-exec-8] Search user by email: test1@gmail.com
2024-01-16 18:33:32,221 INFO com.fabienit.flyingclub.web.controllers.WorkshopController [http-nio-8001-exec-9] Providing revision resource from database: all revisions list
2024-01-16 18:33:32,985 INFO com.fabienit.flyingclub.web.controllers.AircraftController [http-nio-8001-exec-10] Providing aircraft resource from database: all aircraft list
2024-01-16 18:34:17,051 INFO com.fabienit.flyingclub.web.controllers.RegisteredUserController [http-nio-8001-exec-2] Search user by email: test1@gmail.com
2024-01-16 18:34:18,363 INFO com.fabienit.flyingclub.web.controllers.WorkshopController [http-nio-8001-exec-3] Providing revision resource from database: all revisions list
2024-01-16 18:34:19,231 INFO com.fabienit.flyingclub.web.controllers.AircraftController [http-nio-8001-exec-4] Providing aircraft resource from database: all aircraft list
