2024-01-07 15:51:13,269 INFO com.fabienit.flyingclub.AeroclubApiApplication [restartedMain] Starting AeroclubApiApplication on FABPC with PID 8956 (started by FaB PC in C:\Users\FaB\Git\Projet 12\aeroclubp12)
2024-01-07 15:51:13,307 DEBUG com.fabienit.flyingclub.AeroclubApiApplication [restartedMain] Running with Spring Boot v2.2.2.RELEASE, Spring v5.2.2.RELEASE
2024-01-07 15:51:13,307 INFO com.fabienit.flyingclub.AeroclubApiApplication [restartedMain] The following profiles are active: dev
2024-01-07 15:51:21,576 DEBUG com.fabienit.flyingclub.configuration.SwaggerConfig$$EnhancerBySpringCGLIB$$1c0e277c [restartedMain] Set Swagger2 documentation
2024-01-07 15:51:22,550 INFO com.fabienit.flyingclub.AeroclubApiApplication [restartedMain] Started AeroclubApiApplication in 10.098 seconds (JVM running for 13.129)
2024-01-07 17:03:27,689 INFO com.fabienit.flyingclub.web.controllers.RegisteredUserController [http-nio-8001-exec-1] Search user by email: test1@gmail.com
2024-01-07 17:04:17,262 INFO com.fabienit.flyingclub.web.controllers.WorkshopController [http-nio-8001-exec-2] Providing revision resource from database: all revisions list
2024-01-07 17:04:19,168 INFO com.fabienit.flyingclub.web.controllers.WorkshopController [http-nio-8001-exec-3] Providing workshop resource from database: revision id: 1
2024-01-07 17:04:26,555 INFO com.fabienit.flyingclub.web.controllers.WorkshopController [http-nio-8001-exec-4] Updating workshop in database, id: 1
2024-01-07 17:04:26,771 INFO com.fabienit.flyingclub.web.controllers.WorkshopController [http-nio-8001-exec-5] Providing revision resource from database: all revisions list
2024-01-07 17:04:29,794 INFO com.fabienit.flyingclub.web.controllers.AircraftController [http-nio-8001-exec-6] Providing aircraft resource from database: all aircraft list
2024-01-07 17:04:33,405 INFO com.fabienit.flyingclub.web.controllers.AircraftController [http-nio-8001-exec-8] Providing aircraft resource from database: all aircraft list
2024-01-07 17:04:43,279 INFO com.fabienit.flyingclub.web.controllers.AircraftController [http-nio-8001-exec-10] Providing aircraft resource from database: all aircraft list
2024-01-07 17:04:46,226 INFO com.fabienit.flyingclub.web.controllers.WorkshopController [http-nio-8001-exec-7] Providing revision resource from database: all revisions list
2024-01-07 18:38:10,491 INFO com.fabienit.flyingclub.web.controllers.RegisteredUserController [http-nio-8001-exec-1] Search user by email: test1@gmail.com
2024-01-07 18:45:00,294 INFO com.fabienit.flyingclub.web.controllers.WorkshopController [http-nio-8001-exec-3] Providing revision resource from database: all revisions list
2024-01-07 18:45:01,741 INFO com.fabienit.flyingclub.web.controllers.AircraftController [http-nio-8001-exec-4] Providing aircraft resource from database: all aircraft list
2024-01-07 18:45:01,883 INFO com.fabienit.flyingclub.web.controllers.ReservationController [http-nio-8001-exec-5] Providing reservation list for registered user from database: user id: 2
2024-01-07 18:45:08,164 INFO com.fabienit.flyingclub.web.controllers.AircraftController [http-nio-8001-exec-6] Providing aircraft resource from database: all aircraft list
2024-01-07 18:45:08,293 INFO com.fabienit.flyingclub.web.controllers.ReservationController [http-nio-8001-exec-8] Providing reservation list for registered user from database: user id: 2
2024-01-07 18:45:10,446 INFO com.fabienit.flyingclub.web.controllers.FlyingClubController [http-nio-8001-exec-10] Providing aircraft resource from database: all aircraft list
2024-01-07 18:45:12,679 INFO com.fabienit.flyingclub.web.controllers.RegisteredUserController [http-nio-8001-exec-7] Providing registeredUser resource from database: registeredUser id: 2
2024-01-07 18:45:16,135 INFO com.fabienit.flyingclub.web.controllers.FlyingClubController [http-nio-8001-exec-9] Providing aircraft resource from database: all aircraft list
2024-01-07 18:45:19,467 INFO com.fabienit.flyingclub.web.controllers.RegisteredUserController [http-nio-8001-exec-1] Providing registeredUser resource from database: registeredUser id: 2
2024-01-07 18:45:20,866 INFO com.fabienit.flyingclub.web.controllers.FlyingClubController [http-nio-8001-exec-2] Providing aircraft resource from database: all aircraft list
2024-01-07 18:45:24,589 INFO com.fabienit.flyingclub.web.controllers.RegisteredUserController [http-nio-8001-exec-3] Providing registeredUser resource from database: registeredUser id: 2
2024-01-07 18:45:25,992 INFO com.fabienit.flyingclub.web.controllers.RegisteredUserController [http-nio-8001-exec-4] Providing registeredUser resource from database: registeredUser id: 2
2024-01-07 18:45:44,732 INFO com.fabienit.flyingclub.web.controllers.FlyingClubController [http-nio-8001-exec-5] Providing aircraft resource from database: all aircraft list
2024-01-07 18:45:46,310 INFO com.fabienit.flyingclub.web.controllers.AircraftController [http-nio-8001-exec-6] Providing aircraft resource from database: all aircraft list
2024-01-07 18:45:46,473 INFO com.fabienit.flyingclub.web.controllers.ReservationController [http-nio-8001-exec-8] Providing reservation list for registered user from database: user id: 2
2024-01-07 18:45:59,809 INFO com.fabienit.flyingclub.web.controllers.AircraftController [http-nio-8001-exec-10] Providing aircraft resource from database: all aircraft list
2024-01-07 18:45:59,944 INFO com.fabienit.flyingclub.web.controllers.ReservationController [http-nio-8001-exec-7] Providing reservation list for registered user from database: user id: 2
2024-01-07 18:46:04,515 INFO com.fabienit.flyingclub.web.controllers.AircraftController [http-nio-8001-exec-9] Providing aircraft resource from database: all aircraft list
2024-01-07 18:46:04,646 INFO com.fabienit.flyingclub.web.controllers.ReservationController [http-nio-8001-exec-1] Providing reservation list for registered user from database: user id: 2
2024-01-07 19:13:22,713 INFO com.fabienit.flyingclub.web.controllers.RegisteredUserController [http-nio-8001-exec-3] Search user by email: test1@gmail.com
2024-01-07 19:13:25,008 INFO com.fabienit.flyingclub.web.controllers.AircraftController [http-nio-8001-exec-4] Providing aircraft resource from database: all aircraft list
2024-01-07 19:13:25,148 INFO com.fabienit.flyingclub.web.controllers.ReservationController [http-nio-8001-exec-5] Providing reservation list for registered user from database: user id: 2
2024-01-07 19:13:41,521 INFO com.fabienit.flyingclub.web.controllers.AircraftController [http-nio-8001-exec-6] Providing aircraft resource from database: all aircraft list
2024-01-07 19:13:41,666 INFO com.fabienit.flyingclub.web.controllers.ReservationController [http-nio-8001-exec-8] Providing reservation list for registered user from database: user id: 2
2024-01-07 19:16:05,681 INFO com.fabienit.flyingclub.web.controllers.RegisteredUserController [http-nio-8001-exec-7] Search user by email: test1@gmail.com
2024-01-07 19:16:06,530 INFO com.fabienit.flyingclub.web.controllers.AircraftController [http-nio-8001-exec-9] Providing aircraft resource from database: all aircraft list
2024-01-07 19:16:06,666 INFO com.fabienit.flyingclub.web.controllers.ReservationController [http-nio-8001-exec-1] Providing reservation list for registered user from database: user id: 2
2024-01-07 19:16:10,131 INFO com.fabienit.flyingclub.web.controllers.AircraftController [http-nio-8001-exec-2] Providing aircraft resource from database: all aircraft list
2024-01-07 19:16:32,676 INFO com.fabienit.flyingclub.web.controllers.AircraftController [http-nio-8001-exec-3] Providing aircraft resource from database: all aircraft list
2024-01-07 19:16:32,804 INFO com.fabienit.flyingclub.web.controllers.ReservationController [http-nio-8001-exec-4] Providing reservation list for registered user from database: user id: 2
2024-01-07 19:16:36,075 INFO com.fabienit.flyingclub.web.controllers.AircraftController [http-nio-8001-exec-5] Providing aircraft resource from database: all aircraft list
2024-01-07 19:16:36,203 INFO com.fabienit.flyingclub.web.controllers.ReservationController [http-nio-8001-exec-6] Providing reservation list for registered user from database: user id: 2
2024-01-07 19:16:37,302 INFO com.fabienit.flyingclub.web.controllers.RegisteredUserController [http-nio-8001-exec-8] Providing registeredUser resource from database: registeredUser id: 2
2024-01-07 19:16:38,986 INFO com.fabienit.flyingclub.web.controllers.RegisteredUserController [http-nio-8001-exec-10] Providing registeredUser resource from database: registeredUser id: 2
2024-01-07 19:16:42,453 INFO com.fabienit.flyingclub.web.controllers.RegisteredUserController [http-nio-8001-exec-7] Providing registeredUser resource from database: registeredUser id: 2
2024-01-07 19:16:43,810 INFO com.fabienit.flyingclub.web.controllers.AircraftController [http-nio-8001-exec-9] Providing aircraft resource from database: all aircraft list
2024-01-07 19:16:43,936 INFO com.fabienit.flyingclub.web.controllers.ReservationController [http-nio-8001-exec-1] Providing reservation list for registered user from database: user id: 2
2024-01-07 19:16:47,759 INFO com.fabienit.flyingclub.web.controllers.WorkshopController [http-nio-8001-exec-2] Providing revision resource from database: all revisions list
2024-01-07 19:20:14,595 INFO com.fabienit.flyingclub.web.controllers.AircraftController [http-nio-8001-exec-4] Providing aircraft resource from database: all aircraft list
2024-01-07 19:20:18,181 INFO com.fabienit.flyingclub.web.controllers.AircraftController [http-nio-8001-exec-5] Providing aircraft resource from database: all aircraft list
2024-01-07 19:20:18,764 INFO com.fabienit.flyingclub.web.controllers.WorkshopController [http-nio-8001-exec-6] Providing revision resource from database: all revisions list
2024-01-07 19:21:45,342 INFO com.fabienit.flyingclub.web.controllers.RegisteredUserController [http-nio-8001-exec-10] Providing registeredUser resource from database: registeredUser id: 2
2024-01-07 19:21:46,518 INFO com.fabienit.flyingclub.web.controllers.RegisteredUserController [http-nio-8001-exec-7] Providing registeredUser resource from database: registeredUser id: 2
2024-01-07 19:21:48,326 INFO com.fabienit.flyingclub.web.controllers.RegisteredUserController [http-nio-8001-exec-9] Updating registeredUser in database, id: 2
2024-01-07 19:21:48,478 INFO com.fabienit.flyingclub.web.controllers.RegisteredUserController [http-nio-8001-exec-1] Providing registeredUser resource from database: registeredUser id: 2
2024-01-07 19:21:52,298 INFO com.fabienit.flyingclub.web.controllers.FlyingClubController [http-nio-8001-exec-2] Providing aircraft resource from database: all aircraft list
2024-01-07 19:21:53,843 INFO com.fabienit.flyingclub.web.controllers.RegisteredUserController [http-nio-8001-exec-3] Providing registeredUser resource from database: registeredUser id: 2
2024-01-07 19:21:55,280 INFO com.fabienit.flyingclub.web.controllers.FlyingClubController [http-nio-8001-exec-4] Providing aircraft resource from database: all aircraft list
2024-01-07 19:24:01,200 INFO com.fabienit.flyingclub.web.controllers.RegisteredUserController [http-nio-8001-exec-6] Providing registeredUser resource from database: registeredUser id: 2
2024-01-07 19:24:03,125 INFO com.fabienit.flyingclub.web.controllers.FlyingClubController [http-nio-8001-exec-8] Providing aircraft resource from database: all aircraft list
2024-01-07 19:24:37,968 INFO com.fabienit.flyingclub.web.controllers.RegisteredUserController [http-nio-8001-exec-10] Providing registeredUser resource from database: registeredUser id: 2
2024-01-07 19:24:38,833 INFO com.fabienit.flyingclub.web.controllers.FlyingClubController [http-nio-8001-exec-7] Providing aircraft resource from database: all aircraft list
2024-01-07 19:25:13,481 INFO com.fabienit.flyingclub.web.controllers.WorkshopController [http-nio-8001-exec-9] Providing revision resource from database: all revisions list
2024-01-07 19:25:18,702 INFO com.fabienit.flyingclub.web.controllers.AircraftController [http-nio-8001-exec-1] Providing aircraft resource from database: all aircraft list
2024-01-07 19:25:18,832 INFO com.fabienit.flyingclub.web.controllers.ReservationController [http-nio-8001-exec-2] Providing reservation list for registered user from database: user id: 2
2024-01-07 19:25:26,979 INFO com.fabienit.flyingclub.web.controllers.AircraftController [http-nio-8001-exec-3] Providing aircraft resource from database: all aircraft list
2024-01-07 19:25:27,102 INFO com.fabienit.flyingclub.web.controllers.ReservationController [http-nio-8001-exec-4] Providing reservation list for registered user from database: user id: 2
2024-01-07 19:29:15,237 INFO com.fabienit.flyingclub.web.controllers.AircraftController [http-nio-8001-exec-6] Providing aircraft resource from database: all aircraft list
2024-01-07 19:29:15,387 INFO com.fabienit.flyingclub.web.controllers.ReservationController [http-nio-8001-exec-8] Providing reservation list for registered user from database: user id: 2
2024-01-07 20:25:04,080 INFO com.fabienit.flyingclub.web.controllers.RegisteredUserController [http-nio-8001-exec-7] Search user by email: test1@gmail.com
2024-01-07 20:31:52,168 INFO com.fabienit.flyingclub.web.controllers.RegisteredUserController [http-nio-8001-exec-1] Search user by email: test1@gmail.com
2024-01-07 20:31:55,346 INFO com.fabienit.flyingclub.web.controllers.RegisteredUserController [http-nio-8001-exec-2] Search user by email: test1@gmail.com
2024-01-07 20:44:32,157 INFO com.fabienit.flyingclub.web.controllers.WorkshopController [http-nio-8001-exec-4] Providing revision resource from database: all revisions list
2024-01-07 20:44:34,260 INFO com.fabienit.flyingclub.web.controllers.AircraftController [http-nio-8001-exec-5] Providing aircraft resource from database: all aircraft list
2024-01-07 20:44:34,461 INFO com.fabienit.flyingclub.web.controllers.ReservationController [http-nio-8001-exec-6] Providing reservation list for registered user from database: user id: 2
2024-01-07 20:44:38,232 INFO com.fabienit.flyingclub.web.controllers.FlyingClubController [http-nio-8001-exec-8] Providing aircraft resource from database: all aircraft list
2024-01-07 21:01:57,089 INFO com.fabienit.flyingclub.web.controllers.RegisteredUserController [http-nio-8001-exec-7] Search user by email: test1@gmail.com
2024-01-07 21:02:24,987 INFO com.fabienit.flyingclub.web.controllers.AircraftController [http-nio-8001-exec-9] Providing aircraft resource from database: all aircraft list
2024-01-07 21:02:25,220 INFO com.fabienit.flyingclub.web.controllers.ReservationController [http-nio-8001-exec-1] Providing reservation list for registered user from database: user id: 2
2024-01-07 21:02:44,974 INFO com.fabienit.flyingclub.web.controllers.RegisteredUserController [http-nio-8001-exec-2] Providing registeredUser resource from database: registeredUser id: 2
2024-01-07 21:03:33,755 INFO com.fabienit.flyingclub.web.controllers.RegisteredUserController [http-nio-8001-exec-3] Providing registeredUser resource from database: registeredUser id: 2
2024-01-07 21:04:28,111 INFO com.fabienit.flyingclub.web.controllers.AircraftController [http-nio-8001-exec-4] Providing aircraft resource from database: all aircraft list
2024-01-07 21:04:28,273 INFO com.fabienit.flyingclub.web.controllers.ReservationController [http-nio-8001-exec-5] Providing reservation list for registered user from database: user id: 2
2024-01-07 21:04:30,436 INFO com.fabienit.flyingclub.web.controllers.WorkshopController [http-nio-8001-exec-6] Providing revision resource from database: all revisions list
2024-01-07 21:13:41,770 INFO com.fabienit.flyingclub.web.controllers.AircraftController [http-nio-8001-exec-10] Providing aircraft resource from database: all aircraft list
2024-01-07 21:13:41,919 INFO com.fabienit.flyingclub.web.controllers.ReservationController [http-nio-8001-exec-7] Providing reservation list for registered user from database: user id: 2
2024-01-07 21:13:49,740 INFO com.fabienit.flyingclub.web.controllers.WorkshopController [http-nio-8001-exec-9] Providing revision resource from database: all revisions list
