2022-05-23 15:29:48,992 INFO com.fabienit.biblioapi.BiblioApiApplication [main] Starting BiblioApiApplication on FABPC with PID 14996 (started by FaB PC in C:\Users\FaB\Git\Projet 10\bibliothequep10)
2022-05-23 15:29:49,003 DEBUG com.fabienit.biblioapi.BiblioApiApplication [main] Running with Spring Boot v2.2.1.RELEASE, Spring v5.2.1.RELEASE
2022-05-23 15:29:49,003 INFO com.fabienit.biblioapi.BiblioApiApplication [main] The following profiles are active: dev
2022-05-23 15:30:01,684 DEBUG com.fabienit.biblioapi.configuration.SwaggerConfig$$EnhancerBySpringCGLIB$$e6e0e365 [main] Set Swagger2 documentation
2022-05-23 15:30:02,643 INFO com.fabienit.biblioapi.BiblioApiApplication [main] Started BiblioApiApplication in 14.313 seconds (JVM running for 15.26)
2022-05-23 15:33:01,034 INFO com.fabienit.biblioapi.web.controllers.RegisteredUserController [http-nio-8001-exec-2] Search user by email: test1@gmail.com
2022-05-23 15:33:02,996 INFO com.fabienit.biblioapi.web.controllers.BorrowController [http-nio-8001-exec-10] Providing borrow resources from database by user id: 2
2022-05-23 15:33:03,217 INFO com.fabienit.biblioapi.web.controllers.ReservationController [http-nio-8001-exec-5] Providing reservation list for registered user from database: user id: 2
2022-05-23 15:33:05,347 INFO com.fabienit.biblioapi.web.controllers.BookController [http-nio-8001-exec-6] Providing book resource from database: all book list
2022-05-23 15:33:05,371 DEBUG com.fabienit.biblioapi.web.controllers.BookController [http-nio-8001-exec-6] Splitting query, query: 
2022-05-23 15:33:05,472 INFO com.fabienit.biblioapi.web.controllers.AvailableCopieController [http-nio-8001-exec-4] Providing availablecopie resource from database: all availablecopie list
2022-05-23 15:33:05,602 INFO com.fabienit.biblioapi.web.controllers.ReservationController [http-nio-8001-exec-1] Providing reservation list for registered user from database: user id: 2
2022-05-23 15:33:05,694 INFO com.fabienit.biblioapi.web.controllers.BorrowController [http-nio-8001-exec-9] Providing borrow resources from database by user id: 2
2022-05-23 15:33:10,660 INFO com.fabienit.biblioapi.web.controllers.ReservationController [http-nio-8001-exec-8] Adding new reservation in database
2022-05-23 15:33:10,872 INFO com.fabienit.biblioapi.web.controllers.BorrowController [http-nio-8001-exec-7] Providing borrow resources from database by user id: 2
2022-05-23 15:33:10,979 INFO com.fabienit.biblioapi.web.controllers.ReservationController [http-nio-8001-exec-3] Providing reservation list for registered user from database: user id: 2
2022-05-23 15:39:11,260 INFO com.fabienit.biblioapi.web.controllers.BorrowController [http-nio-8001-exec-4] Providing borrow resources from database by user id: 2
2022-05-23 15:39:11,356 INFO com.fabienit.biblioapi.web.controllers.ReservationController [http-nio-8001-exec-8] Providing reservation list for registered user from database: user id: 2
2022-05-23 15:39:48,020 INFO com.fabienit.biblioapi.web.controllers.BorrowController [http-nio-8001-exec-2] Providing borrow resources from database by user id: 2
2022-05-23 15:39:48,122 INFO com.fabienit.biblioapi.web.controllers.ReservationController [http-nio-8001-exec-6] Providing reservation list for registered user from database: user id: 2
2022-05-23 15:46:00,170 INFO com.fabienit.biblioapi.web.controllers.ReservationController [http-nio-8001-exec-10] Deleting outdated reservations from database
2022-05-23 15:46:00,170 DEBUG com.fabienit.biblioapi.manager.impl.OutDatedReservationManagerImpl [http-nio-8001-exec-10] Deleting outdated reservations
2022-05-23 15:46:00,172 DEBUG com.fabienit.biblioapi.manager.impl.OutDatedReservationManagerImpl [http-nio-8001-exec-10] The mode is : ***************devmode
2022-05-23 15:46:00,288 INFO com.fabienit.biblioapi.web.controllers.ReservationController [http-nio-8001-exec-7] Providing reservation resource from database: all reservation list
2022-05-23 15:46:00,738 INFO com.fabienit.biblioapi.web.controllers.ReservationController [http-nio-8001-exec-4] Update reservation after notfications is sent, reservation id: 1
2022-05-23 15:46:00,877 INFO com.fabienit.biblioapi.web.controllers.ReservationController [http-nio-8001-exec-8] Update reservation after notfications is sent, reservation id: 3
2022-05-23 15:46:21,615 INFO com.fabienit.biblioapi.web.controllers.BorrowController [http-nio-8001-exec-2] Providing borrow resources from database by user id: 2
2022-05-23 15:46:21,726 INFO com.fabienit.biblioapi.web.controllers.ReservationController [http-nio-8001-exec-6] Providing reservation list for registered user from database: user id: 2
2022-05-23 16:08:21,496 ERROR org.hibernate.tool.schema.internal.SchemaDropperImpl$DelayedDropActionImpl [SpringContextShutdownHook] HHH000478: Unsuccessful: drop table available_copie if exists
2022-05-23 16:08:21,501 ERROR org.hibernate.tool.schema.internal.SchemaDropperImpl$DelayedDropActionImpl [SpringContextShutdownHook] HHH000478: Unsuccessful: drop table book if exists
2022-05-23 16:08:21,513 ERROR org.hibernate.tool.schema.internal.SchemaDropperImpl$DelayedDropActionImpl [SpringContextShutdownHook] HHH000478: Unsuccessful: drop table library if exists
2022-05-23 16:08:21,519 ERROR org.hibernate.tool.schema.internal.SchemaDropperImpl$DelayedDropActionImpl [SpringContextShutdownHook] HHH000478: Unsuccessful: drop table registered_user if exists
2022-05-23 16:08:32,920 INFO com.fabienit.biblioapi.BiblioApiApplication [main] Starting BiblioApiApplication on FABPC with PID 9836 (started by FaB PC in C:\Users\FaB\Git\Projet 10\bibliothequep10)
2022-05-23 16:08:32,929 DEBUG com.fabienit.biblioapi.BiblioApiApplication [main] Running with Spring Boot v2.2.1.RELEASE, Spring v5.2.1.RELEASE
2022-05-23 16:08:32,930 INFO com.fabienit.biblioapi.BiblioApiApplication [main] The following profiles are active: dev
2022-05-23 16:08:47,689 DEBUG com.fabienit.biblioapi.configuration.SwaggerConfig$$EnhancerBySpringCGLIB$$e2c5faff [main] Set Swagger2 documentation
2022-05-23 16:08:48,818 INFO com.fabienit.biblioapi.BiblioApiApplication [main] Started BiblioApiApplication in 16.466 seconds (JVM running for 17.409)
2022-05-23 16:09:30,781 INFO com.fabienit.biblioapi.web.controllers.RegisteredUserController [http-nio-8001-exec-8] Search user by email: test1@gmail.com
2022-05-23 16:09:31,629 INFO com.fabienit.biblioapi.web.controllers.BorrowController [http-nio-8001-exec-5] Providing borrow resources from database by user id: 2
2022-05-23 16:09:32,076 INFO com.fabienit.biblioapi.web.controllers.ReservationController [http-nio-8001-exec-5] Providing reservation list for registered user from database: user id: 2
2022-05-23 16:09:34,429 INFO com.fabienit.biblioapi.web.controllers.BorrowController [http-nio-8001-exec-2] Providing borrow resources from database by user id: 2
2022-05-23 16:09:34,529 INFO com.fabienit.biblioapi.web.controllers.ReservationController [http-nio-8001-exec-10] Providing reservation list for registered user from database: user id: 2
2022-05-23 16:09:36,187 INFO com.fabienit.biblioapi.web.controllers.BookController [http-nio-8001-exec-3] Providing book resource from database: all book list
2022-05-23 16:09:36,219 DEBUG com.fabienit.biblioapi.web.controllers.BookController [http-nio-8001-exec-3] Splitting query, query: 
2022-05-23 16:09:36,335 INFO com.fabienit.biblioapi.web.controllers.AvailableCopieController [http-nio-8001-exec-4] Providing availablecopie resource from database: all availablecopie list
2022-05-23 16:09:36,502 INFO com.fabienit.biblioapi.web.controllers.ReservationController [http-nio-8001-exec-1] Providing reservation list for registered user from database: user id: 2
2022-05-23 16:09:36,598 INFO com.fabienit.biblioapi.web.controllers.BorrowController [http-nio-8001-exec-6] Providing borrow resources from database by user id: 2
2022-05-23 16:09:41,476 INFO com.fabienit.biblioapi.web.controllers.ReservationController [http-nio-8001-exec-7] Adding new reservation in database
2022-05-23 16:09:41,758 INFO com.fabienit.biblioapi.web.controllers.BorrowController [http-nio-8001-exec-8] Providing borrow resources from database by user id: 2
2022-05-23 16:09:41,855 INFO com.fabienit.biblioapi.web.controllers.ReservationController [http-nio-8001-exec-9] Providing reservation list for registered user from database: user id: 2
2022-05-23 16:09:55,834 INFO com.fabienit.biblioapi.web.controllers.BorrowController [http-nio-8001-exec-2] Providing borrow resources from database by user id: 2
2022-05-23 16:09:55,931 INFO com.fabienit.biblioapi.web.controllers.ReservationController [http-nio-8001-exec-10] Providing reservation list for registered user from database: user id: 2
2022-05-23 16:11:00,135 INFO com.fabienit.biblioapi.web.controllers.ReservationController [http-nio-8001-exec-3] Deleting outdated reservations from database
2022-05-23 16:11:00,135 DEBUG com.fabienit.biblioapi.manager.impl.OutDatedReservationManagerImpl [http-nio-8001-exec-3] Deleting outdated reservations
2022-05-23 16:11:00,136 DEBUG com.fabienit.biblioapi.manager.impl.OutDatedReservationManagerImpl [http-nio-8001-exec-3] The mode is : ***************devmode
2022-05-23 16:11:00,254 INFO com.fabienit.biblioapi.web.controllers.ReservationController [http-nio-8001-exec-4] Providing reservation resource from database: all reservation list
2022-05-23 16:11:00,632 INFO com.fabienit.biblioapi.web.controllers.ReservationController [http-nio-8001-exec-7] Update reservation after notfications is sent, reservation id: 1
2022-05-23 16:11:00,765 INFO com.fabienit.biblioapi.web.controllers.ReservationController [http-nio-8001-exec-6] Update reservation after notfications is sent, reservation id: 3
2022-05-23 16:13:53,872 ERROR org.hibernate.tool.schema.internal.SchemaDropperImpl$DelayedDropActionImpl [SpringContextShutdownHook] HHH000478: Unsuccessful: drop table available_copie if exists
2022-05-23 16:13:53,876 ERROR org.hibernate.tool.schema.internal.SchemaDropperImpl$DelayedDropActionImpl [SpringContextShutdownHook] HHH000478: Unsuccessful: drop table book if exists
2022-05-23 16:13:53,961 ERROR org.hibernate.tool.schema.internal.SchemaDropperImpl$DelayedDropActionImpl [SpringContextShutdownHook] HHH000478: Unsuccessful: drop table library if exists
2022-05-23 16:13:53,962 ERROR org.hibernate.tool.schema.internal.SchemaDropperImpl$DelayedDropActionImpl [SpringContextShutdownHook] HHH000478: Unsuccessful: drop table registered_user if exists
2022-05-23 16:13:59,216 INFO com.fabienit.biblioapi.BiblioApiApplication [main] Starting BiblioApiApplication on FABPC with PID 18216 (started by FaB PC in C:\Users\FaB\Git\Projet 10\bibliothequep10)
2022-05-23 16:13:59,221 DEBUG com.fabienit.biblioapi.BiblioApiApplication [main] Running with Spring Boot v2.2.1.RELEASE, Spring v5.2.1.RELEASE
2022-05-23 16:13:59,221 INFO com.fabienit.biblioapi.BiblioApiApplication [main] The following profiles are active: dev
2022-05-23 16:14:08,200 DEBUG com.fabienit.biblioapi.configuration.SwaggerConfig$$EnhancerBySpringCGLIB$$92823fad [main] Set Swagger2 documentation
2022-05-23 16:14:09,654 INFO com.fabienit.biblioapi.BiblioApiApplication [main] Started BiblioApiApplication in 11.006 seconds (JVM running for 11.926)
2022-05-23 16:14:43,067 ERROR org.hibernate.tool.schema.internal.SchemaDropperImpl$DelayedDropActionImpl [SpringContextShutdownHook] HHH000478: Unsuccessful: drop table available_copie if exists
2022-05-23 16:14:43,070 ERROR org.hibernate.tool.schema.internal.SchemaDropperImpl$DelayedDropActionImpl [SpringContextShutdownHook] HHH000478: Unsuccessful: drop table book if exists
2022-05-23 16:14:43,081 ERROR org.hibernate.tool.schema.internal.SchemaDropperImpl$DelayedDropActionImpl [SpringContextShutdownHook] HHH000478: Unsuccessful: drop table library if exists
2022-05-23 16:14:43,082 ERROR org.hibernate.tool.schema.internal.SchemaDropperImpl$DelayedDropActionImpl [SpringContextShutdownHook] HHH000478: Unsuccessful: drop table registered_user if exists
