2023-12-07 10:23:12,067 INFO com.fabienit.flyingclub.AeroclubApiApplication [main] Starting AeroclubApiApplication on FABPC with PID 2200 (started by FaB PC in C:\Users\FaB\Git\Projet 12\aeroclubp12)
2023-12-07 10:23:12,077 DEBUG com.fabienit.flyingclub.AeroclubApiApplication [main] Running with Spring Boot v2.2.2.RELEASE, Spring v5.2.2.RELEASE
2023-12-07 10:23:12,078 INFO com.fabienit.flyingclub.AeroclubApiApplication [main] The following profiles are active: dev
2023-12-07 10:23:22,294 DEBUG com.fabienit.flyingclub.configuration.SwaggerConfig$$EnhancerBySpringCGLIB$$49b343d2 [main] Set Swagger2 documentation
2023-12-07 10:23:23,223 INFO com.fabienit.flyingclub.AeroclubApiApplication [main] Started AeroclubApiApplication in 11.673 seconds (JVM running for 21.09)
2023-12-07 10:26:42,471 INFO com.fabienit.flyingclub.web.controllers.AircraftController [http-nio-8001-exec-1] Providing aircraft resource from database: all aircraft list
2023-12-07 10:26:46,921 INFO com.fabienit.flyingclub.web.controllers.RegisteredUserController [http-nio-8001-exec-2] Search user by email: test1@gmail.com
2023-12-07 10:26:48,214 INFO com.fabienit.flyingclub.web.controllers.AircraftController [http-nio-8001-exec-3] Providing aircraft resource from database: all aircraft list
2023-12-07 10:26:48,481 INFO com.fabienit.flyingclub.web.controllers.ReservationController [http-nio-8001-exec-3] Providing reservation list for registered user from database: user id: 2
2023-12-07 10:26:54,177 INFO com.fabienit.flyingclub.web.controllers.AircraftController [http-nio-8001-exec-4] Providing aircraft resource from database: all aircraft list
2023-12-07 14:06:36,757 INFO com.fabienit.flyingclub.AeroclubApiApplication [main] Starting AeroclubApiApplication on FABPC with PID 4644 (started by FaB PC in C:\Users\FaB\Git\Projet 12\aeroclubp12)
2023-12-07 14:06:36,765 DEBUG com.fabienit.flyingclub.AeroclubApiApplication [main] Running with Spring Boot v2.2.2.RELEASE, Spring v5.2.2.RELEASE
2023-12-07 14:06:36,765 INFO com.fabienit.flyingclub.AeroclubApiApplication [main] The following profiles are active: dev
2023-12-07 14:06:58,290 DEBUG com.fabienit.flyingclub.configuration.SwaggerConfig$$EnhancerBySpringCGLIB$$5e54f3a7 [main] Set Swagger2 documentation
2023-12-07 14:06:59,884 INFO com.fabienit.flyingclub.AeroclubApiApplication [main] Started AeroclubApiApplication in 23.966 seconds (JVM running for 35.948)
2023-12-07 14:07:33,877 INFO com.fabienit.flyingclub.web.controllers.RegisteredUserController [http-nio-8001-exec-1] Search user by email: test1@gmail.com
2023-12-07 15:45:27,096 INFO com.fabienit.flyingclub.web.controllers.RegisteredUserController [http-nio-8001-exec-3] Search user by email: test1@gmail.com
2023-12-07 15:45:28,168 INFO com.fabienit.flyingclub.web.controllers.AircraftController [http-nio-8001-exec-4] Providing aircraft resource from database: all aircraft list
2023-12-07 15:45:28,505 INFO com.fabienit.flyingclub.web.controllers.ReservationController [http-nio-8001-exec-5] Providing reservation list for registered user from database: user id: 2
2023-12-07 15:45:33,427 INFO com.fabienit.flyingclub.web.controllers.AircraftController [http-nio-8001-exec-6] Providing aircraft resource from database: all aircraft list
2023-12-07 15:45:35,023 INFO com.fabienit.flyingclub.web.controllers.RegisteredUserController [http-nio-8001-exec-8] Providing registeredUser resource from database: registeredUser id: 2
2023-12-07 16:40:32,577 INFO com.fabienit.flyingclub.web.controllers.RegisteredUserController [http-nio-8001-exec-10] Search user by email: test1@gmail.com
2023-12-07 16:40:33,745 INFO com.fabienit.flyingclub.web.controllers.AircraftController [http-nio-8001-exec-1] Providing aircraft resource from database: all aircraft list
2023-12-07 16:40:33,898 INFO com.fabienit.flyingclub.web.controllers.ReservationController [http-nio-8001-exec-2] Providing reservation list for registered user from database: user id: 2
2023-12-07 16:40:42,355 INFO com.fabienit.flyingclub.web.controllers.AircraftController [http-nio-8001-exec-3] Providing aircraft resource from database: all aircraft list
2023-12-07 16:40:44,371 INFO com.fabienit.flyingclub.web.controllers.RegisteredUserController [http-nio-8001-exec-5] Providing registeredUser resource from database: registeredUser id: 2
2023-12-07 16:42:31,409 INFO com.fabienit.flyingclub.web.controllers.AircraftController [http-nio-8001-exec-9] Providing aircraft resource from database: all aircraft list
2023-12-07 16:42:31,602 INFO com.fabienit.flyingclub.web.controllers.ReservationController [http-nio-8001-exec-8] Providing reservation list for registered user from database: user id: 2
