2022-05-09 14:51:49,238 INFO com.fabienit.biblioapi.BiblioApiApplication [main] Starting BiblioApiApplication on FABPC with PID 10212 (started by FaB PC in C:\Users\FaB\Git\Projet 10\bibliothequep10)
2022-05-09 14:51:49,260 DEBUG com.fabienit.biblioapi.BiblioApiApplication [main] Running with Spring Boot v2.2.1.RELEASE, Spring v5.2.1.RELEASE
2022-05-09 14:51:49,260 INFO com.fabienit.biblioapi.BiblioApiApplication [main] The following profiles are active: dev
2022-05-09 14:52:00,557 DEBUG com.fabienit.biblioapi.configuration.SwaggerConfig$$EnhancerBySpringCGLIB$$e1b64100 [main] Set Swagger2 documentation
2022-05-09 14:52:01,875 INFO com.fabienit.biblioapi.BiblioApiApplication [main] Started BiblioApiApplication in 13.288 seconds (JVM running for 15.454)
2022-05-09 14:52:40,051 INFO com.fabienit.biblioapi.web.controllers.BookController [http-nio-8001-exec-2] Providing book resource from database: all book list
2022-05-09 14:52:40,355 DEBUG com.fabienit.biblioapi.web.controllers.BookController [http-nio-8001-exec-2] Splitting query, query: 
2022-05-09 14:52:47,104 INFO com.fabienit.biblioapi.web.controllers.BookController [http-nio-8001-exec-3] Providing book resource from database: all book list
2022-05-09 14:52:47,107 DEBUG com.fabienit.biblioapi.web.controllers.BookController [http-nio-8001-exec-3] Splitting query, query: 
2022-05-09 14:52:47,289 INFO com.fabienit.biblioapi.web.controllers.AvailableCopieController [http-nio-8001-exec-4] Providing availablecopie resource from database: all availablecopie list
2022-05-09 14:55:59,237 INFO com.fabienit.biblioapi.web.controllers.BookController [http-nio-8001-exec-7] Providing book resource from database: all book list
2022-05-09 14:55:59,241 DEBUG com.fabienit.biblioapi.web.controllers.BookController [http-nio-8001-exec-7] Splitting query, query: 
2022-05-09 14:55:59,438 INFO com.fabienit.biblioapi.web.controllers.AvailableCopieController [http-nio-8001-exec-8] Providing availablecopie resource from database: all availablecopie list
2022-05-09 14:57:25,271 INFO com.fabienit.biblioapi.web.controllers.BookController [http-nio-8001-exec-10] Providing book resource from database: all book list
2022-05-09 14:57:25,276 DEBUG com.fabienit.biblioapi.web.controllers.BookController [http-nio-8001-exec-10] Splitting query, query: 
2022-05-09 14:57:25,573 INFO com.fabienit.biblioapi.web.controllers.AvailableCopieController [http-nio-8001-exec-1] Providing availablecopie resource from database: all availablecopie list
2022-05-09 14:58:48,675 INFO com.fabienit.biblioapi.web.controllers.BookController [http-nio-8001-exec-3] Providing book resource from database: all book list
2022-05-09 14:58:48,682 DEBUG com.fabienit.biblioapi.web.controllers.BookController [http-nio-8001-exec-3] Splitting query, query: 
2022-05-09 14:58:48,884 INFO com.fabienit.biblioapi.web.controllers.AvailableCopieController [http-nio-8001-exec-4] Providing availablecopie resource from database: all availablecopie list
2022-05-09 15:01:34,746 INFO com.fabienit.biblioapi.web.controllers.BookController [http-nio-8001-exec-6] Providing book resource from database: all book list
2022-05-09 15:01:34,752 DEBUG com.fabienit.biblioapi.web.controllers.BookController [http-nio-8001-exec-6] Splitting query, query: 
2022-05-09 15:01:34,960 INFO com.fabienit.biblioapi.web.controllers.AvailableCopieController [http-nio-8001-exec-7] Providing availablecopie resource from database: all availablecopie list
2022-05-09 15:23:58,657 INFO com.fabienit.biblioapi.web.controllers.BookController [http-nio-8001-exec-8] Providing book resource from database: all book list
2022-05-09 15:23:58,663 DEBUG com.fabienit.biblioapi.web.controllers.BookController [http-nio-8001-exec-8] Splitting query, query: 
2022-05-09 15:23:58,952 INFO com.fabienit.biblioapi.web.controllers.AvailableCopieController [http-nio-8001-exec-9] Providing availablecopie resource from database: all availablecopie list
2022-05-09 15:24:07,710 INFO com.fabienit.biblioapi.web.controllers.BookController [http-nio-8001-exec-1] Providing book resource from database: all book list
2022-05-09 15:24:07,715 DEBUG com.fabienit.biblioapi.web.controllers.BookController [http-nio-8001-exec-1] Splitting query, query: 
2022-05-09 15:24:07,805 INFO com.fabienit.biblioapi.web.controllers.AvailableCopieController [http-nio-8001-exec-2] Providing availablecopie resource from database: all availablecopie list
2022-05-09 15:26:34,658 INFO com.fabienit.biblioapi.web.controllers.BookController [http-nio-8001-exec-4] Providing book resource from database: all book list
2022-05-09 15:26:34,662 DEBUG com.fabienit.biblioapi.web.controllers.BookController [http-nio-8001-exec-4] Splitting query, query: 
2022-05-09 15:26:34,921 INFO com.fabienit.biblioapi.web.controllers.AvailableCopieController [http-nio-8001-exec-5] Providing availablecopie resource from database: all availablecopie list
2022-05-09 15:28:54,195 INFO com.fabienit.biblioapi.web.controllers.BookController [http-nio-8001-exec-7] Providing book resource from database: all book list
2022-05-09 15:28:54,197 DEBUG com.fabienit.biblioapi.web.controllers.BookController [http-nio-8001-exec-7] Splitting query, query: 
2022-05-09 15:28:54,400 INFO com.fabienit.biblioapi.web.controllers.AvailableCopieController [http-nio-8001-exec-8] Providing availablecopie resource from database: all availablecopie list
2022-05-09 15:30:38,417 INFO com.fabienit.biblioapi.web.controllers.BookController [http-nio-8001-exec-10] Providing book resource from database: all book list
2022-05-09 15:30:38,421 DEBUG com.fabienit.biblioapi.web.controllers.BookController [http-nio-8001-exec-10] Splitting query, query: 
2022-05-09 15:30:38,661 INFO com.fabienit.biblioapi.web.controllers.AvailableCopieController [http-nio-8001-exec-1] Providing availablecopie resource from database: all availablecopie list
2022-05-09 15:32:00,622 INFO com.fabienit.biblioapi.web.controllers.BookController [http-nio-8001-exec-3] Providing book resource from database: all book list
2022-05-09 15:32:00,625 DEBUG com.fabienit.biblioapi.web.controllers.BookController [http-nio-8001-exec-3] Splitting query, query: 
2022-05-09 15:32:00,839 INFO com.fabienit.biblioapi.web.controllers.AvailableCopieController [http-nio-8001-exec-4] Providing availablecopie resource from database: all availablecopie list
2022-05-09 15:34:10,309 INFO com.fabienit.biblioapi.web.controllers.BookController [http-nio-8001-exec-6] Providing book resource from database: all book list
2022-05-09 15:34:10,311 DEBUG com.fabienit.biblioapi.web.controllers.BookController [http-nio-8001-exec-6] Splitting query, query: 
2022-05-09 15:34:10,514 INFO com.fabienit.biblioapi.web.controllers.AvailableCopieController [http-nio-8001-exec-7] Providing availablecopie resource from database: all availablecopie list
2022-05-09 18:32:20,351 INFO com.fabienit.biblioapi.web.controllers.BookController [http-nio-8001-exec-8] Providing book resource from database: all book list
2022-05-09 18:32:20,359 DEBUG com.fabienit.biblioapi.web.controllers.BookController [http-nio-8001-exec-8] Splitting query, query: 
2022-05-09 18:32:20,595 INFO com.fabienit.biblioapi.web.controllers.AvailableCopieController [http-nio-8001-exec-9] Providing availablecopie resource from database: all availablecopie list
2022-05-09 18:32:53,194 INFO com.fabienit.biblioapi.web.controllers.BookController [http-nio-8001-exec-1] Providing book resource from database: all book list
2022-05-09 18:32:53,196 DEBUG com.fabienit.biblioapi.web.controllers.BookController [http-nio-8001-exec-1] Splitting query, query: 
2022-05-09 18:32:53,398 INFO com.fabienit.biblioapi.web.controllers.AvailableCopieController [http-nio-8001-exec-2] Providing availablecopie resource from database: all availablecopie list
2022-05-09 18:35:06,172 INFO com.fabienit.biblioapi.web.controllers.BookController [http-nio-8001-exec-4] Providing book resource from database: all book list
2022-05-09 18:35:06,174 DEBUG com.fabienit.biblioapi.web.controllers.BookController [http-nio-8001-exec-4] Splitting query, query: 
2022-05-09 18:35:06,396 INFO com.fabienit.biblioapi.web.controllers.AvailableCopieController [http-nio-8001-exec-5] Providing availablecopie resource from database: all availablecopie list
2022-05-09 18:57:45,486 INFO com.fabienit.biblioapi.web.controllers.BookController [http-nio-8001-exec-7] Providing book resource from database: all book list
2022-05-09 18:57:45,491 DEBUG com.fabienit.biblioapi.web.controllers.BookController [http-nio-8001-exec-7] Splitting query, query: 
2022-05-09 18:57:45,743 INFO com.fabienit.biblioapi.web.controllers.AvailableCopieController [http-nio-8001-exec-8] Providing availablecopie resource from database: all availablecopie list
2022-05-09 19:03:58,322 ERROR org.hibernate.tool.schema.internal.SchemaDropperImpl$DelayedDropActionImpl [SpringContextShutdownHook] HHH000478: Unsuccessful: drop table book if exists
2022-05-09 19:03:58,327 ERROR org.hibernate.tool.schema.internal.SchemaDropperImpl$DelayedDropActionImpl [SpringContextShutdownHook] HHH000478: Unsuccessful: drop table library if exists
2022-05-09 19:03:58,328 ERROR org.hibernate.tool.schema.internal.SchemaDropperImpl$DelayedDropActionImpl [SpringContextShutdownHook] HHH000478: Unsuccessful: drop table registered_user if exists
