2023-12-12 08:09:59,286 INFO com.fabienit.flyingclub.AeroclubApiApplication [main] Starting AeroclubApiApplication on FABPC with PID 10516 (started by FaB PC in C:\Users\FaB\Git\Projet 12\aeroclubp12)
2023-12-12 08:09:59,295 DEBUG com.fabienit.flyingclub.AeroclubApiApplication [main] Running with Spring Boot v2.2.2.RELEASE, Spring v5.2.2.RELEASE
2023-12-12 08:09:59,296 INFO com.fabienit.flyingclub.AeroclubApiApplication [main] The following profiles are active: dev
2023-12-12 08:10:08,378 DEBUG com.fabienit.flyingclub.configuration.SwaggerConfig$$EnhancerBySpringCGLIB$$c910ae3b [main] Set Swagger2 documentation
2023-12-12 08:10:09,610 INFO com.fabienit.flyingclub.AeroclubApiApplication [main] Started AeroclubApiApplication in 10.809 seconds (JVM running for 20.235)
2023-12-12 08:11:34,373 INFO com.fabienit.flyingclub.web.controllers.RegisteredUserController [http-nio-8001-exec-1] Search user by email: test1@gmail.com
2023-12-12 08:11:37,496 INFO com.fabienit.flyingclub.web.controllers.AircraftController [http-nio-8001-exec-2] Providing aircraft resource from database: all aircraft list
2023-12-12 08:11:37,712 INFO com.fabienit.flyingclub.web.controllers.ReservationController [http-nio-8001-exec-3] Providing reservation list for registered user from database: user id: 2
2023-12-12 13:12:01,144 INFO com.fabienit.flyingclub.web.controllers.RegisteredUserController [http-nio-8001-exec-3] Search user by email: test1@gmail.com
2023-12-12 13:12:02,286 INFO com.fabienit.flyingclub.web.controllers.AircraftController [http-nio-8001-exec-1] Providing aircraft resource from database: all aircraft list
2023-12-12 13:12:02,424 INFO com.fabienit.flyingclub.web.controllers.ReservationController [http-nio-8001-exec-9] Providing reservation list for registered user from database: user id: 2
2023-12-12 13:20:48,307 INFO com.fabienit.flyingclub.web.controllers.RegisteredUserController [http-nio-8001-exec-3] Search user by email: test1@gmail.com
2023-12-12 16:01:00,507 INFO com.fabienit.flyingclub.web.controllers.RegisteredUserController [http-nio-8001-exec-9] Search user by email: test1@gmail.com
2023-12-12 16:05:31,482 INFO com.fabienit.flyingclub.web.controllers.RegisteredUserController [http-nio-8001-exec-5] Search user by email: test1@gmail.com
2023-12-12 16:47:17,134 INFO com.fabienit.flyingclub.web.controllers.RegisteredUserController [http-nio-8001-exec-2] Search user by email: test1@gmail.com
2023-12-12 23:38:30,434 INFO com.fabienit.flyingclub.web.controllers.RegisteredUserController [http-nio-8001-exec-7] Search user by email: test1@gmail.com
2023-12-12 23:38:32,113 INFO com.fabienit.flyingclub.web.controllers.AircraftController [http-nio-8001-exec-4] Providing aircraft resource from database: all aircraft list
2023-12-12 23:38:32,294 INFO com.fabienit.flyingclub.web.controllers.ReservationController [http-nio-8001-exec-3] Providing reservation list for registered user from database: user id: 2
2023-12-12 23:38:36,328 INFO com.fabienit.flyingclub.web.controllers.AircraftController [http-nio-8001-exec-1] Providing aircraft resource from database: all aircraft list
2023-12-12 23:38:36,491 INFO com.fabienit.flyingclub.web.controllers.ReservationController [http-nio-8001-exec-9] Providing reservation list for registered user from database: user id: 2
2023-12-12 23:38:38,031 INFO com.fabienit.flyingclub.web.controllers.RegisteredUserController [http-nio-8001-exec-6] Providing registeredUser resource from database: registeredUser id: 2
2023-12-12 23:38:42,042 INFO com.fabienit.flyingclub.web.controllers.FlyingClubController [http-nio-8001-exec-5] Providing aircraft resource from database: all aircraft list
2023-12-12 23:38:43,651 INFO com.fabienit.flyingclub.web.controllers.AircraftController [http-nio-8001-exec-8] Providing aircraft resource from database: all aircraft list
2023-12-12 23:38:45,231 INFO com.fabienit.flyingclub.web.controllers.FlyingClubController [http-nio-8001-exec-2] Providing aircraft resource from database: all aircraft list
