2023-12-12 08:10:08,533 INFO com.fabienit.flyingclub.AeroclubwebApplication [main] No active profile set, falling back to default profiles: default
2023-12-12 08:10:12,205 INFO com.fabienit.flyingclub.AeroclubwebApplication [main] Started AeroclubwebApplication in 4.668 seconds (JVM running for 7.924)
2023-12-12 08:11:31,058 INFO com.fabienit.flyingclub.web.controllers.WebappController [http-nio-8002-exec-1] Reach url: / - GET
2023-12-12 08:11:33,874 DEBUG com.fabienit.flyingclub.web.proxies.ApiProxy [http-nio-8002-exec-4] [ApiProxy#findUserByEmail] ---> POST http://localhost:8001/users/email HTTP/1.1
2023-12-12 08:11:33,875 DEBUG com.fabienit.flyingclub.web.proxies.ApiProxy [http-nio-8002-exec-4] [ApiProxy#findUserByEmail] Authorization: Basic ZmFiaWVuOjEyMzQ1Ng==
2023-12-12 08:11:33,876 DEBUG com.fabienit.flyingclub.web.proxies.ApiProxy [http-nio-8002-exec-4] [ApiProxy#findUserByEmail] Content-Length: 15
2023-12-12 08:11:33,876 DEBUG com.fabienit.flyingclub.web.proxies.ApiProxy [http-nio-8002-exec-4] [ApiProxy#findUserByEmail] Content-Type: text/plain;charset=UTF-8
2023-12-12 08:11:33,876 DEBUG com.fabienit.flyingclub.web.proxies.ApiProxy [http-nio-8002-exec-4] [ApiProxy#findUserByEmail] 
2023-12-12 08:11:33,876 DEBUG com.fabienit.flyingclub.web.proxies.ApiProxy [http-nio-8002-exec-4] [ApiProxy#findUserByEmail] test1@gmail.com
2023-12-12 08:11:33,877 DEBUG com.fabienit.flyingclub.web.proxies.ApiProxy [http-nio-8002-exec-4] [ApiProxy#findUserByEmail] ---> END HTTP (15-byte body)
2023-12-12 08:11:34,632 DEBUG com.fabienit.flyingclub.web.proxies.ApiProxy [http-nio-8002-exec-4] [ApiProxy#findUserByEmail] <--- HTTP/1.1 200 (754ms)
2023-12-12 08:11:34,632 DEBUG com.fabienit.flyingclub.web.proxies.ApiProxy [http-nio-8002-exec-4] [ApiProxy#findUserByEmail] cache-control: no-cache, no-store, max-age=0, must-revalidate
2023-12-12 08:11:34,632 DEBUG com.fabienit.flyingclub.web.proxies.ApiProxy [http-nio-8002-exec-4] [ApiProxy#findUserByEmail] connection: keep-alive
2023-12-12 08:11:34,633 DEBUG com.fabienit.flyingclub.web.proxies.ApiProxy [http-nio-8002-exec-4] [ApiProxy#findUserByEmail] content-type: application/json
2023-12-12 08:11:34,633 DEBUG com.fabienit.flyingclub.web.proxies.ApiProxy [http-nio-8002-exec-4] [ApiProxy#findUserByEmail] date: Tue, 12 Dec 2023 07:11:34 GMT
2023-12-12 08:11:34,633 DEBUG com.fabienit.flyingclub.web.proxies.ApiProxy [http-nio-8002-exec-4] [ApiProxy#findUserByEmail] expires: 0
2023-12-12 08:11:34,634 DEBUG com.fabienit.flyingclub.web.proxies.ApiProxy [http-nio-8002-exec-4] [ApiProxy#findUserByEmail] keep-alive: timeout=60
2023-12-12 08:11:34,634 DEBUG com.fabienit.flyingclub.web.proxies.ApiProxy [http-nio-8002-exec-4] [ApiProxy#findUserByEmail] pragma: no-cache
2023-12-12 08:11:34,634 DEBUG com.fabienit.flyingclub.web.proxies.ApiProxy [http-nio-8002-exec-4] [ApiProxy#findUserByEmail] set-cookie: JSESSIONID=4732A09B1CE16DCC2506A716F8CB91EB; Path=/; HttpOnly
2023-12-12 08:11:34,634 DEBUG com.fabienit.flyingclub.web.proxies.ApiProxy [http-nio-8002-exec-4] [ApiProxy#findUserByEmail] transfer-encoding: chunked
2023-12-12 08:11:34,635 DEBUG com.fabienit.flyingclub.web.proxies.ApiProxy [http-nio-8002-exec-4] [ApiProxy#findUserByEmail] x-content-type-options: nosniff
2023-12-12 08:11:34,635 DEBUG com.fabienit.flyingclub.web.proxies.ApiProxy [http-nio-8002-exec-4] [ApiProxy#findUserByEmail] x-xss-protection: 1; mode=block
2023-12-12 08:11:34,635 DEBUG com.fabienit.flyingclub.web.proxies.ApiProxy [http-nio-8002-exec-4] [ApiProxy#findUserByEmail] 
2023-12-12 08:11:34,636 DEBUG com.fabienit.flyingclub.web.proxies.ApiProxy [http-nio-8002-exec-4] [ApiProxy#findUserByEmail] {"id":2,"firstName":"userName","lastName":"userLastName","email":"test1@gmail.com","password":"$2a$10$jPUTDV6/9AkC7NRPPzmvXuLJlfnKoAYo.uJuZc0aeJHGum.LpxO0a","hours":138,"roles":"USER"}
2023-12-12 08:11:34,637 DEBUG com.fabienit.flyingclub.web.proxies.ApiProxy [http-nio-8002-exec-4] [ApiProxy#findUserByEmail] <--- END HTTP (184-byte body)
2023-12-12 08:11:34,820 INFO com.fabienit.flyingclub.web.controllers.WebappController [http-nio-8002-exec-5] Reach url: / - GET
2023-12-12 08:11:37,365 INFO com.fabienit.flyingclub.web.controllers.WebappController [http-nio-8002-exec-10] Reach url: /reservations - GET
2023-12-12 08:11:37,365 DEBUG com.fabienit.flyingclub.service.impl.WebappServiceImpl [http-nio-8002-exec-10] Getting authenticated current user id
2023-12-12 08:11:37,369 DEBUG com.fabienit.flyingclub.web.proxies.ApiProxy [http-nio-8002-exec-10] [ApiProxy#getAvailableAircrafts] ---> GET http://localhost:8001/aircraftsAvailable HTTP/1.1
2023-12-12 08:11:37,370 DEBUG com.fabienit.flyingclub.web.proxies.ApiProxy [http-nio-8002-exec-10] [ApiProxy#getAvailableAircrafts] Authorization: Basic ZmFiaWVuOjEyMzQ1Ng==
2023-12-12 08:11:37,370 DEBUG com.fabienit.flyingclub.web.proxies.ApiProxy [http-nio-8002-exec-10] [ApiProxy#getAvailableAircrafts] ---> END HTTP (0-byte body)
2023-12-12 08:11:37,539 DEBUG com.fabienit.flyingclub.web.proxies.ApiProxy [http-nio-8002-exec-10] [ApiProxy#getAvailableAircrafts] <--- HTTP/1.1 200 (167ms)
2023-12-12 08:11:37,539 DEBUG com.fabienit.flyingclub.web.proxies.ApiProxy [http-nio-8002-exec-10] [ApiProxy#getAvailableAircrafts] cache-control: no-cache, no-store, max-age=0, must-revalidate
2023-12-12 08:11:37,539 DEBUG com.fabienit.flyingclub.web.proxies.ApiProxy [http-nio-8002-exec-10] [ApiProxy#getAvailableAircrafts] connection: keep-alive
2023-12-12 08:11:37,540 DEBUG com.fabienit.flyingclub.web.proxies.ApiProxy [http-nio-8002-exec-10] [ApiProxy#getAvailableAircrafts] content-type: application/json
2023-12-12 08:11:37,540 DEBUG com.fabienit.flyingclub.web.proxies.ApiProxy [http-nio-8002-exec-10] [ApiProxy#getAvailableAircrafts] date: Tue, 12 Dec 2023 07:11:37 GMT
2023-12-12 08:11:37,540 DEBUG com.fabienit.flyingclub.web.proxies.ApiProxy [http-nio-8002-exec-10] [ApiProxy#getAvailableAircrafts] expires: 0
2023-12-12 08:11:37,540 DEBUG com.fabienit.flyingclub.web.proxies.ApiProxy [http-nio-8002-exec-10] [ApiProxy#getAvailableAircrafts] keep-alive: timeout=60
2023-12-12 08:11:37,540 DEBUG com.fabienit.flyingclub.web.proxies.ApiProxy [http-nio-8002-exec-10] [ApiProxy#getAvailableAircrafts] pragma: no-cache
2023-12-12 08:11:37,540 DEBUG com.fabienit.flyingclub.web.proxies.ApiProxy [http-nio-8002-exec-10] [ApiProxy#getAvailableAircrafts] set-cookie: JSESSIONID=978565BE87A57ECFCF7971212FBB561A; Path=/; HttpOnly
2023-12-12 08:11:37,540 DEBUG com.fabienit.flyingclub.web.proxies.ApiProxy [http-nio-8002-exec-10] [ApiProxy#getAvailableAircrafts] transfer-encoding: chunked
2023-12-12 08:11:37,541 DEBUG com.fabienit.flyingclub.web.proxies.ApiProxy [http-nio-8002-exec-10] [ApiProxy#getAvailableAircrafts] x-content-type-options: nosniff
2023-12-12 08:11:37,541 DEBUG com.fabienit.flyingclub.web.proxies.ApiProxy [http-nio-8002-exec-10] [ApiProxy#getAvailableAircrafts] x-xss-protection: 1; mode=block
2023-12-12 08:11:37,541 DEBUG com.fabienit.flyingclub.web.proxies.ApiProxy [http-nio-8002-exec-10] [ApiProxy#getAvailableAircrafts] 
2023-12-12 08:11:37,541 DEBUG com.fabienit.flyingclub.web.proxies.ApiProxy [http-nio-8002-exec-10] [ApiProxy#getAvailableAircrafts] [{"id":1,"mark":"Diamond Aircraft","type":"DA 20-100 Katana","motor":"Rotax 912 S","power":"100 ch","seats":2,"autonomy":4,"use":"ecole","hours":4589,"available":true},{"id":3,"mark":"Piper","type":"PA 28-161 Cadet","motor":"Lycoming ","power":"160 ch","seats":2,"autonomy":5,"use":"voyage","hours":7810,"available":true},{"id":4,"mark":"Cessna","type":"kyhawk C172 S","motor":"Lycoming ","power":"180 ch","seats":4,"autonomy":5,"use":"voyage","hours":429,"available":true}]
2023-12-12 08:11:37,542 DEBUG com.fabienit.flyingclub.web.proxies.ApiProxy [http-nio-8002-exec-10] [ApiProxy#getAvailableAircrafts] <--- END HTTP (474-byte body)
2023-12-12 08:11:37,548 DEBUG com.fabienit.flyingclub.service.impl.WebappServiceImpl [http-nio-8002-exec-10] Getting reservations for current authenticated user
2023-12-12 08:11:37,548 DEBUG com.fabienit.flyingclub.service.impl.WebappServiceImpl [http-nio-8002-exec-10] Getting authenticated current user id
2023-12-12 08:11:37,549 DEBUG com.fabienit.flyingclub.web.proxies.ApiProxy [http-nio-8002-exec-10] [ApiProxy#getReservationByRegisteredUser] ---> GET http://localhost:8001/reservations/user/2 HTTP/1.1
2023-12-12 08:11:37,551 DEBUG com.fabienit.flyingclub.web.proxies.ApiProxy [http-nio-8002-exec-10] [ApiProxy#getReservationByRegisteredUser] Authorization: Basic ZmFiaWVuOjEyMzQ1Ng==
2023-12-12 08:11:37,551 DEBUG com.fabienit.flyingclub.web.proxies.ApiProxy [http-nio-8002-exec-10] [ApiProxy#getReservationByRegisteredUser] ---> END HTTP (0-byte body)
2023-12-12 08:11:37,794 DEBUG com.fabienit.flyingclub.web.proxies.ApiProxy [http-nio-8002-exec-10] [ApiProxy#getReservationByRegisteredUser] <--- HTTP/1.1 200 (242ms)
2023-12-12 08:11:37,795 DEBUG com.fabienit.flyingclub.web.proxies.ApiProxy [http-nio-8002-exec-10] [ApiProxy#getReservationByRegisteredUser] cache-control: no-cache, no-store, max-age=0, must-revalidate
2023-12-12 08:11:37,795 DEBUG com.fabienit.flyingclub.web.proxies.ApiProxy [http-nio-8002-exec-10] [ApiProxy#getReservationByRegisteredUser] connection: keep-alive
2023-12-12 08:11:37,795 DEBUG com.fabienit.flyingclub.web.proxies.ApiProxy [http-nio-8002-exec-10] [ApiProxy#getReservationByRegisteredUser] content-type: application/json
2023-12-12 08:11:37,795 DEBUG com.fabienit.flyingclub.web.proxies.ApiProxy [http-nio-8002-exec-10] [ApiProxy#getReservationByRegisteredUser] date: Tue, 12 Dec 2023 07:11:37 GMT
2023-12-12 08:11:37,795 DEBUG com.fabienit.flyingclub.web.proxies.ApiProxy [http-nio-8002-exec-10] [ApiProxy#getReservationByRegisteredUser] expires: 0
2023-12-12 08:11:37,795 DEBUG com.fabienit.flyingclub.web.proxies.ApiProxy [http-nio-8002-exec-10] [ApiProxy#getReservationByRegisteredUser] keep-alive: timeout=60
2023-12-12 08:11:37,796 DEBUG com.fabienit.flyingclub.web.proxies.ApiProxy [http-nio-8002-exec-10] [ApiProxy#getReservationByRegisteredUser] pragma: no-cache
2023-12-12 08:11:37,796 DEBUG com.fabienit.flyingclub.web.proxies.ApiProxy [http-nio-8002-exec-10] [ApiProxy#getReservationByRegisteredUser] set-cookie: JSESSIONID=E3970C623DC4920097DD95E7A93EBAF7; Path=/; HttpOnly
2023-12-12 08:11:37,796 DEBUG com.fabienit.flyingclub.web.proxies.ApiProxy [http-nio-8002-exec-10] [ApiProxy#getReservationByRegisteredUser] transfer-encoding: chunked
2023-12-12 08:11:37,796 DEBUG com.fabienit.flyingclub.web.proxies.ApiProxy [http-nio-8002-exec-10] [ApiProxy#getReservationByRegisteredUser] x-content-type-options: nosniff
2023-12-12 08:11:37,796 DEBUG com.fabienit.flyingclub.web.proxies.ApiProxy [http-nio-8002-exec-10] [ApiProxy#getReservationByRegisteredUser] x-xss-protection: 1; mode=block
2023-12-12 08:11:37,796 DEBUG com.fabienit.flyingclub.web.proxies.ApiProxy [http-nio-8002-exec-10] [ApiProxy#getReservationByRegisteredUser] 
2023-12-12 08:11:37,797 DEBUG com.fabienit.flyingclub.web.proxies.ApiProxy [http-nio-8002-exec-10] [ApiProxy#getReservationByRegisteredUser] [{"id":2,"borrowingDate":"2023-10-08T22:00:00.000+0000","returnDate":"2023-10-08T22:00:00.000+0000","aircraft":{"id":2,"mark":"Diamond Aircraft","type":"DA 40","motor":"Rotax 912 S","power":"180 ch","seats":4,"autonomy":4,"use":"voyage","hours":378,"available":false},"registeredUser":{"id":2,"firstName":"userName","lastName":"userLastName","email":"test1@gmail.com","password":"$2a$10$jPUTDV6/9AkC7NRPPzmvXuLJlfnKoAYo.uJuZc0aeJHGum.LpxO0a","hours":138,"roles":"USER"}},{"id":6,"borrowingDate":"2023-12-10T23:00:00.000+0000","returnDate":"2023-12-11T23:00:00.000+0000","aircraft":{"id":3,"mark":"Piper","type":"PA 28-161 Cadet","motor":"Lycoming ","power":"160 ch","seats":2,"autonomy":5,"use":"voyage","hours":7810,"available":true},"registeredUser":{"id":2,"firstName":"userName","lastName":"userLastName","email":"test1@gmail.com","password":"$2a$10$jPUTDV6/9AkC7NRPPzmvXuLJlfnKoAYo.uJuZc0aeJHGum.LpxO0a","hours":138,"roles":"USER"}}]
2023-12-12 08:11:37,797 DEBUG com.fabienit.flyingclub.web.proxies.ApiProxy [http-nio-8002-exec-10] [ApiProxy#getReservationByRegisteredUser] <--- END HTTP (938-byte body)
2023-12-12 13:11:57,933 INFO com.fabienit.flyingclub.web.controllers.WebappController [http-nio-8002-exec-7] Reach url: /reservations - GET
2023-12-12 13:11:59,673 INFO com.fabienit.flyingclub.web.controllers.WebappController [http-nio-8002-exec-3] Reach url: /connexion - GET
2023-12-12 13:12:01,011 DEBUG com.fabienit.flyingclub.web.proxies.ApiProxy [http-nio-8002-exec-5] [ApiProxy#findUserByEmail] ---> POST http://localhost:8001/users/email HTTP/1.1
2023-12-12 13:12:01,012 DEBUG com.fabienit.flyingclub.web.proxies.ApiProxy [http-nio-8002-exec-5] [ApiProxy#findUserByEmail] Authorization: Basic ZmFiaWVuOjEyMzQ1Ng==
2023-12-12 13:12:01,012 DEBUG com.fabienit.flyingclub.web.proxies.ApiProxy [http-nio-8002-exec-5] [ApiProxy#findUserByEmail] Content-Length: 15
2023-12-12 13:12:01,012 DEBUG com.fabienit.flyingclub.web.proxies.ApiProxy [http-nio-8002-exec-5] [ApiProxy#findUserByEmail] Content-Type: text/plain;charset=UTF-8
2023-12-12 13:12:01,012 DEBUG com.fabienit.flyingclub.web.proxies.ApiProxy [http-nio-8002-exec-5] [ApiProxy#findUserByEmail] 
2023-12-12 13:12:01,013 DEBUG com.fabienit.flyingclub.web.proxies.ApiProxy [http-nio-8002-exec-5] [ApiProxy#findUserByEmail] test1@gmail.com
2023-12-12 13:12:01,015 DEBUG com.fabienit.flyingclub.web.proxies.ApiProxy [http-nio-8002-exec-5] [ApiProxy#findUserByEmail] ---> END HTTP (15-byte body)
2023-12-12 13:12:01,149 DEBUG com.fabienit.flyingclub.web.proxies.ApiProxy [http-nio-8002-exec-5] [ApiProxy#findUserByEmail] <--- HTTP/1.1 200 (133ms)
2023-12-12 13:12:01,149 DEBUG com.fabienit.flyingclub.web.proxies.ApiProxy [http-nio-8002-exec-5] [ApiProxy#findUserByEmail] cache-control: no-cache, no-store, max-age=0, must-revalidate
2023-12-12 13:12:01,149 DEBUG com.fabienit.flyingclub.web.proxies.ApiProxy [http-nio-8002-exec-5] [ApiProxy#findUserByEmail] connection: keep-alive
2023-12-12 13:12:01,149 DEBUG com.fabienit.flyingclub.web.proxies.ApiProxy [http-nio-8002-exec-5] [ApiProxy#findUserByEmail] content-type: application/json
2023-12-12 13:12:01,150 DEBUG com.fabienit.flyingclub.web.proxies.ApiProxy [http-nio-8002-exec-5] [ApiProxy#findUserByEmail] date: Tue, 12 Dec 2023 12:12:01 GMT
2023-12-12 13:12:01,150 DEBUG com.fabienit.flyingclub.web.proxies.ApiProxy [http-nio-8002-exec-5] [ApiProxy#findUserByEmail] expires: 0
2023-12-12 13:12:01,150 DEBUG com.fabienit.flyingclub.web.proxies.ApiProxy [http-nio-8002-exec-5] [ApiProxy#findUserByEmail] keep-alive: timeout=60
2023-12-12 13:12:01,150 DEBUG com.fabienit.flyingclub.web.proxies.ApiProxy [http-nio-8002-exec-5] [ApiProxy#findUserByEmail] pragma: no-cache
2023-12-12 13:12:01,150 DEBUG com.fabienit.flyingclub.web.proxies.ApiProxy [http-nio-8002-exec-5] [ApiProxy#findUserByEmail] set-cookie: JSESSIONID=92B38843CE4DC532DF04F2A79D35D949; Path=/; HttpOnly
2023-12-12 13:12:01,151 DEBUG com.fabienit.flyingclub.web.proxies.ApiProxy [http-nio-8002-exec-5] [ApiProxy#findUserByEmail] transfer-encoding: chunked
2023-12-12 13:12:01,151 DEBUG com.fabienit.flyingclub.web.proxies.ApiProxy [http-nio-8002-exec-5] [ApiProxy#findUserByEmail] x-content-type-options: nosniff
2023-12-12 13:12:01,151 DEBUG com.fabienit.flyingclub.web.proxies.ApiProxy [http-nio-8002-exec-5] [ApiProxy#findUserByEmail] x-xss-protection: 1; mode=block
2023-12-12 13:12:01,151 DEBUG com.fabienit.flyingclub.web.proxies.ApiProxy [http-nio-8002-exec-5] [ApiProxy#findUserByEmail] 
2023-12-12 13:12:01,151 DEBUG com.fabienit.flyingclub.web.proxies.ApiProxy [http-nio-8002-exec-5] [ApiProxy#findUserByEmail] {"id":2,"firstName":"userName","lastName":"userLastName","email":"test1@gmail.com","password":"$2a$10$jPUTDV6/9AkC7NRPPzmvXuLJlfnKoAYo.uJuZc0aeJHGum.LpxO0a","hours":138,"roles":"USER"}
2023-12-12 13:12:01,152 DEBUG com.fabienit.flyingclub.web.proxies.ApiProxy [http-nio-8002-exec-5] [ApiProxy#findUserByEmail] <--- END HTTP (184-byte body)
2023-12-12 13:12:01,276 INFO com.fabienit.flyingclub.web.controllers.WebappController [http-nio-8002-exec-6] Reach url: / - GET
2023-12-12 13:12:02,151 INFO com.fabienit.flyingclub.web.controllers.WebappController [http-nio-8002-exec-10] Reach url: /reservations - GET
2023-12-12 13:12:02,152 DEBUG com.fabienit.flyingclub.service.impl.WebappServiceImpl [http-nio-8002-exec-10] Getting authenticated current user id
2023-12-12 13:12:02,159 DEBUG com.fabienit.flyingclub.web.proxies.ApiProxy [http-nio-8002-exec-10] [ApiProxy#getAvailableAircrafts] ---> GET http://localhost:8001/aircraftsAvailable HTTP/1.1
2023-12-12 13:12:02,160 DEBUG com.fabienit.flyingclub.web.proxies.ApiProxy [http-nio-8002-exec-10] [ApiProxy#getAvailableAircrafts] Authorization: Basic ZmFiaWVuOjEyMzQ1Ng==
2023-12-12 13:12:02,161 DEBUG com.fabienit.flyingclub.web.proxies.ApiProxy [http-nio-8002-exec-10] [ApiProxy#getAvailableAircrafts] ---> END HTTP (0-byte body)
2023-12-12 13:12:02,294 DEBUG com.fabienit.flyingclub.web.proxies.ApiProxy [http-nio-8002-exec-10] [ApiProxy#getAvailableAircrafts] <--- HTTP/1.1 200 (132ms)
2023-12-12 13:12:02,295 DEBUG com.fabienit.flyingclub.web.proxies.ApiProxy [http-nio-8002-exec-10] [ApiProxy#getAvailableAircrafts] cache-control: no-cache, no-store, max-age=0, must-revalidate
2023-12-12 13:12:02,295 DEBUG com.fabienit.flyingclub.web.proxies.ApiProxy [http-nio-8002-exec-10] [ApiProxy#getAvailableAircrafts] connection: keep-alive
2023-12-12 13:12:02,295 DEBUG com.fabienit.flyingclub.web.proxies.ApiProxy [http-nio-8002-exec-10] [ApiProxy#getAvailableAircrafts] content-type: application/json
2023-12-12 13:12:02,295 DEBUG com.fabienit.flyingclub.web.proxies.ApiProxy [http-nio-8002-exec-10] [ApiProxy#getAvailableAircrafts] date: Tue, 12 Dec 2023 12:12:02 GMT
2023-12-12 13:12:02,295 DEBUG com.fabienit.flyingclub.web.proxies.ApiProxy [http-nio-8002-exec-10] [ApiProxy#getAvailableAircrafts] expires: 0
2023-12-12 13:12:02,295 DEBUG com.fabienit.flyingclub.web.proxies.ApiProxy [http-nio-8002-exec-10] [ApiProxy#getAvailableAircrafts] keep-alive: timeout=60
2023-12-12 13:12:02,295 DEBUG com.fabienit.flyingclub.web.proxies.ApiProxy [http-nio-8002-exec-10] [ApiProxy#getAvailableAircrafts] pragma: no-cache
2023-12-12 13:12:02,296 DEBUG com.fabienit.flyingclub.web.proxies.ApiProxy [http-nio-8002-exec-10] [ApiProxy#getAvailableAircrafts] set-cookie: JSESSIONID=1FB107591243B19F827F0F44D7D3C5D1; Path=/; HttpOnly
2023-12-12 13:12:02,296 DEBUG com.fabienit.flyingclub.web.proxies.ApiProxy [http-nio-8002-exec-10] [ApiProxy#getAvailableAircrafts] transfer-encoding: chunked
2023-12-12 13:12:02,296 DEBUG com.fabienit.flyingclub.web.proxies.ApiProxy [http-nio-8002-exec-10] [ApiProxy#getAvailableAircrafts] x-content-type-options: nosniff
2023-12-12 13:12:02,296 DEBUG com.fabienit.flyingclub.web.proxies.ApiProxy [http-nio-8002-exec-10] [ApiProxy#getAvailableAircrafts] x-xss-protection: 1; mode=block
2023-12-12 13:12:02,296 DEBUG com.fabienit.flyingclub.web.proxies.ApiProxy [http-nio-8002-exec-10] [ApiProxy#getAvailableAircrafts] 
2023-12-12 13:12:02,297 DEBUG com.fabienit.flyingclub.web.proxies.ApiProxy [http-nio-8002-exec-10] [ApiProxy#getAvailableAircrafts] [{"id":1,"mark":"Diamond Aircraft","type":"DA 20-100 Katana","motor":"Rotax 912 S","power":"100 ch","seats":2,"autonomy":4,"use":"ecole","hours":4589,"available":true},{"id":3,"mark":"Piper","type":"PA 28-161 Cadet","motor":"Lycoming ","power":"160 ch","seats":2,"autonomy":5,"use":"voyage","hours":7810,"available":true},{"id":4,"mark":"Cessna","type":"kyhawk C172 S","motor":"Lycoming ","power":"180 ch","seats":4,"autonomy":5,"use":"voyage","hours":429,"available":true}]
2023-12-12 13:12:02,297 DEBUG com.fabienit.flyingclub.web.proxies.ApiProxy [http-nio-8002-exec-10] [ApiProxy#getAvailableAircrafts] <--- END HTTP (474-byte body)
2023-12-12 13:12:02,298 DEBUG com.fabienit.flyingclub.service.impl.WebappServiceImpl [http-nio-8002-exec-10] Getting reservations for current authenticated user
2023-12-12 13:12:02,298 DEBUG com.fabienit.flyingclub.service.impl.WebappServiceImpl [http-nio-8002-exec-10] Getting authenticated current user id
2023-12-12 13:12:02,298 DEBUG com.fabienit.flyingclub.web.proxies.ApiProxy [http-nio-8002-exec-10] [ApiProxy#getReservationByRegisteredUser] ---> GET http://localhost:8001/reservations/user/2 HTTP/1.1
2023-12-12 13:12:02,298 DEBUG com.fabienit.flyingclub.web.proxies.ApiProxy [http-nio-8002-exec-10] [ApiProxy#getReservationByRegisteredUser] Authorization: Basic ZmFiaWVuOjEyMzQ1Ng==
2023-12-12 13:12:02,299 DEBUG com.fabienit.flyingclub.web.proxies.ApiProxy [http-nio-8002-exec-10] [ApiProxy#getReservationByRegisteredUser] ---> END HTTP (0-byte body)
2023-12-12 13:12:02,432 DEBUG com.fabienit.flyingclub.web.proxies.ApiProxy [http-nio-8002-exec-10] [ApiProxy#getReservationByRegisteredUser] <--- HTTP/1.1 200 (133ms)
2023-12-12 13:12:02,433 DEBUG com.fabienit.flyingclub.web.proxies.ApiProxy [http-nio-8002-exec-10] [ApiProxy#getReservationByRegisteredUser] cache-control: no-cache, no-store, max-age=0, must-revalidate
2023-12-12 13:12:02,433 DEBUG com.fabienit.flyingclub.web.proxies.ApiProxy [http-nio-8002-exec-10] [ApiProxy#getReservationByRegisteredUser] connection: keep-alive
2023-12-12 13:12:02,433 DEBUG com.fabienit.flyingclub.web.proxies.ApiProxy [http-nio-8002-exec-10] [ApiProxy#getReservationByRegisteredUser] content-type: application/json
2023-12-12 13:12:02,433 DEBUG com.fabienit.flyingclub.web.proxies.ApiProxy [http-nio-8002-exec-10] [ApiProxy#getReservationByRegisteredUser] date: Tue, 12 Dec 2023 12:12:02 GMT
2023-12-12 13:12:02,433 DEBUG com.fabienit.flyingclub.web.proxies.ApiProxy [http-nio-8002-exec-10] [ApiProxy#getReservationByRegisteredUser] expires: 0
2023-12-12 13:12:02,433 DEBUG com.fabienit.flyingclub.web.proxies.ApiProxy [http-nio-8002-exec-10] [ApiProxy#getReservationByRegisteredUser] keep-alive: timeout=60
2023-12-12 13:12:02,433 DEBUG com.fabienit.flyingclub.web.proxies.ApiProxy [http-nio-8002-exec-10] [ApiProxy#getReservationByRegisteredUser] pragma: no-cache
2023-12-12 13:12:02,434 DEBUG com.fabienit.flyingclub.web.proxies.ApiProxy [http-nio-8002-exec-10] [ApiProxy#getReservationByRegisteredUser] set-cookie: JSESSIONID=2FC4909478C033E42196E53C7C629B9B; Path=/; HttpOnly
2023-12-12 13:12:02,434 DEBUG com.fabienit.flyingclub.web.proxies.ApiProxy [http-nio-8002-exec-10] [ApiProxy#getReservationByRegisteredUser] transfer-encoding: chunked
2023-12-12 13:12:02,434 DEBUG com.fabienit.flyingclub.web.proxies.ApiProxy [http-nio-8002-exec-10] [ApiProxy#getReservationByRegisteredUser] x-content-type-options: nosniff
2023-12-12 13:12:02,434 DEBUG com.fabienit.flyingclub.web.proxies.ApiProxy [http-nio-8002-exec-10] [ApiProxy#getReservationByRegisteredUser] x-xss-protection: 1; mode=block
2023-12-12 13:12:02,434 DEBUG com.fabienit.flyingclub.web.proxies.ApiProxy [http-nio-8002-exec-10] [ApiProxy#getReservationByRegisteredUser] 
2023-12-12 13:12:02,435 DEBUG com.fabienit.flyingclub.web.proxies.ApiProxy [http-nio-8002-exec-10] [ApiProxy#getReservationByRegisteredUser] [{"id":2,"borrowingDate":"2023-10-08T22:00:00.000+0000","returnDate":"2023-10-08T22:00:00.000+0000","aircraft":{"id":2,"mark":"Diamond Aircraft","type":"DA 40","motor":"Rotax 912 S","power":"180 ch","seats":4,"autonomy":4,"use":"voyage","hours":378,"available":false},"registeredUser":{"id":2,"firstName":"userName","lastName":"userLastName","email":"test1@gmail.com","password":"$2a$10$jPUTDV6/9AkC7NRPPzmvXuLJlfnKoAYo.uJuZc0aeJHGum.LpxO0a","hours":138,"roles":"USER"}},{"id":6,"borrowingDate":"2023-12-12T23:00:00.000+0000","returnDate":"2023-12-13T23:00:00.000+0000","aircraft":{"id":3,"mark":"Piper","type":"PA 28-161 Cadet","motor":"Lycoming ","power":"160 ch","seats":2,"autonomy":5,"use":"voyage","hours":7810,"available":true},"registeredUser":{"id":2,"firstName":"userName","lastName":"userLastName","email":"test1@gmail.com","password":"$2a$10$jPUTDV6/9AkC7NRPPzmvXuLJlfnKoAYo.uJuZc0aeJHGum.LpxO0a","hours":138,"roles":"USER"}}]
2023-12-12 13:12:02,435 DEBUG com.fabienit.flyingclub.web.proxies.ApiProxy [http-nio-8002-exec-10] [ApiProxy#getReservationByRegisteredUser] <--- END HTTP (938-byte body)
2023-12-12 13:18:42,171 INFO com.fabienit.flyingclub.AeroclubwebApplication [main] No active profile set, falling back to default profiles: default
2023-12-12 13:18:45,258 INFO com.fabienit.flyingclub.AeroclubwebApplication [main] Started AeroclubwebApplication in 4.107 seconds (JVM running for 5.977)
2023-12-12 13:20:44,867 INFO com.fabienit.flyingclub.web.controllers.WebappController [http-nio-8002-exec-1] Reach url: /reservations - GET
2023-12-12 13:20:46,792 INFO com.fabienit.flyingclub.web.controllers.WebappController [http-nio-8002-exec-4] Reach url: /connexion - GET
2023-12-12 13:20:48,172 DEBUG com.fabienit.flyingclub.web.proxies.ApiProxy [http-nio-8002-exec-6] [ApiProxy#findUserByEmail] ---> POST http://localhost:8001/users/email HTTP/1.1
2023-12-12 13:20:48,173 DEBUG com.fabienit.flyingclub.web.proxies.ApiProxy [http-nio-8002-exec-6] [ApiProxy#findUserByEmail] Authorization: Basic ZmFiaWVuOjEyMzQ1Ng==
2023-12-12 13:20:48,174 DEBUG com.fabienit.flyingclub.web.proxies.ApiProxy [http-nio-8002-exec-6] [ApiProxy#findUserByEmail] Content-Length: 15
2023-12-12 13:20:48,174 DEBUG com.fabienit.flyingclub.web.proxies.ApiProxy [http-nio-8002-exec-6] [ApiProxy#findUserByEmail] Content-Type: text/plain;charset=UTF-8
2023-12-12 13:20:48,174 DEBUG com.fabienit.flyingclub.web.proxies.ApiProxy [http-nio-8002-exec-6] [ApiProxy#findUserByEmail] 
2023-12-12 13:20:48,175 DEBUG com.fabienit.flyingclub.web.proxies.ApiProxy [http-nio-8002-exec-6] [ApiProxy#findUserByEmail] test1@gmail.com
2023-12-12 13:20:48,175 DEBUG com.fabienit.flyingclub.web.proxies.ApiProxy [http-nio-8002-exec-6] [ApiProxy#findUserByEmail] ---> END HTTP (15-byte body)
2023-12-12 13:20:48,315 DEBUG com.fabienit.flyingclub.web.proxies.ApiProxy [http-nio-8002-exec-6] [ApiProxy#findUserByEmail] <--- HTTP/1.1 200 (139ms)
2023-12-12 13:20:48,315 DEBUG com.fabienit.flyingclub.web.proxies.ApiProxy [http-nio-8002-exec-6] [ApiProxy#findUserByEmail] cache-control: no-cache, no-store, max-age=0, must-revalidate
2023-12-12 13:20:48,316 DEBUG com.fabienit.flyingclub.web.proxies.ApiProxy [http-nio-8002-exec-6] [ApiProxy#findUserByEmail] connection: keep-alive
2023-12-12 13:20:48,316 DEBUG com.fabienit.flyingclub.web.proxies.ApiProxy [http-nio-8002-exec-6] [ApiProxy#findUserByEmail] content-type: application/json
2023-12-12 13:20:48,316 DEBUG com.fabienit.flyingclub.web.proxies.ApiProxy [http-nio-8002-exec-6] [ApiProxy#findUserByEmail] date: Tue, 12 Dec 2023 12:20:48 GMT
2023-12-12 13:20:48,316 DEBUG com.fabienit.flyingclub.web.proxies.ApiProxy [http-nio-8002-exec-6] [ApiProxy#findUserByEmail] expires: 0
2023-12-12 13:20:48,316 DEBUG com.fabienit.flyingclub.web.proxies.ApiProxy [http-nio-8002-exec-6] [ApiProxy#findUserByEmail] keep-alive: timeout=60
2023-12-12 13:20:48,317 DEBUG com.fabienit.flyingclub.web.proxies.ApiProxy [http-nio-8002-exec-6] [ApiProxy#findUserByEmail] pragma: no-cache
2023-12-12 13:20:48,317 DEBUG com.fabienit.flyingclub.web.proxies.ApiProxy [http-nio-8002-exec-6] [ApiProxy#findUserByEmail] set-cookie: JSESSIONID=B23930D043C2B834E44F82427B684C63; Path=/; HttpOnly
2023-12-12 13:20:48,317 DEBUG com.fabienit.flyingclub.web.proxies.ApiProxy [http-nio-8002-exec-6] [ApiProxy#findUserByEmail] transfer-encoding: chunked
2023-12-12 13:20:48,317 DEBUG com.fabienit.flyingclub.web.proxies.ApiProxy [http-nio-8002-exec-6] [ApiProxy#findUserByEmail] x-content-type-options: nosniff
2023-12-12 13:20:48,317 DEBUG com.fabienit.flyingclub.web.proxies.ApiProxy [http-nio-8002-exec-6] [ApiProxy#findUserByEmail] x-xss-protection: 1; mode=block
2023-12-12 13:20:48,317 DEBUG com.fabienit.flyingclub.web.proxies.ApiProxy [http-nio-8002-exec-6] [ApiProxy#findUserByEmail] 
2023-12-12 13:20:48,319 DEBUG com.fabienit.flyingclub.web.proxies.ApiProxy [http-nio-8002-exec-6] [ApiProxy#findUserByEmail] {"id":2,"firstName":"userName","lastName":"userLastName","email":"test1@gmail.com","password":"$2a$10$jPUTDV6/9AkC7NRPPzmvXuLJlfnKoAYo.uJuZc0aeJHGum.LpxO0a","hours":138,"roles":"USER"}
2023-12-12 13:20:48,319 DEBUG com.fabienit.flyingclub.web.proxies.ApiProxy [http-nio-8002-exec-6] [ApiProxy#findUserByEmail] <--- END HTTP (184-byte body)
2023-12-12 13:20:48,515 INFO com.fabienit.flyingclub.web.controllers.WebappController [http-nio-8002-exec-7] Reach url: / - GET
2023-12-12 15:56:33,770 INFO com.fabienit.flyingclub.AeroclubwebApplication [main] No active profile set, falling back to default profiles: default
2023-12-12 15:56:36,724 INFO com.fabienit.flyingclub.AeroclubwebApplication [main] Started AeroclubwebApplication in 3.923 seconds (JVM running for 5.104)
2023-12-12 16:00:58,342 INFO com.fabienit.flyingclub.web.controllers.WebappController [http-nio-8002-exec-1] Reach url: / - GET
2023-12-12 16:01:00,377 DEBUG com.fabienit.flyingclub.web.proxies.ApiProxy [http-nio-8002-exec-3] [ApiProxy#findUserByEmail] ---> POST http://localhost:8001/users/email HTTP/1.1
2023-12-12 16:01:00,378 DEBUG com.fabienit.flyingclub.web.proxies.ApiProxy [http-nio-8002-exec-3] [ApiProxy#findUserByEmail] Authorization: Basic ZmFiaWVuOjEyMzQ1Ng==
2023-12-12 16:01:00,378 DEBUG com.fabienit.flyingclub.web.proxies.ApiProxy [http-nio-8002-exec-3] [ApiProxy#findUserByEmail] Content-Length: 15
2023-12-12 16:01:00,378 DEBUG com.fabienit.flyingclub.web.proxies.ApiProxy [http-nio-8002-exec-3] [ApiProxy#findUserByEmail] Content-Type: text/plain;charset=UTF-8
2023-12-12 16:01:00,379 DEBUG com.fabienit.flyingclub.web.proxies.ApiProxy [http-nio-8002-exec-3] [ApiProxy#findUserByEmail] 
2023-12-12 16:01:00,379 DEBUG com.fabienit.flyingclub.web.proxies.ApiProxy [http-nio-8002-exec-3] [ApiProxy#findUserByEmail] test1@gmail.com
2023-12-12 16:01:00,379 DEBUG com.fabienit.flyingclub.web.proxies.ApiProxy [http-nio-8002-exec-3] [ApiProxy#findUserByEmail] ---> END HTTP (15-byte body)
2023-12-12 16:01:00,514 DEBUG com.fabienit.flyingclub.web.proxies.ApiProxy [http-nio-8002-exec-3] [ApiProxy#findUserByEmail] <--- HTTP/1.1 200 (134ms)
2023-12-12 16:01:00,515 DEBUG com.fabienit.flyingclub.web.proxies.ApiProxy [http-nio-8002-exec-3] [ApiProxy#findUserByEmail] cache-control: no-cache, no-store, max-age=0, must-revalidate
2023-12-12 16:01:00,515 DEBUG com.fabienit.flyingclub.web.proxies.ApiProxy [http-nio-8002-exec-3] [ApiProxy#findUserByEmail] connection: keep-alive
2023-12-12 16:01:00,515 DEBUG com.fabienit.flyingclub.web.proxies.ApiProxy [http-nio-8002-exec-3] [ApiProxy#findUserByEmail] content-type: application/json
2023-12-12 16:01:00,515 DEBUG com.fabienit.flyingclub.web.proxies.ApiProxy [http-nio-8002-exec-3] [ApiProxy#findUserByEmail] date: Tue, 12 Dec 2023 15:01:00 GMT
2023-12-12 16:01:00,515 DEBUG com.fabienit.flyingclub.web.proxies.ApiProxy [http-nio-8002-exec-3] [ApiProxy#findUserByEmail] expires: 0
2023-12-12 16:01:00,517 DEBUG com.fabienit.flyingclub.web.proxies.ApiProxy [http-nio-8002-exec-3] [ApiProxy#findUserByEmail] keep-alive: timeout=60
2023-12-12 16:01:00,517 DEBUG com.fabienit.flyingclub.web.proxies.ApiProxy [http-nio-8002-exec-3] [ApiProxy#findUserByEmail] pragma: no-cache
2023-12-12 16:01:00,517 DEBUG com.fabienit.flyingclub.web.proxies.ApiProxy [http-nio-8002-exec-3] [ApiProxy#findUserByEmail] set-cookie: JSESSIONID=E3BA3E5101578D0A84E910AD9B87B64B; Path=/; HttpOnly
2023-12-12 16:01:00,517 DEBUG com.fabienit.flyingclub.web.proxies.ApiProxy [http-nio-8002-exec-3] [ApiProxy#findUserByEmail] transfer-encoding: chunked
2023-12-12 16:01:00,518 DEBUG com.fabienit.flyingclub.web.proxies.ApiProxy [http-nio-8002-exec-3] [ApiProxy#findUserByEmail] x-content-type-options: nosniff
2023-12-12 16:01:00,518 DEBUG com.fabienit.flyingclub.web.proxies.ApiProxy [http-nio-8002-exec-3] [ApiProxy#findUserByEmail] x-xss-protection: 1; mode=block
2023-12-12 16:01:00,518 DEBUG com.fabienit.flyingclub.web.proxies.ApiProxy [http-nio-8002-exec-3] [ApiProxy#findUserByEmail] 
2023-12-12 16:01:00,519 DEBUG com.fabienit.flyingclub.web.proxies.ApiProxy [http-nio-8002-exec-3] [ApiProxy#findUserByEmail] {"id":2,"firstName":"userName","lastName":"userLastName","email":"test1@gmail.com","password":"$2a$10$jPUTDV6/9AkC7NRPPzmvXuLJlfnKoAYo.uJuZc0aeJHGum.LpxO0a","hours":138,"roles":"USER"}
2023-12-12 16:01:00,520 DEBUG com.fabienit.flyingclub.web.proxies.ApiProxy [http-nio-8002-exec-3] [ApiProxy#findUserByEmail] <--- END HTTP (184-byte body)
2023-12-12 16:01:00,715 INFO com.fabienit.flyingclub.web.controllers.WebappController [http-nio-8002-exec-4] Reach url: / - GET
2023-12-12 16:04:23,509 INFO com.fabienit.flyingclub.AeroclubwebApplication [main] No active profile set, falling back to default profiles: default
2023-12-12 16:04:26,440 INFO com.fabienit.flyingclub.AeroclubwebApplication [main] Started AeroclubwebApplication in 3.908 seconds (JVM running for 5.052)
2023-12-12 16:05:28,955 INFO com.fabienit.flyingclub.web.controllers.WebappController [http-nio-8002-exec-1] Reach url: /connexion - GET
2023-12-12 16:05:31,351 DEBUG com.fabienit.flyingclub.web.proxies.ApiProxy [http-nio-8002-exec-2] [ApiProxy#findUserByEmail] ---> POST http://localhost:8001/users/email HTTP/1.1
2023-12-12 16:05:31,352 DEBUG com.fabienit.flyingclub.web.proxies.ApiProxy [http-nio-8002-exec-2] [ApiProxy#findUserByEmail] Authorization: Basic ZmFiaWVuOjEyMzQ1Ng==
2023-12-12 16:05:31,352 DEBUG com.fabienit.flyingclub.web.proxies.ApiProxy [http-nio-8002-exec-2] [ApiProxy#findUserByEmail] Content-Length: 15
2023-12-12 16:05:31,353 DEBUG com.fabienit.flyingclub.web.proxies.ApiProxy [http-nio-8002-exec-2] [ApiProxy#findUserByEmail] Content-Type: text/plain;charset=UTF-8
2023-12-12 16:05:31,354 DEBUG com.fabienit.flyingclub.web.proxies.ApiProxy [http-nio-8002-exec-2] [ApiProxy#findUserByEmail] 
2023-12-12 16:05:31,354 DEBUG com.fabienit.flyingclub.web.proxies.ApiProxy [http-nio-8002-exec-2] [ApiProxy#findUserByEmail] test1@gmail.com
2023-12-12 16:05:31,354 DEBUG com.fabienit.flyingclub.web.proxies.ApiProxy [http-nio-8002-exec-2] [ApiProxy#findUserByEmail] ---> END HTTP (15-byte body)
2023-12-12 16:05:31,491 DEBUG com.fabienit.flyingclub.web.proxies.ApiProxy [http-nio-8002-exec-2] [ApiProxy#findUserByEmail] <--- HTTP/1.1 200 (135ms)
2023-12-12 16:05:31,491 DEBUG com.fabienit.flyingclub.web.proxies.ApiProxy [http-nio-8002-exec-2] [ApiProxy#findUserByEmail] cache-control: no-cache, no-store, max-age=0, must-revalidate
2023-12-12 16:05:31,491 DEBUG com.fabienit.flyingclub.web.proxies.ApiProxy [http-nio-8002-exec-2] [ApiProxy#findUserByEmail] connection: keep-alive
2023-12-12 16:05:31,491 DEBUG com.fabienit.flyingclub.web.proxies.ApiProxy [http-nio-8002-exec-2] [ApiProxy#findUserByEmail] content-type: application/json
2023-12-12 16:05:31,492 DEBUG com.fabienit.flyingclub.web.proxies.ApiProxy [http-nio-8002-exec-2] [ApiProxy#findUserByEmail] date: Tue, 12 Dec 2023 15:05:31 GMT
2023-12-12 16:05:31,492 DEBUG com.fabienit.flyingclub.web.proxies.ApiProxy [http-nio-8002-exec-2] [ApiProxy#findUserByEmail] expires: 0
2023-12-12 16:05:31,492 DEBUG com.fabienit.flyingclub.web.proxies.ApiProxy [http-nio-8002-exec-2] [ApiProxy#findUserByEmail] keep-alive: timeout=60
2023-12-12 16:05:31,492 DEBUG com.fabienit.flyingclub.web.proxies.ApiProxy [http-nio-8002-exec-2] [ApiProxy#findUserByEmail] pragma: no-cache
2023-12-12 16:05:31,493 DEBUG com.fabienit.flyingclub.web.proxies.ApiProxy [http-nio-8002-exec-2] [ApiProxy#findUserByEmail] set-cookie: JSESSIONID=C65410307F43DE89DFCDF35F00DBF13C; Path=/; HttpOnly
2023-12-12 16:05:31,493 DEBUG com.fabienit.flyingclub.web.proxies.ApiProxy [http-nio-8002-exec-2] [ApiProxy#findUserByEmail] transfer-encoding: chunked
2023-12-12 16:05:31,493 DEBUG com.fabienit.flyingclub.web.proxies.ApiProxy [http-nio-8002-exec-2] [ApiProxy#findUserByEmail] x-content-type-options: nosniff
2023-12-12 16:05:31,493 DEBUG com.fabienit.flyingclub.web.proxies.ApiProxy [http-nio-8002-exec-2] [ApiProxy#findUserByEmail] x-xss-protection: 1; mode=block
2023-12-12 16:05:31,493 DEBUG com.fabienit.flyingclub.web.proxies.ApiProxy [http-nio-8002-exec-2] [ApiProxy#findUserByEmail] 
2023-12-12 16:05:31,494 DEBUG com.fabienit.flyingclub.web.proxies.ApiProxy [http-nio-8002-exec-2] [ApiProxy#findUserByEmail] {"id":2,"firstName":"userName","lastName":"userLastName","email":"test1@gmail.com","password":"$2a$10$jPUTDV6/9AkC7NRPPzmvXuLJlfnKoAYo.uJuZc0aeJHGum.LpxO0a","hours":138,"roles":"USER"}
2023-12-12 16:05:31,495 DEBUG com.fabienit.flyingclub.web.proxies.ApiProxy [http-nio-8002-exec-2] [ApiProxy#findUserByEmail] <--- END HTTP (184-byte body)
2023-12-12 16:05:31,709 INFO com.fabienit.flyingclub.web.controllers.WebappController [http-nio-8002-exec-3] Reach url: / - GET
2023-12-12 16:47:16,006 INFO com.fabienit.flyingclub.web.controllers.WebappController [http-nio-8002-exec-2] Reach url: / - GET
2023-12-12 16:47:16,987 DEBUG com.fabienit.flyingclub.web.proxies.ApiProxy [http-nio-8002-exec-7] [ApiProxy#findUserByEmail] ---> POST http://localhost:8001/users/email HTTP/1.1
2023-12-12 16:47:16,988 DEBUG com.fabienit.flyingclub.web.proxies.ApiProxy [http-nio-8002-exec-7] [ApiProxy#findUserByEmail] Authorization: Basic ZmFiaWVuOjEyMzQ1Ng==
2023-12-12 16:47:16,989 DEBUG com.fabienit.flyingclub.web.proxies.ApiProxy [http-nio-8002-exec-7] [ApiProxy#findUserByEmail] Content-Length: 15
2023-12-12 16:47:16,989 DEBUG com.fabienit.flyingclub.web.proxies.ApiProxy [http-nio-8002-exec-7] [ApiProxy#findUserByEmail] Content-Type: text/plain;charset=UTF-8
2023-12-12 16:47:16,989 DEBUG com.fabienit.flyingclub.web.proxies.ApiProxy [http-nio-8002-exec-7] [ApiProxy#findUserByEmail] 
2023-12-12 16:47:16,990 DEBUG com.fabienit.flyingclub.web.proxies.ApiProxy [http-nio-8002-exec-7] [ApiProxy#findUserByEmail] test1@gmail.com
2023-12-12 16:47:16,990 DEBUG com.fabienit.flyingclub.web.proxies.ApiProxy [http-nio-8002-exec-7] [ApiProxy#findUserByEmail] ---> END HTTP (15-byte body)
2023-12-12 16:47:17,139 DEBUG com.fabienit.flyingclub.web.proxies.ApiProxy [http-nio-8002-exec-7] [ApiProxy#findUserByEmail] <--- HTTP/1.1 200 (148ms)
2023-12-12 16:47:17,139 DEBUG com.fabienit.flyingclub.web.proxies.ApiProxy [http-nio-8002-exec-7] [ApiProxy#findUserByEmail] cache-control: no-cache, no-store, max-age=0, must-revalidate
2023-12-12 16:47:17,139 DEBUG com.fabienit.flyingclub.web.proxies.ApiProxy [http-nio-8002-exec-7] [ApiProxy#findUserByEmail] connection: keep-alive
2023-12-12 16:47:17,140 DEBUG com.fabienit.flyingclub.web.proxies.ApiProxy [http-nio-8002-exec-7] [ApiProxy#findUserByEmail] content-type: application/json
2023-12-12 16:47:17,140 DEBUG com.fabienit.flyingclub.web.proxies.ApiProxy [http-nio-8002-exec-7] [ApiProxy#findUserByEmail] date: Tue, 12 Dec 2023 15:47:17 GMT
2023-12-12 16:47:17,140 DEBUG com.fabienit.flyingclub.web.proxies.ApiProxy [http-nio-8002-exec-7] [ApiProxy#findUserByEmail] expires: 0
2023-12-12 16:47:17,140 DEBUG com.fabienit.flyingclub.web.proxies.ApiProxy [http-nio-8002-exec-7] [ApiProxy#findUserByEmail] keep-alive: timeout=60
2023-12-12 16:47:17,140 DEBUG com.fabienit.flyingclub.web.proxies.ApiProxy [http-nio-8002-exec-7] [ApiProxy#findUserByEmail] pragma: no-cache
2023-12-12 16:47:17,141 DEBUG com.fabienit.flyingclub.web.proxies.ApiProxy [http-nio-8002-exec-7] [ApiProxy#findUserByEmail] set-cookie: JSESSIONID=6D3BE4FA2F887F32068FBF3215FD1E07; Path=/; HttpOnly
2023-12-12 16:47:17,141 DEBUG com.fabienit.flyingclub.web.proxies.ApiProxy [http-nio-8002-exec-7] [ApiProxy#findUserByEmail] transfer-encoding: chunked
2023-12-12 16:47:17,141 DEBUG com.fabienit.flyingclub.web.proxies.ApiProxy [http-nio-8002-exec-7] [ApiProxy#findUserByEmail] x-content-type-options: nosniff
2023-12-12 16:47:17,141 DEBUG com.fabienit.flyingclub.web.proxies.ApiProxy [http-nio-8002-exec-7] [ApiProxy#findUserByEmail] x-xss-protection: 1; mode=block
2023-12-12 16:47:17,141 DEBUG com.fabienit.flyingclub.web.proxies.ApiProxy [http-nio-8002-exec-7] [ApiProxy#findUserByEmail] 
2023-12-12 16:47:17,142 DEBUG com.fabienit.flyingclub.web.proxies.ApiProxy [http-nio-8002-exec-7] [ApiProxy#findUserByEmail] {"id":2,"firstName":"userName","lastName":"userLastName","email":"test1@gmail.com","password":"$2a$10$jPUTDV6/9AkC7NRPPzmvXuLJlfnKoAYo.uJuZc0aeJHGum.LpxO0a","hours":138,"roles":"USER"}
2023-12-12 16:47:17,142 DEBUG com.fabienit.flyingclub.web.proxies.ApiProxy [http-nio-8002-exec-7] [ApiProxy#findUserByEmail] <--- END HTTP (184-byte body)
2023-12-12 16:47:17,274 INFO com.fabienit.flyingclub.web.controllers.WebappController [http-nio-8002-exec-4] Reach url: / - GET
2023-12-12 23:38:28,978 INFO com.fabienit.flyingclub.web.controllers.WebappController [http-nio-8002-exec-4] Reach url: / - GET
2023-12-12 23:38:30,252 DEBUG com.fabienit.flyingclub.web.proxies.ApiProxy [http-nio-8002-exec-5] [ApiProxy#findUserByEmail] ---> POST http://localhost:8001/users/email HTTP/1.1
2023-12-12 23:38:30,253 DEBUG com.fabienit.flyingclub.web.proxies.ApiProxy [http-nio-8002-exec-5] [ApiProxy#findUserByEmail] Authorization: Basic ZmFiaWVuOjEyMzQ1Ng==
2023-12-12 23:38:30,253 DEBUG com.fabienit.flyingclub.web.proxies.ApiProxy [http-nio-8002-exec-5] [ApiProxy#findUserByEmail] Content-Length: 15
2023-12-12 23:38:30,253 DEBUG com.fabienit.flyingclub.web.proxies.ApiProxy [http-nio-8002-exec-5] [ApiProxy#findUserByEmail] Content-Type: text/plain;charset=UTF-8
2023-12-12 23:38:30,253 DEBUG com.fabienit.flyingclub.web.proxies.ApiProxy [http-nio-8002-exec-5] [ApiProxy#findUserByEmail] 
2023-12-12 23:38:30,254 DEBUG com.fabienit.flyingclub.web.proxies.ApiProxy [http-nio-8002-exec-5] [ApiProxy#findUserByEmail] test1@gmail.com
2023-12-12 23:38:30,254 DEBUG com.fabienit.flyingclub.web.proxies.ApiProxy [http-nio-8002-exec-5] [ApiProxy#findUserByEmail] ---> END HTTP (15-byte body)
2023-12-12 23:38:30,465 DEBUG com.fabienit.flyingclub.web.proxies.ApiProxy [http-nio-8002-exec-5] [ApiProxy#findUserByEmail] <--- HTTP/1.1 200 (210ms)
2023-12-12 23:38:30,465 DEBUG com.fabienit.flyingclub.web.proxies.ApiProxy [http-nio-8002-exec-5] [ApiProxy#findUserByEmail] cache-control: no-cache, no-store, max-age=0, must-revalidate
2023-12-12 23:38:30,465 DEBUG com.fabienit.flyingclub.web.proxies.ApiProxy [http-nio-8002-exec-5] [ApiProxy#findUserByEmail] connection: keep-alive
2023-12-12 23:38:30,466 DEBUG com.fabienit.flyingclub.web.proxies.ApiProxy [http-nio-8002-exec-5] [ApiProxy#findUserByEmail] content-type: application/json
2023-12-12 23:38:30,466 DEBUG com.fabienit.flyingclub.web.proxies.ApiProxy [http-nio-8002-exec-5] [ApiProxy#findUserByEmail] date: Tue, 12 Dec 2023 22:38:30 GMT
2023-12-12 23:38:30,466 DEBUG com.fabienit.flyingclub.web.proxies.ApiProxy [http-nio-8002-exec-5] [ApiProxy#findUserByEmail] expires: 0
2023-12-12 23:38:30,466 DEBUG com.fabienit.flyingclub.web.proxies.ApiProxy [http-nio-8002-exec-5] [ApiProxy#findUserByEmail] keep-alive: timeout=60
2023-12-12 23:38:30,467 DEBUG com.fabienit.flyingclub.web.proxies.ApiProxy [http-nio-8002-exec-5] [ApiProxy#findUserByEmail] pragma: no-cache
2023-12-12 23:38:30,467 DEBUG com.fabienit.flyingclub.web.proxies.ApiProxy [http-nio-8002-exec-5] [ApiProxy#findUserByEmail] set-cookie: JSESSIONID=DD2B52774477BA15656AB74B8689596C; Path=/; HttpOnly
2023-12-12 23:38:30,467 DEBUG com.fabienit.flyingclub.web.proxies.ApiProxy [http-nio-8002-exec-5] [ApiProxy#findUserByEmail] transfer-encoding: chunked
2023-12-12 23:38:30,467 DEBUG com.fabienit.flyingclub.web.proxies.ApiProxy [http-nio-8002-exec-5] [ApiProxy#findUserByEmail] x-content-type-options: nosniff
2023-12-12 23:38:30,467 DEBUG com.fabienit.flyingclub.web.proxies.ApiProxy [http-nio-8002-exec-5] [ApiProxy#findUserByEmail] x-xss-protection: 1; mode=block
2023-12-12 23:38:30,468 DEBUG com.fabienit.flyingclub.web.proxies.ApiProxy [http-nio-8002-exec-5] [ApiProxy#findUserByEmail] 
2023-12-12 23:38:30,468 DEBUG com.fabienit.flyingclub.web.proxies.ApiProxy [http-nio-8002-exec-5] [ApiProxy#findUserByEmail] {"id":2,"firstName":"userName","lastName":"userLastName","email":"test1@gmail.com","password":"$2a$10$jPUTDV6/9AkC7NRPPzmvXuLJlfnKoAYo.uJuZc0aeJHGum.LpxO0a","hours":138,"roles":"USER"}
2023-12-12 23:38:30,469 DEBUG com.fabienit.flyingclub.web.proxies.ApiProxy [http-nio-8002-exec-5] [ApiProxy#findUserByEmail] <--- END HTTP (184-byte body)
2023-12-12 23:38:30,597 INFO com.fabienit.flyingclub.web.controllers.WebappController [http-nio-8002-exec-10] Reach url: / - GET
2023-12-12 23:38:31,980 INFO com.fabienit.flyingclub.web.controllers.WebappController [http-nio-8002-exec-2] Reach url: /reservations - GET
2023-12-12 23:38:31,984 DEBUG com.fabienit.flyingclub.service.impl.WebappServiceImpl [http-nio-8002-exec-2] Getting authenticated current user id
2023-12-12 23:38:31,986 DEBUG com.fabienit.flyingclub.web.proxies.ApiProxy [http-nio-8002-exec-2] [ApiProxy#getAvailableAircrafts] ---> GET http://localhost:8001/aircraftsAvailable HTTP/1.1
2023-12-12 23:38:31,987 DEBUG com.fabienit.flyingclub.web.proxies.ApiProxy [http-nio-8002-exec-2] [ApiProxy#getAvailableAircrafts] Authorization: Basic ZmFiaWVuOjEyMzQ1Ng==
2023-12-12 23:38:31,987 DEBUG com.fabienit.flyingclub.web.proxies.ApiProxy [http-nio-8002-exec-2] [ApiProxy#getAvailableAircrafts] ---> END HTTP (0-byte body)
2023-12-12 23:38:32,133 DEBUG com.fabienit.flyingclub.web.proxies.ApiProxy [http-nio-8002-exec-2] [ApiProxy#getAvailableAircrafts] <--- HTTP/1.1 200 (145ms)
2023-12-12 23:38:32,133 DEBUG com.fabienit.flyingclub.web.proxies.ApiProxy [http-nio-8002-exec-2] [ApiProxy#getAvailableAircrafts] cache-control: no-cache, no-store, max-age=0, must-revalidate
2023-12-12 23:38:32,134 DEBUG com.fabienit.flyingclub.web.proxies.ApiProxy [http-nio-8002-exec-2] [ApiProxy#getAvailableAircrafts] connection: keep-alive
2023-12-12 23:38:32,134 DEBUG com.fabienit.flyingclub.web.proxies.ApiProxy [http-nio-8002-exec-2] [ApiProxy#getAvailableAircrafts] content-type: application/json
2023-12-12 23:38:32,134 DEBUG com.fabienit.flyingclub.web.proxies.ApiProxy [http-nio-8002-exec-2] [ApiProxy#getAvailableAircrafts] date: Tue, 12 Dec 2023 22:38:32 GMT
2023-12-12 23:38:32,134 DEBUG com.fabienit.flyingclub.web.proxies.ApiProxy [http-nio-8002-exec-2] [ApiProxy#getAvailableAircrafts] expires: 0
2023-12-12 23:38:32,135 DEBUG com.fabienit.flyingclub.web.proxies.ApiProxy [http-nio-8002-exec-2] [ApiProxy#getAvailableAircrafts] keep-alive: timeout=60
2023-12-12 23:38:32,135 DEBUG com.fabienit.flyingclub.web.proxies.ApiProxy [http-nio-8002-exec-2] [ApiProxy#getAvailableAircrafts] pragma: no-cache
2023-12-12 23:38:32,135 DEBUG com.fabienit.flyingclub.web.proxies.ApiProxy [http-nio-8002-exec-2] [ApiProxy#getAvailableAircrafts] set-cookie: JSESSIONID=1D74AED62C3964BE22D60698F01AF51D; Path=/; HttpOnly
2023-12-12 23:38:32,135 DEBUG com.fabienit.flyingclub.web.proxies.ApiProxy [http-nio-8002-exec-2] [ApiProxy#getAvailableAircrafts] transfer-encoding: chunked
2023-12-12 23:38:32,135 DEBUG com.fabienit.flyingclub.web.proxies.ApiProxy [http-nio-8002-exec-2] [ApiProxy#getAvailableAircrafts] x-content-type-options: nosniff
2023-12-12 23:38:32,136 DEBUG com.fabienit.flyingclub.web.proxies.ApiProxy [http-nio-8002-exec-2] [ApiProxy#getAvailableAircrafts] x-xss-protection: 1; mode=block
2023-12-12 23:38:32,136 DEBUG com.fabienit.flyingclub.web.proxies.ApiProxy [http-nio-8002-exec-2] [ApiProxy#getAvailableAircrafts] 
2023-12-12 23:38:32,136 DEBUG com.fabienit.flyingclub.web.proxies.ApiProxy [http-nio-8002-exec-2] [ApiProxy#getAvailableAircrafts] [{"id":1,"mark":"Diamond Aircraft","type":"DA 20-100 Katana","motor":"Rotax 912 S","power":"100 ch","seats":2,"autonomy":4,"use":"ecole","hours":4589,"available":true},{"id":3,"mark":"Piper","type":"PA 28-161 Cadet","motor":"Lycoming ","power":"160 ch","seats":2,"autonomy":5,"use":"voyage","hours":7810,"available":true},{"id":4,"mark":"Cessna","type":"kyhawk C172 S","motor":"Lycoming ","power":"180 ch","seats":4,"autonomy":5,"use":"voyage","hours":429,"available":true}]
2023-12-12 23:38:32,136 DEBUG com.fabienit.flyingclub.web.proxies.ApiProxy [http-nio-8002-exec-2] [ApiProxy#getAvailableAircrafts] <--- END HTTP (474-byte body)
2023-12-12 23:38:32,165 DEBUG com.fabienit.flyingclub.service.impl.WebappServiceImpl [http-nio-8002-exec-2] Getting reservations for current authenticated user
2023-12-12 23:38:32,166 DEBUG com.fabienit.flyingclub.service.impl.WebappServiceImpl [http-nio-8002-exec-2] Getting authenticated current user id
2023-12-12 23:38:32,168 DEBUG com.fabienit.flyingclub.web.proxies.ApiProxy [http-nio-8002-exec-2] [ApiProxy#getReservationByRegisteredUser] ---> GET http://localhost:8001/reservations/user/2 HTTP/1.1
2023-12-12 23:38:32,168 DEBUG com.fabienit.flyingclub.web.proxies.ApiProxy [http-nio-8002-exec-2] [ApiProxy#getReservationByRegisteredUser] Authorization: Basic ZmFiaWVuOjEyMzQ1Ng==
2023-12-12 23:38:32,168 DEBUG com.fabienit.flyingclub.web.proxies.ApiProxy [http-nio-8002-exec-2] [ApiProxy#getReservationByRegisteredUser] ---> END HTTP (0-byte body)
2023-12-12 23:38:32,311 DEBUG com.fabienit.flyingclub.web.proxies.ApiProxy [http-nio-8002-exec-2] [ApiProxy#getReservationByRegisteredUser] <--- HTTP/1.1 200 (142ms)
2023-12-12 23:38:32,311 DEBUG com.fabienit.flyingclub.web.proxies.ApiProxy [http-nio-8002-exec-2] [ApiProxy#getReservationByRegisteredUser] cache-control: no-cache, no-store, max-age=0, must-revalidate
2023-12-12 23:38:32,311 DEBUG com.fabienit.flyingclub.web.proxies.ApiProxy [http-nio-8002-exec-2] [ApiProxy#getReservationByRegisteredUser] connection: keep-alive
2023-12-12 23:38:32,312 DEBUG com.fabienit.flyingclub.web.proxies.ApiProxy [http-nio-8002-exec-2] [ApiProxy#getReservationByRegisteredUser] content-type: application/json
2023-12-12 23:38:32,312 DEBUG com.fabienit.flyingclub.web.proxies.ApiProxy [http-nio-8002-exec-2] [ApiProxy#getReservationByRegisteredUser] date: Tue, 12 Dec 2023 22:38:32 GMT
2023-12-12 23:38:32,312 DEBUG com.fabienit.flyingclub.web.proxies.ApiProxy [http-nio-8002-exec-2] [ApiProxy#getReservationByRegisteredUser] expires: 0
2023-12-12 23:38:32,312 DEBUG com.fabienit.flyingclub.web.proxies.ApiProxy [http-nio-8002-exec-2] [ApiProxy#getReservationByRegisteredUser] keep-alive: timeout=60
2023-12-12 23:38:32,312 DEBUG com.fabienit.flyingclub.web.proxies.ApiProxy [http-nio-8002-exec-2] [ApiProxy#getReservationByRegisteredUser] pragma: no-cache
2023-12-12 23:38:32,312 DEBUG com.fabienit.flyingclub.web.proxies.ApiProxy [http-nio-8002-exec-2] [ApiProxy#getReservationByRegisteredUser] set-cookie: JSESSIONID=2D50B924DA70363E7152526EAF96AA96; Path=/; HttpOnly
2023-12-12 23:38:32,313 DEBUG com.fabienit.flyingclub.web.proxies.ApiProxy [http-nio-8002-exec-2] [ApiProxy#getReservationByRegisteredUser] transfer-encoding: chunked
2023-12-12 23:38:32,313 DEBUG com.fabienit.flyingclub.web.proxies.ApiProxy [http-nio-8002-exec-2] [ApiProxy#getReservationByRegisteredUser] x-content-type-options: nosniff
2023-12-12 23:38:32,313 DEBUG com.fabienit.flyingclub.web.proxies.ApiProxy [http-nio-8002-exec-2] [ApiProxy#getReservationByRegisteredUser] x-xss-protection: 1; mode=block
2023-12-12 23:38:32,313 DEBUG com.fabienit.flyingclub.web.proxies.ApiProxy [http-nio-8002-exec-2] [ApiProxy#getReservationByRegisteredUser] 
2023-12-12 23:38:32,313 DEBUG com.fabienit.flyingclub.web.proxies.ApiProxy [http-nio-8002-exec-2] [ApiProxy#getReservationByRegisteredUser] [{"id":2,"borrowingDate":"2023-10-08T22:00:00.000+0000","returnDate":"2023-10-08T22:00:00.000+0000","aircraft":{"id":2,"mark":"Diamond Aircraft","type":"DA 40","motor":"Rotax 912 S","power":"180 ch","seats":4,"autonomy":4,"use":"voyage","hours":378,"available":false},"registeredUser":{"id":2,"firstName":"userName","lastName":"userLastName","email":"test1@gmail.com","password":"$2a$10$jPUTDV6/9AkC7NRPPzmvXuLJlfnKoAYo.uJuZc0aeJHGum.LpxO0a","hours":138,"roles":"USER"}},{"id":6,"borrowingDate":"2023-12-12T23:00:00.000+0000","returnDate":"2023-12-13T23:00:00.000+0000","aircraft":{"id":3,"mark":"Piper","type":"PA 28-161 Cadet","motor":"Lycoming ","power":"160 ch","seats":2,"autonomy":5,"use":"voyage","hours":7810,"available":true},"registeredUser":{"id":2,"firstName":"userName","lastName":"userLastName","email":"test1@gmail.com","password":"$2a$10$jPUTDV6/9AkC7NRPPzmvXuLJlfnKoAYo.uJuZc0aeJHGum.LpxO0a","hours":138,"roles":"USER"}}]
2023-12-12 23:38:32,313 DEBUG com.fabienit.flyingclub.web.proxies.ApiProxy [http-nio-8002-exec-2] [ApiProxy#getReservationByRegisteredUser] <--- END HTTP (938-byte body)
2023-12-12 23:38:36,205 INFO com.fabienit.flyingclub.web.controllers.WebappController [http-nio-8002-exec-1] Reach url: /reservations - GET
2023-12-12 23:38:36,205 DEBUG com.fabienit.flyingclub.service.impl.WebappServiceImpl [http-nio-8002-exec-1] Getting authenticated current user id
2023-12-12 23:38:36,206 DEBUG com.fabienit.flyingclub.web.proxies.ApiProxy [http-nio-8002-exec-1] [ApiProxy#getAvailableAircrafts] ---> GET http://localhost:8001/aircraftsAvailable HTTP/1.1
2023-12-12 23:38:36,206 DEBUG com.fabienit.flyingclub.web.proxies.ApiProxy [http-nio-8002-exec-1] [ApiProxy#getAvailableAircrafts] Authorization: Basic ZmFiaWVuOjEyMzQ1Ng==
2023-12-12 23:38:36,206 DEBUG com.fabienit.flyingclub.web.proxies.ApiProxy [http-nio-8002-exec-1] [ApiProxy#getAvailableAircrafts] ---> END HTTP (0-byte body)
2023-12-12 23:38:36,343 DEBUG com.fabienit.flyingclub.web.proxies.ApiProxy [http-nio-8002-exec-1] [ApiProxy#getAvailableAircrafts] <--- HTTP/1.1 200 (136ms)
2023-12-12 23:38:36,344 DEBUG com.fabienit.flyingclub.web.proxies.ApiProxy [http-nio-8002-exec-1] [ApiProxy#getAvailableAircrafts] cache-control: no-cache, no-store, max-age=0, must-revalidate
2023-12-12 23:38:36,344 DEBUG com.fabienit.flyingclub.web.proxies.ApiProxy [http-nio-8002-exec-1] [ApiProxy#getAvailableAircrafts] connection: keep-alive
2023-12-12 23:38:36,345 DEBUG com.fabienit.flyingclub.web.proxies.ApiProxy [http-nio-8002-exec-1] [ApiProxy#getAvailableAircrafts] content-type: application/json
2023-12-12 23:38:36,345 DEBUG com.fabienit.flyingclub.web.proxies.ApiProxy [http-nio-8002-exec-1] [ApiProxy#getAvailableAircrafts] date: Tue, 12 Dec 2023 22:38:36 GMT
2023-12-12 23:38:36,345 DEBUG com.fabienit.flyingclub.web.proxies.ApiProxy [http-nio-8002-exec-1] [ApiProxy#getAvailableAircrafts] expires: 0
2023-12-12 23:38:36,345 DEBUG com.fabienit.flyingclub.web.proxies.ApiProxy [http-nio-8002-exec-1] [ApiProxy#getAvailableAircrafts] keep-alive: timeout=60
2023-12-12 23:38:36,345 DEBUG com.fabienit.flyingclub.web.proxies.ApiProxy [http-nio-8002-exec-1] [ApiProxy#getAvailableAircrafts] pragma: no-cache
2023-12-12 23:38:36,346 DEBUG com.fabienit.flyingclub.web.proxies.ApiProxy [http-nio-8002-exec-1] [ApiProxy#getAvailableAircrafts] set-cookie: JSESSIONID=762B0869833F066FB1AD6681FCA85D0C; Path=/; HttpOnly
2023-12-12 23:38:36,346 DEBUG com.fabienit.flyingclub.web.proxies.ApiProxy [http-nio-8002-exec-1] [ApiProxy#getAvailableAircrafts] transfer-encoding: chunked
2023-12-12 23:38:36,346 DEBUG com.fabienit.flyingclub.web.proxies.ApiProxy [http-nio-8002-exec-1] [ApiProxy#getAvailableAircrafts] x-content-type-options: nosniff
2023-12-12 23:38:36,347 DEBUG com.fabienit.flyingclub.web.proxies.ApiProxy [http-nio-8002-exec-1] [ApiProxy#getAvailableAircrafts] x-xss-protection: 1; mode=block
2023-12-12 23:38:36,347 DEBUG com.fabienit.flyingclub.web.proxies.ApiProxy [http-nio-8002-exec-1] [ApiProxy#getAvailableAircrafts] 
2023-12-12 23:38:36,347 DEBUG com.fabienit.flyingclub.web.proxies.ApiProxy [http-nio-8002-exec-1] [ApiProxy#getAvailableAircrafts] [{"id":1,"mark":"Diamond Aircraft","type":"DA 20-100 Katana","motor":"Rotax 912 S","power":"100 ch","seats":2,"autonomy":4,"use":"ecole","hours":4589,"available":true},{"id":3,"mark":"Piper","type":"PA 28-161 Cadet","motor":"Lycoming ","power":"160 ch","seats":2,"autonomy":5,"use":"voyage","hours":7810,"available":true},{"id":4,"mark":"Cessna","type":"kyhawk C172 S","motor":"Lycoming ","power":"180 ch","seats":4,"autonomy":5,"use":"voyage","hours":429,"available":true}]
2023-12-12 23:38:36,347 DEBUG com.fabienit.flyingclub.web.proxies.ApiProxy [http-nio-8002-exec-1] [ApiProxy#getAvailableAircrafts] <--- END HTTP (474-byte body)
2023-12-12 23:38:36,348 DEBUG com.fabienit.flyingclub.service.impl.WebappServiceImpl [http-nio-8002-exec-1] Getting reservations for current authenticated user
2023-12-12 23:38:36,348 DEBUG com.fabienit.flyingclub.service.impl.WebappServiceImpl [http-nio-8002-exec-1] Getting authenticated current user id
2023-12-12 23:38:36,349 DEBUG com.fabienit.flyingclub.web.proxies.ApiProxy [http-nio-8002-exec-1] [ApiProxy#getReservationByRegisteredUser] ---> GET http://localhost:8001/reservations/user/2 HTTP/1.1
2023-12-12 23:38:36,349 DEBUG com.fabienit.flyingclub.web.proxies.ApiProxy [http-nio-8002-exec-1] [ApiProxy#getReservationByRegisteredUser] Authorization: Basic ZmFiaWVuOjEyMzQ1Ng==
2023-12-12 23:38:36,349 DEBUG com.fabienit.flyingclub.web.proxies.ApiProxy [http-nio-8002-exec-1] [ApiProxy#getReservationByRegisteredUser] ---> END HTTP (0-byte body)
2023-12-12 23:38:36,499 DEBUG com.fabienit.flyingclub.web.proxies.ApiProxy [http-nio-8002-exec-1] [ApiProxy#getReservationByRegisteredUser] <--- HTTP/1.1 200 (149ms)
2023-12-12 23:38:36,499 DEBUG com.fabienit.flyingclub.web.proxies.ApiProxy [http-nio-8002-exec-1] [ApiProxy#getReservationByRegisteredUser] cache-control: no-cache, no-store, max-age=0, must-revalidate
2023-12-12 23:38:36,499 DEBUG com.fabienit.flyingclub.web.proxies.ApiProxy [http-nio-8002-exec-1] [ApiProxy#getReservationByRegisteredUser] connection: keep-alive
2023-12-12 23:38:36,499 DEBUG com.fabienit.flyingclub.web.proxies.ApiProxy [http-nio-8002-exec-1] [ApiProxy#getReservationByRegisteredUser] content-type: application/json
2023-12-12 23:38:36,499 DEBUG com.fabienit.flyingclub.web.proxies.ApiProxy [http-nio-8002-exec-1] [ApiProxy#getReservationByRegisteredUser] date: Tue, 12 Dec 2023 22:38:36 GMT
2023-12-12 23:38:36,500 DEBUG com.fabienit.flyingclub.web.proxies.ApiProxy [http-nio-8002-exec-1] [ApiProxy#getReservationByRegisteredUser] expires: 0
2023-12-12 23:38:36,500 DEBUG com.fabienit.flyingclub.web.proxies.ApiProxy [http-nio-8002-exec-1] [ApiProxy#getReservationByRegisteredUser] keep-alive: timeout=60
2023-12-12 23:38:36,500 DEBUG com.fabienit.flyingclub.web.proxies.ApiProxy [http-nio-8002-exec-1] [ApiProxy#getReservationByRegisteredUser] pragma: no-cache
2023-12-12 23:38:36,500 DEBUG com.fabienit.flyingclub.web.proxies.ApiProxy [http-nio-8002-exec-1] [ApiProxy#getReservationByRegisteredUser] set-cookie: JSESSIONID=C5AB56A9248879490F1FFE5768605F73; Path=/; HttpOnly
2023-12-12 23:38:36,500 DEBUG com.fabienit.flyingclub.web.proxies.ApiProxy [http-nio-8002-exec-1] [ApiProxy#getReservationByRegisteredUser] transfer-encoding: chunked
2023-12-12 23:38:36,500 DEBUG com.fabienit.flyingclub.web.proxies.ApiProxy [http-nio-8002-exec-1] [ApiProxy#getReservationByRegisteredUser] x-content-type-options: nosniff
2023-12-12 23:38:36,501 DEBUG com.fabienit.flyingclub.web.proxies.ApiProxy [http-nio-8002-exec-1] [ApiProxy#getReservationByRegisteredUser] x-xss-protection: 1; mode=block
2023-12-12 23:38:36,501 DEBUG com.fabienit.flyingclub.web.proxies.ApiProxy [http-nio-8002-exec-1] [ApiProxy#getReservationByRegisteredUser] 
2023-12-12 23:38:36,501 DEBUG com.fabienit.flyingclub.web.proxies.ApiProxy [http-nio-8002-exec-1] [ApiProxy#getReservationByRegisteredUser] [{"id":2,"borrowingDate":"2023-10-08T22:00:00.000+0000","returnDate":"2023-10-08T22:00:00.000+0000","aircraft":{"id":2,"mark":"Diamond Aircraft","type":"DA 40","motor":"Rotax 912 S","power":"180 ch","seats":4,"autonomy":4,"use":"voyage","hours":378,"available":false},"registeredUser":{"id":2,"firstName":"userName","lastName":"userLastName","email":"test1@gmail.com","password":"$2a$10$jPUTDV6/9AkC7NRPPzmvXuLJlfnKoAYo.uJuZc0aeJHGum.LpxO0a","hours":138,"roles":"USER"}},{"id":6,"borrowingDate":"2023-12-12T23:00:00.000+0000","returnDate":"2023-12-13T23:00:00.000+0000","aircraft":{"id":3,"mark":"Piper","type":"PA 28-161 Cadet","motor":"Lycoming ","power":"160 ch","seats":2,"autonomy":5,"use":"voyage","hours":7810,"available":true},"registeredUser":{"id":2,"firstName":"userName","lastName":"userLastName","email":"test1@gmail.com","password":"$2a$10$jPUTDV6/9AkC7NRPPzmvXuLJlfnKoAYo.uJuZc0aeJHGum.LpxO0a","hours":138,"roles":"USER"}}]
2023-12-12 23:38:36,501 DEBUG com.fabienit.flyingclub.web.proxies.ApiProxy [http-nio-8002-exec-1] [ApiProxy#getReservationByRegisteredUser] <--- END HTTP (938-byte body)
2023-12-12 23:38:37,890 INFO com.fabienit.flyingclub.web.controllers.WebappController [http-nio-8002-exec-3] Reach url: /profile - GET
2023-12-12 23:38:37,890 DEBUG com.fabienit.flyingclub.service.impl.WebappServiceImpl [http-nio-8002-exec-3] Getting authenticated current user id
2023-12-12 23:38:37,891 DEBUG com.fabienit.flyingclub.web.proxies.ApiProxy [http-nio-8002-exec-3] [ApiProxy#getRegisteredUserById] ---> GET http://localhost:8001/users/2 HTTP/1.1
2023-12-12 23:38:37,891 DEBUG com.fabienit.flyingclub.web.proxies.ApiProxy [http-nio-8002-exec-3] [ApiProxy#getRegisteredUserById] Authorization: Basic ZmFiaWVuOjEyMzQ1Ng==
2023-12-12 23:38:37,891 DEBUG com.fabienit.flyingclub.web.proxies.ApiProxy [http-nio-8002-exec-3] [ApiProxy#getRegisteredUserById] ---> END HTTP (0-byte body)
2023-12-12 23:38:38,068 DEBUG com.fabienit.flyingclub.web.proxies.ApiProxy [http-nio-8002-exec-3] [ApiProxy#getRegisteredUserById] <--- HTTP/1.1 200 (176ms)
2023-12-12 23:38:38,069 DEBUG com.fabienit.flyingclub.web.proxies.ApiProxy [http-nio-8002-exec-3] [ApiProxy#getRegisteredUserById] cache-control: no-cache, no-store, max-age=0, must-revalidate
2023-12-12 23:38:38,069 DEBUG com.fabienit.flyingclub.web.proxies.ApiProxy [http-nio-8002-exec-3] [ApiProxy#getRegisteredUserById] connection: keep-alive
2023-12-12 23:38:38,069 DEBUG com.fabienit.flyingclub.web.proxies.ApiProxy [http-nio-8002-exec-3] [ApiProxy#getRegisteredUserById] content-type: application/json
2023-12-12 23:38:38,069 DEBUG com.fabienit.flyingclub.web.proxies.ApiProxy [http-nio-8002-exec-3] [ApiProxy#getRegisteredUserById] date: Tue, 12 Dec 2023 22:38:38 GMT
2023-12-12 23:38:38,069 DEBUG com.fabienit.flyingclub.web.proxies.ApiProxy [http-nio-8002-exec-3] [ApiProxy#getRegisteredUserById] expires: 0
2023-12-12 23:38:38,069 DEBUG com.fabienit.flyingclub.web.proxies.ApiProxy [http-nio-8002-exec-3] [ApiProxy#getRegisteredUserById] keep-alive: timeout=60
2023-12-12 23:38:38,069 DEBUG com.fabienit.flyingclub.web.proxies.ApiProxy [http-nio-8002-exec-3] [ApiProxy#getRegisteredUserById] pragma: no-cache
2023-12-12 23:38:38,069 DEBUG com.fabienit.flyingclub.web.proxies.ApiProxy [http-nio-8002-exec-3] [ApiProxy#getRegisteredUserById] set-cookie: JSESSIONID=5A1EF3E3F7AEB52700636FC835E51AF8; Path=/; HttpOnly
2023-12-12 23:38:38,070 DEBUG com.fabienit.flyingclub.web.proxies.ApiProxy [http-nio-8002-exec-3] [ApiProxy#getRegisteredUserById] transfer-encoding: chunked
2023-12-12 23:38:38,070 DEBUG com.fabienit.flyingclub.web.proxies.ApiProxy [http-nio-8002-exec-3] [ApiProxy#getRegisteredUserById] x-content-type-options: nosniff
2023-12-12 23:38:38,070 DEBUG com.fabienit.flyingclub.web.proxies.ApiProxy [http-nio-8002-exec-3] [ApiProxy#getRegisteredUserById] x-xss-protection: 1; mode=block
2023-12-12 23:38:38,070 DEBUG com.fabienit.flyingclub.web.proxies.ApiProxy [http-nio-8002-exec-3] [ApiProxy#getRegisteredUserById] 
2023-12-12 23:38:38,070 DEBUG com.fabienit.flyingclub.web.proxies.ApiProxy [http-nio-8002-exec-3] [ApiProxy#getRegisteredUserById] {"id":2,"firstName":"userName","lastName":"userLastName","email":"test1@gmail.com","password":"$2a$10$jPUTDV6/9AkC7NRPPzmvXuLJlfnKoAYo.uJuZc0aeJHGum.LpxO0a","hours":138,"roles":"USER"}
2023-12-12 23:38:38,070 DEBUG com.fabienit.flyingclub.web.proxies.ApiProxy [http-nio-8002-exec-3] [ApiProxy#getRegisteredUserById] <--- END HTTP (184-byte body)
2023-12-12 23:38:40,961 INFO com.fabienit.flyingclub.web.controllers.WebappController [http-nio-8002-exec-8] Reach url: / - GET
2023-12-12 23:38:41,880 DEBUG com.fabienit.flyingclub.web.proxies.ApiProxy [http-nio-8002-exec-5] [ApiProxy#getFlyingClub] ---> GET http://localhost:8001/flyingClub HTTP/1.1
2023-12-12 23:38:41,883 DEBUG com.fabienit.flyingclub.web.proxies.ApiProxy [http-nio-8002-exec-5] [ApiProxy#getFlyingClub] Authorization: Basic ZmFiaWVuOjEyMzQ1Ng==
2023-12-12 23:38:41,883 DEBUG com.fabienit.flyingclub.web.proxies.ApiProxy [http-nio-8002-exec-5] [ApiProxy#getFlyingClub] ---> END HTTP (0-byte body)
2023-12-12 23:38:42,069 DEBUG com.fabienit.flyingclub.web.proxies.ApiProxy [http-nio-8002-exec-5] [ApiProxy#getFlyingClub] <--- HTTP/1.1 200 (184ms)
2023-12-12 23:38:42,069 DEBUG com.fabienit.flyingclub.web.proxies.ApiProxy [http-nio-8002-exec-5] [ApiProxy#getFlyingClub] cache-control: no-cache, no-store, max-age=0, must-revalidate
2023-12-12 23:38:42,069 DEBUG com.fabienit.flyingclub.web.proxies.ApiProxy [http-nio-8002-exec-5] [ApiProxy#getFlyingClub] connection: keep-alive
2023-12-12 23:38:42,070 DEBUG com.fabienit.flyingclub.web.proxies.ApiProxy [http-nio-8002-exec-5] [ApiProxy#getFlyingClub] content-type: application/json
2023-12-12 23:38:42,070 DEBUG com.fabienit.flyingclub.web.proxies.ApiProxy [http-nio-8002-exec-5] [ApiProxy#getFlyingClub] date: Tue, 12 Dec 2023 22:38:42 GMT
2023-12-12 23:38:42,070 DEBUG com.fabienit.flyingclub.web.proxies.ApiProxy [http-nio-8002-exec-5] [ApiProxy#getFlyingClub] expires: 0
2023-12-12 23:38:42,070 DEBUG com.fabienit.flyingclub.web.proxies.ApiProxy [http-nio-8002-exec-5] [ApiProxy#getFlyingClub] keep-alive: timeout=60
2023-12-12 23:38:42,070 DEBUG com.fabienit.flyingclub.web.proxies.ApiProxy [http-nio-8002-exec-5] [ApiProxy#getFlyingClub] pragma: no-cache
2023-12-12 23:38:42,070 DEBUG com.fabienit.flyingclub.web.proxies.ApiProxy [http-nio-8002-exec-5] [ApiProxy#getFlyingClub] set-cookie: JSESSIONID=3FA9F32AB7243101E0C42A80183A5BA1; Path=/; HttpOnly
2023-12-12 23:38:42,070 DEBUG com.fabienit.flyingclub.web.proxies.ApiProxy [http-nio-8002-exec-5] [ApiProxy#getFlyingClub] transfer-encoding: chunked
2023-12-12 23:38:42,071 DEBUG com.fabienit.flyingclub.web.proxies.ApiProxy [http-nio-8002-exec-5] [ApiProxy#getFlyingClub] x-content-type-options: nosniff
2023-12-12 23:38:42,071 DEBUG com.fabienit.flyingclub.web.proxies.ApiProxy [http-nio-8002-exec-5] [ApiProxy#getFlyingClub] x-xss-protection: 1; mode=block
2023-12-12 23:38:42,071 DEBUG com.fabienit.flyingclub.web.proxies.ApiProxy [http-nio-8002-exec-5] [ApiProxy#getFlyingClub] 
2023-12-12 23:38:42,071 DEBUG com.fabienit.flyingclub.web.proxies.ApiProxy [http-nio-8002-exec-5] [ApiProxy#getFlyingClub] [{"id":1,"oaci":"LFJR","name":"Aroclub Passion","phoneNumber":"0241000000","mail":"aeroclubpassion@test.fr","address":"1 rue de la paix","postalCode":"49560","city":"Marc"}]
2023-12-12 23:38:42,072 DEBUG com.fabienit.flyingclub.web.proxies.ApiProxy [http-nio-8002-exec-5] [ApiProxy#getFlyingClub] <--- END HTTP (177-byte body)
2023-12-12 23:38:43,519 INFO com.fabienit.flyingclub.web.controllers.WebappController [http-nio-8002-exec-1] Reach url: /aircrafts - GET
2023-12-12 23:38:43,520 DEBUG com.fabienit.flyingclub.web.proxies.ApiProxy [http-nio-8002-exec-1] [ApiProxy#getAircrafts] ---> GET http://localhost:8001/aircrafts HTTP/1.1
2023-12-12 23:38:43,520 DEBUG com.fabienit.flyingclub.web.proxies.ApiProxy [http-nio-8002-exec-1] [ApiProxy#getAircrafts] Authorization: Basic ZmFiaWVuOjEyMzQ1Ng==
2023-12-12 23:38:43,521 DEBUG com.fabienit.flyingclub.web.proxies.ApiProxy [http-nio-8002-exec-1] [ApiProxy#getAircrafts] ---> END HTTP (0-byte body)
2023-12-12 23:38:43,655 DEBUG com.fabienit.flyingclub.web.proxies.ApiProxy [http-nio-8002-exec-1] [ApiProxy#getAircrafts] <--- HTTP/1.1 200 (133ms)
2023-12-12 23:38:43,656 DEBUG com.fabienit.flyingclub.web.proxies.ApiProxy [http-nio-8002-exec-1] [ApiProxy#getAircrafts] cache-control: no-cache, no-store, max-age=0, must-revalidate
2023-12-12 23:38:43,656 DEBUG com.fabienit.flyingclub.web.proxies.ApiProxy [http-nio-8002-exec-1] [ApiProxy#getAircrafts] connection: keep-alive
2023-12-12 23:38:43,656 DEBUG com.fabienit.flyingclub.web.proxies.ApiProxy [http-nio-8002-exec-1] [ApiProxy#getAircrafts] content-type: application/json
2023-12-12 23:38:43,656 DEBUG com.fabienit.flyingclub.web.proxies.ApiProxy [http-nio-8002-exec-1] [ApiProxy#getAircrafts] date: Tue, 12 Dec 2023 22:38:43 GMT
2023-12-12 23:38:43,656 DEBUG com.fabienit.flyingclub.web.proxies.ApiProxy [http-nio-8002-exec-1] [ApiProxy#getAircrafts] expires: 0
2023-12-12 23:38:43,657 DEBUG com.fabienit.flyingclub.web.proxies.ApiProxy [http-nio-8002-exec-1] [ApiProxy#getAircrafts] keep-alive: timeout=60
2023-12-12 23:38:43,657 DEBUG com.fabienit.flyingclub.web.proxies.ApiProxy [http-nio-8002-exec-1] [ApiProxy#getAircrafts] pragma: no-cache
2023-12-12 23:38:43,657 DEBUG com.fabienit.flyingclub.web.proxies.ApiProxy [http-nio-8002-exec-1] [ApiProxy#getAircrafts] set-cookie: JSESSIONID=7BF7520C0EF88FDE55FF60E5D770CD65; Path=/; HttpOnly
2023-12-12 23:38:43,657 DEBUG com.fabienit.flyingclub.web.proxies.ApiProxy [http-nio-8002-exec-1] [ApiProxy#getAircrafts] transfer-encoding: chunked
2023-12-12 23:38:43,657 DEBUG com.fabienit.flyingclub.web.proxies.ApiProxy [http-nio-8002-exec-1] [ApiProxy#getAircrafts] x-content-type-options: nosniff
2023-12-12 23:38:43,657 DEBUG com.fabienit.flyingclub.web.proxies.ApiProxy [http-nio-8002-exec-1] [ApiProxy#getAircrafts] x-xss-protection: 1; mode=block
2023-12-12 23:38:43,657 DEBUG com.fabienit.flyingclub.web.proxies.ApiProxy [http-nio-8002-exec-1] [ApiProxy#getAircrafts] 
2023-12-12 23:38:43,658 DEBUG com.fabienit.flyingclub.web.proxies.ApiProxy [http-nio-8002-exec-1] [ApiProxy#getAircrafts] [{"id":1,"mark":"Diamond Aircraft","type":"DA 20-100 Katana","motor":"Rotax 912 S","power":"100 ch","seats":2,"autonomy":4,"use":"ecole","hours":4589,"available":true},{"id":2,"mark":"Diamond Aircraft","type":"DA 40","motor":"Rotax 912 S","power":"180 ch","seats":4,"autonomy":4,"use":"voyage","hours":378,"available":false},{"id":3,"mark":"Piper","type":"PA 28-161 Cadet","motor":"Lycoming ","power":"160 ch","seats":2,"autonomy":5,"use":"voyage","hours":7810,"available":true},{"id":4,"mark":"Cessna","type":"kyhawk C172 S","motor":"Lycoming ","power":"180 ch","seats":4,"autonomy":5,"use":"voyage","hours":429,"available":true},{"id":5,"mark":"Aro Services","type":"Super Gupard SG 10","motor":"Rotax 912 ","power":"80 ch","seats":2,"autonomy":4,"use":"ecole et voyage","hours":7875,"available":false}]
2023-12-12 23:38:43,658 DEBUG com.fabienit.flyingclub.web.proxies.ApiProxy [http-nio-8002-exec-1] [ApiProxy#getAircrafts] <--- END HTTP (809-byte body)
2023-12-12 23:38:43,659 DEBUG com.fabienit.flyingclub.service.impl.WebappServiceImpl [http-nio-8002-exec-1] Getting authenticated current user id
2023-12-12 23:38:45,092 DEBUG com.fabienit.flyingclub.web.proxies.ApiProxy [http-nio-8002-exec-9] [ApiProxy#getFlyingClub] ---> GET http://localhost:8001/flyingClub HTTP/1.1
2023-12-12 23:38:45,101 DEBUG com.fabienit.flyingclub.web.proxies.ApiProxy [http-nio-8002-exec-9] [ApiProxy#getFlyingClub] Authorization: Basic ZmFiaWVuOjEyMzQ1Ng==
2023-12-12 23:38:45,102 DEBUG com.fabienit.flyingclub.web.proxies.ApiProxy [http-nio-8002-exec-9] [ApiProxy#getFlyingClub] ---> END HTTP (0-byte body)
2023-12-12 23:38:45,237 DEBUG com.fabienit.flyingclub.web.proxies.ApiProxy [http-nio-8002-exec-9] [ApiProxy#getFlyingClub] <--- HTTP/1.1 200 (133ms)
2023-12-12 23:38:45,237 DEBUG com.fabienit.flyingclub.web.proxies.ApiProxy [http-nio-8002-exec-9] [ApiProxy#getFlyingClub] cache-control: no-cache, no-store, max-age=0, must-revalidate
2023-12-12 23:38:45,238 DEBUG com.fabienit.flyingclub.web.proxies.ApiProxy [http-nio-8002-exec-9] [ApiProxy#getFlyingClub] connection: keep-alive
2023-12-12 23:38:45,238 DEBUG com.fabienit.flyingclub.web.proxies.ApiProxy [http-nio-8002-exec-9] [ApiProxy#getFlyingClub] content-type: application/json
2023-12-12 23:38:45,238 DEBUG com.fabienit.flyingclub.web.proxies.ApiProxy [http-nio-8002-exec-9] [ApiProxy#getFlyingClub] date: Tue, 12 Dec 2023 22:38:45 GMT
2023-12-12 23:38:45,238 DEBUG com.fabienit.flyingclub.web.proxies.ApiProxy [http-nio-8002-exec-9] [ApiProxy#getFlyingClub] expires: 0
2023-12-12 23:38:45,238 DEBUG com.fabienit.flyingclub.web.proxies.ApiProxy [http-nio-8002-exec-9] [ApiProxy#getFlyingClub] keep-alive: timeout=60
2023-12-12 23:38:45,238 DEBUG com.fabienit.flyingclub.web.proxies.ApiProxy [http-nio-8002-exec-9] [ApiProxy#getFlyingClub] pragma: no-cache
2023-12-12 23:38:45,239 DEBUG com.fabienit.flyingclub.web.proxies.ApiProxy [http-nio-8002-exec-9] [ApiProxy#getFlyingClub] set-cookie: JSESSIONID=CC2140F3AD6E8C53E594F9FAB7137B9B; Path=/; HttpOnly
2023-12-12 23:38:45,239 DEBUG com.fabienit.flyingclub.web.proxies.ApiProxy [http-nio-8002-exec-9] [ApiProxy#getFlyingClub] transfer-encoding: chunked
2023-12-12 23:38:45,239 DEBUG com.fabienit.flyingclub.web.proxies.ApiProxy [http-nio-8002-exec-9] [ApiProxy#getFlyingClub] x-content-type-options: nosniff
2023-12-12 23:38:45,239 DEBUG com.fabienit.flyingclub.web.proxies.ApiProxy [http-nio-8002-exec-9] [ApiProxy#getFlyingClub] x-xss-protection: 1; mode=block
2023-12-12 23:38:45,239 DEBUG com.fabienit.flyingclub.web.proxies.ApiProxy [http-nio-8002-exec-9] [ApiProxy#getFlyingClub] 
2023-12-12 23:38:45,239 DEBUG com.fabienit.flyingclub.web.proxies.ApiProxy [http-nio-8002-exec-9] [ApiProxy#getFlyingClub] [{"id":1,"oaci":"LFJR","name":"Aroclub Passion","phoneNumber":"0241000000","mail":"aeroclubpassion@test.fr","address":"1 rue de la paix","postalCode":"49560","city":"Marc"}]
2023-12-12 23:38:45,239 DEBUG com.fabienit.flyingclub.web.proxies.ApiProxy [http-nio-8002-exec-9] [ApiProxy#getFlyingClub] <--- END HTTP (177-byte body)
2023-12-12 23:38:45,851 INFO com.fabienit.flyingclub.web.controllers.WebappController [http-nio-8002-exec-8] Reach url: / - GET
2023-12-12 23:38:47,768 INFO com.fabienit.flyingclub.web.controllers.WebappController [http-nio-8002-exec-4] Reach url: /disconnect - GET
2023-12-12 23:38:47,788 INFO com.fabienit.flyingclub.web.controllers.WebappController [http-nio-8002-exec-6] Reach url: /connexion - GET
