2022-05-27 16:58:37,452 DEBUG org.hibernate.validator.internal.engine.ValidatorFactoryImpl [background-preinit] HV000234: Using org.hibernate.validator.messageinterpolation.ResourceBundleMessageInterpolator as ValidatorFactory-scoped message interpolator.
2022-05-27 16:58:39,635 INFO com.fabienit.biblioweb.BibliowebApplication [main] No active profile set, falling back to default profiles: default
2022-05-27 16:58:47,506 INFO com.fabienit.biblioweb.BibliowebApplication [main] Started BibliowebApplication in 10.799 seconds (JVM running for 15.731)
2022-05-27 17:00:44,717 INFO com.fabienit.biblioweb.web.controllers.WebappController [http-nio-8002-exec-1] Reach url: / - GET
2022-05-27 17:00:48,387 INFO com.fabienit.biblioweb.web.controllers.WebappController [http-nio-8002-exec-7] Reach url: /connexion - GET
2022-05-27 17:00:53,805 INFO com.fabienit.biblioweb.web.controllers.WebappController [http-nio-8002-exec-10] Reach url: / - GET
2022-05-27 17:00:57,051 INFO com.fabienit.biblioweb.web.controllers.WebappController [http-nio-8002-exec-4] Reach url: /profile - GET
2022-05-27 17:00:57,051 DEBUG com.fabienit.biblioweb.service.impl.WebappServiceImpl [http-nio-8002-exec-4] Getting active borrows for current authenticated user
2022-05-27 17:00:57,052 DEBUG com.fabienit.biblioweb.service.impl.WebappServiceImpl [http-nio-8002-exec-4] Getting authenticated current user id
2022-05-27 17:00:57,288 DEBUG com.fabienit.biblioweb.service.impl.WebappServiceImpl [http-nio-8002-exec-4] Getting reservations for current authenticated user
2022-05-27 17:00:57,289 DEBUG com.fabienit.biblioweb.service.impl.WebappServiceImpl [http-nio-8002-exec-4] Getting authenticated current user id
2022-05-27 17:00:59,789 INFO com.fabienit.biblioweb.web.controllers.WebappController [http-nio-8002-exec-7] Reach url: / - GET
2022-05-27 17:01:00,080 DEBUG com.fabienit.biblioweb.service.impl.WebappServiceImpl [http-nio-8002-exec-7] Getting authenticated current user id
2022-05-27 17:01:00,178 DEBUG com.fabienit.biblioweb.service.impl.WebappServiceImpl [http-nio-8002-exec-7] Getting active borrows for current authenticated user
2022-05-27 17:01:00,180 DEBUG com.fabienit.biblioweb.service.impl.WebappServiceImpl [http-nio-8002-exec-7] Getting authenticated current user id
2022-05-27 17:34:39,206 INFO com.fabienit.biblioweb.web.controllers.WebappController [http-nio-8002-exec-10] Reach url: /connexion - GET
2022-05-27 17:34:44,799 INFO com.fabienit.biblioweb.web.controllers.WebappController [http-nio-8002-exec-4] Reach url: /profile - GET
2022-05-27 17:34:44,800 DEBUG com.fabienit.biblioweb.service.impl.WebappServiceImpl [http-nio-8002-exec-4] Getting active borrows for current authenticated user
2022-05-27 17:34:44,800 DEBUG com.fabienit.biblioweb.service.impl.WebappServiceImpl [http-nio-8002-exec-4] Getting authenticated current user id
2022-05-27 17:34:44,898 DEBUG com.fabienit.biblioweb.service.impl.WebappServiceImpl [http-nio-8002-exec-4] Getting reservations for current authenticated user
2022-05-27 17:34:44,898 DEBUG com.fabienit.biblioweb.service.impl.WebappServiceImpl [http-nio-8002-exec-4] Getting authenticated current user id
2022-05-27 17:34:46,574 INFO com.fabienit.biblioweb.web.controllers.WebappController [http-nio-8002-exec-8] Reach url: /profile - GET
2022-05-27 17:34:46,574 DEBUG com.fabienit.biblioweb.service.impl.WebappServiceImpl [http-nio-8002-exec-8] Getting active borrows for current authenticated user
2022-05-27 17:34:46,574 DEBUG com.fabienit.biblioweb.service.impl.WebappServiceImpl [http-nio-8002-exec-8] Getting authenticated current user id
2022-05-27 17:34:46,676 DEBUG com.fabienit.biblioweb.service.impl.WebappServiceImpl [http-nio-8002-exec-8] Getting reservations for current authenticated user
2022-05-27 17:34:46,677 DEBUG com.fabienit.biblioweb.service.impl.WebappServiceImpl [http-nio-8002-exec-8] Getting authenticated current user id
2022-05-27 17:34:47,766 INFO com.fabienit.biblioweb.web.controllers.WebappController [http-nio-8002-exec-6] Reach url: / - GET
2022-05-27 17:34:47,966 DEBUG com.fabienit.biblioweb.service.impl.WebappServiceImpl [http-nio-8002-exec-6] Getting authenticated current user id
2022-05-27 17:34:48,061 DEBUG com.fabienit.biblioweb.service.impl.WebappServiceImpl [http-nio-8002-exec-6] Getting active borrows for current authenticated user
2022-05-27 17:34:48,062 DEBUG com.fabienit.biblioweb.service.impl.WebappServiceImpl [http-nio-8002-exec-6] Getting authenticated current user id
2022-05-27 21:43:45,119 INFO com.fabienit.biblioweb.BibliowebApplication [main] No active profile set, falling back to default profiles: default
2022-05-27 21:43:50,376 INFO com.fabienit.biblioweb.BibliowebApplication [main] Started BibliowebApplication in 6.914 seconds (JVM running for 15.254)
2022-05-27 21:44:54,119 INFO com.fabienit.biblioweb.web.controllers.WebappController [http-nio-8002-exec-2] Reach url: / - GET
2022-05-27 21:44:56,308 INFO com.fabienit.biblioweb.web.controllers.WebappController [http-nio-8002-exec-6] Reach url: /connexion - GET
2022-05-27 21:45:01,123 INFO com.fabienit.biblioweb.web.controllers.WebappController [http-nio-8002-exec-8] Reach url: / - GET
2022-05-27 21:45:02,635 INFO com.fabienit.biblioweb.web.controllers.WebappController [http-nio-8002-exec-1] Reach url: /profile - GET
2022-05-27 21:45:02,636 DEBUG com.fabienit.biblioweb.service.impl.WebappServiceImpl [http-nio-8002-exec-1] Getting active borrows for current authenticated user
2022-05-27 21:45:02,636 DEBUG com.fabienit.biblioweb.service.impl.WebappServiceImpl [http-nio-8002-exec-1] Getting authenticated current user id
2022-05-27 21:45:02,883 DEBUG com.fabienit.biblioweb.service.impl.WebappServiceImpl [http-nio-8002-exec-1] Getting reservations for current authenticated user
2022-05-27 21:45:02,884 DEBUG com.fabienit.biblioweb.service.impl.WebappServiceImpl [http-nio-8002-exec-1] Getting authenticated current user id
2022-05-27 21:45:14,709 INFO com.fabienit.biblioweb.web.controllers.WebappController [http-nio-8002-exec-3] Reach url: / - GET
2022-05-27 21:45:14,989 DEBUG com.fabienit.biblioweb.service.impl.WebappServiceImpl [http-nio-8002-exec-3] Getting authenticated current user id
2022-05-27 21:45:15,130 DEBUG com.fabienit.biblioweb.service.impl.WebappServiceImpl [http-nio-8002-exec-3] Getting active borrows for current authenticated user
2022-05-27 21:45:15,130 DEBUG com.fabienit.biblioweb.service.impl.WebappServiceImpl [http-nio-8002-exec-3] Getting authenticated current user id
2022-05-27 21:45:23,623 INFO com.fabienit.biblioweb.web.controllers.WebappController [http-nio-8002-exec-4] Reach url: /profile - GET
2022-05-27 21:45:23,624 DEBUG com.fabienit.biblioweb.service.impl.WebappServiceImpl [http-nio-8002-exec-4] Getting active borrows for current authenticated user
2022-05-27 21:45:23,624 DEBUG com.fabienit.biblioweb.service.impl.WebappServiceImpl [http-nio-8002-exec-4] Getting authenticated current user id
2022-05-27 21:45:23,725 DEBUG com.fabienit.biblioweb.service.impl.WebappServiceImpl [http-nio-8002-exec-4] Getting reservations for current authenticated user
2022-05-27 21:45:23,726 DEBUG com.fabienit.biblioweb.service.impl.WebappServiceImpl [http-nio-8002-exec-4] Getting authenticated current user id
2022-05-27 21:45:26,523 INFO com.fabienit.biblioweb.web.controllers.WebappController [http-nio-8002-exec-5] Reach url: / - GET
2022-05-27 21:45:27,936 INFO com.fabienit.biblioweb.web.controllers.WebappController [http-nio-8002-exec-2] Reach url: /profile - GET
2022-05-27 21:45:27,936 DEBUG com.fabienit.biblioweb.service.impl.WebappServiceImpl [http-nio-8002-exec-2] Getting active borrows for current authenticated user
2022-05-27 21:45:27,937 DEBUG com.fabienit.biblioweb.service.impl.WebappServiceImpl [http-nio-8002-exec-2] Getting authenticated current user id
2022-05-27 21:45:28,043 DEBUG com.fabienit.biblioweb.service.impl.WebappServiceImpl [http-nio-8002-exec-2] Getting reservations for current authenticated user
2022-05-27 21:45:28,043 DEBUG com.fabienit.biblioweb.service.impl.WebappServiceImpl [http-nio-8002-exec-2] Getting authenticated current user id
2022-05-27 21:45:29,644 INFO com.fabienit.biblioweb.web.controllers.WebappController [http-nio-8002-exec-7] Reach url: / - GET
2022-05-27 21:45:29,844 DEBUG com.fabienit.biblioweb.service.impl.WebappServiceImpl [http-nio-8002-exec-7] Getting authenticated current user id
2022-05-27 21:45:29,938 DEBUG com.fabienit.biblioweb.service.impl.WebappServiceImpl [http-nio-8002-exec-7] Getting active borrows for current authenticated user
2022-05-27 21:45:29,939 DEBUG com.fabienit.biblioweb.service.impl.WebappServiceImpl [http-nio-8002-exec-7] Getting authenticated current user id
2022-05-27 21:46:07,066 INFO com.fabienit.biblioweb.web.controllers.WebappController [http-nio-8002-exec-10] Reach url: / - GET
2022-05-27 21:46:07,272 DEBUG com.fabienit.biblioweb.service.impl.WebappServiceImpl [http-nio-8002-exec-10] Getting authenticated current user id
2022-05-27 21:46:07,374 DEBUG com.fabienit.biblioweb.service.impl.WebappServiceImpl [http-nio-8002-exec-10] Getting active borrows for current authenticated user
2022-05-27 21:46:07,375 DEBUG com.fabienit.biblioweb.service.impl.WebappServiceImpl [http-nio-8002-exec-10] Getting authenticated current user id
2022-05-27 22:01:34,094 INFO com.fabienit.biblioweb.web.controllers.WebappController [http-nio-8002-exec-2] Reach url: /profile - GET
2022-05-27 22:01:34,094 DEBUG com.fabienit.biblioweb.service.impl.WebappServiceImpl [http-nio-8002-exec-2] Getting active borrows for current authenticated user
2022-05-27 22:01:34,094 DEBUG com.fabienit.biblioweb.service.impl.WebappServiceImpl [http-nio-8002-exec-2] Getting authenticated current user id
2022-05-27 22:01:34,216 DEBUG com.fabienit.biblioweb.service.impl.WebappServiceImpl [http-nio-8002-exec-2] Getting reservations for current authenticated user
2022-05-27 22:01:34,217 DEBUG com.fabienit.biblioweb.service.impl.WebappServiceImpl [http-nio-8002-exec-2] Getting authenticated current user id
2022-05-27 22:01:36,979 INFO com.fabienit.biblioweb.web.controllers.WebappController [http-nio-8002-exec-6] Reach url: /profile - GET
2022-05-27 22:01:36,979 DEBUG com.fabienit.biblioweb.service.impl.WebappServiceImpl [http-nio-8002-exec-6] Getting active borrows for current authenticated user
2022-05-27 22:01:36,980 DEBUG com.fabienit.biblioweb.service.impl.WebappServiceImpl [http-nio-8002-exec-6] Getting authenticated current user id
2022-05-27 22:01:37,079 DEBUG com.fabienit.biblioweb.service.impl.WebappServiceImpl [http-nio-8002-exec-6] Getting reservations for current authenticated user
2022-05-27 22:01:37,079 DEBUG com.fabienit.biblioweb.service.impl.WebappServiceImpl [http-nio-8002-exec-6] Getting authenticated current user id
2022-05-27 22:49:00,723 INFO com.fabienit.biblioweb.web.controllers.WebappController [http-nio-8002-exec-10] Reach url: /connexion - GET
2022-05-27 22:53:14,135 INFO com.fabienit.biblioweb.web.controllers.WebappController [http-nio-8002-exec-9] Reach url: /connexion - GET
2022-05-27 22:53:19,485 INFO com.fabienit.biblioweb.web.controllers.WebappController [http-nio-8002-exec-6] Reach url: /profile - GET
2022-05-27 22:53:19,486 DEBUG com.fabienit.biblioweb.service.impl.WebappServiceImpl [http-nio-8002-exec-6] Getting active borrows for current authenticated user
2022-05-27 22:53:19,486 DEBUG com.fabienit.biblioweb.service.impl.WebappServiceImpl [http-nio-8002-exec-6] Getting authenticated current user id
2022-05-27 22:53:19,717 DEBUG com.fabienit.biblioweb.service.impl.WebappServiceImpl [http-nio-8002-exec-6] Getting reservations for current authenticated user
2022-05-27 22:53:19,718 DEBUG com.fabienit.biblioweb.service.impl.WebappServiceImpl [http-nio-8002-exec-6] Getting authenticated current user id
2022-05-27 22:55:20,444 INFO com.fabienit.biblioweb.web.controllers.WebappController [http-nio-8002-exec-4] Reach url: /profile - GET
2022-05-27 22:55:20,445 DEBUG com.fabienit.biblioweb.service.impl.WebappServiceImpl [http-nio-8002-exec-4] Getting active borrows for current authenticated user
2022-05-27 22:55:20,445 DEBUG com.fabienit.biblioweb.service.impl.WebappServiceImpl [http-nio-8002-exec-4] Getting authenticated current user id
2022-05-27 22:55:20,544 DEBUG com.fabienit.biblioweb.service.impl.WebappServiceImpl [http-nio-8002-exec-4] Getting reservations for current authenticated user
2022-05-27 22:55:20,545 DEBUG com.fabienit.biblioweb.service.impl.WebappServiceImpl [http-nio-8002-exec-4] Getting authenticated current user id
