2023-12-19 08:22:34,302 INFO com.fabienit.flyingclub.AeroclubApiApplication [main] Starting AeroclubApiApplication on FABPC with PID 15332 (started by FaB PC in C:\Users\FaB\Git\Projet 12\aeroclubp12)
2023-12-19 08:22:34,325 DEBUG com.fabienit.flyingclub.AeroclubApiApplication [main] Running with Spring Boot v2.2.2.RELEASE, Spring v5.2.2.RELEASE
2023-12-19 08:22:34,327 INFO com.fabienit.flyingclub.AeroclubApiApplication [main] The following profiles are active: dev
2023-12-19 08:22:43,945 DEBUG com.fabienit.flyingclub.configuration.SwaggerConfig$$EnhancerBySpringCGLIB$$79d198d5 [main] Set Swagger2 documentation
2023-12-19 08:22:44,865 INFO com.fabienit.flyingclub.AeroclubApiApplication [main] Started AeroclubApiApplication in 11.252 seconds (JVM running for 13.79)
2023-12-19 08:23:36,604 INFO com.fabienit.flyingclub.web.controllers.RegisteredUserController [http-nio-8001-exec-2] Search user by email: test1@gmail.com
2023-12-19 08:24:37,533 INFO com.fabienit.flyingclub.web.controllers.RegisteredUserController [http-nio-8001-exec-4] Providing registeredUser resource from database: registeredUser id: 2
2023-12-19 08:24:38,667 INFO com.fabienit.flyingclub.web.controllers.RegisteredUserController [http-nio-8001-exec-5] Providing registeredUser resource from database: registeredUser id: 2
2023-12-19 08:24:42,262 INFO com.fabienit.flyingclub.web.controllers.RegisteredUserController [http-nio-8001-exec-6] Providing registeredUser resource from database: registeredUser id: 2
2023-12-19 08:24:44,067 INFO com.fabienit.flyingclub.web.controllers.RegisteredUserController [http-nio-8001-exec-7] Providing registeredUser resource from database: registeredUser id: 2
2023-12-19 08:24:45,090 INFO com.fabienit.flyingclub.web.controllers.RegisteredUserController [http-nio-8001-exec-8] Providing registeredUser resource from database: registeredUser id: 2
2023-12-19 08:24:46,227 INFO com.fabienit.flyingclub.web.controllers.RegisteredUserController [http-nio-8001-exec-9] Providing registeredUser resource from database: registeredUser id: 2
2023-12-19 08:24:48,067 INFO com.fabienit.flyingclub.web.controllers.RegisteredUserController [http-nio-8001-exec-10] Providing registeredUser resource from database: registeredUser id: 2
2023-12-19 08:24:50,265 INFO com.fabienit.flyingclub.web.controllers.RegisteredUserController [http-nio-8001-exec-1] Providing registeredUser resource from database: registeredUser id: 2
2023-12-19 08:25:02,183 INFO com.fabienit.flyingclub.web.controllers.RegisteredUserController [http-nio-8001-exec-2] Providing registeredUser resource from database: registeredUser id: 2
2023-12-19 08:29:37,774 INFO com.fabienit.flyingclub.web.controllers.RegisteredUserController [http-nio-8001-exec-4] Providing registeredUser resource from database: registeredUser id: 2
2023-12-19 08:29:42,498 INFO com.fabienit.flyingclub.web.controllers.WorkshopController [http-nio-8001-exec-5] Providing revision resource from database: all revisions list
2023-12-19 08:30:03,760 INFO com.fabienit.flyingclub.web.controllers.FlyingClubController [http-nio-8001-exec-6] Providing aircraft resource from database: all aircraft list
2023-12-19 08:32:17,686 INFO com.fabienit.flyingclub.web.controllers.RegisteredUserController [http-nio-8001-exec-8] Providing registeredUser resource from database: registeredUser id: 2
2023-12-19 08:35:57,018 INFO com.fabienit.flyingclub.web.controllers.RegisteredUserController [http-nio-8001-exec-10] Providing registeredUser resource from database: registeredUser id: 2
2023-12-19 08:49:22,652 INFO com.fabienit.flyingclub.web.controllers.RegisteredUserController [http-nio-8001-exec-2] Providing registeredUser resource from database: registeredUser id: 2
2023-12-19 08:49:28,761 INFO com.fabienit.flyingclub.web.controllers.WorkshopController [http-nio-8001-exec-3] Providing revision resource from database: all revisions list
2023-12-19 12:40:59,952 INFO com.fabienit.flyingclub.web.controllers.RegisteredUserController [http-nio-8001-exec-5] Search user by email: test1@gmail.com
2023-12-19 12:41:01,781 INFO com.fabienit.flyingclub.web.controllers.FlyingClubController [http-nio-8001-exec-6] Providing aircraft resource from database: all aircraft list
2023-12-19 12:42:49,559 INFO com.fabienit.flyingclub.web.controllers.RegisteredUserController [http-nio-8001-exec-8] Search user by email: test1@gmail.com
2023-12-19 12:42:51,486 INFO com.fabienit.flyingclub.web.controllers.FlyingClubController [http-nio-8001-exec-9] Providing aircraft resource from database: all aircraft list
2023-12-19 12:44:33,036 INFO com.fabienit.flyingclub.web.controllers.RegisteredUserController [http-nio-8001-exec-1] Search user by email: test1@gmail.com
2023-12-19 12:44:34,077 INFO com.fabienit.flyingclub.web.controllers.FlyingClubController [http-nio-8001-exec-2] Providing aircraft resource from database: all aircraft list
2023-12-19 12:50:06,519 INFO com.fabienit.flyingclub.web.controllers.RegisteredUserController [http-nio-8001-exec-4] Search user by email: test1@gmail.com
2023-12-19 12:50:07,960 INFO com.fabienit.flyingclub.web.controllers.FlyingClubController [http-nio-8001-exec-5] Providing aircraft resource from database: all aircraft list
2023-12-19 12:50:59,381 INFO com.fabienit.flyingclub.web.controllers.RegisteredUserController [http-nio-8001-exec-7] Search user by email: test1@gmail.com
2023-12-19 12:51:00,609 INFO com.fabienit.flyingclub.web.controllers.FlyingClubController [http-nio-8001-exec-8] Providing aircraft resource from database: all aircraft list
2023-12-19 12:51:22,924 INFO com.fabienit.flyingclub.web.controllers.RegisteredUserController [http-nio-8001-exec-10] Search user by email: test1@gmail.com
2023-12-19 12:51:23,795 INFO com.fabienit.flyingclub.web.controllers.FlyingClubController [http-nio-8001-exec-1] Providing aircraft resource from database: all aircraft list
2023-12-19 12:52:22,531 INFO com.fabienit.flyingclub.web.controllers.RegisteredUserController [http-nio-8001-exec-3] Search user by email: test1@gmail.com
2023-12-19 12:52:23,378 INFO com.fabienit.flyingclub.web.controllers.FlyingClubController [http-nio-8001-exec-4] Providing aircraft resource from database: all aircraft list
2023-12-19 12:53:27,128 INFO com.fabienit.flyingclub.web.controllers.RegisteredUserController [http-nio-8001-exec-6] Search user by email: test1@gmail.com
2023-12-19 12:53:27,948 INFO com.fabienit.flyingclub.web.controllers.FlyingClubController [http-nio-8001-exec-7] Providing aircraft resource from database: all aircraft list
2023-12-19 12:56:37,248 INFO com.fabienit.flyingclub.web.controllers.RegisteredUserController [http-nio-8001-exec-9] Search user by email: test1@gmail.com
2023-12-19 12:56:38,612 INFO com.fabienit.flyingclub.web.controllers.FlyingClubController [http-nio-8001-exec-10] Providing aircraft resource from database: all aircraft list
2023-12-19 12:57:35,802 INFO com.fabienit.flyingclub.web.controllers.RegisteredUserController [http-nio-8001-exec-2] Search user by email: test1@gmail.com
2023-12-19 12:57:36,882 INFO com.fabienit.flyingclub.web.controllers.FlyingClubController [http-nio-8001-exec-3] Providing aircraft resource from database: all aircraft list
2023-12-19 12:58:33,386 INFO com.fabienit.flyingclub.web.controllers.RegisteredUserController [http-nio-8001-exec-5] Search user by email: test1@gmail.com
2023-12-19 12:58:34,505 INFO com.fabienit.flyingclub.web.controllers.FlyingClubController [http-nio-8001-exec-6] Providing aircraft resource from database: all aircraft list
2023-12-19 12:59:18,328 INFO com.fabienit.flyingclub.web.controllers.FlyingClubController [http-nio-8001-exec-8] Providing aircraft resource from database: all aircraft list
2023-12-19 13:00:31,734 INFO com.fabienit.flyingclub.web.controllers.RegisteredUserController [http-nio-8001-exec-10] Search user by email: test1@gmail.com
2023-12-19 13:00:32,850 INFO com.fabienit.flyingclub.web.controllers.FlyingClubController [http-nio-8001-exec-1] Providing aircraft resource from database: all aircraft list
2023-12-19 13:01:07,388 INFO com.fabienit.flyingclub.web.controllers.RegisteredUserController [http-nio-8001-exec-3] Search user by email: test1@gmail.com
2023-12-19 13:01:08,229 INFO com.fabienit.flyingclub.web.controllers.FlyingClubController [http-nio-8001-exec-4] Providing aircraft resource from database: all aircraft list
2023-12-19 16:50:33,134 INFO com.fabienit.flyingclub.AeroclubApiApplication [main] Starting AeroclubApiApplication on FABPC with PID 11140 (started by FaB PC in C:\Users\FaB\Git\Projet 12\aeroclubp12)
2023-12-19 16:50:33,138 DEBUG com.fabienit.flyingclub.AeroclubApiApplication [main] Running with Spring Boot v2.2.2.RELEASE, Spring v5.2.2.RELEASE
2023-12-19 16:50:33,138 INFO com.fabienit.flyingclub.AeroclubApiApplication [main] The following profiles are active: dev
2023-12-19 16:50:40,866 DEBUG com.fabienit.flyingclub.configuration.SwaggerConfig$$EnhancerBySpringCGLIB$$20ceb2ca [main] Set Swagger2 documentation
2023-12-19 16:50:41,888 INFO com.fabienit.flyingclub.AeroclubApiApplication [main] Started AeroclubApiApplication in 9.364 seconds (JVM running for 12.258)
2023-12-19 17:32:16,985 INFO com.fabienit.flyingclub.web.controllers.RegisteredUserController [http-nio-8001-exec-1] Search user by email: test1@gmail.com
2023-12-19 17:32:21,059 INFO com.fabienit.flyingclub.web.controllers.RegisteredUserController [http-nio-8001-exec-2] Providing registeredUser resource from database: registeredUser id: 2
2023-12-19 17:32:23,618 INFO com.fabienit.flyingclub.web.controllers.FlyingClubController [http-nio-8001-exec-3] Providing aircraft resource from database: all aircraft list
2023-12-19 18:28:51,645 INFO com.fabienit.flyingclub.web.controllers.RegisteredUserController [http-nio-8001-exec-5] Search user by email: test1@gmail.com
2023-12-19 18:28:51,901 INFO com.fabienit.flyingclub.web.controllers.RegisteredUserController [http-nio-8001-exec-6] Providing registeredUser resource from database: registeredUser id: 2
2023-12-19 18:28:56,566 INFO com.fabienit.flyingclub.web.controllers.WorkshopController [http-nio-8001-exec-7] Providing revision resource from database: all revisions list
2023-12-19 18:28:58,504 INFO com.fabienit.flyingclub.web.controllers.AircraftController [http-nio-8001-exec-8] Providing aircraft resource from database: all aircraft list
2023-12-19 18:28:58,651 INFO com.fabienit.flyingclub.web.controllers.ReservationController [http-nio-8001-exec-9] Providing reservation list for registered user from database: user id: 2
2023-12-19 18:29:02,719 INFO com.fabienit.flyingclub.web.controllers.FlyingClubController [http-nio-8001-exec-10] Providing aircraft resource from database: all aircraft list
