2023-12-18 05:11:47,575 INFO com.fabienit.flyingclub.AeroclubApiApplication [main] Starting AeroclubApiApplication on FABPC with PID 16608 (started by FaB PC in C:\Users\FaB\Git\Projet 12\aeroclubp12)
2023-12-18 05:11:47,584 DEBUG com.fabienit.flyingclub.AeroclubApiApplication [main] Running with Spring Boot v2.2.2.RELEASE, Spring v5.2.2.RELEASE
2023-12-18 05:11:47,584 INFO com.fabienit.flyingclub.AeroclubApiApplication [main] The following profiles are active: dev
2023-12-18 05:11:55,401 DEBUG com.fabienit.flyingclub.configuration.SwaggerConfig$$EnhancerBySpringCGLIB$$c910ae3b [main] Set Swagger2 documentation
2023-12-18 05:11:56,422 INFO com.fabienit.flyingclub.AeroclubApiApplication [main] Started AeroclubApiApplication in 9.345 seconds (JVM running for 20.008)
2023-12-18 05:12:20,975 INFO com.fabienit.flyingclub.web.controllers.RegisteredUserController [http-nio-8001-exec-1] Search user by email: test1@gmail.com
2023-12-18 05:22:12,098 INFO com.fabienit.flyingclub.AeroclubApiApplication [main] Starting AeroclubApiApplication on FABPC with PID 8984 (started by FaB PC in C:\Users\FaB\Git\Projet 12\aeroclubp12)
2023-12-18 05:22:12,103 DEBUG com.fabienit.flyingclub.AeroclubApiApplication [main] Running with Spring Boot v2.2.2.RELEASE, Spring v5.2.2.RELEASE
2023-12-18 05:22:12,107 INFO com.fabienit.flyingclub.AeroclubApiApplication [main] The following profiles are active: dev
2023-12-18 05:22:19,704 DEBUG com.fabienit.flyingclub.configuration.SwaggerConfig$$EnhancerBySpringCGLIB$$a2a9160d [main] Set Swagger2 documentation
2023-12-18 05:22:20,524 INFO com.fabienit.flyingclub.AeroclubApiApplication [main] Started AeroclubApiApplication in 8.894 seconds (JVM running for 10.394)
2023-12-18 05:35:42,321 INFO com.fabienit.flyingclub.web.controllers.RegisteredUserController [http-nio-8001-exec-1] Search user by email: test1@gmail.com
2023-12-18 05:35:45,049 INFO com.fabienit.flyingclub.web.controllers.RegisteredUserController [http-nio-8001-exec-2] Providing registeredUser resource from database: registeredUser id: 2
2023-12-18 05:35:51,998 INFO com.fabienit.flyingclub.web.controllers.RegisteredUserController [http-nio-8001-exec-3] Providing registeredUser resource from database: registeredUser id: 2
2023-12-18 05:38:28,197 INFO com.fabienit.flyingclub.web.controllers.RegisteredUserController [http-nio-8001-exec-5] Providing registeredUser resource from database: registeredUser id: 2
2023-12-18 05:38:33,956 INFO com.fabienit.flyingclub.web.controllers.RegisteredUserController [http-nio-8001-exec-7] Providing registeredUser resource from database: registeredUser id: 2
2023-12-18 05:38:36,454 INFO com.fabienit.flyingclub.web.controllers.RegisteredUserController [http-nio-8001-exec-6] Providing registeredUser resource from database: registeredUser id: 2
2023-12-18 05:43:36,487 INFO com.fabienit.flyingclub.web.controllers.RegisteredUserController [http-nio-8001-exec-10] Search user by email: test1@gmail.com
2023-12-18 05:47:41,345 INFO com.fabienit.flyingclub.web.controllers.RegisteredUserController [http-nio-8001-exec-1] Search user by email: test1@gmail.com
2023-12-18 06:14:21,771 INFO com.fabienit.flyingclub.web.controllers.RegisteredUserController [http-nio-8001-exec-3] Search user by email: test1@gmail.com
2023-12-18 06:28:27,883 INFO com.fabienit.flyingclub.web.controllers.RegisteredUserController [http-nio-8001-exec-5] Search user by email: test1@gmail.com
2023-12-18 06:28:39,123 INFO com.fabienit.flyingclub.web.controllers.RegisteredUserController [http-nio-8001-exec-7] Search user by email: test1@gmail.com
2023-12-18 06:40:57,380 INFO com.fabienit.flyingclub.web.controllers.RegisteredUserController [http-nio-8001-exec-8] Search user by email: test1@gmail.com
2023-12-18 06:43:57,007 INFO com.fabienit.flyingclub.web.controllers.RegisteredUserController [http-nio-8001-exec-9] Search user by email: test1@gmail.com
2023-12-18 06:47:08,375 INFO com.fabienit.flyingclub.web.controllers.RegisteredUserController [http-nio-8001-exec-2] Search user by email: test1@gmail.com
2023-12-18 07:11:47,517 INFO com.fabienit.flyingclub.AeroclubApiApplication [main] Starting AeroclubApiApplication on FABPC with PID 13572 (started by FaB PC in C:\Users\FaB\Git\Projet 12\aeroclubp12)
2023-12-18 07:11:47,521 DEBUG com.fabienit.flyingclub.AeroclubApiApplication [main] Running with Spring Boot v2.2.2.RELEASE, Spring v5.2.2.RELEASE
2023-12-18 07:11:47,521 INFO com.fabienit.flyingclub.AeroclubApiApplication [main] The following profiles are active: dev
2023-12-18 07:11:53,635 DEBUG com.fabienit.flyingclub.configuration.SwaggerConfig$$EnhancerBySpringCGLIB$$a8be50c6 [main] Set Swagger2 documentation
2023-12-18 07:11:54,416 INFO com.fabienit.flyingclub.AeroclubApiApplication [main] Started AeroclubApiApplication in 7.304 seconds (JVM running for 8.68)
2023-12-18 07:13:59,911 INFO com.fabienit.flyingclub.web.controllers.RegisteredUserController [http-nio-8001-exec-1] Search user by email: test1@gmail.com
2023-12-18 07:14:04,174 INFO com.fabienit.flyingclub.web.controllers.AircraftController [http-nio-8001-exec-2] Providing aircraft resource from database: all aircraft list
2023-12-18 07:14:04,438 INFO com.fabienit.flyingclub.web.controllers.ReservationController [http-nio-8001-exec-3] Providing reservation list for registered user from database: user id: 2
2023-12-18 07:19:09,813 INFO com.fabienit.flyingclub.web.controllers.RegisteredUserController [http-nio-8001-exec-5] Search user by email: test1@gmail.com
2023-12-18 07:49:09,935 INFO com.fabienit.flyingclub.web.controllers.RegisteredUserController [http-nio-8001-exec-7] Search user by email: test1@gmail.com
2023-12-18 07:58:47,683 INFO com.fabienit.flyingclub.web.controllers.RegisteredUserController [http-nio-8001-exec-9] Search user by email: test1@gmail.com
2023-12-18 07:59:30,266 INFO com.fabienit.flyingclub.web.controllers.RegisteredUserController [http-nio-8001-exec-1] Search user by email: test1@gmail.com
2023-12-18 08:00:05,905 INFO com.fabienit.flyingclub.web.controllers.RegisteredUserController [http-nio-8001-exec-2] Search user by email: test1@gmail.com
2023-12-18 08:09:32,605 INFO com.fabienit.flyingclub.web.controllers.RegisteredUserController [http-nio-8001-exec-4] Search user by email: test1@gmail.com
2023-12-18 08:14:11,110 INFO com.fabienit.flyingclub.web.controllers.RegisteredUserController [http-nio-8001-exec-6] Search user by email: test1@gmail.com
2023-12-18 08:19:09,163 INFO com.fabienit.flyingclub.web.controllers.RegisteredUserController [http-nio-8001-exec-8] Search user by email: test1@gmail.com
2023-12-18 08:19:16,753 INFO com.fabienit.flyingclub.web.controllers.RegisteredUserController [http-nio-8001-exec-9] Search user by email: test1@gmail.com
2023-12-18 12:21:03,424 INFO com.fabienit.flyingclub.AeroclubApiApplication [main] Starting AeroclubApiApplication on FABPC with PID 17604 (started by FaB PC in C:\Users\FaB\Git\Projet 12\aeroclubp12)
2023-12-18 12:21:03,428 DEBUG com.fabienit.flyingclub.AeroclubApiApplication [main] Running with Spring Boot v2.2.2.RELEASE, Spring v5.2.2.RELEASE
2023-12-18 12:21:03,429 INFO com.fabienit.flyingclub.AeroclubApiApplication [main] The following profiles are active: dev
2023-12-18 12:21:10,618 DEBUG com.fabienit.flyingclub.configuration.SwaggerConfig$$EnhancerBySpringCGLIB$$bef9e282 [main] Set Swagger2 documentation
2023-12-18 12:21:11,464 INFO com.fabienit.flyingclub.AeroclubApiApplication [main] Started AeroclubApiApplication in 8.527 seconds (JVM running for 10.541)
2023-12-18 12:26:39,409 INFO com.fabienit.flyingclub.web.controllers.RegisteredUserController [http-nio-8001-exec-1] Search user by email: test1@gmail.com
2023-12-18 12:27:18,242 INFO com.fabienit.flyingclub.web.controllers.FlyingClubController [http-nio-8001-exec-2] Providing aircraft resource from database: all aircraft list
2023-12-18 12:27:20,066 INFO com.fabienit.flyingclub.web.controllers.AircraftController [http-nio-8001-exec-3] Providing aircraft resource from database: all aircraft list
2023-12-18 12:27:24,844 INFO com.fabienit.flyingclub.web.controllers.AircraftController [http-nio-8001-exec-4] Providing aircraft resource from database: aircraft id: 1
2023-12-18 12:27:26,086 INFO com.fabienit.flyingclub.web.controllers.AircraftController [http-nio-8001-exec-5] Providing aircraft resource from database: all aircraft list
2023-12-18 12:27:29,517 INFO com.fabienit.flyingclub.web.controllers.AircraftController [http-nio-8001-exec-6] Deleting aircraft from database: id: 1
2023-12-18 12:27:29,728 INFO com.fabienit.flyingclub.web.controllers.AircraftController [http-nio-8001-exec-7] Providing aircraft resource from database: all aircraft list
2023-12-18 12:27:33,263 INFO com.fabienit.flyingclub.web.controllers.RegisteredUserController [http-nio-8001-exec-8] Providing registeredUser resource from database: registeredUser id: 2
2023-12-18 12:27:34,912 INFO com.fabienit.flyingclub.web.controllers.RegisteredUserController [http-nio-8001-exec-9] Providing registeredUser resource from database: registeredUser id: 2
2023-12-18 12:27:38,181 INFO com.fabienit.flyingclub.web.controllers.RegisteredUserController [http-nio-8001-exec-10] Updating registeredUser in database, id: 2
2023-12-18 12:27:38,361 INFO com.fabienit.flyingclub.web.controllers.RegisteredUserController [http-nio-8001-exec-1] Providing registeredUser resource from database: registeredUser id: 2
2023-12-18 12:27:43,384 INFO com.fabienit.flyingclub.web.controllers.RegisteredUserController [http-nio-8001-exec-2] Providing registeredUser resource from database: registeredUser id: 2
2023-12-18 12:27:46,551 INFO com.fabienit.flyingclub.web.controllers.RegisteredUserController [http-nio-8001-exec-3] Updating registeredUser in database, id: 2
2023-12-18 12:27:46,698 INFO com.fabienit.flyingclub.web.controllers.RegisteredUserController [http-nio-8001-exec-4] Providing registeredUser resource from database: registeredUser id: 2
2023-12-18 12:27:50,562 INFO com.fabienit.flyingclub.web.controllers.RegisteredUserController [http-nio-8001-exec-5] Providing registeredUser resource from database: registeredUser id: 2
2023-12-18 12:28:00,006 INFO com.fabienit.flyingclub.web.controllers.RegisteredUserController [http-nio-8001-exec-6] Updating registeredUser in database, id: 2
2023-12-18 12:28:00,146 INFO com.fabienit.flyingclub.web.controllers.RegisteredUserController [http-nio-8001-exec-7] Providing registeredUser resource from database: registeredUser id: 2
2023-12-18 12:28:06,660 INFO com.fabienit.flyingclub.web.controllers.RegisteredUserController [http-nio-8001-exec-8] Search user by email: test1@gmail.com
2023-12-18 12:28:11,450 INFO com.fabienit.flyingclub.web.controllers.RegisteredUserController [http-nio-8001-exec-9] Search user by email: test123@gmail.com
2023-12-18 12:30:08,241 INFO com.fabienit.flyingclub.AeroclubApiApplication [main] Starting AeroclubApiApplication on FABPC with PID 11524 (started by FaB PC in C:\Users\FaB\Git\Projet 12\aeroclubp12)
2023-12-18 12:30:08,246 DEBUG com.fabienit.flyingclub.AeroclubApiApplication [main] Running with Spring Boot v2.2.2.RELEASE, Spring v5.2.2.RELEASE
2023-12-18 12:30:08,246 INFO com.fabienit.flyingclub.AeroclubApiApplication [main] The following profiles are active: dev
2023-12-18 12:30:15,016 DEBUG com.fabienit.flyingclub.configuration.SwaggerConfig$$EnhancerBySpringCGLIB$$77f40555 [main] Set Swagger2 documentation
2023-12-18 12:30:16,033 INFO com.fabienit.flyingclub.AeroclubApiApplication [main] Started AeroclubApiApplication in 8.272 seconds (JVM running for 9.948)
2023-12-18 12:30:24,757 INFO com.fabienit.flyingclub.web.controllers.RegisteredUserController [http-nio-8001-exec-1] Search user by email: test1@gmail.com
2023-12-18 12:30:28,851 INFO com.fabienit.flyingclub.web.controllers.RegisteredUserController [http-nio-8001-exec-2] Providing registeredUser resource from database: registeredUser id: 2
2023-12-18 12:30:29,910 INFO com.fabienit.flyingclub.web.controllers.RegisteredUserController [http-nio-8001-exec-4] Providing registeredUser resource from database: registeredUser id: 2
2023-12-18 12:30:33,562 INFO com.fabienit.flyingclub.web.controllers.RegisteredUserController [http-nio-8001-exec-3] Updating registeredUser in database, id: 2
2023-12-18 12:30:33,764 INFO com.fabienit.flyingclub.web.controllers.RegisteredUserController [http-nio-8001-exec-5] Providing registeredUser resource from database: registeredUser id: 2
2023-12-18 12:35:20,754 INFO com.fabienit.flyingclub.AeroclubApiApplication [main] Starting AeroclubApiApplication on FABPC with PID 10972 (started by FaB PC in C:\Users\FaB\Git\Projet 12\aeroclubp12)
2023-12-18 12:35:20,757 DEBUG com.fabienit.flyingclub.AeroclubApiApplication [main] Running with Spring Boot v2.2.2.RELEASE, Spring v5.2.2.RELEASE
2023-12-18 12:35:20,757 INFO com.fabienit.flyingclub.AeroclubApiApplication [main] The following profiles are active: dev
2023-12-18 12:35:31,064 DEBUG com.fabienit.flyingclub.configuration.SwaggerConfig$$EnhancerBySpringCGLIB$$4b1494f4 [main] Set Swagger2 documentation
2023-12-18 12:35:31,982 INFO com.fabienit.flyingclub.AeroclubApiApplication [main] Started AeroclubApiApplication in 11.784 seconds (JVM running for 13.364)
2023-12-18 12:35:41,519 INFO com.fabienit.flyingclub.web.controllers.RegisteredUserController [http-nio-8001-exec-3] Search user by email: test1@gmail.com
2023-12-18 12:35:43,554 INFO com.fabienit.flyingclub.web.controllers.RegisteredUserController [http-nio-8001-exec-7] Providing registeredUser resource from database: registeredUser id: 2
2023-12-18 12:35:44,572 INFO com.fabienit.flyingclub.web.controllers.RegisteredUserController [http-nio-8001-exec-6] Providing registeredUser resource from database: registeredUser id: 2
2023-12-18 12:35:47,317 INFO com.fabienit.flyingclub.web.controllers.RegisteredUserController [http-nio-8001-exec-9] Updating registeredUser in database, id: 2
2023-12-18 12:35:47,505 INFO com.fabienit.flyingclub.web.controllers.RegisteredUserController [http-nio-8001-exec-4] Providing registeredUser resource from database: registeredUser id: 2
2023-12-18 12:39:21,069 INFO com.fabienit.flyingclub.AeroclubApiApplication [main] Starting AeroclubApiApplication on FABPC with PID 19080 (started by FaB PC in C:\Users\FaB\Git\Projet 12\aeroclubp12)
2023-12-18 12:39:21,072 DEBUG com.fabienit.flyingclub.AeroclubApiApplication [main] Running with Spring Boot v2.2.2.RELEASE, Spring v5.2.2.RELEASE
2023-12-18 12:39:21,073 INFO com.fabienit.flyingclub.AeroclubApiApplication [main] The following profiles are active: dev
2023-12-18 12:39:31,459 DEBUG com.fabienit.flyingclub.configuration.SwaggerConfig$$EnhancerBySpringCGLIB$$c1ef2cd9 [main] Set Swagger2 documentation
2023-12-18 12:39:33,135 INFO com.fabienit.flyingclub.AeroclubApiApplication [main] Started AeroclubApiApplication in 12.482 seconds (JVM running for 13.731)
2023-12-18 12:39:50,868 INFO com.fabienit.flyingclub.web.controllers.RegisteredUserController [http-nio-8001-exec-4] Search user by email: test1@gmail.com
2023-12-18 12:39:53,708 INFO com.fabienit.flyingclub.web.controllers.RegisteredUserController [http-nio-8001-exec-1] Providing registeredUser resource from database: registeredUser id: 2
2023-12-18 12:39:54,839 INFO com.fabienit.flyingclub.web.controllers.RegisteredUserController [http-nio-8001-exec-7] Providing registeredUser resource from database: registeredUser id: 2
2023-12-18 12:39:57,960 INFO com.fabienit.flyingclub.web.controllers.RegisteredUserController [http-nio-8001-exec-5] Updating registeredUser in database, id: 2
2023-12-18 12:39:58,154 INFO com.fabienit.flyingclub.web.controllers.RegisteredUserController [http-nio-8001-exec-6] Providing registeredUser resource from database: registeredUser id: 2
2023-12-18 12:43:25,470 INFO com.fabienit.flyingclub.AeroclubApiApplication [main] Starting AeroclubApiApplication on FABPC with PID 14824 (started by FaB PC in C:\Users\FaB\Git\Projet 12\aeroclubp12)
2023-12-18 12:43:25,473 DEBUG com.fabienit.flyingclub.AeroclubApiApplication [main] Running with Spring Boot v2.2.2.RELEASE, Spring v5.2.2.RELEASE
2023-12-18 12:43:25,474 INFO com.fabienit.flyingclub.AeroclubApiApplication [main] The following profiles are active: dev
2023-12-18 12:43:31,246 DEBUG com.fabienit.flyingclub.configuration.SwaggerConfig$$EnhancerBySpringCGLIB$$84fd935d [main] Set Swagger2 documentation
2023-12-18 12:43:32,050 INFO com.fabienit.flyingclub.AeroclubApiApplication [main] Started AeroclubApiApplication in 6.997 seconds (JVM running for 8.192)
2023-12-18 12:43:42,476 INFO com.fabienit.flyingclub.web.controllers.RegisteredUserController [http-nio-8001-exec-2] Search user by email: test1@gmail.com
2023-12-18 12:43:44,286 INFO com.fabienit.flyingclub.web.controllers.RegisteredUserController [http-nio-8001-exec-5] Providing registeredUser resource from database: registeredUser id: 2
2023-12-18 12:43:47,202 INFO com.fabienit.flyingclub.web.controllers.RegisteredUserController [http-nio-8001-exec-6] Providing registeredUser resource from database: registeredUser id: 2
2023-12-18 12:43:50,882 INFO com.fabienit.flyingclub.web.controllers.RegisteredUserController [http-nio-8001-exec-7] Updating registeredUser in database, id: 2
2023-12-18 12:43:51,068 INFO com.fabienit.flyingclub.web.controllers.RegisteredUserController [http-nio-8001-exec-3] Providing registeredUser resource from database: registeredUser id: 2
2023-12-18 12:46:29,079 INFO com.fabienit.flyingclub.AeroclubApiApplication [main] Starting AeroclubApiApplication on FABPC with PID 4684 (started by FaB PC in C:\Users\FaB\Git\Projet 12\aeroclubp12)
2023-12-18 12:46:29,083 DEBUG com.fabienit.flyingclub.AeroclubApiApplication [main] Running with Spring Boot v2.2.2.RELEASE, Spring v5.2.2.RELEASE
2023-12-18 12:46:29,083 INFO com.fabienit.flyingclub.AeroclubApiApplication [main] The following profiles are active: dev
2023-12-18 12:46:35,145 DEBUG com.fabienit.flyingclub.configuration.SwaggerConfig$$EnhancerBySpringCGLIB$$4237c903 [main] Set Swagger2 documentation
2023-12-18 12:46:35,897 INFO com.fabienit.flyingclub.AeroclubApiApplication [main] Started AeroclubApiApplication in 7.317 seconds (JVM running for 8.791)
2023-12-18 12:46:59,361 INFO com.fabienit.flyingclub.web.controllers.RegisteredUserController [http-nio-8001-exec-6] Search user by email: test1@gmail.com
2023-12-18 12:47:01,620 INFO com.fabienit.flyingclub.web.controllers.RegisteredUserController [http-nio-8001-exec-4] Providing registeredUser resource from database: registeredUser id: 2
2023-12-18 12:47:03,595 INFO com.fabienit.flyingclub.web.controllers.RegisteredUserController [http-nio-8001-exec-8] Providing registeredUser resource from database: registeredUser id: 2
2023-12-18 12:47:05,996 INFO com.fabienit.flyingclub.web.controllers.RegisteredUserController [http-nio-8001-exec-9] Updating registeredUser in database, id: 2
2023-12-18 12:47:06,218 INFO com.fabienit.flyingclub.web.controllers.RegisteredUserController [http-nio-8001-exec-1] Providing registeredUser resource from database: registeredUser id: 2
2023-12-18 12:53:40,167 INFO com.fabienit.flyingclub.AeroclubApiApplication [main] Starting AeroclubApiApplication on FABPC with PID 18384 (started by FaB PC in C:\Users\FaB\Git\Projet 12\aeroclubp12)
2023-12-18 12:53:40,327 DEBUG com.fabienit.flyingclub.AeroclubApiApplication [main] Running with Spring Boot v2.2.2.RELEASE, Spring v5.2.2.RELEASE
2023-12-18 12:53:40,327 INFO com.fabienit.flyingclub.AeroclubApiApplication [main] The following profiles are active: dev
2023-12-18 12:53:51,530 DEBUG com.fabienit.flyingclub.configuration.SwaggerConfig$$EnhancerBySpringCGLIB$$5b07f9ff [main] Set Swagger2 documentation
2023-12-18 12:53:52,662 INFO com.fabienit.flyingclub.AeroclubApiApplication [main] Started AeroclubApiApplication in 13.023 seconds (JVM running for 14.447)
2023-12-18 12:53:56,558 INFO com.fabienit.flyingclub.web.controllers.RegisteredUserController [http-nio-8001-exec-10] Search user by email: test1@gmail.com
2023-12-18 12:53:58,245 INFO com.fabienit.flyingclub.web.controllers.RegisteredUserController [http-nio-8001-exec-1] Providing registeredUser resource from database: registeredUser id: 2
2023-12-18 12:53:59,144 INFO com.fabienit.flyingclub.web.controllers.RegisteredUserController [http-nio-8001-exec-3] Providing registeredUser resource from database: registeredUser id: 2
2023-12-18 12:57:10,689 INFO com.fabienit.flyingclub.AeroclubApiApplication [main] Starting AeroclubApiApplication on FABPC with PID 10888 (started by FaB PC in C:\Users\FaB\Git\Projet 12\aeroclubp12)
2023-12-18 12:57:10,692 DEBUG com.fabienit.flyingclub.AeroclubApiApplication [main] Running with Spring Boot v2.2.2.RELEASE, Spring v5.2.2.RELEASE
2023-12-18 12:57:10,693 INFO com.fabienit.flyingclub.AeroclubApiApplication [main] The following profiles are active: dev
2023-12-18 12:57:21,427 DEBUG com.fabienit.flyingclub.configuration.SwaggerConfig$$EnhancerBySpringCGLIB$$723f0f6d [main] Set Swagger2 documentation
2023-12-18 12:57:22,215 INFO com.fabienit.flyingclub.AeroclubApiApplication [main] Started AeroclubApiApplication in 11.984 seconds (JVM running for 13.404)
2023-12-18 12:57:45,506 INFO com.fabienit.flyingclub.web.controllers.RegisteredUserController [http-nio-8001-exec-1] Search user by email: test1@gmail.com
2023-12-18 12:57:47,235 INFO com.fabienit.flyingclub.web.controllers.RegisteredUserController [http-nio-8001-exec-4] Providing registeredUser resource from database: registeredUser id: 2
2023-12-18 12:57:57,877 INFO com.fabienit.flyingclub.web.controllers.RegisteredUserController [http-nio-8001-exec-10] Providing registeredUser resource from database: registeredUser id: 2
2023-12-18 12:58:36,204 INFO com.fabienit.flyingclub.web.controllers.RegisteredUserController [http-nio-8001-exec-5] Search user by email: test1@gmail.com
2023-12-18 12:58:37,825 INFO com.fabienit.flyingclub.web.controllers.RegisteredUserController [http-nio-8001-exec-9] Providing registeredUser resource from database: registeredUser id: 2
2023-12-18 12:58:38,809 INFO com.fabienit.flyingclub.web.controllers.RegisteredUserController [http-nio-8001-exec-6] Providing registeredUser resource from database: registeredUser id: 2
2023-12-18 12:58:42,279 INFO com.fabienit.flyingclub.web.controllers.RegisteredUserController [http-nio-8001-exec-3] Updating registeredUser in database, id: 2
2023-12-18 12:58:42,495 INFO com.fabienit.flyingclub.web.controllers.RegisteredUserController [http-nio-8001-exec-2] Providing registeredUser resource from database: registeredUser id: 2
2023-12-18 12:59:46,962 INFO com.fabienit.flyingclub.web.controllers.RegisteredUserController [http-nio-8001-exec-4] Search user by email: test1@gmail.com
2023-12-18 12:59:48,638 INFO com.fabienit.flyingclub.web.controllers.RegisteredUserController [http-nio-8001-exec-8] Providing registeredUser resource from database: registeredUser id: 2
2023-12-18 12:59:53,148 INFO com.fabienit.flyingclub.web.controllers.RegisteredUserController [http-nio-8001-exec-10] Providing registeredUser resource from database: registeredUser id: 2
2023-12-18 12:59:58,045 INFO com.fabienit.flyingclub.web.controllers.RegisteredUserController [http-nio-8001-exec-7] Updating registeredUser in database, id: 2
2023-12-18 12:59:58,184 INFO com.fabienit.flyingclub.web.controllers.RegisteredUserController [http-nio-8001-exec-5] Providing registeredUser resource from database: registeredUser id: 2
2023-12-18 13:00:05,036 INFO com.fabienit.flyingclub.web.controllers.RegisteredUserController [http-nio-8001-exec-9] Search user by email: test123@gmail.com
2023-12-18 13:00:11,304 INFO com.fabienit.flyingclub.web.controllers.RegisteredUserController [http-nio-8001-exec-6] Providing registeredUser resource from database: registeredUser id: 2
2023-12-18 13:00:45,736 INFO com.fabienit.flyingclub.web.controllers.RegisteredUserController [http-nio-8001-exec-3] Providing registeredUser resource from database: registeredUser id: 2
2023-12-18 13:01:25,140 INFO com.fabienit.flyingclub.web.controllers.RegisteredUserController [http-nio-8001-exec-2] Providing registeredUser resource from database: registeredUser id: 2
2023-12-18 13:01:53,056 INFO com.fabienit.flyingclub.web.controllers.RegisteredUserController [http-nio-8001-exec-4] Providing registeredUser resource from database: registeredUser id: 2
2023-12-18 13:02:21,168 INFO com.fabienit.flyingclub.web.controllers.RegisteredUserController [http-nio-8001-exec-8] Providing registeredUser resource from database: registeredUser id: 2
2023-12-18 13:12:48,230 INFO com.fabienit.flyingclub.web.controllers.RegisteredUserController [http-nio-8001-exec-7] Search user by email: test1@gmail.com
2023-12-18 13:12:51,003 INFO com.fabienit.flyingclub.web.controllers.RegisteredUserController [http-nio-8001-exec-5] Search user by email: test123@gmail.com
2023-12-18 13:12:54,170 INFO com.fabienit.flyingclub.web.controllers.RegisteredUserController [http-nio-8001-exec-1] Providing registeredUser resource from database: registeredUser id: 2
2023-12-18 13:12:56,292 INFO com.fabienit.flyingclub.web.controllers.RegisteredUserController [http-nio-8001-exec-9] Providing registeredUser resource from database: registeredUser id: 2
2023-12-18 13:14:10,068 INFO com.fabienit.flyingclub.web.controllers.RegisteredUserController [http-nio-8001-exec-3] Search user by email: test123@gmail.com
2023-12-18 13:14:11,777 INFO com.fabienit.flyingclub.web.controllers.RegisteredUserController [http-nio-8001-exec-2] Providing registeredUser resource from database: registeredUser id: 2
2023-12-18 13:14:13,524 INFO com.fabienit.flyingclub.web.controllers.RegisteredUserController [http-nio-8001-exec-4] Providing registeredUser resource from database: registeredUser id: 2
2023-12-18 13:15:34,775 INFO com.fabienit.flyingclub.web.controllers.RegisteredUserController [http-nio-8001-exec-10] Search user by email: test123@gmail.com
2023-12-18 13:15:36,500 INFO com.fabienit.flyingclub.web.controllers.RegisteredUserController [http-nio-8001-exec-7] Providing registeredUser resource from database: registeredUser id: 2
2023-12-18 13:15:37,435 INFO com.fabienit.flyingclub.web.controllers.RegisteredUserController [http-nio-8001-exec-5] Providing registeredUser resource from database: registeredUser id: 2
2023-12-18 13:15:45,470 INFO com.fabienit.flyingclub.web.controllers.RegisteredUserController [http-nio-8001-exec-1] Updating registeredUser in database, id: 2
2023-12-18 13:15:45,621 INFO com.fabienit.flyingclub.web.controllers.RegisteredUserController [http-nio-8001-exec-9] Providing registeredUser resource from database: registeredUser id: 2
2023-12-18 13:16:01,020 INFO com.fabienit.flyingclub.web.controllers.RegisteredUserController [http-nio-8001-exec-6] Providing registeredUser resource from database: registeredUser id: 2
2023-12-18 13:16:43,336 INFO com.fabienit.flyingclub.web.controllers.RegisteredUserController [http-nio-8001-exec-2] Search user by email: test123@gmail.com
2023-12-18 13:16:44,993 INFO com.fabienit.flyingclub.web.controllers.RegisteredUserController [http-nio-8001-exec-4] Providing registeredUser resource from database: registeredUser id: 2
2023-12-18 13:16:46,073 INFO com.fabienit.flyingclub.web.controllers.RegisteredUserController [http-nio-8001-exec-8] Providing registeredUser resource from database: registeredUser id: 2
2023-12-18 13:17:12,074 INFO com.fabienit.flyingclub.web.controllers.RegisteredUserController [http-nio-8001-exec-10] Providing registeredUser resource from database: registeredUser id: 2
2023-12-18 13:17:13,499 INFO com.fabienit.flyingclub.web.controllers.RegisteredUserController [http-nio-8001-exec-7] Providing registeredUser resource from database: registeredUser id: 2
2023-12-18 13:17:16,091 INFO com.fabienit.flyingclub.web.controllers.RegisteredUserController [http-nio-8001-exec-5] Providing registeredUser resource from database: registeredUser id: 2
2023-12-18 13:20:48,754 INFO com.fabienit.flyingclub.web.controllers.RegisteredUserController [http-nio-8001-exec-9] Search user by email: test123@gmail.com
2023-12-18 13:20:50,613 INFO com.fabienit.flyingclub.web.controllers.RegisteredUserController [http-nio-8001-exec-6] Providing registeredUser resource from database: registeredUser id: 2
2023-12-18 13:20:51,870 INFO com.fabienit.flyingclub.web.controllers.RegisteredUserController [http-nio-8001-exec-3] Providing registeredUser resource from database: registeredUser id: 2
2023-12-18 13:21:43,907 INFO com.fabienit.flyingclub.web.controllers.RegisteredUserController [http-nio-8001-exec-4] Search user by email: test123@gmail.com
2023-12-18 13:21:47,712 INFO com.fabienit.flyingclub.web.controllers.RegisteredUserController [http-nio-8001-exec-8] Providing registeredUser resource from database: registeredUser id: 2
2023-12-18 13:21:48,716 INFO com.fabienit.flyingclub.web.controllers.RegisteredUserController [http-nio-8001-exec-10] Providing registeredUser resource from database: registeredUser id: 2
2023-12-18 13:22:38,224 INFO com.fabienit.flyingclub.web.controllers.RegisteredUserController [http-nio-8001-exec-5] Search user by email: test123@gmail.com
2023-12-18 13:22:39,706 INFO com.fabienit.flyingclub.web.controllers.RegisteredUserController [http-nio-8001-exec-1] Providing registeredUser resource from database: registeredUser id: 2
2023-12-18 13:22:40,843 INFO com.fabienit.flyingclub.web.controllers.RegisteredUserController [http-nio-8001-exec-9] Providing registeredUser resource from database: registeredUser id: 2
2023-12-18 13:22:44,287 INFO com.fabienit.flyingclub.web.controllers.RegisteredUserController [http-nio-8001-exec-6] Providing registeredUser resource from database: registeredUser id: 2
2023-12-18 13:22:45,828 INFO com.fabienit.flyingclub.web.controllers.RegisteredUserController [http-nio-8001-exec-3] Providing registeredUser resource from database: registeredUser id: 2
