2023-11-23 11:41:40,509 INFO com.fabienit.flyingclub.AeroclubApiApplication [main] Starting AeroclubApiApplication on FABPC with PID 11192 (started by FaB PC in C:\Users\FaB\Git\Projet 12\aeroclubp12)
2023-11-23 11:41:40,518 DEBUG com.fabienit.flyingclub.AeroclubApiApplication [main] Running with Spring Boot v2.2.1.RELEASE, Spring v5.2.1.RELEASE
2023-11-23 11:41:40,518 INFO com.fabienit.flyingclub.AeroclubApiApplication [main] The following profiles are active: dev
2023-11-23 11:41:49,817 DEBUG com.fabienit.flyingclub.configuration.SwaggerConfig$$EnhancerBySpringCGLIB$$586b1660 [main] Set Swagger2 documentation
2023-11-23 11:41:50,994 INFO com.fabienit.flyingclub.AeroclubApiApplication [main] Started AeroclubApiApplication in 10.992 seconds (JVM running for 22.71)
2023-11-23 11:43:32,453 INFO com.fabienit.flyingclub.web.controllers.RegisteredUserController [http-nio-8001-exec-1] Search user by email: test1@gmail.com
2023-11-23 11:45:06,522 INFO com.fabienit.flyingclub.web.controllers.RegisteredUserController [http-nio-8001-exec-3] Search user by email: test1@gmail.com
2023-11-23 14:22:05,253 INFO com.fabienit.flyingclub.AeroclubApiApplication [main] Starting AeroclubApiApplication on FABPC with PID 17136 (started by FaB PC in C:\Users\FaB\Git\Projet 12\aeroclubp12)
2023-11-23 14:22:05,258 DEBUG com.fabienit.flyingclub.AeroclubApiApplication [main] Running with Spring Boot v2.2.1.RELEASE, Spring v5.2.1.RELEASE
2023-11-23 14:22:05,258 INFO com.fabienit.flyingclub.AeroclubApiApplication [main] The following profiles are active: dev
2023-11-23 14:22:12,884 DEBUG com.fabienit.flyingclub.configuration.SwaggerConfig$$EnhancerBySpringCGLIB$$8d1d254e [main] Set Swagger2 documentation
2023-11-23 14:22:13,870 INFO com.fabienit.flyingclub.AeroclubApiApplication [main] Started AeroclubApiApplication in 9.179 seconds (JVM running for 10.528)
2023-11-23 14:22:42,914 INFO com.fabienit.flyingclub.web.controllers.RegisteredUserController [http-nio-8001-exec-1] Search user by email: test1@gmail.com
2023-11-23 14:34:00,594 INFO com.fabienit.flyingclub.AeroclubApiApplication [main] Starting AeroclubApiApplication on FABPC with PID 15176 (started by FaB PC in C:\Users\FaB\Git\Projet 12\aeroclubp12)
2023-11-23 14:34:00,598 DEBUG com.fabienit.flyingclub.AeroclubApiApplication [main] Running with Spring Boot v2.2.1.RELEASE, Spring v5.2.1.RELEASE
2023-11-23 14:34:00,598 INFO com.fabienit.flyingclub.AeroclubApiApplication [main] The following profiles are active: dev
2023-11-23 14:34:06,989 DEBUG com.fabienit.flyingclub.configuration.SwaggerConfig$$EnhancerBySpringCGLIB$$7b8fe1fa [main] Set Swagger2 documentation
2023-11-23 14:34:07,921 INFO com.fabienit.flyingclub.AeroclubApiApplication [main] Started AeroclubApiApplication in 7.764 seconds (JVM running for 8.886)
2023-11-23 14:34:35,120 INFO com.fabienit.flyingclub.web.controllers.RegisteredUserController [http-nio-8001-exec-1] Search user by email: test1@gmail.com
2023-11-23 14:34:36,929 INFO com.fabienit.flyingclub.web.controllers.FlyingClubController [http-nio-8001-exec-2] Providing aircraft resource from database: all aircraft list
2023-11-23 14:42:20,565 INFO com.fabienit.flyingclub.AeroclubApiApplication [main] Starting AeroclubApiApplication on FABPC with PID 7632 (started by FaB PC in C:\Users\FaB\Git\Projet 12\aeroclubp12)
2023-11-23 14:42:20,568 DEBUG com.fabienit.flyingclub.AeroclubApiApplication [main] Running with Spring Boot v2.2.1.RELEASE, Spring v5.2.1.RELEASE
2023-11-23 14:42:20,569 INFO com.fabienit.flyingclub.AeroclubApiApplication [main] The following profiles are active: dev
2023-11-23 14:42:25,658 ERROR org.springframework.boot.SpringApplication [main] Application run failed
org.springframework.beans.factory.BeanCreationException: Error creating bean with name 'entityManagerFactory' defined in class path resource [org/springframework/boot/autoconfigure/orm/jpa/HibernateJpaConfiguration.class]: Initialization of bean failed; nested exception is org.springframework.jdbc.datasource.init.ScriptStatementFailedException: Failed to execute SQL script statement #2 of URL [file:/C:/Users/FaB/Git/Projet%2012/aeroclubp12/backendApiAeroclub/target/classes/data.sql]: insert into flyingClub ( oaci, name, phoneNumber, mail, address, postalCode, city ) VALUES ( 'LFJR', 'Aéroclub Passion', '0241000000', 'aeroclubpassion@test.fr', '1 rue de la paix', '49560', 'Marcé' ); nested exception is org.h2.jdbc.JdbcSQLSyntaxErrorException: Table "FLYINGCLUB" non trouvée
Table "FLYINGCLUB" not found; SQL statement:
insert into flyingClub ( oaci, name, phoneNumber, mail, address, postalCode, city ) VALUES ( 'LFJR', 'Aéroclub Passion', '0241000000', 'aeroclubpassion@test.fr', '1 rue de la paix', '49560', 'Marcé' ) [42102-200]
	at org.springframework.beans.factory.support.AbstractAutowireCapableBeanFactory.doCreateBean(AbstractAutowireCapableBeanFactory.java:603)
	at org.springframework.beans.factory.support.AbstractAutowireCapableBeanFactory.createBean(AbstractAutowireCapableBeanFactory.java:517)
	at org.springframework.beans.factory.support.AbstractBeanFactory.lambda$doGetBean$0(AbstractBeanFactory.java:323)
	at org.springframework.beans.factory.support.DefaultSingletonBeanRegistry.getSingleton(DefaultSingletonBeanRegistry.java:222)
	at org.springframework.beans.factory.support.AbstractBeanFactory.doGetBean(AbstractBeanFactory.java:321)
	at org.springframework.beans.factory.support.AbstractBeanFactory.getBean(AbstractBeanFactory.java:202)
	at org.springframework.context.support.AbstractApplicationContext.getBean(AbstractApplicationContext.java:1108)
	at org.springframework.context.support.AbstractApplicationContext.finishBeanFactoryInitialization(AbstractApplicationContext.java:868)
	at org.springframework.context.support.AbstractApplicationContext.refresh(AbstractApplicationContext.java:550)
	at org.springframework.boot.web.servlet.context.ServletWebServerApplicationContext.refresh(ServletWebServerApplicationContext.java:141)
	at org.springframework.boot.SpringApplication.refresh(SpringApplication.java:747)
	at org.springframework.boot.SpringApplication.refreshContext(SpringApplication.java:397)
	at org.springframework.boot.SpringApplication.run(SpringApplication.java:315)
	at org.springframework.boot.SpringApplication.run(SpringApplication.java:1226)
	at org.springframework.boot.SpringApplication.run(SpringApplication.java:1215)
	at com.fabienit.flyingclub.AeroclubApiApplication.main(AeroclubApiApplication.java:24)
Caused by: org.springframework.jdbc.datasource.init.ScriptStatementFailedException: Failed to execute SQL script statement #2 of URL [file:/C:/Users/FaB/Git/Projet%2012/aeroclubp12/backendApiAeroclub/target/classes/data.sql]: insert into flyingClub ( oaci, name, phoneNumber, mail, address, postalCode, city ) VALUES ( 'LFJR', 'Aéroclub Passion', '0241000000', 'aeroclubpassion@test.fr', '1 rue de la paix', '49560', 'Marcé' ); nested exception is org.h2.jdbc.JdbcSQLSyntaxErrorException: Table "FLYINGCLUB" non trouvée
Table "FLYINGCLUB" not found; SQL statement:
insert into flyingClub ( oaci, name, phoneNumber, mail, address, postalCode, city ) VALUES ( 'LFJR', 'Aéroclub Passion', '0241000000', 'aeroclubpassion@test.fr', '1 rue de la paix', '49560', 'Marcé' ) [42102-200]
	at org.springframework.jdbc.datasource.init.ScriptUtils.executeSqlScript(ScriptUtils.java:626)
	at org.springframework.jdbc.datasource.init.ResourceDatabasePopulator.populate(ResourceDatabasePopulator.java:254)
	at org.springframework.jdbc.datasource.init.DatabasePopulatorUtils.execute(DatabasePopulatorUtils.java:49)
	at org.springframework.boot.autoconfigure.jdbc.DataSourceInitializer.runScripts(DataSourceInitializer.java:202)
	at org.springframework.boot.autoconfigure.jdbc.DataSourceInitializer.initSchema(DataSourceInitializer.java:119)
	at org.springframework.boot.autoconfigure.jdbc.DataSourceInitializerInvoker.onApplicationEvent(DataSourceInitializerInvoker.java:91)
	at org.springframework.boot.autoconfigure.jdbc.DataSourceInitializerInvoker.onApplicationEvent(DataSourceInitializerInvoker.java:38)
	at org.springframework.context.event.SimpleApplicationEventMulticaster.doInvokeListener(SimpleApplicationEventMulticaster.java:172)
	at org.springframework.context.event.SimpleApplicationEventMulticaster.invokeListener(SimpleApplicationEventMulticaster.java:165)
	at org.springframework.context.event.SimpleApplicationEventMulticaster.multicastEvent(SimpleApplicationEventMulticaster.java:139)
	at org.springframework.context.support.AbstractApplicationContext.publishEvent(AbstractApplicationContext.java:403)
	at org.springframework.context.support.AbstractApplicationContext.publishEvent(AbstractApplicationContext.java:360)
	at org.springframework.boot.autoconfigure.orm.jpa.DataSourceInitializedPublisher.publishEventIfRequired(DataSourceInitializedPublisher.java:99)
	at org.springframework.boot.autoconfigure.orm.jpa.DataSourceInitializedPublisher.postProcessAfterInitialization(DataSourceInitializedPublisher.java:90)
	at org.springframework.beans.factory.support.AbstractAutowireCapableBeanFactory.applyBeanPostProcessorsAfterInitialization(AbstractAutowireCapableBeanFactory.java:431)
	at org.springframework.beans.factory.support.AbstractAutowireCapableBeanFactory.initializeBean(AbstractAutowireCapableBeanFactory.java:1807)
	at org.springframework.beans.factory.support.AbstractAutowireCapableBeanFactory.doCreateBean(AbstractAutowireCapableBeanFactory.java:595)
	... 15 common frames omitted
Caused by: org.h2.jdbc.JdbcSQLSyntaxErrorException: Table "FLYINGCLUB" non trouvée
Table "FLYINGCLUB" not found; SQL statement:
insert into flyingClub ( oaci, name, phoneNumber, mail, address, postalCode, city ) VALUES ( 'LFJR', 'Aéroclub Passion', '0241000000', 'aeroclubpassion@test.fr', '1 rue de la paix', '49560', 'Marcé' ) [42102-200]
	at org.h2.message.DbException.getJdbcSQLException(DbException.java:453)
	at org.h2.message.DbException.getJdbcSQLException(DbException.java:429)
	at org.h2.message.DbException.get(DbException.java:205)
	at org.h2.message.DbException.get(DbException.java:181)
	at org.h2.command.Parser.readTableOrView(Parser.java:7628)
	at org.h2.command.Parser.readTableOrView(Parser.java:7599)
	at org.h2.command.Parser.parseInsert(Parser.java:1747)
	at org.h2.command.Parser.parsePrepared(Parser.java:954)
	at org.h2.command.Parser.parse(Parser.java:843)
	at org.h2.command.Parser.parse(Parser.java:815)
	at org.h2.command.Parser.prepareCommand(Parser.java:738)
	at org.h2.engine.Session.prepareLocal(Session.java:657)
	at org.h2.engine.Session.prepareCommand(Session.java:595)
	at org.h2.jdbc.JdbcConnection.prepareCommand(JdbcConnection.java:1235)
	at org.h2.jdbc.JdbcStatement.executeInternal(JdbcStatement.java:212)
	at org.h2.jdbc.JdbcStatement.execute(JdbcStatement.java:201)
	at com.zaxxer.hikari.pool.ProxyStatement.execute(ProxyStatement.java:95)
	at com.zaxxer.hikari.pool.HikariProxyStatement.execute(HikariProxyStatement.java)
	at org.springframework.jdbc.datasource.init.ScriptUtils.executeSqlScript(ScriptUtils.java:605)
	... 31 common frames omitted
2023-11-23 14:44:05,998 INFO com.fabienit.flyingclub.AeroclubApiApplication [main] Starting AeroclubApiApplication on FABPC with PID 1220 (started by FaB PC in C:\Users\FaB\Git\Projet 12\aeroclubp12)
2023-11-23 14:44:06,002 DEBUG com.fabienit.flyingclub.AeroclubApiApplication [main] Running with Spring Boot v2.2.1.RELEASE, Spring v5.2.1.RELEASE
2023-11-23 14:44:06,002 INFO com.fabienit.flyingclub.AeroclubApiApplication [main] The following profiles are active: dev
2023-11-23 14:44:11,062 ERROR org.springframework.boot.SpringApplication [main] Application run failed
org.springframework.beans.factory.BeanCreationException: Error creating bean with name 'entityManagerFactory' defined in class path resource [org/springframework/boot/autoconfigure/orm/jpa/HibernateJpaConfiguration.class]: Initialization of bean failed; nested exception is org.springframework.jdbc.datasource.init.ScriptStatementFailedException: Failed to execute SQL script statement #2 of URL [file:/C:/Users/FaB/Git/Projet%2012/aeroclubp12/backendApiAeroclub/target/classes/data.sql]: insert into flying_club ( oaci, name, phoneNumber, mail, address, postalCode, city ) VALUES ( 'LFJR', 'Aéroclub Passion', '0241000000', 'aeroclubpassion@test.fr', '1 rue de la paix', '49560', 'Marcé' ); nested exception is org.h2.jdbc.JdbcSQLSyntaxErrorException: Colonne "PHONENUMBER" non trouvée
Column "PHONENUMBER" not found; SQL statement:
insert into flying_club ( oaci, name, phoneNumber, mail, address, postalCode, city ) VALUES ( 'LFJR', 'Aéroclub Passion', '0241000000', 'aeroclubpassion@test.fr', '1 rue de la paix', '49560', 'Marcé' ) [42122-200]
	at org.springframework.beans.factory.support.AbstractAutowireCapableBeanFactory.doCreateBean(AbstractAutowireCapableBeanFactory.java:603)
	at org.springframework.beans.factory.support.AbstractAutowireCapableBeanFactory.createBean(AbstractAutowireCapableBeanFactory.java:517)
	at org.springframework.beans.factory.support.AbstractBeanFactory.lambda$doGetBean$0(AbstractBeanFactory.java:323)
	at org.springframework.beans.factory.support.DefaultSingletonBeanRegistry.getSingleton(DefaultSingletonBeanRegistry.java:222)
	at org.springframework.beans.factory.support.AbstractBeanFactory.doGetBean(AbstractBeanFactory.java:321)
	at org.springframework.beans.factory.support.AbstractBeanFactory.getBean(AbstractBeanFactory.java:202)
	at org.springframework.context.support.AbstractApplicationContext.getBean(AbstractApplicationContext.java:1108)
	at org.springframework.context.support.AbstractApplicationContext.finishBeanFactoryInitialization(AbstractApplicationContext.java:868)
	at org.springframework.context.support.AbstractApplicationContext.refresh(AbstractApplicationContext.java:550)
	at org.springframework.boot.web.servlet.context.ServletWebServerApplicationContext.refresh(ServletWebServerApplicationContext.java:141)
	at org.springframework.boot.SpringApplication.refresh(SpringApplication.java:747)
	at org.springframework.boot.SpringApplication.refreshContext(SpringApplication.java:397)
	at org.springframework.boot.SpringApplication.run(SpringApplication.java:315)
	at org.springframework.boot.SpringApplication.run(SpringApplication.java:1226)
	at org.springframework.boot.SpringApplication.run(SpringApplication.java:1215)
	at com.fabienit.flyingclub.AeroclubApiApplication.main(AeroclubApiApplication.java:24)
Caused by: org.springframework.jdbc.datasource.init.ScriptStatementFailedException: Failed to execute SQL script statement #2 of URL [file:/C:/Users/FaB/Git/Projet%2012/aeroclubp12/backendApiAeroclub/target/classes/data.sql]: insert into flying_club ( oaci, name, phoneNumber, mail, address, postalCode, city ) VALUES ( 'LFJR', 'Aéroclub Passion', '0241000000', 'aeroclubpassion@test.fr', '1 rue de la paix', '49560', 'Marcé' ); nested exception is org.h2.jdbc.JdbcSQLSyntaxErrorException: Colonne "PHONENUMBER" non trouvée
Column "PHONENUMBER" not found; SQL statement:
insert into flying_club ( oaci, name, phoneNumber, mail, address, postalCode, city ) VALUES ( 'LFJR', 'Aéroclub Passion', '0241000000', 'aeroclubpassion@test.fr', '1 rue de la paix', '49560', 'Marcé' ) [42122-200]
	at org.springframework.jdbc.datasource.init.ScriptUtils.executeSqlScript(ScriptUtils.java:626)
	at org.springframework.jdbc.datasource.init.ResourceDatabasePopulator.populate(ResourceDatabasePopulator.java:254)
	at org.springframework.jdbc.datasource.init.DatabasePopulatorUtils.execute(DatabasePopulatorUtils.java:49)
	at org.springframework.boot.autoconfigure.jdbc.DataSourceInitializer.runScripts(DataSourceInitializer.java:202)
	at org.springframework.boot.autoconfigure.jdbc.DataSourceInitializer.initSchema(DataSourceInitializer.java:119)
	at org.springframework.boot.autoconfigure.jdbc.DataSourceInitializerInvoker.onApplicationEvent(DataSourceInitializerInvoker.java:91)
	at org.springframework.boot.autoconfigure.jdbc.DataSourceInitializerInvoker.onApplicationEvent(DataSourceInitializerInvoker.java:38)
	at org.springframework.context.event.SimpleApplicationEventMulticaster.doInvokeListener(SimpleApplicationEventMulticaster.java:172)
	at org.springframework.context.event.SimpleApplicationEventMulticaster.invokeListener(SimpleApplicationEventMulticaster.java:165)
	at org.springframework.context.event.SimpleApplicationEventMulticaster.multicastEvent(SimpleApplicationEventMulticaster.java:139)
	at org.springframework.context.support.AbstractApplicationContext.publishEvent(AbstractApplicationContext.java:403)
	at org.springframework.context.support.AbstractApplicationContext.publishEvent(AbstractApplicationContext.java:360)
	at org.springframework.boot.autoconfigure.orm.jpa.DataSourceInitializedPublisher.publishEventIfRequired(DataSourceInitializedPublisher.java:99)
	at org.springframework.boot.autoconfigure.orm.jpa.DataSourceInitializedPublisher.postProcessAfterInitialization(DataSourceInitializedPublisher.java:90)
	at org.springframework.beans.factory.support.AbstractAutowireCapableBeanFactory.applyBeanPostProcessorsAfterInitialization(AbstractAutowireCapableBeanFactory.java:431)
	at org.springframework.beans.factory.support.AbstractAutowireCapableBeanFactory.initializeBean(AbstractAutowireCapableBeanFactory.java:1807)
	at org.springframework.beans.factory.support.AbstractAutowireCapableBeanFactory.doCreateBean(AbstractAutowireCapableBeanFactory.java:595)
	... 15 common frames omitted
Caused by: org.h2.jdbc.JdbcSQLSyntaxErrorException: Colonne "PHONENUMBER" non trouvée
Column "PHONENUMBER" not found; SQL statement:
insert into flying_club ( oaci, name, phoneNumber, mail, address, postalCode, city ) VALUES ( 'LFJR', 'Aéroclub Passion', '0241000000', 'aeroclubpassion@test.fr', '1 rue de la paix', '49560', 'Marcé' ) [42122-200]
	at org.h2.message.DbException.getJdbcSQLException(DbException.java:453)
	at org.h2.message.DbException.getJdbcSQLException(DbException.java:429)
	at org.h2.message.DbException.get(DbException.java:205)
	at org.h2.message.DbException.get(DbException.java:181)
	at org.h2.table.Table.getColumn(Table.java:703)
	at org.h2.command.Parser.parseColumn(Parser.java:1450)
	at org.h2.command.Parser.parseColumnList(Parser.java:1435)
	at org.h2.command.Parser.parseInsertGivenTable(Parser.java:1804)
	at org.h2.command.Parser.parseInsert(Parser.java:1749)
	at org.h2.command.Parser.parsePrepared(Parser.java:954)
	at org.h2.command.Parser.parse(Parser.java:843)
	at org.h2.command.Parser.parse(Parser.java:815)
	at org.h2.command.Parser.prepareCommand(Parser.java:738)
	at org.h2.engine.Session.prepareLocal(Session.java:657)
	at org.h2.engine.Session.prepareCommand(Session.java:595)
	at org.h2.jdbc.JdbcConnection.prepareCommand(JdbcConnection.java:1235)
	at org.h2.jdbc.JdbcStatement.executeInternal(JdbcStatement.java:212)
	at org.h2.jdbc.JdbcStatement.execute(JdbcStatement.java:201)
	at com.zaxxer.hikari.pool.ProxyStatement.execute(ProxyStatement.java:95)
	at com.zaxxer.hikari.pool.HikariProxyStatement.execute(HikariProxyStatement.java)
	at org.springframework.jdbc.datasource.init.ScriptUtils.executeSqlScript(ScriptUtils.java:605)
	... 31 common frames omitted
2023-11-23 14:46:41,671 INFO com.fabienit.flyingclub.AeroclubApiApplication [main] Starting AeroclubApiApplication on FABPC with PID 7568 (started by FaB PC in C:\Users\FaB\Git\Projet 12\aeroclubp12)
2023-11-23 14:46:41,675 DEBUG com.fabienit.flyingclub.AeroclubApiApplication [main] Running with Spring Boot v2.2.1.RELEASE, Spring v5.2.1.RELEASE
2023-11-23 14:46:41,675 INFO com.fabienit.flyingclub.AeroclubApiApplication [main] The following profiles are active: dev
2023-11-23 14:46:46,709 ERROR org.springframework.boot.SpringApplication [main] Application run failed
org.springframework.beans.factory.BeanCreationException: Error creating bean with name 'entityManagerFactory' defined in class path resource [org/springframework/boot/autoconfigure/orm/jpa/HibernateJpaConfiguration.class]: Initialization of bean failed; nested exception is org.springframework.jdbc.datasource.init.ScriptStatementFailedException: Failed to execute SQL script statement #2 of URL [file:/C:/Users/FaB/Git/Projet%2012/aeroclubp12/backendApiAeroclub/target/classes/data.sql]: insert into flying_club ( oaci, name, phonenumber, mail, address, postalCode, city ) VALUES ( 'LFJR', 'Aéroclub Passion', '0241000000', 'aeroclubpassion@test.fr', '1 rue de la paix', '49560', 'Marcé' ); nested exception is org.h2.jdbc.JdbcSQLSyntaxErrorException: Colonne "PHONENUMBER" non trouvée
Column "PHONENUMBER" not found; SQL statement:
insert into flying_club ( oaci, name, phonenumber, mail, address, postalCode, city ) VALUES ( 'LFJR', 'Aéroclub Passion', '0241000000', 'aeroclubpassion@test.fr', '1 rue de la paix', '49560', 'Marcé' ) [42122-200]
	at org.springframework.beans.factory.support.AbstractAutowireCapableBeanFactory.doCreateBean(AbstractAutowireCapableBeanFactory.java:603)
	at org.springframework.beans.factory.support.AbstractAutowireCapableBeanFactory.createBean(AbstractAutowireCapableBeanFactory.java:517)
	at org.springframework.beans.factory.support.AbstractBeanFactory.lambda$doGetBean$0(AbstractBeanFactory.java:323)
	at org.springframework.beans.factory.support.DefaultSingletonBeanRegistry.getSingleton(DefaultSingletonBeanRegistry.java:222)
	at org.springframework.beans.factory.support.AbstractBeanFactory.doGetBean(AbstractBeanFactory.java:321)
	at org.springframework.beans.factory.support.AbstractBeanFactory.getBean(AbstractBeanFactory.java:202)
	at org.springframework.context.support.AbstractApplicationContext.getBean(AbstractApplicationContext.java:1108)
	at org.springframework.context.support.AbstractApplicationContext.finishBeanFactoryInitialization(AbstractApplicationContext.java:868)
	at org.springframework.context.support.AbstractApplicationContext.refresh(AbstractApplicationContext.java:550)
	at org.springframework.boot.web.servlet.context.ServletWebServerApplicationContext.refresh(ServletWebServerApplicationContext.java:141)
	at org.springframework.boot.SpringApplication.refresh(SpringApplication.java:747)
	at org.springframework.boot.SpringApplication.refreshContext(SpringApplication.java:397)
	at org.springframework.boot.SpringApplication.run(SpringApplication.java:315)
	at org.springframework.boot.SpringApplication.run(SpringApplication.java:1226)
	at org.springframework.boot.SpringApplication.run(SpringApplication.java:1215)
	at com.fabienit.flyingclub.AeroclubApiApplication.main(AeroclubApiApplication.java:24)
Caused by: org.springframework.jdbc.datasource.init.ScriptStatementFailedException: Failed to execute SQL script statement #2 of URL [file:/C:/Users/FaB/Git/Projet%2012/aeroclubp12/backendApiAeroclub/target/classes/data.sql]: insert into flying_club ( oaci, name, phonenumber, mail, address, postalCode, city ) VALUES ( 'LFJR', 'Aéroclub Passion', '0241000000', 'aeroclubpassion@test.fr', '1 rue de la paix', '49560', 'Marcé' ); nested exception is org.h2.jdbc.JdbcSQLSyntaxErrorException: Colonne "PHONENUMBER" non trouvée
Column "PHONENUMBER" not found; SQL statement:
insert into flying_club ( oaci, name, phonenumber, mail, address, postalCode, city ) VALUES ( 'LFJR', 'Aéroclub Passion', '0241000000', 'aeroclubpassion@test.fr', '1 rue de la paix', '49560', 'Marcé' ) [42122-200]
	at org.springframework.jdbc.datasource.init.ScriptUtils.executeSqlScript(ScriptUtils.java:626)
	at org.springframework.jdbc.datasource.init.ResourceDatabasePopulator.populate(ResourceDatabasePopulator.java:254)
	at org.springframework.jdbc.datasource.init.DatabasePopulatorUtils.execute(DatabasePopulatorUtils.java:49)
	at org.springframework.boot.autoconfigure.jdbc.DataSourceInitializer.runScripts(DataSourceInitializer.java:202)
	at org.springframework.boot.autoconfigure.jdbc.DataSourceInitializer.initSchema(DataSourceInitializer.java:119)
	at org.springframework.boot.autoconfigure.jdbc.DataSourceInitializerInvoker.onApplicationEvent(DataSourceInitializerInvoker.java:91)
	at org.springframework.boot.autoconfigure.jdbc.DataSourceInitializerInvoker.onApplicationEvent(DataSourceInitializerInvoker.java:38)
	at org.springframework.context.event.SimpleApplicationEventMulticaster.doInvokeListener(SimpleApplicationEventMulticaster.java:172)
	at org.springframework.context.event.SimpleApplicationEventMulticaster.invokeListener(SimpleApplicationEventMulticaster.java:165)
	at org.springframework.context.event.SimpleApplicationEventMulticaster.multicastEvent(SimpleApplicationEventMulticaster.java:139)
	at org.springframework.context.support.AbstractApplicationContext.publishEvent(AbstractApplicationContext.java:403)
	at org.springframework.context.support.AbstractApplicationContext.publishEvent(AbstractApplicationContext.java:360)
	at org.springframework.boot.autoconfigure.orm.jpa.DataSourceInitializedPublisher.publishEventIfRequired(DataSourceInitializedPublisher.java:99)
	at org.springframework.boot.autoconfigure.orm.jpa.DataSourceInitializedPublisher.postProcessAfterInitialization(DataSourceInitializedPublisher.java:90)
	at org.springframework.beans.factory.support.AbstractAutowireCapableBeanFactory.applyBeanPostProcessorsAfterInitialization(AbstractAutowireCapableBeanFactory.java:431)
	at org.springframework.beans.factory.support.AbstractAutowireCapableBeanFactory.initializeBean(AbstractAutowireCapableBeanFactory.java:1807)
	at org.springframework.beans.factory.support.AbstractAutowireCapableBeanFactory.doCreateBean(AbstractAutowireCapableBeanFactory.java:595)
	... 15 common frames omitted
Caused by: org.h2.jdbc.JdbcSQLSyntaxErrorException: Colonne "PHONENUMBER" non trouvée
Column "PHONENUMBER" not found; SQL statement:
insert into flying_club ( oaci, name, phonenumber, mail, address, postalCode, city ) VALUES ( 'LFJR', 'Aéroclub Passion', '0241000000', 'aeroclubpassion@test.fr', '1 rue de la paix', '49560', 'Marcé' ) [42122-200]
	at org.h2.message.DbException.getJdbcSQLException(DbException.java:453)
	at org.h2.message.DbException.getJdbcSQLException(DbException.java:429)
	at org.h2.message.DbException.get(DbException.java:205)
	at org.h2.message.DbException.get(DbException.java:181)
	at org.h2.table.Table.getColumn(Table.java:703)
	at org.h2.command.Parser.parseColumn(Parser.java:1450)
	at org.h2.command.Parser.parseColumnList(Parser.java:1435)
	at org.h2.command.Parser.parseInsertGivenTable(Parser.java:1804)
	at org.h2.command.Parser.parseInsert(Parser.java:1749)
	at org.h2.command.Parser.parsePrepared(Parser.java:954)
	at org.h2.command.Parser.parse(Parser.java:843)
	at org.h2.command.Parser.parse(Parser.java:815)
	at org.h2.command.Parser.prepareCommand(Parser.java:738)
	at org.h2.engine.Session.prepareLocal(Session.java:657)
	at org.h2.engine.Session.prepareCommand(Session.java:595)
	at org.h2.jdbc.JdbcConnection.prepareCommand(JdbcConnection.java:1235)
	at org.h2.jdbc.JdbcStatement.executeInternal(JdbcStatement.java:212)
	at org.h2.jdbc.JdbcStatement.execute(JdbcStatement.java:201)
	at com.zaxxer.hikari.pool.ProxyStatement.execute(ProxyStatement.java:95)
	at com.zaxxer.hikari.pool.HikariProxyStatement.execute(HikariProxyStatement.java)
	at org.springframework.jdbc.datasource.init.ScriptUtils.executeSqlScript(ScriptUtils.java:605)
	... 31 common frames omitted
2023-11-23 14:48:03,585 INFO com.fabienit.flyingclub.AeroclubApiApplication [main] Starting AeroclubApiApplication on FABPC with PID 2124 (started by FaB PC in C:\Users\FaB\Git\Projet 12\aeroclubp12)
2023-11-23 14:48:03,589 DEBUG com.fabienit.flyingclub.AeroclubApiApplication [main] Running with Spring Boot v2.2.1.RELEASE, Spring v5.2.1.RELEASE
2023-11-23 14:48:03,589 INFO com.fabienit.flyingclub.AeroclubApiApplication [main] The following profiles are active: dev
2023-11-23 14:48:08,677 ERROR org.springframework.boot.SpringApplication [main] Application run failed
org.springframework.beans.factory.BeanCreationException: Error creating bean with name 'entityManagerFactory' defined in class path resource [org/springframework/boot/autoconfigure/orm/jpa/HibernateJpaConfiguration.class]: Initialization of bean failed; nested exception is org.springframework.jdbc.datasource.init.ScriptStatementFailedException: Failed to execute SQL script statement #2 of URL [file:/C:/Users/FaB/Git/Projet%2012/aeroclubp12/backendApiAeroclub/target/classes/data.sql]: insert into flying_club ( oaci, name, phonenumber, mail, address, postalCode, city ) VALUES ( 'LFJR', 'Aéroclub Passion', '0241000000', 'aeroclubpassion@test.fr', '1 rue de la paix', '49560', 'Marcé' ); nested exception is org.h2.jdbc.JdbcSQLSyntaxErrorException: Colonne "POSTALCODE" non trouvée
Column "POSTALCODE" not found; SQL statement:
insert into flying_club ( oaci, name, phonenumber, mail, address, postalCode, city ) VALUES ( 'LFJR', 'Aéroclub Passion', '0241000000', 'aeroclubpassion@test.fr', '1 rue de la paix', '49560', 'Marcé' ) [42122-200]
	at org.springframework.beans.factory.support.AbstractAutowireCapableBeanFactory.doCreateBean(AbstractAutowireCapableBeanFactory.java:603)
	at org.springframework.beans.factory.support.AbstractAutowireCapableBeanFactory.createBean(AbstractAutowireCapableBeanFactory.java:517)
	at org.springframework.beans.factory.support.AbstractBeanFactory.lambda$doGetBean$0(AbstractBeanFactory.java:323)
	at org.springframework.beans.factory.support.DefaultSingletonBeanRegistry.getSingleton(DefaultSingletonBeanRegistry.java:222)
	at org.springframework.beans.factory.support.AbstractBeanFactory.doGetBean(AbstractBeanFactory.java:321)
	at org.springframework.beans.factory.support.AbstractBeanFactory.getBean(AbstractBeanFactory.java:202)
	at org.springframework.context.support.AbstractApplicationContext.getBean(AbstractApplicationContext.java:1108)
	at org.springframework.context.support.AbstractApplicationContext.finishBeanFactoryInitialization(AbstractApplicationContext.java:868)
	at org.springframework.context.support.AbstractApplicationContext.refresh(AbstractApplicationContext.java:550)
	at org.springframework.boot.web.servlet.context.ServletWebServerApplicationContext.refresh(ServletWebServerApplicationContext.java:141)
	at org.springframework.boot.SpringApplication.refresh(SpringApplication.java:747)
	at org.springframework.boot.SpringApplication.refreshContext(SpringApplication.java:397)
	at org.springframework.boot.SpringApplication.run(SpringApplication.java:315)
	at org.springframework.boot.SpringApplication.run(SpringApplication.java:1226)
	at org.springframework.boot.SpringApplication.run(SpringApplication.java:1215)
	at com.fabienit.flyingclub.AeroclubApiApplication.main(AeroclubApiApplication.java:24)
Caused by: org.springframework.jdbc.datasource.init.ScriptStatementFailedException: Failed to execute SQL script statement #2 of URL [file:/C:/Users/FaB/Git/Projet%2012/aeroclubp12/backendApiAeroclub/target/classes/data.sql]: insert into flying_club ( oaci, name, phonenumber, mail, address, postalCode, city ) VALUES ( 'LFJR', 'Aéroclub Passion', '0241000000', 'aeroclubpassion@test.fr', '1 rue de la paix', '49560', 'Marcé' ); nested exception is org.h2.jdbc.JdbcSQLSyntaxErrorException: Colonne "POSTALCODE" non trouvée
Column "POSTALCODE" not found; SQL statement:
insert into flying_club ( oaci, name, phonenumber, mail, address, postalCode, city ) VALUES ( 'LFJR', 'Aéroclub Passion', '0241000000', 'aeroclubpassion@test.fr', '1 rue de la paix', '49560', 'Marcé' ) [42122-200]
	at org.springframework.jdbc.datasource.init.ScriptUtils.executeSqlScript(ScriptUtils.java:626)
	at org.springframework.jdbc.datasource.init.ResourceDatabasePopulator.populate(ResourceDatabasePopulator.java:254)
	at org.springframework.jdbc.datasource.init.DatabasePopulatorUtils.execute(DatabasePopulatorUtils.java:49)
	at org.springframework.boot.autoconfigure.jdbc.DataSourceInitializer.runScripts(DataSourceInitializer.java:202)
	at org.springframework.boot.autoconfigure.jdbc.DataSourceInitializer.initSchema(DataSourceInitializer.java:119)
	at org.springframework.boot.autoconfigure.jdbc.DataSourceInitializerInvoker.onApplicationEvent(DataSourceInitializerInvoker.java:91)
	at org.springframework.boot.autoconfigure.jdbc.DataSourceInitializerInvoker.onApplicationEvent(DataSourceInitializerInvoker.java:38)
	at org.springframework.context.event.SimpleApplicationEventMulticaster.doInvokeListener(SimpleApplicationEventMulticaster.java:172)
	at org.springframework.context.event.SimpleApplicationEventMulticaster.invokeListener(SimpleApplicationEventMulticaster.java:165)
	at org.springframework.context.event.SimpleApplicationEventMulticaster.multicastEvent(SimpleApplicationEventMulticaster.java:139)
	at org.springframework.context.support.AbstractApplicationContext.publishEvent(AbstractApplicationContext.java:403)
	at org.springframework.context.support.AbstractApplicationContext.publishEvent(AbstractApplicationContext.java:360)
	at org.springframework.boot.autoconfigure.orm.jpa.DataSourceInitializedPublisher.publishEventIfRequired(DataSourceInitializedPublisher.java:99)
	at org.springframework.boot.autoconfigure.orm.jpa.DataSourceInitializedPublisher.postProcessAfterInitialization(DataSourceInitializedPublisher.java:90)
	at org.springframework.beans.factory.support.AbstractAutowireCapableBeanFactory.applyBeanPostProcessorsAfterInitialization(AbstractAutowireCapableBeanFactory.java:431)
	at org.springframework.beans.factory.support.AbstractAutowireCapableBeanFactory.initializeBean(AbstractAutowireCapableBeanFactory.java:1807)
	at org.springframework.beans.factory.support.AbstractAutowireCapableBeanFactory.doCreateBean(AbstractAutowireCapableBeanFactory.java:595)
	... 15 common frames omitted
Caused by: org.h2.jdbc.JdbcSQLSyntaxErrorException: Colonne "POSTALCODE" non trouvée
Column "POSTALCODE" not found; SQL statement:
insert into flying_club ( oaci, name, phonenumber, mail, address, postalCode, city ) VALUES ( 'LFJR', 'Aéroclub Passion', '0241000000', 'aeroclubpassion@test.fr', '1 rue de la paix', '49560', 'Marcé' ) [42122-200]
	at org.h2.message.DbException.getJdbcSQLException(DbException.java:453)
	at org.h2.message.DbException.getJdbcSQLException(DbException.java:429)
	at org.h2.message.DbException.get(DbException.java:205)
	at org.h2.message.DbException.get(DbException.java:181)
	at org.h2.table.Table.getColumn(Table.java:703)
	at org.h2.command.Parser.parseColumn(Parser.java:1450)
	at org.h2.command.Parser.parseColumnList(Parser.java:1435)
	at org.h2.command.Parser.parseInsertGivenTable(Parser.java:1804)
	at org.h2.command.Parser.parseInsert(Parser.java:1749)
	at org.h2.command.Parser.parsePrepared(Parser.java:954)
	at org.h2.command.Parser.parse(Parser.java:843)
	at org.h2.command.Parser.parse(Parser.java:815)
	at org.h2.command.Parser.prepareCommand(Parser.java:738)
	at org.h2.engine.Session.prepareLocal(Session.java:657)
	at org.h2.engine.Session.prepareCommand(Session.java:595)
	at org.h2.jdbc.JdbcConnection.prepareCommand(JdbcConnection.java:1235)
	at org.h2.jdbc.JdbcStatement.executeInternal(JdbcStatement.java:212)
	at org.h2.jdbc.JdbcStatement.execute(JdbcStatement.java:201)
	at com.zaxxer.hikari.pool.ProxyStatement.execute(ProxyStatement.java:95)
	at com.zaxxer.hikari.pool.HikariProxyStatement.execute(HikariProxyStatement.java)
	at org.springframework.jdbc.datasource.init.ScriptUtils.executeSqlScript(ScriptUtils.java:605)
	... 31 common frames omitted
2023-11-23 14:48:46,646 INFO com.fabienit.flyingclub.AeroclubApiApplication [main] Starting AeroclubApiApplication on FABPC with PID 14020 (started by FaB PC in C:\Users\FaB\Git\Projet 12\aeroclubp12)
2023-11-23 14:48:46,650 DEBUG com.fabienit.flyingclub.AeroclubApiApplication [main] Running with Spring Boot v2.2.1.RELEASE, Spring v5.2.1.RELEASE
2023-11-23 14:48:46,650 INFO com.fabienit.flyingclub.AeroclubApiApplication [main] The following profiles are active: dev
2023-11-23 14:48:53,025 DEBUG com.fabienit.flyingclub.configuration.SwaggerConfig$$EnhancerBySpringCGLIB$$987aa265 [main] Set Swagger2 documentation
2023-11-23 14:48:53,908 INFO com.fabienit.flyingclub.AeroclubApiApplication [main] Started AeroclubApiApplication in 7.695 seconds (JVM running for 8.812)
2023-11-23 14:49:15,955 INFO com.fabienit.flyingclub.web.controllers.FlyingClubController [http-nio-8001-exec-8] Providing aircraft resource from database: all aircraft list
2023-11-23 14:49:20,214 INFO com.fabienit.flyingclub.web.controllers.RegisteredUserController [http-nio-8001-exec-1] Search user by email: test1@gmail.com
2023-11-23 14:49:21,144 INFO com.fabienit.flyingclub.web.controllers.FlyingClubController [http-nio-8001-exec-9] Providing aircraft resource from database: all aircraft list
2023-11-23 14:50:35,957 INFO com.fabienit.flyingclub.AeroclubApiApplication [main] Starting AeroclubApiApplication on FABPC with PID 8496 (started by FaB PC in C:\Users\FaB\Git\Projet 12\aeroclubp12)
2023-11-23 14:50:35,961 DEBUG com.fabienit.flyingclub.AeroclubApiApplication [main] Running with Spring Boot v2.2.1.RELEASE, Spring v5.2.1.RELEASE
2023-11-23 14:50:35,961 INFO com.fabienit.flyingclub.AeroclubApiApplication [main] The following profiles are active: dev
2023-11-23 14:50:44,554 DEBUG com.fabienit.flyingclub.configuration.SwaggerConfig$$EnhancerBySpringCGLIB$$c910ae3b [main] Set Swagger2 documentation
2023-11-23 14:50:45,560 INFO com.fabienit.flyingclub.AeroclubApiApplication [main] Started AeroclubApiApplication in 10.068 seconds (JVM running for 11.519)
2023-11-23 14:52:14,786 INFO com.fabienit.flyingclub.web.controllers.FlyingClubController [http-nio-8001-exec-1] Providing aircraft resource from database: all aircraft list
2023-11-23 14:54:33,615 INFO com.fabienit.flyingclub.web.controllers.FlyingClubController [http-nio-8001-exec-3] Providing aircraft resource from database: all aircraft list
2023-11-23 14:55:25,820 INFO com.fabienit.flyingclub.web.controllers.FlyingClubController [http-nio-8001-exec-6] Providing aircraft resource from database: all aircraft list
2023-11-23 14:55:30,665 INFO com.fabienit.flyingclub.web.controllers.FlyingClubController [http-nio-8001-exec-8] Providing aircraft resource from database: aircraft id: 1
2023-11-23 14:59:27,411 INFO com.fabienit.flyingclub.AeroclubApiApplication [main] Starting AeroclubApiApplication on FABPC with PID 5116 (started by FaB PC in C:\Users\FaB\Git\Projet 12\aeroclubp12)
2023-11-23 14:59:27,415 DEBUG com.fabienit.flyingclub.AeroclubApiApplication [main] Running with Spring Boot v2.2.1.RELEASE, Spring v5.2.1.RELEASE
2023-11-23 14:59:27,415 INFO com.fabienit.flyingclub.AeroclubApiApplication [main] The following profiles are active: dev
2023-11-23 14:59:34,003 DEBUG com.fabienit.flyingclub.configuration.SwaggerConfig$$EnhancerBySpringCGLIB$$453927e0 [main] Set Swagger2 documentation
2023-11-23 14:59:34,887 INFO com.fabienit.flyingclub.AeroclubApiApplication [main] Started AeroclubApiApplication in 7.919 seconds (JVM running for 9.135)
2023-11-23 14:59:40,770 INFO com.fabienit.flyingclub.web.controllers.FlyingClubController [http-nio-8001-exec-1] Providing aircraft resource from database: all aircraft list
2023-11-23 14:59:41,096 ERROR org.apache.catalina.core.ContainerBase.[Tomcat].[localhost].[/].[dispatcherServlet] [http-nio-8001-exec-1] Servlet.service() for servlet [dispatcherServlet] in context with path [] threw exception [Request processing failed; nested exception is java.lang.ClassCastException: class java.util.ArrayList cannot be cast to class com.fabienit.flyingclub.model.beans.FlyingClub (java.util.ArrayList is in module java.base of loader 'bootstrap'; com.fabienit.flyingclub.model.beans.FlyingClub is in unnamed module of loader 'app')] with root cause
java.lang.ClassCastException: class java.util.ArrayList cannot be cast to class com.fabienit.flyingclub.model.beans.FlyingClub (java.util.ArrayList is in module java.base of loader 'bootstrap'; com.fabienit.flyingclub.model.beans.FlyingClub is in unnamed module of loader 'app')
	at com.fabienit.flyingclub.web.controllers.FlyingClubController.getFlyingClub(FlyingClubController.java:49)
	at com.fabienit.flyingclub.web.controllers.FlyingClubController$$FastClassBySpringCGLIB$$5a425550.invoke(<generated>)
	at org.springframework.cglib.proxy.MethodProxy.invoke(MethodProxy.java:218)
	at org.springframework.aop.framework.CglibAopProxy$CglibMethodInvocation.invokeJoinpoint(CglibAopProxy.java:769)
	at org.springframework.aop.framework.ReflectiveMethodInvocation.proceed(ReflectiveMethodInvocation.java:163)
	at org.springframework.aop.framework.CglibAopProxy$CglibMethodInvocation.proceed(CglibAopProxy.java:747)
	at org.springframework.validation.beanvalidation.MethodValidationInterceptor.invoke(MethodValidationInterceptor.java:120)
	at org.springframework.aop.framework.ReflectiveMethodInvocation.proceed(ReflectiveMethodInvocation.java:186)
	at org.springframework.aop.framework.CglibAopProxy$CglibMethodInvocation.proceed(CglibAopProxy.java:747)
	at org.springframework.aop.framework.CglibAopProxy$DynamicAdvisedInterceptor.intercept(CglibAopProxy.java:689)
	at com.fabienit.flyingclub.web.controllers.FlyingClubController$$EnhancerBySpringCGLIB$$da3e37a4.getFlyingClub(<generated>)
	at java.base/jdk.internal.reflect.NativeMethodAccessorImpl.invoke0(Native Method)
	at java.base/jdk.internal.reflect.NativeMethodAccessorImpl.invoke(NativeMethodAccessorImpl.java:78)
	at java.base/jdk.internal.reflect.DelegatingMethodAccessorImpl.invoke(DelegatingMethodAccessorImpl.java:43)
	at java.base/java.lang.reflect.Method.invoke(Method.java:567)
	at org.springframework.web.method.support.InvocableHandlerMethod.doInvoke(InvocableHandlerMethod.java:190)
	at org.springframework.web.method.support.InvocableHandlerMethod.invokeForRequest(InvocableHandlerMethod.java:138)
	at org.springframework.web.servlet.mvc.method.annotation.ServletInvocableHandlerMethod.invokeAndHandle(ServletInvocableHandlerMethod.java:106)
	at org.springframework.web.servlet.mvc.method.annotation.RequestMappingHandlerAdapter.invokeHandlerMethod(RequestMappingHandlerAdapter.java:888)
	at org.springframework.web.servlet.mvc.method.annotation.RequestMappingHandlerAdapter.handleInternal(RequestMappingHandlerAdapter.java:793)
	at org.springframework.web.servlet.mvc.method.AbstractHandlerMethodAdapter.handle(AbstractHandlerMethodAdapter.java:87)
	at org.springframework.web.servlet.DispatcherServlet.doDispatch(DispatcherServlet.java:1040)
	at org.springframework.web.servlet.DispatcherServlet.doService(DispatcherServlet.java:943)
	at org.springframework.web.servlet.FrameworkServlet.processRequest(FrameworkServlet.java:1006)
	at org.springframework.web.servlet.FrameworkServlet.doGet(FrameworkServlet.java:898)
	at javax.servlet.http.HttpServlet.service(HttpServlet.java:634)
	at org.springframework.web.servlet.FrameworkServlet.service(FrameworkServlet.java:883)
	at javax.servlet.http.HttpServlet.service(HttpServlet.java:741)
	at org.apache.catalina.core.ApplicationFilterChain.internalDoFilter(ApplicationFilterChain.java:231)
	at org.apache.catalina.core.ApplicationFilterChain.doFilter(ApplicationFilterChain.java:166)
	at org.apache.tomcat.websocket.server.WsFilter.doFilter(WsFilter.java:53)
	at org.apache.catalina.core.ApplicationFilterChain.internalDoFilter(ApplicationFilterChain.java:193)
	at org.apache.catalina.core.ApplicationFilterChain.doFilter(ApplicationFilterChain.java:166)
	at org.springframework.security.web.FilterChainProxy$VirtualFilterChain.doFilter(FilterChainProxy.java:320)
	at org.springframework.security.web.access.intercept.FilterSecurityInterceptor.invoke(FilterSecurityInterceptor.java:126)
	at org.springframework.security.web.access.intercept.FilterSecurityInterceptor.doFilter(FilterSecurityInterceptor.java:90)
	at org.springframework.security.web.FilterChainProxy$VirtualFilterChain.doFilter(FilterChainProxy.java:334)
	at org.springframework.security.web.access.ExceptionTranslationFilter.doFilter(ExceptionTranslationFilter.java:118)
	at org.springframework.security.web.FilterChainProxy$VirtualFilterChain.doFilter(FilterChainProxy.java:334)
	at org.springframework.security.web.session.SessionManagementFilter.doFilter(SessionManagementFilter.java:137)
	at org.springframework.security.web.FilterChainProxy$VirtualFilterChain.doFilter(FilterChainProxy.java:334)
	at org.springframework.security.web.authentication.AnonymousAuthenticationFilter.doFilter(AnonymousAuthenticationFilter.java:111)
	at org.springframework.security.web.FilterChainProxy$VirtualFilterChain.doFilter(FilterChainProxy.java:334)
	at org.springframework.security.web.servletapi.SecurityContextHolderAwareRequestFilter.doFilter(SecurityContextHolderAwareRequestFilter.java:158)
	at org.springframework.security.web.FilterChainProxy$VirtualFilterChain.doFilter(FilterChainProxy.java:334)
	at org.springframework.security.web.savedrequest.RequestCacheAwareFilter.doFilter(RequestCacheAwareFilter.java:63)
	at org.springframework.security.web.FilterChainProxy$VirtualFilterChain.doFilter(FilterChainProxy.java:334)
	at org.springframework.security.web.authentication.www.BasicAuthenticationFilter.doFilterInternal(BasicAuthenticationFilter.java:203)
	at org.springframework.web.filter.OncePerRequestFilter.doFilter(OncePerRequestFilter.java:119)
	at org.springframework.security.web.FilterChainProxy$VirtualFilterChain.doFilter(FilterChainProxy.java:334)
	at org.springframework.security.web.authentication.logout.LogoutFilter.doFilter(LogoutFilter.java:116)
	at org.springframework.security.web.FilterChainProxy$VirtualFilterChain.doFilter(FilterChainProxy.java:334)
	at org.springframework.security.web.header.HeaderWriterFilter.doHeadersAfter(HeaderWriterFilter.java:92)
	at org.springframework.security.web.header.HeaderWriterFilter.doFilterInternal(HeaderWriterFilter.java:77)
	at org.springframework.web.filter.OncePerRequestFilter.doFilter(OncePerRequestFilter.java:119)
	at org.springframework.security.web.FilterChainProxy$VirtualFilterChain.doFilter(FilterChainProxy.java:334)
	at org.springframework.security.web.context.SecurityContextPersistenceFilter.doFilter(SecurityContextPersistenceFilter.java:105)
	at org.springframework.security.web.FilterChainProxy$VirtualFilterChain.doFilter(FilterChainProxy.java:334)
	at org.springframework.security.web.context.request.async.WebAsyncManagerIntegrationFilter.doFilterInternal(WebAsyncManagerIntegrationFilter.java:56)
	at org.springframework.web.filter.OncePerRequestFilter.doFilter(OncePerRequestFilter.java:119)
	at org.springframework.security.web.FilterChainProxy$VirtualFilterChain.doFilter(FilterChainProxy.java:334)
	at org.springframework.security.web.FilterChainProxy.doFilterInternal(FilterChainProxy.java:215)
	at org.springframework.security.web.FilterChainProxy.doFilter(FilterChainProxy.java:178)
	at org.springframework.web.filter.DelegatingFilterProxy.invokeDelegate(DelegatingFilterProxy.java:358)
	at org.springframework.web.filter.DelegatingFilterProxy.doFilter(DelegatingFilterProxy.java:271)
	at org.apache.catalina.core.ApplicationFilterChain.internalDoFilter(ApplicationFilterChain.java:193)
	at org.apache.catalina.core.ApplicationFilterChain.doFilter(ApplicationFilterChain.java:166)
	at org.springframework.web.filter.RequestContextFilter.doFilterInternal(RequestContextFilter.java:100)
	at org.springframework.web.filter.OncePerRequestFilter.doFilter(OncePerRequestFilter.java:119)
	at org.apache.catalina.core.ApplicationFilterChain.internalDoFilter(ApplicationFilterChain.java:193)
	at org.apache.catalina.core.ApplicationFilterChain.doFilter(ApplicationFilterChain.java:166)
	at org.springframework.web.filter.FormContentFilter.doFilterInternal(FormContentFilter.java:93)
	at org.springframework.web.filter.OncePerRequestFilter.doFilter(OncePerRequestFilter.java:119)
	at org.apache.catalina.core.ApplicationFilterChain.internalDoFilter(ApplicationFilterChain.java:193)
	at org.apache.catalina.core.ApplicationFilterChain.doFilter(ApplicationFilterChain.java:166)
	at org.springframework.web.filter.CharacterEncodingFilter.doFilterInternal(CharacterEncodingFilter.java:201)
	at org.springframework.web.filter.OncePerRequestFilter.doFilter(OncePerRequestFilter.java:119)
	at org.apache.catalina.core.ApplicationFilterChain.internalDoFilter(ApplicationFilterChain.java:193)
	at org.apache.catalina.core.ApplicationFilterChain.doFilter(ApplicationFilterChain.java:166)
	at org.apache.catalina.core.StandardWrapperValve.invoke(StandardWrapperValve.java:202)
	at org.apache.catalina.core.StandardContextValve.invoke(StandardContextValve.java:96)
	at org.apache.catalina.authenticator.AuthenticatorBase.invoke(AuthenticatorBase.java:526)
	at org.apache.catalina.core.StandardHostValve.invoke(StandardHostValve.java:139)
	at org.apache.catalina.valves.ErrorReportValve.invoke(ErrorReportValve.java:92)
	at org.apache.catalina.core.StandardEngineValve.invoke(StandardEngineValve.java:74)
	at org.apache.catalina.connector.CoyoteAdapter.service(CoyoteAdapter.java:343)
	at org.apache.coyote.http11.Http11Processor.service(Http11Processor.java:408)
	at org.apache.coyote.AbstractProcessorLight.process(AbstractProcessorLight.java:66)
	at org.apache.coyote.AbstractProtocol$ConnectionHandler.process(AbstractProtocol.java:861)
	at org.apache.tomcat.util.net.NioEndpoint$SocketProcessor.doRun(NioEndpoint.java:1579)
	at org.apache.tomcat.util.net.SocketProcessorBase.run(SocketProcessorBase.java:49)
	at java.base/java.util.concurrent.ThreadPoolExecutor.runWorker(ThreadPoolExecutor.java:1130)
	at java.base/java.util.concurrent.ThreadPoolExecutor$Worker.run(ThreadPoolExecutor.java:630)
	at org.apache.tomcat.util.threads.TaskThread$WrappingRunnable.run(TaskThread.java:61)
	at java.base/java.lang.Thread.run(Thread.java:831)
2023-11-23 15:02:21,179 INFO com.fabienit.flyingclub.AeroclubApiApplication [main] Starting AeroclubApiApplication on FABPC with PID 13512 (started by FaB PC in C:\Users\FaB\Git\Projet 12\aeroclubp12)
2023-11-23 15:02:21,183 DEBUG com.fabienit.flyingclub.AeroclubApiApplication [main] Running with Spring Boot v2.2.1.RELEASE, Spring v5.2.1.RELEASE
2023-11-23 15:02:21,183 INFO com.fabienit.flyingclub.AeroclubApiApplication [main] The following profiles are active: dev
2023-11-23 15:02:31,656 DEBUG com.fabienit.flyingclub.configuration.SwaggerConfig$$EnhancerBySpringCGLIB$$e6cf1617 [main] Set Swagger2 documentation
2023-11-23 15:02:32,661 INFO com.fabienit.flyingclub.AeroclubApiApplication [main] Started AeroclubApiApplication in 12.046 seconds (JVM running for 13.255)
2023-11-23 15:02:46,822 INFO com.fabienit.flyingclub.web.controllers.FlyingClubController [http-nio-8001-exec-1] Providing aircraft resource from database: all aircraft list
2023-11-23 15:04:33,778 INFO com.fabienit.flyingclub.web.controllers.FlyingClubController [http-nio-8001-exec-3] Providing aircraft resource from database: all aircraft list
2023-11-23 15:09:38,823 INFO com.fabienit.flyingclub.web.controllers.FlyingClubController [http-nio-8001-exec-5] Providing aircraft resource from database: all aircraft list
2023-11-23 15:09:54,024 INFO com.fabienit.flyingclub.web.controllers.AircraftController [http-nio-8001-exec-7] Providing aircraft resource from database: all aircraft list
2023-11-23 15:09:57,421 INFO com.fabienit.flyingclub.web.controllers.FlyingClubController [http-nio-8001-exec-8] Providing aircraft resource from database: all aircraft list
2023-11-23 15:09:59,673 INFO com.fabienit.flyingclub.web.controllers.AircraftController [http-nio-8001-exec-9] Providing aircraft resource from database: all aircraft list
2023-11-23 15:10:00,744 INFO com.fabienit.flyingclub.web.controllers.FlyingClubController [http-nio-8001-exec-10] Providing aircraft resource from database: all aircraft list
2023-11-23 15:11:28,613 INFO com.fabienit.flyingclub.web.controllers.FlyingClubController [http-nio-8001-exec-2] Providing aircraft resource from database: all aircraft list
2023-11-23 15:11:55,370 INFO com.fabienit.flyingclub.web.controllers.RegisteredUserController [http-nio-8001-exec-4] Search user by email: test1@gmail.com
2023-11-23 15:11:56,506 INFO com.fabienit.flyingclub.web.controllers.FlyingClubController [http-nio-8001-exec-5] Providing aircraft resource from database: all aircraft list
2023-11-23 15:12:52,015 INFO com.fabienit.flyingclub.web.controllers.FlyingClubController [http-nio-8001-exec-7] Providing aircraft resource from database: all aircraft list
2023-11-23 15:15:11,956 INFO com.fabienit.flyingclub.web.controllers.FlyingClubController [http-nio-8001-exec-9] Providing aircraft resource from database: all aircraft list
2023-11-23 15:17:54,161 INFO com.fabienit.flyingclub.web.controllers.FlyingClubController [http-nio-8001-exec-1] Providing aircraft resource from database: all aircraft list
2023-11-23 15:25:16,715 INFO com.fabienit.flyingclub.web.controllers.AircraftController [http-nio-8001-exec-3] Providing aircraft resource from database: all aircraft list
2023-11-23 15:25:27,246 INFO com.fabienit.flyingclub.web.controllers.RegisteredUserController [http-nio-8001-exec-5] Search user by email: test1@gmail.com
2023-11-23 15:25:28,611 INFO com.fabienit.flyingclub.web.controllers.FlyingClubController [http-nio-8001-exec-6] Providing aircraft resource from database: all aircraft list
2023-11-23 15:25:34,901 INFO com.fabienit.flyingclub.web.controllers.AircraftController [http-nio-8001-exec-8] Providing aircraft resource from database: all aircraft list
2023-11-23 15:25:35,062 INFO com.fabienit.flyingclub.web.controllers.ReservationController [http-nio-8001-exec-9] Providing reservation list for registered user from database: user id: 2
2023-11-23 15:29:07,942 INFO com.fabienit.flyingclub.web.controllers.RegisteredUserController [http-nio-8001-exec-1] Search user by email: test1@gmail.com
2023-11-23 15:29:09,381 INFO com.fabienit.flyingclub.web.controllers.AircraftController [http-nio-8001-exec-2] Providing aircraft resource from database: all aircraft list
2023-11-23 15:29:09,522 INFO com.fabienit.flyingclub.web.controllers.ReservationController [http-nio-8001-exec-3] Providing reservation list for registered user from database: user id: 2
2023-11-23 16:30:53,958 INFO com.fabienit.flyingclub.web.controllers.RegisteredUserController [http-nio-8001-exec-5] Search user by email: test1@gmail.com
2023-11-23 16:30:55,307 INFO com.fabienit.flyingclub.web.controllers.AircraftController [http-nio-8001-exec-6] Providing aircraft resource from database: all aircraft list
2023-11-23 16:30:55,445 INFO com.fabienit.flyingclub.web.controllers.ReservationController [http-nio-8001-exec-7] Providing reservation list for registered user from database: user id: 2
2023-11-23 16:31:52,500 INFO com.fabienit.flyingclub.web.controllers.RegisteredUserController [http-nio-8001-exec-9] Search user by email: test1@gmail.com
2023-11-23 16:31:54,206 INFO com.fabienit.flyingclub.web.controllers.AircraftController [http-nio-8001-exec-10] Providing aircraft resource from database: all aircraft list
2023-11-23 16:31:54,365 INFO com.fabienit.flyingclub.web.controllers.ReservationController [http-nio-8001-exec-1] Providing reservation list for registered user from database: user id: 2
2023-11-23 16:33:46,779 INFO com.fabienit.flyingclub.web.controllers.RegisteredUserController [http-nio-8001-exec-3] Search user by email: test1@gmail.com
2023-11-23 16:33:48,030 INFO com.fabienit.flyingclub.web.controllers.AircraftController [http-nio-8001-exec-4] Providing aircraft resource from database: all aircraft list
2023-11-23 16:33:48,173 INFO com.fabienit.flyingclub.web.controllers.ReservationController [http-nio-8001-exec-5] Providing reservation list for registered user from database: user id: 2
2023-11-23 16:38:08,323 INFO com.fabienit.flyingclub.web.controllers.RegisteredUserController [http-nio-8001-exec-7] Search user by email: test1@gmail.com
2023-11-23 16:38:09,542 INFO com.fabienit.flyingclub.web.controllers.AircraftController [http-nio-8001-exec-8] Providing aircraft resource from database: all aircraft list
2023-11-23 16:38:09,682 INFO com.fabienit.flyingclub.web.controllers.ReservationController [http-nio-8001-exec-9] Providing reservation list for registered user from database: user id: 2
2023-11-23 16:50:03,947 INFO com.fabienit.flyingclub.web.controllers.AircraftController [http-nio-8001-exec-1] Providing aircraft resource from database: all aircraft list
2023-11-23 16:50:04,080 INFO com.fabienit.flyingclub.web.controllers.ReservationController [http-nio-8001-exec-6] Providing reservation list for registered user from database: user id: 2
2023-11-23 16:51:03,985 INFO com.fabienit.flyingclub.web.controllers.RegisteredUserController [http-nio-8001-exec-10] Search user by email: test1@gmail.com
2023-11-23 16:51:05,239 INFO com.fabienit.flyingclub.web.controllers.AircraftController [http-nio-8001-exec-8] Providing aircraft resource from database: all aircraft list
2023-11-23 16:51:05,376 INFO com.fabienit.flyingclub.web.controllers.ReservationController [http-nio-8001-exec-2] Providing reservation list for registered user from database: user id: 2
2023-11-23 16:51:44,836 INFO com.fabienit.flyingclub.web.controllers.RegisteredUserController [http-nio-8001-exec-5] Search user by email: test1@gmail.com
2023-11-23 16:51:45,991 INFO com.fabienit.flyingclub.web.controllers.AircraftController [http-nio-8001-exec-4] Providing aircraft resource from database: all aircraft list
2023-11-23 16:51:46,124 INFO com.fabienit.flyingclub.web.controllers.ReservationController [http-nio-8001-exec-7] Providing reservation list for registered user from database: user id: 2
2023-11-23 17:01:07,335 INFO com.fabienit.flyingclub.web.controllers.RegisteredUserController [http-nio-8001-exec-6] Search user by email: test1@gmail.com
2023-11-23 17:01:56,804 INFO com.fabienit.flyingclub.web.controllers.RegisteredUserController [http-nio-8001-exec-10] Search user by email: test1@gmail.com
2023-11-23 17:02:37,962 INFO com.fabienit.flyingclub.web.controllers.RegisteredUserController [http-nio-8001-exec-2] Search user by email: test1@gmail.com
2023-11-23 17:03:54,551 INFO com.fabienit.flyingclub.web.controllers.RegisteredUserController [http-nio-8001-exec-5] Search user by email: test1@gmail.com
2023-11-23 17:05:52,165 INFO com.fabienit.flyingclub.web.controllers.RegisteredUserController [http-nio-8001-exec-7] Search user by email: test1@gmail.com
2023-11-23 17:10:11,140 INFO com.fabienit.flyingclub.web.controllers.RegisteredUserController [http-nio-8001-exec-6] Search user by email: test1@gmail.com
2023-11-23 17:11:25,160 INFO com.fabienit.flyingclub.web.controllers.RegisteredUserController [http-nio-8001-exec-10] Search user by email: test1@gmail.com
2023-11-23 17:13:21,650 INFO com.fabienit.flyingclub.web.controllers.RegisteredUserController [http-nio-8001-exec-2] Search user by email: test1@gmail.com
2023-11-23 17:21:12,944 INFO com.fabienit.flyingclub.web.controllers.RegisteredUserController [http-nio-8001-exec-5] Search user by email: test1@gmail.com
2023-11-23 17:29:32,433 INFO com.fabienit.flyingclub.web.controllers.RegisteredUserController [http-nio-8001-exec-7] Search user by email: test1@gmail.com
2023-11-23 17:29:33,356 INFO com.fabienit.flyingclub.web.controllers.AircraftController [http-nio-8001-exec-1] Providing aircraft resource from database: all aircraft list
2023-11-23 17:29:33,500 INFO com.fabienit.flyingclub.web.controllers.ReservationController [http-nio-8001-exec-6] Providing reservation list for registered user from database: user id: 2
2023-11-23 17:29:41,329 INFO com.fabienit.flyingclub.web.controllers.AircraftController [http-nio-8001-exec-10] Providing aircraft resource from database: all aircraft list
2023-11-23 17:29:41,540 INFO com.fabienit.flyingclub.web.controllers.ReservationController [http-nio-8001-exec-8] Providing reservation list for registered user from database: user id: 2
2023-11-23 17:32:41,959 INFO com.fabienit.flyingclub.web.controllers.FlyingClubController [http-nio-8001-exec-9] Providing aircraft resource from database: all aircraft list
2023-11-23 17:32:43,296 INFO com.fabienit.flyingclub.web.controllers.AircraftController [http-nio-8001-exec-5] Providing aircraft resource from database: all aircraft list
2023-11-23 17:33:08,323 INFO com.fabienit.flyingclub.web.controllers.AircraftController [http-nio-8001-exec-1] Providing aircraft resource from database: all aircraft list
2023-11-23 17:34:24,026 INFO com.fabienit.flyingclub.web.controllers.AircraftController [http-nio-8001-exec-10] Providing aircraft resource from database: all aircraft list
2023-11-23 17:36:19,337 INFO com.fabienit.flyingclub.AeroclubApiApplication [main] Starting AeroclubApiApplication on FABPC with PID 8536 (started by FaB PC in C:\Users\FaB\Git\Projet 12\aeroclubp12)
2023-11-23 17:36:19,341 DEBUG com.fabienit.flyingclub.AeroclubApiApplication [main] Running with Spring Boot v2.2.1.RELEASE, Spring v5.2.1.RELEASE
2023-11-23 17:36:19,341 INFO com.fabienit.flyingclub.AeroclubApiApplication [main] The following profiles are active: dev
2023-11-23 17:36:29,529 DEBUG com.fabienit.flyingclub.configuration.SwaggerConfig$$EnhancerBySpringCGLIB$$d854b363 [main] Set Swagger2 documentation
2023-11-23 17:36:30,584 INFO com.fabienit.flyingclub.AeroclubApiApplication [main] Started AeroclubApiApplication in 11.69 seconds (JVM running for 12.783)
2023-11-23 17:40:08,452 INFO com.fabienit.flyingclub.web.controllers.AircraftController [http-nio-8001-exec-1] Providing aircraft resource from database: all aircraft list
2023-11-23 17:40:13,840 INFO com.fabienit.flyingclub.web.controllers.AircraftController [http-nio-8001-exec-2] Deleting aircraft from database: id: 3
2023-11-23 17:40:14,063 INFO com.fabienit.flyingclub.web.controllers.AircraftController [http-nio-8001-exec-3] Providing aircraft resource from database: all aircraft list
2023-11-23 17:40:34,489 INFO com.fabienit.flyingclub.web.controllers.AircraftController [http-nio-8001-exec-5] Adding new aircraft in database
2023-11-23 17:40:34,694 INFO com.fabienit.flyingclub.web.controllers.AircraftController [http-nio-8001-exec-6] Providing aircraft resource from database: all aircraft list
2023-11-23 17:50:04,801 INFO com.fabienit.flyingclub.web.controllers.AircraftController [http-nio-8001-exec-8] Providing aircraft resource from database: all aircraft list
2023-11-23 17:50:07,716 INFO com.fabienit.flyingclub.web.controllers.AircraftController [http-nio-8001-exec-9] Deleting aircraft from database: id: 6
2023-11-23 17:50:07,873 INFO com.fabienit.flyingclub.web.controllers.AircraftController [http-nio-8001-exec-10] Providing aircraft resource from database: all aircraft list
2023-11-23 17:50:27,875 INFO com.fabienit.flyingclub.web.controllers.AircraftController [http-nio-8001-exec-2] Adding new aircraft in database
2023-11-23 17:50:28,028 INFO com.fabienit.flyingclub.web.controllers.AircraftController [http-nio-8001-exec-3] Providing aircraft resource from database: all aircraft list
2023-11-23 17:52:24,175 INFO com.fabienit.flyingclub.web.controllers.AircraftController [http-nio-8001-exec-5] Adding new aircraft in database
2023-11-23 17:52:24,327 INFO com.fabienit.flyingclub.web.controllers.AircraftController [http-nio-8001-exec-6] Providing aircraft resource from database: all aircraft list
2023-11-23 17:52:29,114 INFO com.fabienit.flyingclub.web.controllers.AircraftController [http-nio-8001-exec-7] Deleting aircraft from database: id: 7
2023-11-23 17:52:29,277 INFO com.fabienit.flyingclub.web.controllers.AircraftController [http-nio-8001-exec-8] Providing aircraft resource from database: all aircraft list
2023-11-23 17:57:34,577 INFO com.fabienit.flyingclub.web.controllers.AircraftController [http-nio-8001-exec-10] Adding new aircraft in database
2023-11-23 17:57:34,733 INFO com.fabienit.flyingclub.web.controllers.AircraftController [http-nio-8001-exec-1] Providing aircraft resource from database: all aircraft list
2023-11-23 18:02:03,935 INFO com.fabienit.flyingclub.web.controllers.AircraftController [http-nio-8001-exec-3] Adding new aircraft in database
2023-11-23 18:02:04,087 INFO com.fabienit.flyingclub.web.controllers.AircraftController [http-nio-8001-exec-4] Providing aircraft resource from database: all aircraft list
2023-11-23 18:03:17,279 INFO com.fabienit.flyingclub.web.controllers.AircraftController [http-nio-8001-exec-6] Deleting aircraft from database: id: 10
2023-11-23 18:03:17,452 INFO com.fabienit.flyingclub.web.controllers.AircraftController [http-nio-8001-exec-7] Providing aircraft resource from database: all aircraft list
2023-11-23 18:03:23,823 INFO com.fabienit.flyingclub.web.controllers.AircraftController [http-nio-8001-exec-9] Adding new aircraft in database
2023-11-23 18:03:23,967 INFO com.fabienit.flyingclub.web.controllers.AircraftController [http-nio-8001-exec-10] Providing aircraft resource from database: all aircraft list
2023-11-23 18:03:54,177 INFO com.fabienit.flyingclub.web.controllers.AircraftController [http-nio-8001-exec-2] Deleting aircraft from database: id: 11
2023-11-23 18:03:54,347 INFO com.fabienit.flyingclub.web.controllers.AircraftController [http-nio-8001-exec-3] Providing aircraft resource from database: all aircraft list
2023-11-23 18:03:58,774 INFO com.fabienit.flyingclub.web.controllers.AircraftController [http-nio-8001-exec-4] Adding new aircraft in database
2023-11-23 18:03:58,918 INFO com.fabienit.flyingclub.web.controllers.AircraftController [http-nio-8001-exec-5] Providing aircraft resource from database: all aircraft list
2023-11-23 18:04:21,368 INFO com.fabienit.flyingclub.web.controllers.AircraftController [http-nio-8001-exec-7] Deleting aircraft from database: id: 12
2023-11-23 18:04:21,547 INFO com.fabienit.flyingclub.web.controllers.AircraftController [http-nio-8001-exec-8] Providing aircraft resource from database: all aircraft list
2023-11-23 18:04:27,174 INFO com.fabienit.flyingclub.web.controllers.AircraftController [http-nio-8001-exec-10] Adding new aircraft in database
2023-11-23 18:04:27,321 INFO com.fabienit.flyingclub.web.controllers.AircraftController [http-nio-8001-exec-1] Providing aircraft resource from database: all aircraft list
2023-11-23 18:05:40,320 INFO com.fabienit.flyingclub.web.controllers.RegisteredUserController [http-nio-8001-exec-10] Search user by email: test1@gmail.com
2023-11-23 18:05:42,297 INFO com.fabienit.flyingclub.web.controllers.AircraftController [http-nio-8001-exec-2] Providing aircraft resource from database: all aircraft list
2023-11-23 18:05:42,449 INFO com.fabienit.flyingclub.web.controllers.ReservationController [http-nio-8001-exec-7] Providing reservation list for registered user from database: user id: 2
2023-11-23 18:05:45,375 INFO com.fabienit.flyingclub.web.controllers.FlyingClubController [http-nio-8001-exec-9] Providing aircraft resource from database: all aircraft list
2023-11-23 18:05:47,026 INFO com.fabienit.flyingclub.web.controllers.AircraftController [http-nio-8001-exec-6] Providing aircraft resource from database: all aircraft list
2023-11-23 18:05:51,577 INFO com.fabienit.flyingclub.web.controllers.AircraftController [http-nio-8001-exec-10] Adding new aircraft in database
2023-11-23 18:05:51,722 INFO com.fabienit.flyingclub.web.controllers.AircraftController [http-nio-8001-exec-2] Providing aircraft resource from database: all aircraft list
2023-11-23 18:05:55,090 INFO com.fabienit.flyingclub.web.controllers.AircraftController [http-nio-8001-exec-9] Deleting aircraft from database: id: 8
2023-11-23 18:05:55,234 INFO com.fabienit.flyingclub.web.controllers.AircraftController [http-nio-8001-exec-6] Providing aircraft resource from database: all aircraft list
2023-11-23 18:05:57,042 INFO com.fabienit.flyingclub.web.controllers.AircraftController [http-nio-8001-exec-4] Deleting aircraft from database: id: 9
2023-11-23 18:05:57,192 INFO com.fabienit.flyingclub.web.controllers.AircraftController [http-nio-8001-exec-5] Providing aircraft resource from database: all aircraft list
2023-11-23 18:08:10,858 INFO com.fabienit.flyingclub.web.controllers.AircraftController [http-nio-8001-exec-10] Providing aircraft resource from database: all aircraft list
2023-11-23 18:09:04,374 INFO com.fabienit.flyingclub.web.controllers.AircraftController [http-nio-8001-exec-2] Adding new aircraft in database
2023-11-23 18:22:39,103 INFO com.fabienit.flyingclub.web.controllers.AircraftController [http-nio-8001-exec-1] Providing aircraft resource from database: all aircraft list
2023-11-23 18:22:44,245 INFO com.fabienit.flyingclub.web.controllers.AircraftController [http-nio-8001-exec-10] Deleting aircraft from database: id: 13
2023-11-23 18:22:44,397 INFO com.fabienit.flyingclub.web.controllers.AircraftController [http-nio-8001-exec-2] Providing aircraft resource from database: all aircraft list
2023-11-23 18:22:53,188 INFO com.fabienit.flyingclub.web.controllers.AircraftController [http-nio-8001-exec-9] Adding new aircraft in database
2023-11-23 18:22:53,351 INFO com.fabienit.flyingclub.web.controllers.AircraftController [http-nio-8001-exec-6] Adding new aircraft in database
2023-11-23 18:22:53,489 INFO com.fabienit.flyingclub.web.controllers.AircraftController [http-nio-8001-exec-4] Providing aircraft resource from database: all aircraft list
2023-11-23 18:23:00,773 INFO com.fabienit.flyingclub.web.controllers.AircraftController [http-nio-8001-exec-5] Deleting aircraft from database: id: 16
2023-11-23 18:23:00,953 INFO com.fabienit.flyingclub.web.controllers.AircraftController [http-nio-8001-exec-1] Providing aircraft resource from database: all aircraft list
2023-11-23 21:28:02,184 INFO com.fabienit.flyingclub.AeroclubApiApplication [main] Starting AeroclubApiApplication on FABPC with PID 11920 (started by FaB PC in C:\Users\FaB\Git\Projet 12\aeroclubp12)
2023-11-23 21:28:02,192 DEBUG com.fabienit.flyingclub.AeroclubApiApplication [main] Running with Spring Boot v2.2.1.RELEASE, Spring v5.2.1.RELEASE
2023-11-23 21:28:02,192 INFO com.fabienit.flyingclub.AeroclubApiApplication [main] The following profiles are active: dev
2023-11-23 21:28:10,852 DEBUG com.fabienit.flyingclub.configuration.SwaggerConfig$$EnhancerBySpringCGLIB$$2432b6f7 [main] Set Swagger2 documentation
2023-11-23 21:28:12,102 INFO com.fabienit.flyingclub.AeroclubApiApplication [main] Started AeroclubApiApplication in 10.575 seconds (JVM running for 12.699)
2023-11-23 21:28:46,132 INFO com.fabienit.flyingclub.web.controllers.RegisteredUserController [http-nio-8001-exec-1] Search user by email: test1@gmail.com
2023-11-23 21:28:48,702 INFO com.fabienit.flyingclub.web.controllers.AircraftController [http-nio-8001-exec-2] Providing aircraft resource from database: all aircraft list
2023-11-23 21:28:48,965 INFO com.fabienit.flyingclub.web.controllers.ReservationController [http-nio-8001-exec-3] Providing reservation list for registered user from database: user id: 2
2023-11-23 21:28:57,053 INFO com.fabienit.flyingclub.web.controllers.FlyingClubController [http-nio-8001-exec-6] Providing aircraft resource from database: all aircraft list
2023-11-23 21:28:59,009 INFO com.fabienit.flyingclub.web.controllers.AircraftController [http-nio-8001-exec-7] Providing aircraft resource from database: all aircraft list
2023-11-23 21:29:05,116 INFO com.fabienit.flyingclub.web.controllers.AircraftController [http-nio-8001-exec-9] Adding new aircraft in database
2023-11-23 21:29:05,389 INFO com.fabienit.flyingclub.web.controllers.AircraftController [http-nio-8001-exec-9] Adding new aircraft in database
2023-11-23 21:29:05,551 INFO com.fabienit.flyingclub.web.controllers.AircraftController [http-nio-8001-exec-10] Providing aircraft resource from database: all aircraft list
2023-11-23 21:29:12,321 INFO com.fabienit.flyingclub.web.controllers.AircraftController [http-nio-8001-exec-1] Deleting aircraft from database: id: 6
2023-11-23 21:29:12,504 INFO com.fabienit.flyingclub.web.controllers.AircraftController [http-nio-8001-exec-2] Providing aircraft resource from database: all aircraft list
2023-11-23 21:29:14,690 INFO com.fabienit.flyingclub.web.controllers.AircraftController [http-nio-8001-exec-3] Deleting aircraft from database: id: 7
2023-11-23 21:29:14,839 INFO com.fabienit.flyingclub.web.controllers.AircraftController [http-nio-8001-exec-5] Providing aircraft resource from database: all aircraft list
2023-11-23 21:29:18,916 INFO com.fabienit.flyingclub.web.controllers.AircraftController [http-nio-8001-exec-6] Adding new aircraft in database
2023-11-23 21:29:19,054 INFO com.fabienit.flyingclub.web.controllers.AircraftController [http-nio-8001-exec-7] Adding new aircraft in database
2023-11-23 21:29:19,190 INFO com.fabienit.flyingclub.web.controllers.AircraftController [http-nio-8001-exec-8] Providing aircraft resource from database: all aircraft list
2023-11-23 21:30:13,015 INFO com.fabienit.flyingclub.web.controllers.AircraftController [http-nio-8001-exec-10] Deleting aircraft from database: id: 8
2023-11-23 21:30:13,187 INFO com.fabienit.flyingclub.web.controllers.AircraftController [http-nio-8001-exec-4] Providing aircraft resource from database: all aircraft list
2023-11-23 21:30:16,336 INFO com.fabienit.flyingclub.web.controllers.AircraftController [http-nio-8001-exec-1] Deleting aircraft from database: id: 9
2023-11-23 21:30:16,488 INFO com.fabienit.flyingclub.web.controllers.AircraftController [http-nio-8001-exec-2] Providing aircraft resource from database: all aircraft list
2023-11-23 21:30:20,226 INFO com.fabienit.flyingclub.web.controllers.AircraftController [http-nio-8001-exec-3] Adding new aircraft in database
2023-11-23 21:30:20,399 INFO com.fabienit.flyingclub.web.controllers.AircraftController [http-nio-8001-exec-5] Providing aircraft resource from database: all aircraft list
2023-11-23 21:31:10,294 INFO com.fabienit.flyingclub.web.controllers.AircraftController [http-nio-8001-exec-7] Deleting aircraft from database: id: 10
2023-11-23 21:31:10,459 INFO com.fabienit.flyingclub.web.controllers.AircraftController [http-nio-8001-exec-8] Providing aircraft resource from database: all aircraft list
2023-11-23 21:31:16,144 INFO com.fabienit.flyingclub.web.controllers.AircraftController [http-nio-8001-exec-10] Adding new aircraft in database
2023-11-23 21:31:16,361 INFO com.fabienit.flyingclub.web.controllers.AircraftController [http-nio-8001-exec-4] Providing aircraft resource from database: all aircraft list
2023-11-23 21:32:32,137 INFO com.fabienit.flyingclub.web.controllers.AircraftController [http-nio-8001-exec-2] Deleting aircraft from database: id: 11
2023-11-23 21:32:32,320 INFO com.fabienit.flyingclub.web.controllers.AircraftController [http-nio-8001-exec-3] Providing aircraft resource from database: all aircraft list
2023-11-23 21:33:31,294 INFO com.fabienit.flyingclub.web.controllers.AircraftController [http-nio-8001-exec-6] Providing aircraft resource from database: all aircraft list
2023-11-23 21:33:36,129 INFO com.fabienit.flyingclub.web.controllers.AircraftController [http-nio-8001-exec-7] Adding new aircraft in database
2023-11-23 21:33:36,294 INFO com.fabienit.flyingclub.web.controllers.AircraftController [http-nio-8001-exec-8] Providing aircraft resource from database: all aircraft list
2023-11-23 21:34:23,040 INFO com.fabienit.flyingclub.web.controllers.RegisteredUserController [http-nio-8001-exec-10] Search user by email: test1@gmail.com
2023-11-23 21:34:25,913 INFO com.fabienit.flyingclub.web.controllers.FlyingClubController [http-nio-8001-exec-4] Providing aircraft resource from database: all aircraft list
2023-11-23 21:34:27,092 INFO com.fabienit.flyingclub.web.controllers.AircraftController [http-nio-8001-exec-1] Providing aircraft resource from database: all aircraft list
2023-11-23 21:34:31,700 INFO com.fabienit.flyingclub.web.controllers.AircraftController [http-nio-8001-exec-2] Adding new aircraft in database
2023-11-23 21:34:31,843 INFO com.fabienit.flyingclub.web.controllers.AircraftController [http-nio-8001-exec-3] Providing aircraft resource from database: all aircraft list
2023-11-23 21:34:35,153 INFO com.fabienit.flyingclub.web.controllers.AircraftController [http-nio-8001-exec-5] Deleting aircraft from database: id: 12
2023-11-23 21:34:35,292 INFO com.fabienit.flyingclub.web.controllers.AircraftController [http-nio-8001-exec-6] Providing aircraft resource from database: all aircraft list
2023-11-23 21:35:32,050 INFO com.fabienit.flyingclub.web.controllers.AircraftController [http-nio-8001-exec-8] Adding new aircraft in database
2023-11-23 21:35:32,198 INFO com.fabienit.flyingclub.web.controllers.AircraftController [http-nio-8001-exec-9] Adding new aircraft in database
2023-11-23 21:35:32,354 INFO com.fabienit.flyingclub.web.controllers.AircraftController [http-nio-8001-exec-10] Providing aircraft resource from database: all aircraft list
2023-11-23 21:37:37,604 INFO com.fabienit.flyingclub.web.controllers.AircraftController [http-nio-8001-exec-1] Deleting aircraft from database: id: 13
2023-11-23 21:37:37,796 INFO com.fabienit.flyingclub.web.controllers.AircraftController [http-nio-8001-exec-2] Providing aircraft resource from database: all aircraft list
2023-11-23 21:37:41,756 INFO com.fabienit.flyingclub.web.controllers.AircraftController [http-nio-8001-exec-3] Deleting aircraft from database: id: 15
2023-11-23 21:37:41,936 INFO com.fabienit.flyingclub.web.controllers.AircraftController [http-nio-8001-exec-5] Providing aircraft resource from database: all aircraft list
2023-11-23 21:37:43,491 INFO com.fabienit.flyingclub.web.controllers.AircraftController [http-nio-8001-exec-6] Deleting aircraft from database: id: 14
2023-11-23 21:37:43,633 INFO com.fabienit.flyingclub.web.controllers.AircraftController [http-nio-8001-exec-7] Providing aircraft resource from database: all aircraft list
2023-11-23 21:37:48,833 INFO com.fabienit.flyingclub.web.controllers.AircraftController [http-nio-8001-exec-9] Adding new aircraft in database
2023-11-23 21:37:48,976 INFO com.fabienit.flyingclub.web.controllers.AircraftController [http-nio-8001-exec-10] Providing aircraft resource from database: all aircraft list
2023-11-23 21:38:41,004 INFO com.fabienit.flyingclub.web.controllers.AircraftController [http-nio-8001-exec-1] Deleting aircraft from database: id: 16
2023-11-23 21:38:41,194 INFO com.fabienit.flyingclub.web.controllers.AircraftController [http-nio-8001-exec-2] Providing aircraft resource from database: all aircraft list
2023-11-23 21:38:46,143 INFO com.fabienit.flyingclub.web.controllers.AircraftController [http-nio-8001-exec-3] Adding new aircraft in database
2023-11-23 21:38:46,296 INFO com.fabienit.flyingclub.web.controllers.AircraftController [http-nio-8001-exec-5] Providing aircraft resource from database: all aircraft list
2023-11-23 21:39:43,831 INFO com.fabienit.flyingclub.web.controllers.AircraftController [http-nio-8001-exec-7] Deleting aircraft from database: id: 17
2023-11-23 21:39:44,045 INFO com.fabienit.flyingclub.web.controllers.AircraftController [http-nio-8001-exec-8] Providing aircraft resource from database: all aircraft list
2023-11-23 21:39:48,132 INFO com.fabienit.flyingclub.web.controllers.AircraftController [http-nio-8001-exec-9] Adding new aircraft in database
2023-11-23 21:39:48,278 INFO com.fabienit.flyingclub.web.controllers.AircraftController [http-nio-8001-exec-10] Providing aircraft resource from database: all aircraft list
2023-11-23 21:42:22,732 INFO com.fabienit.flyingclub.web.controllers.AircraftController [http-nio-8001-exec-1] Adding new aircraft in database
2023-11-23 21:42:22,885 INFO com.fabienit.flyingclub.web.controllers.AircraftController [http-nio-8001-exec-2] Providing aircraft resource from database: all aircraft list
2023-11-23 21:42:26,820 INFO com.fabienit.flyingclub.web.controllers.AircraftController [http-nio-8001-exec-3] Deleting aircraft from database: id: 18
2023-11-23 21:42:27,036 INFO com.fabienit.flyingclub.web.controllers.AircraftController [http-nio-8001-exec-5] Providing aircraft resource from database: all aircraft list
2023-11-23 21:44:16,994 INFO com.fabienit.flyingclub.web.controllers.AircraftController [http-nio-8001-exec-7] Adding new aircraft in database
2023-11-23 21:44:17,149 INFO com.fabienit.flyingclub.web.controllers.AircraftController [http-nio-8001-exec-8] Providing aircraft resource from database: all aircraft list
2023-11-23 21:44:22,040 INFO com.fabienit.flyingclub.web.controllers.AircraftController [http-nio-8001-exec-9] Deleting aircraft from database: id: 19
2023-11-23 21:44:22,191 INFO com.fabienit.flyingclub.web.controllers.AircraftController [http-nio-8001-exec-10] Providing aircraft resource from database: all aircraft list
2023-11-23 21:44:24,717 INFO com.fabienit.flyingclub.web.controllers.AircraftController [http-nio-8001-exec-4] Deleting aircraft from database: id: 20
2023-11-23 21:44:24,919 INFO com.fabienit.flyingclub.web.controllers.AircraftController [http-nio-8001-exec-1] Providing aircraft resource from database: all aircraft list
2023-11-23 21:49:07,761 INFO com.fabienit.flyingclub.web.controllers.AircraftController [http-nio-8001-exec-3] Adding new aircraft in database
2023-11-23 21:49:07,918 INFO com.fabienit.flyingclub.web.controllers.AircraftController [http-nio-8001-exec-5] Providing aircraft resource from database: all aircraft list
2023-11-23 21:50:39,581 INFO com.fabienit.flyingclub.web.controllers.RegisteredUserController [http-nio-8001-exec-7] Search user by email: test1@gmail.com
2023-11-23 21:50:42,318 INFO com.fabienit.flyingclub.web.controllers.FlyingClubController [http-nio-8001-exec-8] Providing aircraft resource from database: all aircraft list
2023-11-23 21:50:43,272 INFO com.fabienit.flyingclub.web.controllers.AircraftController [http-nio-8001-exec-9] Providing aircraft resource from database: all aircraft list
2023-11-23 21:50:47,754 INFO com.fabienit.flyingclub.web.controllers.AircraftController [http-nio-8001-exec-10] Adding new aircraft in database
2023-11-23 21:50:47,984 INFO com.fabienit.flyingclub.web.controllers.AircraftController [http-nio-8001-exec-10] Providing aircraft resource from database: all aircraft list
2023-11-23 21:50:50,589 INFO com.fabienit.flyingclub.web.controllers.AircraftController [http-nio-8001-exec-4] Deleting aircraft from database: id: 21
2023-11-23 21:50:50,756 INFO com.fabienit.flyingclub.web.controllers.AircraftController [http-nio-8001-exec-1] Providing aircraft resource from database: all aircraft list
2023-11-23 21:56:28,368 INFO com.fabienit.flyingclub.web.controllers.AircraftController [http-nio-8001-exec-3] Adding new aircraft in database
2023-11-23 21:56:28,524 INFO com.fabienit.flyingclub.web.controllers.AircraftController [http-nio-8001-exec-5] Providing aircraft resource from database: all aircraft list
2023-11-23 21:57:28,727 INFO com.fabienit.flyingclub.web.controllers.AircraftController [http-nio-8001-exec-7] Adding new aircraft in database
2023-11-23 21:57:28,882 INFO com.fabienit.flyingclub.web.controllers.AircraftController [http-nio-8001-exec-8] Providing aircraft resource from database: all aircraft list
2023-11-23 21:57:32,820 INFO com.fabienit.flyingclub.web.controllers.AircraftController [http-nio-8001-exec-9] Deleting aircraft from database: id: 22
2023-11-23 21:57:32,969 INFO com.fabienit.flyingclub.web.controllers.AircraftController [http-nio-8001-exec-10] Providing aircraft resource from database: all aircraft list
2023-11-23 21:57:35,153 INFO com.fabienit.flyingclub.web.controllers.AircraftController [http-nio-8001-exec-4] Deleting aircraft from database: id: 23
2023-11-23 21:57:35,308 INFO com.fabienit.flyingclub.web.controllers.AircraftController [http-nio-8001-exec-1] Providing aircraft resource from database: all aircraft list
2023-11-23 21:59:57,117 INFO com.fabienit.flyingclub.web.controllers.AircraftController [http-nio-8001-exec-3] Adding new aircraft in database
2023-11-23 21:59:57,265 INFO com.fabienit.flyingclub.web.controllers.AircraftController [http-nio-8001-exec-5] Providing aircraft resource from database: all aircraft list
2023-11-23 22:15:45,222 INFO com.fabienit.flyingclub.web.controllers.AircraftController [http-nio-8001-exec-7] Adding new aircraft in database
2023-11-23 22:15:45,376 INFO com.fabienit.flyingclub.web.controllers.AircraftController [http-nio-8001-exec-8] Providing aircraft resource from database: all aircraft list
2023-11-23 22:19:45,903 INFO com.fabienit.flyingclub.web.controllers.AircraftController [http-nio-8001-exec-10] Adding new aircraft in database
2023-11-23 22:19:46,057 INFO com.fabienit.flyingclub.web.controllers.AircraftController [http-nio-8001-exec-4] Providing aircraft resource from database: all aircraft list
2023-11-23 22:19:48,783 INFO com.fabienit.flyingclub.web.controllers.AircraftController [http-nio-8001-exec-1] Deleting aircraft from database: id: 24
2023-11-23 22:19:48,991 INFO com.fabienit.flyingclub.web.controllers.AircraftController [http-nio-8001-exec-2] Providing aircraft resource from database: all aircraft list
2023-11-23 22:19:50,946 INFO com.fabienit.flyingclub.web.controllers.AircraftController [http-nio-8001-exec-3] Deleting aircraft from database: id: 25
2023-11-23 22:19:51,100 INFO com.fabienit.flyingclub.web.controllers.AircraftController [http-nio-8001-exec-5] Providing aircraft resource from database: all aircraft list
2023-11-23 22:25:03,476 INFO com.fabienit.flyingclub.web.controllers.AircraftController [http-nio-8001-exec-7] Adding new aircraft in database
2023-11-23 22:25:03,631 INFO com.fabienit.flyingclub.web.controllers.AircraftController [http-nio-8001-exec-8] Providing aircraft resource from database: all aircraft list
2023-11-23 22:25:06,209 INFO com.fabienit.flyingclub.web.controllers.AircraftController [http-nio-8001-exec-9] Deleting aircraft from database: id: 26
2023-11-23 22:25:06,403 INFO com.fabienit.flyingclub.web.controllers.AircraftController [http-nio-8001-exec-10] Providing aircraft resource from database: all aircraft list
2023-11-23 22:28:37,784 INFO com.fabienit.flyingclub.web.controllers.AircraftController [http-nio-8001-exec-1] Adding new aircraft in database
2023-11-23 22:28:37,951 INFO com.fabienit.flyingclub.web.controllers.AircraftController [http-nio-8001-exec-2] Providing aircraft resource from database: all aircraft list
2023-11-23 22:28:46,199 INFO com.fabienit.flyingclub.web.controllers.AircraftController [http-nio-8001-exec-5] Deleting aircraft from database: id: 27
2023-11-23 22:28:46,347 INFO com.fabienit.flyingclub.web.controllers.AircraftController [http-nio-8001-exec-6] Providing aircraft resource from database: all aircraft list
2023-11-23 22:28:48,430 INFO com.fabienit.flyingclub.web.controllers.AircraftController [http-nio-8001-exec-7] Deleting aircraft from database: id: 28
2023-11-23 22:28:48,607 INFO com.fabienit.flyingclub.web.controllers.AircraftController [http-nio-8001-exec-8] Providing aircraft resource from database: all aircraft list
2023-11-23 22:29:07,100 INFO com.fabienit.flyingclub.web.controllers.AircraftController [http-nio-8001-exec-10] Adding new aircraft in database
2023-11-23 22:29:07,255 INFO com.fabienit.flyingclub.web.controllers.AircraftController [http-nio-8001-exec-4] Providing aircraft resource from database: all aircraft list
2023-11-23 22:31:35,683 INFO com.fabienit.flyingclub.web.controllers.AircraftController [http-nio-8001-exec-2] Deleting aircraft from database: id: 29
2023-11-23 22:31:35,825 INFO com.fabienit.flyingclub.web.controllers.AircraftController [http-nio-8001-exec-3] Providing aircraft resource from database: all aircraft list
