2023-12-21 00:00:10,152 INFO com.fabienit.flyingclub.AeroclubwebApplication [restartedMain] No active profile set, falling back to default profiles: default
2023-12-21 00:00:16,572 INFO com.fabienit.flyingclub.AeroclubwebApplication [restartedMain] Started AeroclubwebApplication in 11.097 seconds (JVM running for 15.016)
2023-12-21 00:00:56,557 INFO com.fabienit.flyingclub.web.controllers.WebappController [http-nio-8002-exec-2] Reach url: / - GET
2023-12-21 00:00:59,330 DEBUG com.fabienit.flyingclub.web.proxies.ApiProxy [http-nio-8002-exec-3] [ApiProxy#findUserByEmail] ---> POST http://localhost:8001/users/email HTTP/1.1
2023-12-21 00:00:59,331 DEBUG com.fabienit.flyingclub.web.proxies.ApiProxy [http-nio-8002-exec-3] [ApiProxy#findUserByEmail] Authorization: Basic ZmFiaWVuOjEyMzQ1Ng==
2023-12-21 00:00:59,332 DEBUG com.fabienit.flyingclub.web.proxies.ApiProxy [http-nio-8002-exec-3] [ApiProxy#findUserByEmail] Content-Length: 15
2023-12-21 00:00:59,332 DEBUG com.fabienit.flyingclub.web.proxies.ApiProxy [http-nio-8002-exec-3] [ApiProxy#findUserByEmail] Content-Type: text/plain;charset=UTF-8
2023-12-21 00:00:59,332 DEBUG com.fabienit.flyingclub.web.proxies.ApiProxy [http-nio-8002-exec-3] [ApiProxy#findUserByEmail] 
2023-12-21 00:00:59,332 DEBUG com.fabienit.flyingclub.web.proxies.ApiProxy [http-nio-8002-exec-3] [ApiProxy#findUserByEmail] test1@gmail.com
2023-12-21 00:00:59,333 DEBUG com.fabienit.flyingclub.web.proxies.ApiProxy [http-nio-8002-exec-3] [ApiProxy#findUserByEmail] ---> END HTTP (15-byte body)
2023-12-21 00:00:59,494 DEBUG com.fabienit.flyingclub.web.proxies.ApiProxy [http-nio-8002-exec-3] [ApiProxy#findUserByEmail] <--- HTTP/1.1 200 (160ms)
2023-12-21 00:00:59,494 DEBUG com.fabienit.flyingclub.web.proxies.ApiProxy [http-nio-8002-exec-3] [ApiProxy#findUserByEmail] cache-control: no-cache, no-store, max-age=0, must-revalidate
2023-12-21 00:00:59,494 DEBUG com.fabienit.flyingclub.web.proxies.ApiProxy [http-nio-8002-exec-3] [ApiProxy#findUserByEmail] connection: keep-alive
2023-12-21 00:00:59,495 DEBUG com.fabienit.flyingclub.web.proxies.ApiProxy [http-nio-8002-exec-3] [ApiProxy#findUserByEmail] content-type: application/json
2023-12-21 00:00:59,495 DEBUG com.fabienit.flyingclub.web.proxies.ApiProxy [http-nio-8002-exec-3] [ApiProxy#findUserByEmail] date: Wed, 20 Dec 2023 23:00:59 GMT
2023-12-21 00:00:59,495 DEBUG com.fabienit.flyingclub.web.proxies.ApiProxy [http-nio-8002-exec-3] [ApiProxy#findUserByEmail] expires: 0
2023-12-21 00:00:59,495 DEBUG com.fabienit.flyingclub.web.proxies.ApiProxy [http-nio-8002-exec-3] [ApiProxy#findUserByEmail] keep-alive: timeout=60
2023-12-21 00:00:59,495 DEBUG com.fabienit.flyingclub.web.proxies.ApiProxy [http-nio-8002-exec-3] [ApiProxy#findUserByEmail] pragma: no-cache
2023-12-21 00:00:59,495 DEBUG com.fabienit.flyingclub.web.proxies.ApiProxy [http-nio-8002-exec-3] [ApiProxy#findUserByEmail] set-cookie: JSESSIONID=86F5225B3279FE7716E4C416EAE26F71; Path=/; HttpOnly
2023-12-21 00:00:59,495 DEBUG com.fabienit.flyingclub.web.proxies.ApiProxy [http-nio-8002-exec-3] [ApiProxy#findUserByEmail] transfer-encoding: chunked
2023-12-21 00:00:59,495 DEBUG com.fabienit.flyingclub.web.proxies.ApiProxy [http-nio-8002-exec-3] [ApiProxy#findUserByEmail] x-content-type-options: nosniff
2023-12-21 00:00:59,496 DEBUG com.fabienit.flyingclub.web.proxies.ApiProxy [http-nio-8002-exec-3] [ApiProxy#findUserByEmail] x-xss-protection: 1; mode=block
2023-12-21 00:00:59,496 DEBUG com.fabienit.flyingclub.web.proxies.ApiProxy [http-nio-8002-exec-3] [ApiProxy#findUserByEmail] 
2023-12-21 00:00:59,497 DEBUG com.fabienit.flyingclub.web.proxies.ApiProxy [http-nio-8002-exec-3] [ApiProxy#findUserByEmail] {"id":2,"firstName":"userName","lastName":"userLastName","email":"test1@gmail.com","password":"$2a$10$jPUTDV6/9AkC7NRPPzmvXuLJlfnKoAYo.uJuZc0aeJHGum.LpxO0a","hours":138,"roles":"USER"}
2023-12-21 00:00:59,497 DEBUG com.fabienit.flyingclub.web.proxies.ApiProxy [http-nio-8002-exec-3] [ApiProxy#findUserByEmail] <--- END HTTP (184-byte body)
2023-12-21 00:00:59,694 INFO com.fabienit.flyingclub.web.controllers.WebappController [http-nio-8002-exec-5] Reach url: / - GET
2023-12-21 00:01:01,864 INFO com.fabienit.flyingclub.web.controllers.WebappController [http-nio-8002-exec-8] Reach url: /reservations - GET
2023-12-21 00:01:01,865 DEBUG com.fabienit.flyingclub.service.impl.WebappServiceImpl [http-nio-8002-exec-8] Getting authenticated current user id
2023-12-21 00:01:01,866 DEBUG com.fabienit.flyingclub.web.proxies.ApiProxy [http-nio-8002-exec-8] [ApiProxy#getAvailableAircrafts] ---> GET http://localhost:8001/aircraftsAvailable HTTP/1.1
2023-12-21 00:01:01,866 DEBUG com.fabienit.flyingclub.web.proxies.ApiProxy [http-nio-8002-exec-8] [ApiProxy#getAvailableAircrafts] Authorization: Basic ZmFiaWVuOjEyMzQ1Ng==
2023-12-21 00:01:01,867 DEBUG com.fabienit.flyingclub.web.proxies.ApiProxy [http-nio-8002-exec-8] [ApiProxy#getAvailableAircrafts] ---> END HTTP (0-byte body)
2023-12-21 00:01:02,031 DEBUG com.fabienit.flyingclub.web.proxies.ApiProxy [http-nio-8002-exec-8] [ApiProxy#getAvailableAircrafts] <--- HTTP/1.1 200 (164ms)
2023-12-21 00:01:02,032 DEBUG com.fabienit.flyingclub.web.proxies.ApiProxy [http-nio-8002-exec-8] [ApiProxy#getAvailableAircrafts] cache-control: no-cache, no-store, max-age=0, must-revalidate
2023-12-21 00:01:02,032 DEBUG com.fabienit.flyingclub.web.proxies.ApiProxy [http-nio-8002-exec-8] [ApiProxy#getAvailableAircrafts] connection: keep-alive
2023-12-21 00:01:02,032 DEBUG com.fabienit.flyingclub.web.proxies.ApiProxy [http-nio-8002-exec-8] [ApiProxy#getAvailableAircrafts] content-type: application/json
2023-12-21 00:01:02,032 DEBUG com.fabienit.flyingclub.web.proxies.ApiProxy [http-nio-8002-exec-8] [ApiProxy#getAvailableAircrafts] date: Wed, 20 Dec 2023 23:01:02 GMT
2023-12-21 00:01:02,032 DEBUG com.fabienit.flyingclub.web.proxies.ApiProxy [http-nio-8002-exec-8] [ApiProxy#getAvailableAircrafts] expires: 0
2023-12-21 00:01:02,033 DEBUG com.fabienit.flyingclub.web.proxies.ApiProxy [http-nio-8002-exec-8] [ApiProxy#getAvailableAircrafts] keep-alive: timeout=60
2023-12-21 00:01:02,033 DEBUG com.fabienit.flyingclub.web.proxies.ApiProxy [http-nio-8002-exec-8] [ApiProxy#getAvailableAircrafts] pragma: no-cache
2023-12-21 00:01:02,033 DEBUG com.fabienit.flyingclub.web.proxies.ApiProxy [http-nio-8002-exec-8] [ApiProxy#getAvailableAircrafts] set-cookie: JSESSIONID=B1D3FEBB52D1E4AA41698C8FB46A6EDC; Path=/; HttpOnly
2023-12-21 00:01:02,033 DEBUG com.fabienit.flyingclub.web.proxies.ApiProxy [http-nio-8002-exec-8] [ApiProxy#getAvailableAircrafts] transfer-encoding: chunked
2023-12-21 00:01:02,034 DEBUG com.fabienit.flyingclub.web.proxies.ApiProxy [http-nio-8002-exec-8] [ApiProxy#getAvailableAircrafts] x-content-type-options: nosniff
2023-12-21 00:01:02,034 DEBUG com.fabienit.flyingclub.web.proxies.ApiProxy [http-nio-8002-exec-8] [ApiProxy#getAvailableAircrafts] x-xss-protection: 1; mode=block
2023-12-21 00:01:02,034 DEBUG com.fabienit.flyingclub.web.proxies.ApiProxy [http-nio-8002-exec-8] [ApiProxy#getAvailableAircrafts] 
2023-12-21 00:01:02,034 DEBUG com.fabienit.flyingclub.web.proxies.ApiProxy [http-nio-8002-exec-8] [ApiProxy#getAvailableAircrafts] [{"id":1,"mark":"Diamond Aircraft","type":"DA 20-100 Katana","motor":"Rotax 912 S","power":"100 ch","seats":2,"autonomy":4,"use":"ecole","hours":4589,"available":true},{"id":3,"mark":"Piper","type":"PA 28-161 Cadet","motor":"Lycoming ","power":"160 ch","seats":2,"autonomy":5,"use":"voyage","hours":7810,"available":true},{"id":4,"mark":"Cessna","type":"kyhawk C172 S","motor":"Lycoming ","power":"180 ch","seats":4,"autonomy":5,"use":"voyage","hours":429,"available":true}]
2023-12-21 00:01:02,034 DEBUG com.fabienit.flyingclub.web.proxies.ApiProxy [http-nio-8002-exec-8] [ApiProxy#getAvailableAircrafts] <--- END HTTP (474-byte body)
2023-12-21 00:01:02,041 DEBUG com.fabienit.flyingclub.service.impl.WebappServiceImpl [http-nio-8002-exec-8] Getting reservations for current authenticated user
2023-12-21 00:01:02,042 DEBUG com.fabienit.flyingclub.service.impl.WebappServiceImpl [http-nio-8002-exec-8] Getting authenticated current user id
2023-12-21 00:01:02,042 DEBUG com.fabienit.flyingclub.web.proxies.ApiProxy [http-nio-8002-exec-8] [ApiProxy#getReservationByRegisteredUser] ---> GET http://localhost:8001/reservations/user/2 HTTP/1.1
2023-12-21 00:01:02,043 DEBUG com.fabienit.flyingclub.web.proxies.ApiProxy [http-nio-8002-exec-8] [ApiProxy#getReservationByRegisteredUser] Authorization: Basic ZmFiaWVuOjEyMzQ1Ng==
2023-12-21 00:01:02,043 DEBUG com.fabienit.flyingclub.web.proxies.ApiProxy [http-nio-8002-exec-8] [ApiProxy#getReservationByRegisteredUser] ---> END HTTP (0-byte body)
2023-12-21 00:01:02,225 DEBUG com.fabienit.flyingclub.web.proxies.ApiProxy [http-nio-8002-exec-8] [ApiProxy#getReservationByRegisteredUser] <--- HTTP/1.1 200 (182ms)
2023-12-21 00:01:02,226 DEBUG com.fabienit.flyingclub.web.proxies.ApiProxy [http-nio-8002-exec-8] [ApiProxy#getReservationByRegisteredUser] cache-control: no-cache, no-store, max-age=0, must-revalidate
2023-12-21 00:01:02,226 DEBUG com.fabienit.flyingclub.web.proxies.ApiProxy [http-nio-8002-exec-8] [ApiProxy#getReservationByRegisteredUser] connection: keep-alive
2023-12-21 00:01:02,226 DEBUG com.fabienit.flyingclub.web.proxies.ApiProxy [http-nio-8002-exec-8] [ApiProxy#getReservationByRegisteredUser] content-type: application/json
2023-12-21 00:01:02,226 DEBUG com.fabienit.flyingclub.web.proxies.ApiProxy [http-nio-8002-exec-8] [ApiProxy#getReservationByRegisteredUser] date: Wed, 20 Dec 2023 23:01:02 GMT
2023-12-21 00:01:02,226 DEBUG com.fabienit.flyingclub.web.proxies.ApiProxy [http-nio-8002-exec-8] [ApiProxy#getReservationByRegisteredUser] expires: 0
2023-12-21 00:01:02,226 DEBUG com.fabienit.flyingclub.web.proxies.ApiProxy [http-nio-8002-exec-8] [ApiProxy#getReservationByRegisteredUser] keep-alive: timeout=60
2023-12-21 00:01:02,226 DEBUG com.fabienit.flyingclub.web.proxies.ApiProxy [http-nio-8002-exec-8] [ApiProxy#getReservationByRegisteredUser] pragma: no-cache
2023-12-21 00:01:02,226 DEBUG com.fabienit.flyingclub.web.proxies.ApiProxy [http-nio-8002-exec-8] [ApiProxy#getReservationByRegisteredUser] set-cookie: JSESSIONID=3A12F65C7C40CE55F0BB2AECE585E404; Path=/; HttpOnly
2023-12-21 00:01:02,226 DEBUG com.fabienit.flyingclub.web.proxies.ApiProxy [http-nio-8002-exec-8] [ApiProxy#getReservationByRegisteredUser] transfer-encoding: chunked
2023-12-21 00:01:02,226 DEBUG com.fabienit.flyingclub.web.proxies.ApiProxy [http-nio-8002-exec-8] [ApiProxy#getReservationByRegisteredUser] x-content-type-options: nosniff
2023-12-21 00:01:02,226 DEBUG com.fabienit.flyingclub.web.proxies.ApiProxy [http-nio-8002-exec-8] [ApiProxy#getReservationByRegisteredUser] x-xss-protection: 1; mode=block
2023-12-21 00:01:02,227 DEBUG com.fabienit.flyingclub.web.proxies.ApiProxy [http-nio-8002-exec-8] [ApiProxy#getReservationByRegisteredUser] 
2023-12-21 00:01:02,227 DEBUG com.fabienit.flyingclub.web.proxies.ApiProxy [http-nio-8002-exec-8] [ApiProxy#getReservationByRegisteredUser] [{"id":2,"borrowingDate":"2023-10-08T22:00:00.000+0000","returnDate":"2023-10-08T22:00:00.000+0000","aircraft":{"id":2,"mark":"Diamond Aircraft","type":"DA 40","motor":"Rotax 912 S","power":"180 ch","seats":4,"autonomy":4,"use":"voyage","hours":378,"available":false},"registeredUser":{"id":2,"firstName":"userName","lastName":"userLastName","email":"test1@gmail.com","password":"$2a$10$jPUTDV6/9AkC7NRPPzmvXuLJlfnKoAYo.uJuZc0aeJHGum.LpxO0a","hours":138,"roles":"USER"}},{"id":6,"borrowingDate":"2023-12-10T23:00:00.000+0000","returnDate":"2023-12-11T23:00:00.000+0000","aircraft":{"id":3,"mark":"Piper","type":"PA 28-161 Cadet","motor":"Lycoming ","power":"160 ch","seats":2,"autonomy":5,"use":"voyage","hours":7810,"available":true},"registeredUser":{"id":2,"firstName":"userName","lastName":"userLastName","email":"test1@gmail.com","password":"$2a$10$jPUTDV6/9AkC7NRPPzmvXuLJlfnKoAYo.uJuZc0aeJHGum.LpxO0a","hours":138,"roles":"USER"}}]
2023-12-21 00:01:02,228 DEBUG com.fabienit.flyingclub.web.proxies.ApiProxy [http-nio-8002-exec-8] [ApiProxy#getReservationByRegisteredUser] <--- END HTTP (938-byte body)
2023-12-21 00:01:07,287 DEBUG com.fabienit.flyingclub.web.proxies.ApiProxy [http-nio-8002-exec-5] [ApiProxy#getAvailableAircrafts] ---> GET http://localhost:8001/aircraftsAvailable HTTP/1.1
2023-12-21 00:01:07,289 DEBUG com.fabienit.flyingclub.web.proxies.ApiProxy [http-nio-8002-exec-5] [ApiProxy#getAvailableAircrafts] Authorization: Basic ZmFiaWVuOjEyMzQ1Ng==
2023-12-21 00:01:07,289 DEBUG com.fabienit.flyingclub.web.proxies.ApiProxy [http-nio-8002-exec-5] [ApiProxy#getAvailableAircrafts] ---> END HTTP (0-byte body)
2023-12-21 00:01:07,417 DEBUG com.fabienit.flyingclub.web.proxies.ApiProxy [http-nio-8002-exec-5] [ApiProxy#getAvailableAircrafts] <--- HTTP/1.1 200 (128ms)
2023-12-21 00:01:07,417 DEBUG com.fabienit.flyingclub.web.proxies.ApiProxy [http-nio-8002-exec-5] [ApiProxy#getAvailableAircrafts] cache-control: no-cache, no-store, max-age=0, must-revalidate
2023-12-21 00:01:07,418 DEBUG com.fabienit.flyingclub.web.proxies.ApiProxy [http-nio-8002-exec-5] [ApiProxy#getAvailableAircrafts] connection: keep-alive
2023-12-21 00:01:07,418 DEBUG com.fabienit.flyingclub.web.proxies.ApiProxy [http-nio-8002-exec-5] [ApiProxy#getAvailableAircrafts] content-type: application/json
2023-12-21 00:01:07,418 DEBUG com.fabienit.flyingclub.web.proxies.ApiProxy [http-nio-8002-exec-5] [ApiProxy#getAvailableAircrafts] date: Wed, 20 Dec 2023 23:01:07 GMT
2023-12-21 00:01:07,418 DEBUG com.fabienit.flyingclub.web.proxies.ApiProxy [http-nio-8002-exec-5] [ApiProxy#getAvailableAircrafts] expires: 0
2023-12-21 00:01:07,418 DEBUG com.fabienit.flyingclub.web.proxies.ApiProxy [http-nio-8002-exec-5] [ApiProxy#getAvailableAircrafts] keep-alive: timeout=60
2023-12-21 00:01:07,418 DEBUG com.fabienit.flyingclub.web.proxies.ApiProxy [http-nio-8002-exec-5] [ApiProxy#getAvailableAircrafts] pragma: no-cache
2023-12-21 00:01:07,418 DEBUG com.fabienit.flyingclub.web.proxies.ApiProxy [http-nio-8002-exec-5] [ApiProxy#getAvailableAircrafts] set-cookie: JSESSIONID=8FF16FB02476CA0090E9FEED12FDA529; Path=/; HttpOnly
2023-12-21 00:01:07,418 DEBUG com.fabienit.flyingclub.web.proxies.ApiProxy [http-nio-8002-exec-5] [ApiProxy#getAvailableAircrafts] transfer-encoding: chunked
2023-12-21 00:01:07,419 DEBUG com.fabienit.flyingclub.web.proxies.ApiProxy [http-nio-8002-exec-5] [ApiProxy#getAvailableAircrafts] x-content-type-options: nosniff
2023-12-21 00:01:07,419 DEBUG com.fabienit.flyingclub.web.proxies.ApiProxy [http-nio-8002-exec-5] [ApiProxy#getAvailableAircrafts] x-xss-protection: 1; mode=block
2023-12-21 00:01:07,420 DEBUG com.fabienit.flyingclub.web.proxies.ApiProxy [http-nio-8002-exec-5] [ApiProxy#getAvailableAircrafts] 
2023-12-21 00:01:07,420 DEBUG com.fabienit.flyingclub.web.proxies.ApiProxy [http-nio-8002-exec-5] [ApiProxy#getAvailableAircrafts] [{"id":1,"mark":"Diamond Aircraft","type":"DA 20-100 Katana","motor":"Rotax 912 S","power":"100 ch","seats":2,"autonomy":4,"use":"ecole","hours":4589,"available":true},{"id":3,"mark":"Piper","type":"PA 28-161 Cadet","motor":"Lycoming ","power":"160 ch","seats":2,"autonomy":5,"use":"voyage","hours":7810,"available":true},{"id":4,"mark":"Cessna","type":"kyhawk C172 S","motor":"Lycoming ","power":"180 ch","seats":4,"autonomy":5,"use":"voyage","hours":429,"available":true}]
2023-12-21 00:01:07,420 DEBUG com.fabienit.flyingclub.web.proxies.ApiProxy [http-nio-8002-exec-5] [ApiProxy#getAvailableAircrafts] <--- END HTTP (474-byte body)
2023-12-21 00:01:07,426 DEBUG com.fabienit.flyingclub.web.proxies.ApiProxy [http-nio-8002-exec-5] [ApiProxy#getReservations] ---> GET http://localhost:8001/reservations HTTP/1.1
2023-12-21 00:01:07,426 DEBUG com.fabienit.flyingclub.web.proxies.ApiProxy [http-nio-8002-exec-5] [ApiProxy#getReservations] Authorization: Basic ZmFiaWVuOjEyMzQ1Ng==
2023-12-21 00:01:07,426 DEBUG com.fabienit.flyingclub.web.proxies.ApiProxy [http-nio-8002-exec-5] [ApiProxy#getReservations] Content-Length: 2
2023-12-21 00:01:07,426 DEBUG com.fabienit.flyingclub.web.proxies.ApiProxy [http-nio-8002-exec-5] [ApiProxy#getReservations] Content-Type: application/json
2023-12-21 00:01:07,426 DEBUG com.fabienit.flyingclub.web.proxies.ApiProxy [http-nio-8002-exec-5] [ApiProxy#getReservations] 
2023-12-21 00:01:07,426 DEBUG com.fabienit.flyingclub.web.proxies.ApiProxy [http-nio-8002-exec-5] [ApiProxy#getReservations] []
2023-12-21 00:01:07,426 DEBUG com.fabienit.flyingclub.web.proxies.ApiProxy [http-nio-8002-exec-5] [ApiProxy#getReservations] ---> END HTTP (2-byte body)
2023-12-21 00:01:07,583 DEBUG com.fabienit.flyingclub.web.proxies.ApiProxy [http-nio-8002-exec-5] [ApiProxy#getReservations] <--- HTTP/1.1 400 (156ms)
2023-12-21 00:01:07,583 DEBUG com.fabienit.flyingclub.web.proxies.ApiProxy [http-nio-8002-exec-5] [ApiProxy#getReservations] cache-control: no-cache, no-store, max-age=0, must-revalidate
2023-12-21 00:01:07,583 DEBUG com.fabienit.flyingclub.web.proxies.ApiProxy [http-nio-8002-exec-5] [ApiProxy#getReservations] connection: close
2023-12-21 00:01:07,584 DEBUG com.fabienit.flyingclub.web.proxies.ApiProxy [http-nio-8002-exec-5] [ApiProxy#getReservations] content-length: 0
2023-12-21 00:01:07,584 DEBUG com.fabienit.flyingclub.web.proxies.ApiProxy [http-nio-8002-exec-5] [ApiProxy#getReservations] date: Wed, 20 Dec 2023 23:01:07 GMT
2023-12-21 00:01:07,584 DEBUG com.fabienit.flyingclub.web.proxies.ApiProxy [http-nio-8002-exec-5] [ApiProxy#getReservations] expires: 0
2023-12-21 00:01:07,584 DEBUG com.fabienit.flyingclub.web.proxies.ApiProxy [http-nio-8002-exec-5] [ApiProxy#getReservations] pragma: no-cache
2023-12-21 00:01:07,584 DEBUG com.fabienit.flyingclub.web.proxies.ApiProxy [http-nio-8002-exec-5] [ApiProxy#getReservations] set-cookie: JSESSIONID=1D305734E3E0C0CB0FF78C9EECEC1832; Path=/; HttpOnly
2023-12-21 00:01:07,584 DEBUG com.fabienit.flyingclub.web.proxies.ApiProxy [http-nio-8002-exec-5] [ApiProxy#getReservations] x-content-type-options: nosniff
2023-12-21 00:01:07,584 DEBUG com.fabienit.flyingclub.web.proxies.ApiProxy [http-nio-8002-exec-5] [ApiProxy#getReservations] x-xss-protection: 1; mode=block
2023-12-21 00:01:07,584 DEBUG com.fabienit.flyingclub.web.proxies.ApiProxy [http-nio-8002-exec-5] [ApiProxy#getReservations] <--- END HTTP (0-byte body)
2023-12-21 00:01:07,599 ERROR org.apache.catalina.core.ContainerBase.[Tomcat].[localhost].[/].[dispatcherServlet] [http-nio-8002-exec-5] Servlet.service() for servlet [dispatcherServlet] in context with path [] threw exception [Request processing failed; nested exception is feign.FeignException$BadRequest: status 400 reading ApiProxy#getReservations(List)] with root cause
feign.FeignException$BadRequest: status 400 reading ApiProxy#getReservations(List)
	at feign.FeignException.clientErrorStatus(FeignException.java:159)
	at feign.FeignException.errorStatus(FeignException.java:141)
	at feign.FeignException.errorStatus(FeignException.java:133)
	at feign.codec.ErrorDecoder$Default.decode(ErrorDecoder.java:92)
	at feign.SynchronousMethodHandler.executeAndDecode(SynchronousMethodHandler.java:151)
	at feign.SynchronousMethodHandler.invoke(SynchronousMethodHandler.java:80)
	at feign.ReflectiveFeign$FeignInvocationHandler.invoke(ReflectiveFeign.java:103)
	at com.sun.proxy.$Proxy114.getReservations(Unknown Source)
	at com.fabienit.flyingclub.web.controllers.WebappController.getAvailableAircrafts(WebappController.java:419)
	at java.base/jdk.internal.reflect.NativeMethodAccessorImpl.invoke0(Native Method)
	at java.base/jdk.internal.reflect.NativeMethodAccessorImpl.invoke(NativeMethodAccessorImpl.java:62)
	at java.base/jdk.internal.reflect.DelegatingMethodAccessorImpl.invoke(DelegatingMethodAccessorImpl.java:43)
	at java.base/java.lang.reflect.Method.invoke(Method.java:566)
	at org.springframework.web.method.support.InvocableHandlerMethod.doInvoke(InvocableHandlerMethod.java:190)
	at org.springframework.web.method.support.InvocableHandlerMethod.invokeForRequest(InvocableHandlerMethod.java:138)
	at org.springframework.web.servlet.mvc.method.annotation.ServletInvocableHandlerMethod.invokeAndHandle(ServletInvocableHandlerMethod.java:106)
	at org.springframework.web.servlet.mvc.method.annotation.RequestMappingHandlerAdapter.invokeHandlerMethod(RequestMappingHandlerAdapter.java:888)
	at org.springframework.web.servlet.mvc.method.annotation.RequestMappingHandlerAdapter.handleInternal(RequestMappingHandlerAdapter.java:793)
	at org.springframework.web.servlet.mvc.method.AbstractHandlerMethodAdapter.handle(AbstractHandlerMethodAdapter.java:87)
	at org.springframework.web.servlet.DispatcherServlet.doDispatch(DispatcherServlet.java:1040)
	at org.springframework.web.servlet.DispatcherServlet.doService(DispatcherServlet.java:943)
	at org.springframework.web.servlet.FrameworkServlet.processRequest(FrameworkServlet.java:1006)
	at org.springframework.web.servlet.FrameworkServlet.doGet(FrameworkServlet.java:898)
	at javax.servlet.http.HttpServlet.service(HttpServlet.java:634)
	at org.springframework.web.servlet.FrameworkServlet.service(FrameworkServlet.java:883)
	at javax.servlet.http.HttpServlet.service(HttpServlet.java:741)
	at org.apache.catalina.core.ApplicationFilterChain.internalDoFilter(ApplicationFilterChain.java:231)
	at org.apache.catalina.core.ApplicationFilterChain.doFilter(ApplicationFilterChain.java:166)
	at org.apache.tomcat.websocket.server.WsFilter.doFilter(WsFilter.java:53)
	at org.apache.catalina.core.ApplicationFilterChain.internalDoFilter(ApplicationFilterChain.java:193)
	at org.apache.catalina.core.ApplicationFilterChain.doFilter(ApplicationFilterChain.java:166)
	at org.springframework.security.web.FilterChainProxy$VirtualFilterChain.doFilter(FilterChainProxy.java:320)
	at org.springframework.security.web.access.intercept.FilterSecurityInterceptor.invoke(FilterSecurityInterceptor.java:126)
	at org.springframework.security.web.access.intercept.FilterSecurityInterceptor.doFilter(FilterSecurityInterceptor.java:90)
	at org.springframework.security.web.FilterChainProxy$VirtualFilterChain.doFilter(FilterChainProxy.java:334)
	at org.springframework.security.web.access.ExceptionTranslationFilter.doFilter(ExceptionTranslationFilter.java:118)
	at org.springframework.security.web.FilterChainProxy$VirtualFilterChain.doFilter(FilterChainProxy.java:334)
	at org.springframework.security.web.session.SessionManagementFilter.doFilter(SessionManagementFilter.java:137)
	at org.springframework.security.web.FilterChainProxy$VirtualFilterChain.doFilter(FilterChainProxy.java:334)
	at org.springframework.security.web.authentication.AnonymousAuthenticationFilter.doFilter(AnonymousAuthenticationFilter.java:111)
	at org.springframework.security.web.FilterChainProxy$VirtualFilterChain.doFilter(FilterChainProxy.java:334)
	at org.springframework.security.web.servletapi.SecurityContextHolderAwareRequestFilter.doFilter(SecurityContextHolderAwareRequestFilter.java:158)
	at org.springframework.security.web.FilterChainProxy$VirtualFilterChain.doFilter(FilterChainProxy.java:334)
	at org.springframework.security.web.savedrequest.RequestCacheAwareFilter.doFilter(RequestCacheAwareFilter.java:63)
	at org.springframework.security.web.FilterChainProxy$VirtualFilterChain.doFilter(FilterChainProxy.java:334)
	at org.springframework.security.web.authentication.AbstractAuthenticationProcessingFilter.doFilter(AbstractAuthenticationProcessingFilter.java:200)
	at org.springframework.security.web.FilterChainProxy$VirtualFilterChain.doFilter(FilterChainProxy.java:334)
	at org.springframework.security.web.authentication.logout.LogoutFilter.doFilter(LogoutFilter.java:116)
	at org.springframework.security.web.FilterChainProxy$VirtualFilterChain.doFilter(FilterChainProxy.java:334)
	at org.springframework.security.web.csrf.CsrfFilter.doFilterInternal(CsrfFilter.java:117)
	at org.springframework.web.filter.OncePerRequestFilter.doFilter(OncePerRequestFilter.java:119)
	at org.springframework.security.web.FilterChainProxy$VirtualFilterChain.doFilter(FilterChainProxy.java:334)
	at org.springframework.security.web.header.HeaderWriterFilter.doHeadersAfter(HeaderWriterFilter.java:92)
	at org.springframework.security.web.header.HeaderWriterFilter.doFilterInternal(HeaderWriterFilter.java:77)
	at org.springframework.web.filter.OncePerRequestFilter.doFilter(OncePerRequestFilter.java:119)
	at org.springframework.security.web.FilterChainProxy$VirtualFilterChain.doFilter(FilterChainProxy.java:334)
	at org.springframework.security.web.context.SecurityContextPersistenceFilter.doFilter(SecurityContextPersistenceFilter.java:105)
	at org.springframework.security.web.FilterChainProxy$VirtualFilterChain.doFilter(FilterChainProxy.java:334)
	at org.springframework.security.web.context.request.async.WebAsyncManagerIntegrationFilter.doFilterInternal(WebAsyncManagerIntegrationFilter.java:56)
	at org.springframework.web.filter.OncePerRequestFilter.doFilter(OncePerRequestFilter.java:119)
	at org.springframework.security.web.FilterChainProxy$VirtualFilterChain.doFilter(FilterChainProxy.java:334)
	at org.springframework.security.web.FilterChainProxy.doFilterInternal(FilterChainProxy.java:215)
	at org.springframework.security.web.FilterChainProxy.doFilter(FilterChainProxy.java:178)
	at org.springframework.web.filter.DelegatingFilterProxy.invokeDelegate(DelegatingFilterProxy.java:358)
	at org.springframework.web.filter.DelegatingFilterProxy.doFilter(DelegatingFilterProxy.java:271)
	at org.apache.catalina.core.ApplicationFilterChain.internalDoFilter(ApplicationFilterChain.java:193)
	at org.apache.catalina.core.ApplicationFilterChain.doFilter(ApplicationFilterChain.java:166)
	at org.springframework.boot.actuate.metrics.web.servlet.WebMvcMetricsFilter.doFilterInternal(WebMvcMetricsFilter.java:108)
	at org.springframework.web.filter.OncePerRequestFilter.doFilter(OncePerRequestFilter.java:119)
	at org.apache.catalina.core.ApplicationFilterChain.internalDoFilter(ApplicationFilterChain.java:193)
	at org.apache.catalina.core.ApplicationFilterChain.doFilter(ApplicationFilterChain.java:166)
	at org.springframework.web.filter.CharacterEncodingFilter.doFilterInternal(CharacterEncodingFilter.java:201)
	at org.springframework.web.filter.OncePerRequestFilter.doFilter(OncePerRequestFilter.java:119)
	at org.apache.catalina.core.ApplicationFilterChain.internalDoFilter(ApplicationFilterChain.java:193)
	at org.apache.catalina.core.ApplicationFilterChain.doFilter(ApplicationFilterChain.java:166)
	at org.apache.catalina.core.StandardWrapperValve.invoke(StandardWrapperValve.java:202)
	at org.apache.catalina.core.StandardContextValve.invoke(StandardContextValve.java:96)
	at org.apache.catalina.authenticator.AuthenticatorBase.invoke(AuthenticatorBase.java:526)
	at org.apache.catalina.core.StandardHostValve.invoke(StandardHostValve.java:139)
	at org.apache.catalina.valves.ErrorReportValve.invoke(ErrorReportValve.java:92)
	at org.apache.catalina.core.StandardEngineValve.invoke(StandardEngineValve.java:74)
	at org.apache.catalina.connector.CoyoteAdapter.service(CoyoteAdapter.java:343)
	at org.apache.coyote.http11.Http11Processor.service(Http11Processor.java:367)
	at org.apache.coyote.AbstractProcessorLight.process(AbstractProcessorLight.java:65)
	at org.apache.coyote.AbstractProtocol$ConnectionHandler.process(AbstractProtocol.java:860)
	at org.apache.tomcat.util.net.NioEndpoint$SocketProcessor.doRun(NioEndpoint.java:1591)
	at org.apache.tomcat.util.net.SocketProcessorBase.run(SocketProcessorBase.java:49)
	at java.base/java.util.concurrent.ThreadPoolExecutor.runWorker(ThreadPoolExecutor.java:1128)
	at java.base/java.util.concurrent.ThreadPoolExecutor$Worker.run(ThreadPoolExecutor.java:628)
	at org.apache.tomcat.util.threads.TaskThread$WrappingRunnable.run(TaskThread.java:61)
	at java.base/java.lang.Thread.run(Thread.java:834)
2023-12-21 00:01:11,029 INFO com.fabienit.flyingclub.web.controllers.WebappController [http-nio-8002-exec-6] Reach url: /reservations - POST
2023-12-21 00:01:11,030 DEBUG com.fabienit.flyingclub.web.proxies.ApiProxy [http-nio-8002-exec-6] [ApiProxy#getRegisteredUserById] ---> GET http://localhost:8001/users/2 HTTP/1.1
2023-12-21 00:01:11,031 DEBUG com.fabienit.flyingclub.web.proxies.ApiProxy [http-nio-8002-exec-6] [ApiProxy#getRegisteredUserById] Authorization: Basic ZmFiaWVuOjEyMzQ1Ng==
2023-12-21 00:01:11,031 DEBUG com.fabienit.flyingclub.web.proxies.ApiProxy [http-nio-8002-exec-6] [ApiProxy#getRegisteredUserById] ---> END HTTP (0-byte body)
2023-12-21 00:01:11,165 DEBUG com.fabienit.flyingclub.web.proxies.ApiProxy [http-nio-8002-exec-6] [ApiProxy#getRegisteredUserById] <--- HTTP/1.1 200 (133ms)
2023-12-21 00:01:11,165 DEBUG com.fabienit.flyingclub.web.proxies.ApiProxy [http-nio-8002-exec-6] [ApiProxy#getRegisteredUserById] cache-control: no-cache, no-store, max-age=0, must-revalidate
2023-12-21 00:01:11,165 DEBUG com.fabienit.flyingclub.web.proxies.ApiProxy [http-nio-8002-exec-6] [ApiProxy#getRegisteredUserById] connection: keep-alive
2023-12-21 00:01:11,165 DEBUG com.fabienit.flyingclub.web.proxies.ApiProxy [http-nio-8002-exec-6] [ApiProxy#getRegisteredUserById] content-type: application/json
2023-12-21 00:01:11,165 DEBUG com.fabienit.flyingclub.web.proxies.ApiProxy [http-nio-8002-exec-6] [ApiProxy#getRegisteredUserById] date: Wed, 20 Dec 2023 23:01:11 GMT
2023-12-21 00:01:11,166 DEBUG com.fabienit.flyingclub.web.proxies.ApiProxy [http-nio-8002-exec-6] [ApiProxy#getRegisteredUserById] expires: 0
2023-12-21 00:01:11,166 DEBUG com.fabienit.flyingclub.web.proxies.ApiProxy [http-nio-8002-exec-6] [ApiProxy#getRegisteredUserById] keep-alive: timeout=60
2023-12-21 00:01:11,166 DEBUG com.fabienit.flyingclub.web.proxies.ApiProxy [http-nio-8002-exec-6] [ApiProxy#getRegisteredUserById] pragma: no-cache
2023-12-21 00:01:11,166 DEBUG com.fabienit.flyingclub.web.proxies.ApiProxy [http-nio-8002-exec-6] [ApiProxy#getRegisteredUserById] set-cookie: JSESSIONID=92847C12A678693A4A110FE2EBDA3109; Path=/; HttpOnly
2023-12-21 00:01:11,166 DEBUG com.fabienit.flyingclub.web.proxies.ApiProxy [http-nio-8002-exec-6] [ApiProxy#getRegisteredUserById] transfer-encoding: chunked
2023-12-21 00:01:11,166 DEBUG com.fabienit.flyingclub.web.proxies.ApiProxy [http-nio-8002-exec-6] [ApiProxy#getRegisteredUserById] x-content-type-options: nosniff
2023-12-21 00:01:11,166 DEBUG com.fabienit.flyingclub.web.proxies.ApiProxy [http-nio-8002-exec-6] [ApiProxy#getRegisteredUserById] x-xss-protection: 1; mode=block
2023-12-21 00:01:11,167 DEBUG com.fabienit.flyingclub.web.proxies.ApiProxy [http-nio-8002-exec-6] [ApiProxy#getRegisteredUserById] 
2023-12-21 00:01:11,167 DEBUG com.fabienit.flyingclub.web.proxies.ApiProxy [http-nio-8002-exec-6] [ApiProxy#getRegisteredUserById] {"id":2,"firstName":"userName","lastName":"userLastName","email":"test1@gmail.com","password":"$2a$10$jPUTDV6/9AkC7NRPPzmvXuLJlfnKoAYo.uJuZc0aeJHGum.LpxO0a","hours":138,"roles":"USER"}
2023-12-21 00:01:11,167 DEBUG com.fabienit.flyingclub.web.proxies.ApiProxy [http-nio-8002-exec-6] [ApiProxy#getRegisteredUserById] <--- END HTTP (184-byte body)
2023-12-21 01:10:16,607 ERROR org.apache.catalina.core.ContainerBase.[Tomcat].[localhost].[/].[dispatcherServlet] [http-nio-8002-exec-6] Servlet.service() for servlet [dispatcherServlet] in context with path [] threw exception [Request processing failed; nested exception is java.lang.NullPointerException] with root cause
java.lang.NullPointerException: null
	at com.fabienit.flyingclub.service.impl.WebappServiceImpl.convertToEntity(WebappServiceImpl.java:394)
	at com.fabienit.flyingclub.service.impl.WebappServiceImpl.createReservation(WebappServiceImpl.java:382)
	at com.fabienit.flyingclub.web.controllers.WebappController.saveReservation(WebappController.java:510)
	at java.base/jdk.internal.reflect.NativeMethodAccessorImpl.invoke0(Native Method)
	at java.base/jdk.internal.reflect.NativeMethodAccessorImpl.invoke(NativeMethodAccessorImpl.java:62)
	at java.base/jdk.internal.reflect.DelegatingMethodAccessorImpl.invoke(DelegatingMethodAccessorImpl.java:43)
	at java.base/java.lang.reflect.Method.invoke(Method.java:566)
	at org.springframework.web.method.support.InvocableHandlerMethod.doInvoke(InvocableHandlerMethod.java:190)
	at org.springframework.web.method.support.InvocableHandlerMethod.invokeForRequest(InvocableHandlerMethod.java:138)
	at org.springframework.web.servlet.mvc.method.annotation.ServletInvocableHandlerMethod.invokeAndHandle(ServletInvocableHandlerMethod.java:106)
	at org.springframework.web.servlet.mvc.method.annotation.RequestMappingHandlerAdapter.invokeHandlerMethod(RequestMappingHandlerAdapter.java:888)
	at org.springframework.web.servlet.mvc.method.annotation.RequestMappingHandlerAdapter.handleInternal(RequestMappingHandlerAdapter.java:793)
	at org.springframework.web.servlet.mvc.method.AbstractHandlerMethodAdapter.handle(AbstractHandlerMethodAdapter.java:87)
	at org.springframework.web.servlet.DispatcherServlet.doDispatch(DispatcherServlet.java:1040)
	at org.springframework.web.servlet.DispatcherServlet.doService(DispatcherServlet.java:943)
	at org.springframework.web.servlet.FrameworkServlet.processRequest(FrameworkServlet.java:1006)
	at org.springframework.web.servlet.FrameworkServlet.doPost(FrameworkServlet.java:909)
	at javax.servlet.http.HttpServlet.service(HttpServlet.java:660)
	at org.springframework.web.servlet.FrameworkServlet.service(FrameworkServlet.java:883)
	at javax.servlet.http.HttpServlet.service(HttpServlet.java:741)
	at org.apache.catalina.core.ApplicationFilterChain.internalDoFilter(ApplicationFilterChain.java:231)
	at org.apache.catalina.core.ApplicationFilterChain.doFilter(ApplicationFilterChain.java:166)
	at org.apache.tomcat.websocket.server.WsFilter.doFilter(WsFilter.java:53)
	at org.apache.catalina.core.ApplicationFilterChain.internalDoFilter(ApplicationFilterChain.java:193)
	at org.apache.catalina.core.ApplicationFilterChain.doFilter(ApplicationFilterChain.java:166)
	at org.springframework.security.web.FilterChainProxy$VirtualFilterChain.doFilter(FilterChainProxy.java:320)
	at org.springframework.security.web.access.intercept.FilterSecurityInterceptor.invoke(FilterSecurityInterceptor.java:126)
	at org.springframework.security.web.access.intercept.FilterSecurityInterceptor.doFilter(FilterSecurityInterceptor.java:90)
	at org.springframework.security.web.FilterChainProxy$VirtualFilterChain.doFilter(FilterChainProxy.java:334)
	at org.springframework.security.web.access.ExceptionTranslationFilter.doFilter(ExceptionTranslationFilter.java:118)
	at org.springframework.security.web.FilterChainProxy$VirtualFilterChain.doFilter(FilterChainProxy.java:334)
	at org.springframework.security.web.session.SessionManagementFilter.doFilter(SessionManagementFilter.java:137)
	at org.springframework.security.web.FilterChainProxy$VirtualFilterChain.doFilter(FilterChainProxy.java:334)
	at org.springframework.security.web.authentication.AnonymousAuthenticationFilter.doFilter(AnonymousAuthenticationFilter.java:111)
	at org.springframework.security.web.FilterChainProxy$VirtualFilterChain.doFilter(FilterChainProxy.java:334)
	at org.springframework.security.web.servletapi.SecurityContextHolderAwareRequestFilter.doFilter(SecurityContextHolderAwareRequestFilter.java:158)
	at org.springframework.security.web.FilterChainProxy$VirtualFilterChain.doFilter(FilterChainProxy.java:334)
	at org.springframework.security.web.savedrequest.RequestCacheAwareFilter.doFilter(RequestCacheAwareFilter.java:63)
	at org.springframework.security.web.FilterChainProxy$VirtualFilterChain.doFilter(FilterChainProxy.java:334)
	at org.springframework.security.web.authentication.AbstractAuthenticationProcessingFilter.doFilter(AbstractAuthenticationProcessingFilter.java:200)
	at org.springframework.security.web.FilterChainProxy$VirtualFilterChain.doFilter(FilterChainProxy.java:334)
	at org.springframework.security.web.authentication.logout.LogoutFilter.doFilter(LogoutFilter.java:116)
	at org.springframework.security.web.FilterChainProxy$VirtualFilterChain.doFilter(FilterChainProxy.java:334)
	at org.springframework.security.web.csrf.CsrfFilter.doFilterInternal(CsrfFilter.java:141)
	at org.springframework.web.filter.OncePerRequestFilter.doFilter(OncePerRequestFilter.java:119)
	at org.springframework.security.web.FilterChainProxy$VirtualFilterChain.doFilter(FilterChainProxy.java:334)
	at org.springframework.security.web.header.HeaderWriterFilter.doHeadersAfter(HeaderWriterFilter.java:92)
	at org.springframework.security.web.header.HeaderWriterFilter.doFilterInternal(HeaderWriterFilter.java:77)
	at org.springframework.web.filter.OncePerRequestFilter.doFilter(OncePerRequestFilter.java:119)
	at org.springframework.security.web.FilterChainProxy$VirtualFilterChain.doFilter(FilterChainProxy.java:334)
	at org.springframework.security.web.context.SecurityContextPersistenceFilter.doFilter(SecurityContextPersistenceFilter.java:105)
	at org.springframework.security.web.FilterChainProxy$VirtualFilterChain.doFilter(FilterChainProxy.java:334)
	at org.springframework.security.web.context.request.async.WebAsyncManagerIntegrationFilter.doFilterInternal(WebAsyncManagerIntegrationFilter.java:56)
	at org.springframework.web.filter.OncePerRequestFilter.doFilter(OncePerRequestFilter.java:119)
	at org.springframework.security.web.FilterChainProxy$VirtualFilterChain.doFilter(FilterChainProxy.java:334)
	at org.springframework.security.web.FilterChainProxy.doFilterInternal(FilterChainProxy.java:215)
	at org.springframework.security.web.FilterChainProxy.doFilter(FilterChainProxy.java:178)
	at org.springframework.web.filter.DelegatingFilterProxy.invokeDelegate(DelegatingFilterProxy.java:358)
	at org.springframework.web.filter.DelegatingFilterProxy.doFilter(DelegatingFilterProxy.java:271)
	at org.apache.catalina.core.ApplicationFilterChain.internalDoFilter(ApplicationFilterChain.java:193)
	at org.apache.catalina.core.ApplicationFilterChain.doFilter(ApplicationFilterChain.java:166)
	at org.springframework.boot.actuate.metrics.web.servlet.WebMvcMetricsFilter.doFilterInternal(WebMvcMetricsFilter.java:108)
	at org.springframework.web.filter.OncePerRequestFilter.doFilter(OncePerRequestFilter.java:119)
	at org.apache.catalina.core.ApplicationFilterChain.internalDoFilter(ApplicationFilterChain.java:193)
	at org.apache.catalina.core.ApplicationFilterChain.doFilter(ApplicationFilterChain.java:166)
	at org.springframework.web.filter.CharacterEncodingFilter.doFilterInternal(CharacterEncodingFilter.java:201)
	at org.springframework.web.filter.OncePerRequestFilter.doFilter(OncePerRequestFilter.java:119)
	at org.apache.catalina.core.ApplicationFilterChain.internalDoFilter(ApplicationFilterChain.java:193)
	at org.apache.catalina.core.ApplicationFilterChain.doFilter(ApplicationFilterChain.java:166)
	at org.apache.catalina.core.StandardWrapperValve.invoke(StandardWrapperValve.java:202)
	at org.apache.catalina.core.StandardContextValve.invoke(StandardContextValve.java:96)
	at org.apache.catalina.authenticator.AuthenticatorBase.invoke(AuthenticatorBase.java:526)
	at org.apache.catalina.core.StandardHostValve.invoke(StandardHostValve.java:139)
	at org.apache.catalina.valves.ErrorReportValve.invoke(ErrorReportValve.java:92)
	at org.apache.catalina.core.StandardEngineValve.invoke(StandardEngineValve.java:74)
	at org.apache.catalina.connector.CoyoteAdapter.service(CoyoteAdapter.java:343)
	at org.apache.coyote.http11.Http11Processor.service(Http11Processor.java:367)
	at org.apache.coyote.AbstractProcessorLight.process(AbstractProcessorLight.java:65)
	at org.apache.coyote.AbstractProtocol$ConnectionHandler.process(AbstractProtocol.java:860)
	at org.apache.tomcat.util.net.NioEndpoint$SocketProcessor.doRun(NioEndpoint.java:1591)
	at org.apache.tomcat.util.net.SocketProcessorBase.run(SocketProcessorBase.java:49)
	at java.base/java.util.concurrent.ThreadPoolExecutor.runWorker(ThreadPoolExecutor.java:1128)
	at java.base/java.util.concurrent.ThreadPoolExecutor$Worker.run(ThreadPoolExecutor.java:628)
	at org.apache.tomcat.util.threads.TaskThread$WrappingRunnable.run(TaskThread.java:61)
	at java.base/java.lang.Thread.run(Thread.java:834)
2023-12-21 01:10:16,631 INFO com.fabienit.flyingclub.web.controllers.WebappController [http-nio-8002-exec-4] Reach url: / - GET
2023-12-21 13:34:14,963 INFO com.fabienit.flyingclub.AeroclubwebApplication [restartedMain] No active profile set, falling back to default profiles: default
2023-12-21 13:34:19,655 INFO com.fabienit.flyingclub.AeroclubwebApplication [restartedMain] Started AeroclubwebApplication in 5.966 seconds (JVM running for 8.42)
2023-12-21 14:42:40,112 INFO com.fabienit.flyingclub.web.controllers.WebappController [http-nio-8002-exec-1] Reach url: / - GET
2023-12-21 14:43:56,262 DEBUG com.fabienit.flyingclub.web.proxies.ApiProxy [http-nio-8002-exec-5] [ApiProxy#findUserByEmail] ---> POST http://localhost:8001/users/email HTTP/1.1
2023-12-21 14:43:56,263 DEBUG com.fabienit.flyingclub.web.proxies.ApiProxy [http-nio-8002-exec-5] [ApiProxy#findUserByEmail] Authorization: Basic ZmFiaWVuOjEyMzQ1Ng==
2023-12-21 14:43:56,263 DEBUG com.fabienit.flyingclub.web.proxies.ApiProxy [http-nio-8002-exec-5] [ApiProxy#findUserByEmail] Content-Length: 15
2023-12-21 14:43:56,264 DEBUG com.fabienit.flyingclub.web.proxies.ApiProxy [http-nio-8002-exec-5] [ApiProxy#findUserByEmail] Content-Type: text/plain;charset=UTF-8
2023-12-21 14:43:56,264 DEBUG com.fabienit.flyingclub.web.proxies.ApiProxy [http-nio-8002-exec-5] [ApiProxy#findUserByEmail] 
2023-12-21 14:43:56,264 DEBUG com.fabienit.flyingclub.web.proxies.ApiProxy [http-nio-8002-exec-5] [ApiProxy#findUserByEmail] test1@gmail.com
2023-12-21 14:43:56,264 DEBUG com.fabienit.flyingclub.web.proxies.ApiProxy [http-nio-8002-exec-5] [ApiProxy#findUserByEmail] ---> END HTTP (15-byte body)
2023-12-21 14:43:57,094 DEBUG com.fabienit.flyingclub.web.proxies.ApiProxy [http-nio-8002-exec-5] [ApiProxy#findUserByEmail] <--- HTTP/1.1 200 (829ms)
2023-12-21 14:43:57,094 DEBUG com.fabienit.flyingclub.web.proxies.ApiProxy [http-nio-8002-exec-5] [ApiProxy#findUserByEmail] cache-control: no-cache, no-store, max-age=0, must-revalidate
2023-12-21 14:43:57,094 DEBUG com.fabienit.flyingclub.web.proxies.ApiProxy [http-nio-8002-exec-5] [ApiProxy#findUserByEmail] connection: keep-alive
2023-12-21 14:43:57,095 DEBUG com.fabienit.flyingclub.web.proxies.ApiProxy [http-nio-8002-exec-5] [ApiProxy#findUserByEmail] content-type: application/json
2023-12-21 14:43:57,095 DEBUG com.fabienit.flyingclub.web.proxies.ApiProxy [http-nio-8002-exec-5] [ApiProxy#findUserByEmail] date: Thu, 21 Dec 2023 13:43:57 GMT
2023-12-21 14:43:57,095 DEBUG com.fabienit.flyingclub.web.proxies.ApiProxy [http-nio-8002-exec-5] [ApiProxy#findUserByEmail] expires: 0
2023-12-21 14:43:57,095 DEBUG com.fabienit.flyingclub.web.proxies.ApiProxy [http-nio-8002-exec-5] [ApiProxy#findUserByEmail] keep-alive: timeout=60
2023-12-21 14:43:57,095 DEBUG com.fabienit.flyingclub.web.proxies.ApiProxy [http-nio-8002-exec-5] [ApiProxy#findUserByEmail] pragma: no-cache
2023-12-21 14:43:57,095 DEBUG com.fabienit.flyingclub.web.proxies.ApiProxy [http-nio-8002-exec-5] [ApiProxy#findUserByEmail] set-cookie: JSESSIONID=8B27A3FE49C2CA5FD6BD14EE3855F709; Path=/; HttpOnly
2023-12-21 14:43:57,095 DEBUG com.fabienit.flyingclub.web.proxies.ApiProxy [http-nio-8002-exec-5] [ApiProxy#findUserByEmail] transfer-encoding: chunked
2023-12-21 14:43:57,095 DEBUG com.fabienit.flyingclub.web.proxies.ApiProxy [http-nio-8002-exec-5] [ApiProxy#findUserByEmail] x-content-type-options: nosniff
2023-12-21 14:43:57,095 DEBUG com.fabienit.flyingclub.web.proxies.ApiProxy [http-nio-8002-exec-5] [ApiProxy#findUserByEmail] x-xss-protection: 1; mode=block
2023-12-21 14:43:57,096 DEBUG com.fabienit.flyingclub.web.proxies.ApiProxy [http-nio-8002-exec-5] [ApiProxy#findUserByEmail] 
2023-12-21 14:43:57,097 DEBUG com.fabienit.flyingclub.web.proxies.ApiProxy [http-nio-8002-exec-5] [ApiProxy#findUserByEmail] {"id":2,"firstName":"userName","lastName":"userLastName","email":"test1@gmail.com","password":"$2a$10$jPUTDV6/9AkC7NRPPzmvXuLJlfnKoAYo.uJuZc0aeJHGum.LpxO0a","hours":138,"roles":"USER"}
2023-12-21 14:43:57,097 DEBUG com.fabienit.flyingclub.web.proxies.ApiProxy [http-nio-8002-exec-5] [ApiProxy#findUserByEmail] <--- END HTTP (184-byte body)
2023-12-21 14:43:57,251 INFO com.fabienit.flyingclub.web.controllers.WebappController [http-nio-8002-exec-6] Reach url: / - GET
2023-12-21 14:49:20,536 INFO com.fabienit.flyingclub.web.controllers.WebappController [http-nio-8002-exec-4] Reach url: / - GET
2023-12-21 14:49:23,161 INFO com.fabienit.flyingclub.web.controllers.WebappController [http-nio-8002-exec-9] Reach url: / - GET
2023-12-21 14:49:26,025 INFO com.fabienit.flyingclub.web.controllers.WebappController [http-nio-8002-exec-1] Reach url: /profile - GET
2023-12-21 14:49:26,026 DEBUG com.fabienit.flyingclub.service.impl.WebappServiceImpl [http-nio-8002-exec-1] Getting authenticated current user id
2023-12-21 14:49:26,027 DEBUG com.fabienit.flyingclub.web.proxies.ApiProxy [http-nio-8002-exec-1] [ApiProxy#getRegisteredUserById] ---> GET http://localhost:8001/users/2 HTTP/1.1
2023-12-21 14:49:26,028 DEBUG com.fabienit.flyingclub.web.proxies.ApiProxy [http-nio-8002-exec-1] [ApiProxy#getRegisteredUserById] Authorization: Basic ZmFiaWVuOjEyMzQ1Ng==
2023-12-21 14:49:26,029 DEBUG com.fabienit.flyingclub.web.proxies.ApiProxy [http-nio-8002-exec-1] [ApiProxy#getRegisteredUserById] ---> END HTTP (0-byte body)
2023-12-21 14:49:26,220 DEBUG com.fabienit.flyingclub.web.proxies.ApiProxy [http-nio-8002-exec-1] [ApiProxy#getRegisteredUserById] <--- HTTP/1.1 200 (189ms)
2023-12-21 14:49:26,220 DEBUG com.fabienit.flyingclub.web.proxies.ApiProxy [http-nio-8002-exec-1] [ApiProxy#getRegisteredUserById] cache-control: no-cache, no-store, max-age=0, must-revalidate
2023-12-21 14:49:26,220 DEBUG com.fabienit.flyingclub.web.proxies.ApiProxy [http-nio-8002-exec-1] [ApiProxy#getRegisteredUserById] connection: keep-alive
2023-12-21 14:49:26,220 DEBUG com.fabienit.flyingclub.web.proxies.ApiProxy [http-nio-8002-exec-1] [ApiProxy#getRegisteredUserById] content-type: application/json
2023-12-21 14:49:26,220 DEBUG com.fabienit.flyingclub.web.proxies.ApiProxy [http-nio-8002-exec-1] [ApiProxy#getRegisteredUserById] date: Thu, 21 Dec 2023 13:49:26 GMT
2023-12-21 14:49:26,221 DEBUG com.fabienit.flyingclub.web.proxies.ApiProxy [http-nio-8002-exec-1] [ApiProxy#getRegisteredUserById] expires: 0
2023-12-21 14:49:26,221 DEBUG com.fabienit.flyingclub.web.proxies.ApiProxy [http-nio-8002-exec-1] [ApiProxy#getRegisteredUserById] keep-alive: timeout=60
2023-12-21 14:49:26,221 DEBUG com.fabienit.flyingclub.web.proxies.ApiProxy [http-nio-8002-exec-1] [ApiProxy#getRegisteredUserById] pragma: no-cache
2023-12-21 14:49:26,221 DEBUG com.fabienit.flyingclub.web.proxies.ApiProxy [http-nio-8002-exec-1] [ApiProxy#getRegisteredUserById] set-cookie: JSESSIONID=2307A7912929A3B8BB1C65A246BD02EB; Path=/; HttpOnly
2023-12-21 14:49:26,221 DEBUG com.fabienit.flyingclub.web.proxies.ApiProxy [http-nio-8002-exec-1] [ApiProxy#getRegisteredUserById] transfer-encoding: chunked
2023-12-21 14:49:26,221 DEBUG com.fabienit.flyingclub.web.proxies.ApiProxy [http-nio-8002-exec-1] [ApiProxy#getRegisteredUserById] x-content-type-options: nosniff
2023-12-21 14:49:26,221 DEBUG com.fabienit.flyingclub.web.proxies.ApiProxy [http-nio-8002-exec-1] [ApiProxy#getRegisteredUserById] x-xss-protection: 1; mode=block
2023-12-21 14:49:26,221 DEBUG com.fabienit.flyingclub.web.proxies.ApiProxy [http-nio-8002-exec-1] [ApiProxy#getRegisteredUserById] 
2023-12-21 14:49:26,222 DEBUG com.fabienit.flyingclub.web.proxies.ApiProxy [http-nio-8002-exec-1] [ApiProxy#getRegisteredUserById] {"id":2,"firstName":"userName","lastName":"userLastName","email":"test1@gmail.com","password":"$2a$10$jPUTDV6/9AkC7NRPPzmvXuLJlfnKoAYo.uJuZc0aeJHGum.LpxO0a","hours":138,"roles":"USER"}
2023-12-21 14:49:26,222 DEBUG com.fabienit.flyingclub.web.proxies.ApiProxy [http-nio-8002-exec-1] [ApiProxy#getRegisteredUserById] <--- END HTTP (184-byte body)
2023-12-21 14:49:28,728 INFO com.fabienit.flyingclub.web.controllers.WebappController [http-nio-8002-exec-4] Reach url: / - GET
2023-12-21 14:49:29,591 INFO com.fabienit.flyingclub.web.controllers.WebappController [http-nio-8002-exec-9] Reach url: /reservations - GET
2023-12-21 14:49:29,591 DEBUG com.fabienit.flyingclub.service.impl.WebappServiceImpl [http-nio-8002-exec-9] Getting authenticated current user id
2023-12-21 14:49:29,592 DEBUG com.fabienit.flyingclub.web.proxies.ApiProxy [http-nio-8002-exec-9] [ApiProxy#getAvailableAircrafts] ---> GET http://localhost:8001/aircraftsAvailable HTTP/1.1
2023-12-21 14:49:29,593 DEBUG com.fabienit.flyingclub.web.proxies.ApiProxy [http-nio-8002-exec-9] [ApiProxy#getAvailableAircrafts] Authorization: Basic ZmFiaWVuOjEyMzQ1Ng==
2023-12-21 14:49:29,593 DEBUG com.fabienit.flyingclub.web.proxies.ApiProxy [http-nio-8002-exec-9] [ApiProxy#getAvailableAircrafts] ---> END HTTP (0-byte body)
2023-12-21 14:49:29,781 DEBUG com.fabienit.flyingclub.web.proxies.ApiProxy [http-nio-8002-exec-9] [ApiProxy#getAvailableAircrafts] <--- HTTP/1.1 200 (187ms)
2023-12-21 14:49:29,781 DEBUG com.fabienit.flyingclub.web.proxies.ApiProxy [http-nio-8002-exec-9] [ApiProxy#getAvailableAircrafts] cache-control: no-cache, no-store, max-age=0, must-revalidate
2023-12-21 14:49:29,781 DEBUG com.fabienit.flyingclub.web.proxies.ApiProxy [http-nio-8002-exec-9] [ApiProxy#getAvailableAircrafts] connection: keep-alive
2023-12-21 14:49:29,781 DEBUG com.fabienit.flyingclub.web.proxies.ApiProxy [http-nio-8002-exec-9] [ApiProxy#getAvailableAircrafts] content-type: application/json
2023-12-21 14:49:29,782 DEBUG com.fabienit.flyingclub.web.proxies.ApiProxy [http-nio-8002-exec-9] [ApiProxy#getAvailableAircrafts] date: Thu, 21 Dec 2023 13:49:29 GMT
2023-12-21 14:49:29,782 DEBUG com.fabienit.flyingclub.web.proxies.ApiProxy [http-nio-8002-exec-9] [ApiProxy#getAvailableAircrafts] expires: 0
2023-12-21 14:49:29,782 DEBUG com.fabienit.flyingclub.web.proxies.ApiProxy [http-nio-8002-exec-9] [ApiProxy#getAvailableAircrafts] keep-alive: timeout=60
2023-12-21 14:49:29,782 DEBUG com.fabienit.flyingclub.web.proxies.ApiProxy [http-nio-8002-exec-9] [ApiProxy#getAvailableAircrafts] pragma: no-cache
2023-12-21 14:49:29,782 DEBUG com.fabienit.flyingclub.web.proxies.ApiProxy [http-nio-8002-exec-9] [ApiProxy#getAvailableAircrafts] set-cookie: JSESSIONID=E67FBB9206C852E9D45F694363BB0E6E; Path=/; HttpOnly
2023-12-21 14:49:29,782 DEBUG com.fabienit.flyingclub.web.proxies.ApiProxy [http-nio-8002-exec-9] [ApiProxy#getAvailableAircrafts] transfer-encoding: chunked
2023-12-21 14:49:29,783 DEBUG com.fabienit.flyingclub.web.proxies.ApiProxy [http-nio-8002-exec-9] [ApiProxy#getAvailableAircrafts] x-content-type-options: nosniff
2023-12-21 14:49:29,783 DEBUG com.fabienit.flyingclub.web.proxies.ApiProxy [http-nio-8002-exec-9] [ApiProxy#getAvailableAircrafts] x-xss-protection: 1; mode=block
2023-12-21 14:49:29,783 DEBUG com.fabienit.flyingclub.web.proxies.ApiProxy [http-nio-8002-exec-9] [ApiProxy#getAvailableAircrafts] 
2023-12-21 14:49:29,783 DEBUG com.fabienit.flyingclub.web.proxies.ApiProxy [http-nio-8002-exec-9] [ApiProxy#getAvailableAircrafts] [{"id":1,"mark":"Diamond Aircraft","type":"DA 20-100 Katana","motor":"Rotax 912 S","power":"100 ch","seats":2,"autonomy":4,"use":"ecole","hours":4589,"available":true},{"id":3,"mark":"Piper","type":"PA 28-161 Cadet","motor":"Lycoming ","power":"160 ch","seats":2,"autonomy":5,"use":"voyage","hours":7810,"available":true},{"id":4,"mark":"Cessna","type":"kyhawk C172 S","motor":"Lycoming ","power":"180 ch","seats":4,"autonomy":5,"use":"voyage","hours":429,"available":true}]
2023-12-21 14:49:29,783 DEBUG com.fabienit.flyingclub.web.proxies.ApiProxy [http-nio-8002-exec-9] [ApiProxy#getAvailableAircrafts] <--- END HTTP (474-byte body)
2023-12-21 14:49:29,788 DEBUG com.fabienit.flyingclub.service.impl.WebappServiceImpl [http-nio-8002-exec-9] Getting reservations for current authenticated user
2023-12-21 14:49:29,788 DEBUG com.fabienit.flyingclub.service.impl.WebappServiceImpl [http-nio-8002-exec-9] Getting authenticated current user id
2023-12-21 14:49:29,789 DEBUG com.fabienit.flyingclub.web.proxies.ApiProxy [http-nio-8002-exec-9] [ApiProxy#getReservationByRegisteredUser] ---> GET http://localhost:8001/reservations/user/2 HTTP/1.1
2023-12-21 14:49:29,789 DEBUG com.fabienit.flyingclub.web.proxies.ApiProxy [http-nio-8002-exec-9] [ApiProxy#getReservationByRegisteredUser] Authorization: Basic ZmFiaWVuOjEyMzQ1Ng==
2023-12-21 14:49:29,789 DEBUG com.fabienit.flyingclub.web.proxies.ApiProxy [http-nio-8002-exec-9] [ApiProxy#getReservationByRegisteredUser] ---> END HTTP (0-byte body)
2023-12-21 14:49:29,980 DEBUG com.fabienit.flyingclub.web.proxies.ApiProxy [http-nio-8002-exec-9] [ApiProxy#getReservationByRegisteredUser] <--- HTTP/1.1 200 (190ms)
2023-12-21 14:49:29,980 DEBUG com.fabienit.flyingclub.web.proxies.ApiProxy [http-nio-8002-exec-9] [ApiProxy#getReservationByRegisteredUser] cache-control: no-cache, no-store, max-age=0, must-revalidate
2023-12-21 14:49:29,981 DEBUG com.fabienit.flyingclub.web.proxies.ApiProxy [http-nio-8002-exec-9] [ApiProxy#getReservationByRegisteredUser] connection: keep-alive
2023-12-21 14:49:29,981 DEBUG com.fabienit.flyingclub.web.proxies.ApiProxy [http-nio-8002-exec-9] [ApiProxy#getReservationByRegisteredUser] content-type: application/json
2023-12-21 14:49:29,981 DEBUG com.fabienit.flyingclub.web.proxies.ApiProxy [http-nio-8002-exec-9] [ApiProxy#getReservationByRegisteredUser] date: Thu, 21 Dec 2023 13:49:29 GMT
2023-12-21 14:49:29,981 DEBUG com.fabienit.flyingclub.web.proxies.ApiProxy [http-nio-8002-exec-9] [ApiProxy#getReservationByRegisteredUser] expires: 0
2023-12-21 14:49:29,981 DEBUG com.fabienit.flyingclub.web.proxies.ApiProxy [http-nio-8002-exec-9] [ApiProxy#getReservationByRegisteredUser] keep-alive: timeout=60
2023-12-21 14:49:29,982 DEBUG com.fabienit.flyingclub.web.proxies.ApiProxy [http-nio-8002-exec-9] [ApiProxy#getReservationByRegisteredUser] pragma: no-cache
2023-12-21 14:49:29,982 DEBUG com.fabienit.flyingclub.web.proxies.ApiProxy [http-nio-8002-exec-9] [ApiProxy#getReservationByRegisteredUser] set-cookie: JSESSIONID=2DF0BA833DC74179C944C333DD757BB5; Path=/; HttpOnly
2023-12-21 14:49:29,982 DEBUG com.fabienit.flyingclub.web.proxies.ApiProxy [http-nio-8002-exec-9] [ApiProxy#getReservationByRegisteredUser] transfer-encoding: chunked
2023-12-21 14:49:29,982 DEBUG com.fabienit.flyingclub.web.proxies.ApiProxy [http-nio-8002-exec-9] [ApiProxy#getReservationByRegisteredUser] x-content-type-options: nosniff
2023-12-21 14:49:29,982 DEBUG com.fabienit.flyingclub.web.proxies.ApiProxy [http-nio-8002-exec-9] [ApiProxy#getReservationByRegisteredUser] x-xss-protection: 1; mode=block
2023-12-21 14:49:29,982 DEBUG com.fabienit.flyingclub.web.proxies.ApiProxy [http-nio-8002-exec-9] [ApiProxy#getReservationByRegisteredUser] 
2023-12-21 14:49:29,982 DEBUG com.fabienit.flyingclub.web.proxies.ApiProxy [http-nio-8002-exec-9] [ApiProxy#getReservationByRegisteredUser] [{"id":2,"borrowingDate":"2023-10-08T22:00:00.000+0000","returnDate":"2023-10-08T22:00:00.000+0000","aircraft":{"id":2,"mark":"Diamond Aircraft","type":"DA 40","motor":"Rotax 912 S","power":"180 ch","seats":4,"autonomy":4,"use":"voyage","hours":378,"available":false},"registeredUser":{"id":2,"firstName":"userName","lastName":"userLastName","email":"test1@gmail.com","password":"$2a$10$jPUTDV6/9AkC7NRPPzmvXuLJlfnKoAYo.uJuZc0aeJHGum.LpxO0a","hours":138,"roles":"USER"}},{"id":6,"borrowingDate":"2023-12-10T23:00:00.000+0000","returnDate":"2023-12-11T23:00:00.000+0000","aircraft":{"id":3,"mark":"Piper","type":"PA 28-161 Cadet","motor":"Lycoming ","power":"160 ch","seats":2,"autonomy":5,"use":"voyage","hours":7810,"available":true},"registeredUser":{"id":2,"firstName":"userName","lastName":"userLastName","email":"test1@gmail.com","password":"$2a$10$jPUTDV6/9AkC7NRPPzmvXuLJlfnKoAYo.uJuZc0aeJHGum.LpxO0a","hours":138,"roles":"USER"}}]
2023-12-21 14:49:29,983 DEBUG com.fabienit.flyingclub.web.proxies.ApiProxy [http-nio-8002-exec-9] [ApiProxy#getReservationByRegisteredUser] <--- END HTTP (938-byte body)
2023-12-21 14:49:31,480 INFO com.fabienit.flyingclub.web.controllers.WebappController [http-nio-8002-exec-3] Reach url: / - GET
2023-12-21 14:49:32,181 INFO com.fabienit.flyingclub.web.controllers.WebappController [http-nio-8002-exec-5] Reach url: /workshop - GET
2023-12-21 14:49:32,182 DEBUG com.fabienit.flyingclub.web.proxies.ApiProxy [http-nio-8002-exec-5] [ApiProxy#getWorkshops] ---> GET http://localhost:8001/workshop HTTP/1.1
2023-12-21 14:49:32,187 DEBUG com.fabienit.flyingclub.web.proxies.ApiProxy [http-nio-8002-exec-5] [ApiProxy#getWorkshops] Authorization: Basic ZmFiaWVuOjEyMzQ1Ng==
2023-12-21 14:49:32,187 DEBUG com.fabienit.flyingclub.web.proxies.ApiProxy [http-nio-8002-exec-5] [ApiProxy#getWorkshops] ---> END HTTP (0-byte body)
2023-12-21 14:49:32,333 DEBUG com.fabienit.flyingclub.web.proxies.ApiProxy [http-nio-8002-exec-5] [ApiProxy#getWorkshops] <--- HTTP/1.1 200 (144ms)
2023-12-21 14:49:32,333 DEBUG com.fabienit.flyingclub.web.proxies.ApiProxy [http-nio-8002-exec-5] [ApiProxy#getWorkshops] cache-control: no-cache, no-store, max-age=0, must-revalidate
2023-12-21 14:49:32,334 DEBUG com.fabienit.flyingclub.web.proxies.ApiProxy [http-nio-8002-exec-5] [ApiProxy#getWorkshops] connection: keep-alive
2023-12-21 14:49:32,334 DEBUG com.fabienit.flyingclub.web.proxies.ApiProxy [http-nio-8002-exec-5] [ApiProxy#getWorkshops] content-type: application/json
2023-12-21 14:49:32,334 DEBUG com.fabienit.flyingclub.web.proxies.ApiProxy [http-nio-8002-exec-5] [ApiProxy#getWorkshops] date: Thu, 21 Dec 2023 13:49:32 GMT
2023-12-21 14:49:32,334 DEBUG com.fabienit.flyingclub.web.proxies.ApiProxy [http-nio-8002-exec-5] [ApiProxy#getWorkshops] expires: 0
2023-12-21 14:49:32,334 DEBUG com.fabienit.flyingclub.web.proxies.ApiProxy [http-nio-8002-exec-5] [ApiProxy#getWorkshops] keep-alive: timeout=60
2023-12-21 14:49:32,334 DEBUG com.fabienit.flyingclub.web.proxies.ApiProxy [http-nio-8002-exec-5] [ApiProxy#getWorkshops] pragma: no-cache
2023-12-21 14:49:32,334 DEBUG com.fabienit.flyingclub.web.proxies.ApiProxy [http-nio-8002-exec-5] [ApiProxy#getWorkshops] set-cookie: JSESSIONID=902B8AF884455C4CDAA9E884E1790CAA; Path=/; HttpOnly
2023-12-21 14:49:32,334 DEBUG com.fabienit.flyingclub.web.proxies.ApiProxy [http-nio-8002-exec-5] [ApiProxy#getWorkshops] transfer-encoding: chunked
2023-12-21 14:49:32,335 DEBUG com.fabienit.flyingclub.web.proxies.ApiProxy [http-nio-8002-exec-5] [ApiProxy#getWorkshops] x-content-type-options: nosniff
2023-12-21 14:49:32,335 DEBUG com.fabienit.flyingclub.web.proxies.ApiProxy [http-nio-8002-exec-5] [ApiProxy#getWorkshops] x-xss-protection: 1; mode=block
2023-12-21 14:49:32,335 DEBUG com.fabienit.flyingclub.web.proxies.ApiProxy [http-nio-8002-exec-5] [ApiProxy#getWorkshops] 
2023-12-21 14:49:32,335 DEBUG com.fabienit.flyingclub.web.proxies.ApiProxy [http-nio-8002-exec-5] [ApiProxy#getWorkshops] [{"id":1,"motorChange":true,"helixChange":true,"other":"","date":"2023-09-12T22:00:00.000+0000","aircraft":{"id":1,"mark":"Diamond Aircraft","type":"DA 20-100 Katana","motor":"Rotax 912 S","power":"100 ch","seats":2,"autonomy":4,"use":"ecole","hours":4589,"available":true}},{"id":2,"motorChange":true,"helixChange":true,"other":"","date":"2023-09-28T22:00:00.000+0000","aircraft":{"id":3,"mark":"Piper","type":"PA 28-161 Cadet","motor":"Lycoming ","power":"160 ch","seats":2,"autonomy":5,"use":"voyage","hours":7810,"available":true}},{"id":3,"motorChange":true,"helixChange":true,"other":"","date":"2023-10-08T22:00:00.000+0000","aircraft":{"id":2,"mark":"Diamond Aircraft","type":"DA 40","motor":"Rotax 912 S","power":"180 ch","seats":4,"autonomy":4,"use":"voyage","hours":378,"available":false}},{"id":4,"motorChange":true,"helixChange":true,"other":"","date":"2023-10-29T23:00:00.000+0000","aircraft":{"id":4,"mark":"Cessna","type":"kyhawk C172 S","motor":"Lycoming ","power":"180 ch","seats":4,"autonomy":5,"use":"voyage","hours":429,"available":true}}]
2023-12-21 14:49:32,335 DEBUG com.fabienit.flyingclub.web.proxies.ApiProxy [http-nio-8002-exec-5] [ApiProxy#getWorkshops] <--- END HTTP (1059-byte body)
2023-12-21 14:49:33,614 INFO com.fabienit.flyingclub.web.controllers.WebappController [http-nio-8002-exec-2] Reach url: / - GET
2023-12-21 18:27:11,287 INFO com.fabienit.flyingclub.web.controllers.WebappController [http-nio-8002-exec-5] Reach url: /disconnect - GET
2023-12-21 18:27:11,339 INFO com.fabienit.flyingclub.web.controllers.WebappController [http-nio-8002-exec-9] Reach url: /connexion - GET
2023-12-21 18:27:12,969 DEBUG com.fabienit.flyingclub.web.proxies.ApiProxy [http-nio-8002-exec-10] [ApiProxy#findUserByEmail] ---> POST http://localhost:8001/users/email HTTP/1.1
2023-12-21 18:27:12,970 DEBUG com.fabienit.flyingclub.web.proxies.ApiProxy [http-nio-8002-exec-10] [ApiProxy#findUserByEmail] Authorization: Basic ZmFiaWVuOjEyMzQ1Ng==
2023-12-21 18:27:12,970 DEBUG com.fabienit.flyingclub.web.proxies.ApiProxy [http-nio-8002-exec-10] [ApiProxy#findUserByEmail] Content-Length: 15
2023-12-21 18:27:12,970 DEBUG com.fabienit.flyingclub.web.proxies.ApiProxy [http-nio-8002-exec-10] [ApiProxy#findUserByEmail] Content-Type: text/plain;charset=UTF-8
2023-12-21 18:27:12,971 DEBUG com.fabienit.flyingclub.web.proxies.ApiProxy [http-nio-8002-exec-10] [ApiProxy#findUserByEmail] 
2023-12-21 18:27:12,971 DEBUG com.fabienit.flyingclub.web.proxies.ApiProxy [http-nio-8002-exec-10] [ApiProxy#findUserByEmail] test1@gmail.com
2023-12-21 18:27:12,971 DEBUG com.fabienit.flyingclub.web.proxies.ApiProxy [http-nio-8002-exec-10] [ApiProxy#findUserByEmail] ---> END HTTP (15-byte body)
2023-12-21 18:27:13,126 DEBUG com.fabienit.flyingclub.web.proxies.ApiProxy [http-nio-8002-exec-10] [ApiProxy#findUserByEmail] <--- HTTP/1.1 200 (155ms)
2023-12-21 18:27:13,127 DEBUG com.fabienit.flyingclub.web.proxies.ApiProxy [http-nio-8002-exec-10] [ApiProxy#findUserByEmail] cache-control: no-cache, no-store, max-age=0, must-revalidate
2023-12-21 18:27:13,127 DEBUG com.fabienit.flyingclub.web.proxies.ApiProxy [http-nio-8002-exec-10] [ApiProxy#findUserByEmail] connection: keep-alive
2023-12-21 18:27:13,128 DEBUG com.fabienit.flyingclub.web.proxies.ApiProxy [http-nio-8002-exec-10] [ApiProxy#findUserByEmail] content-type: application/json
2023-12-21 18:27:13,128 DEBUG com.fabienit.flyingclub.web.proxies.ApiProxy [http-nio-8002-exec-10] [ApiProxy#findUserByEmail] date: Thu, 21 Dec 2023 17:27:13 GMT
2023-12-21 18:27:13,128 DEBUG com.fabienit.flyingclub.web.proxies.ApiProxy [http-nio-8002-exec-10] [ApiProxy#findUserByEmail] expires: 0
2023-12-21 18:27:13,128 DEBUG com.fabienit.flyingclub.web.proxies.ApiProxy [http-nio-8002-exec-10] [ApiProxy#findUserByEmail] keep-alive: timeout=60
2023-12-21 18:27:13,129 DEBUG com.fabienit.flyingclub.web.proxies.ApiProxy [http-nio-8002-exec-10] [ApiProxy#findUserByEmail] pragma: no-cache
2023-12-21 18:27:13,129 DEBUG com.fabienit.flyingclub.web.proxies.ApiProxy [http-nio-8002-exec-10] [ApiProxy#findUserByEmail] set-cookie: JSESSIONID=DA495A5E3E725836FF86BD7BAB1B9B6B; Path=/; HttpOnly
2023-12-21 18:27:13,129 DEBUG com.fabienit.flyingclub.web.proxies.ApiProxy [http-nio-8002-exec-10] [ApiProxy#findUserByEmail] transfer-encoding: chunked
2023-12-21 18:27:13,129 DEBUG com.fabienit.flyingclub.web.proxies.ApiProxy [http-nio-8002-exec-10] [ApiProxy#findUserByEmail] x-content-type-options: nosniff
2023-12-21 18:27:13,130 DEBUG com.fabienit.flyingclub.web.proxies.ApiProxy [http-nio-8002-exec-10] [ApiProxy#findUserByEmail] x-xss-protection: 1; mode=block
2023-12-21 18:27:13,130 DEBUG com.fabienit.flyingclub.web.proxies.ApiProxy [http-nio-8002-exec-10] [ApiProxy#findUserByEmail] 
2023-12-21 18:27:13,132 DEBUG com.fabienit.flyingclub.web.proxies.ApiProxy [http-nio-8002-exec-10] [ApiProxy#findUserByEmail] {"id":2,"firstName":"userName","lastName":"userLastName","email":"test1@gmail.com","password":"$2a$10$jPUTDV6/9AkC7NRPPzmvXuLJlfnKoAYo.uJuZc0aeJHGum.LpxO0a","hours":138,"roles":"USER"}
2023-12-21 18:27:13,132 DEBUG com.fabienit.flyingclub.web.proxies.ApiProxy [http-nio-8002-exec-10] [ApiProxy#findUserByEmail] <--- END HTTP (184-byte body)
2023-12-21 18:27:13,288 INFO com.fabienit.flyingclub.web.controllers.WebappController [http-nio-8002-exec-8] Reach url: / - GET
