2022-05-29 18:39:32,492 INFO com.fabienit.bibliobatch.BibliobatchApplication [main] No active profile set, falling back to default profiles: default
2022-05-29 18:39:35,942 INFO com.fabienit.bibliobatch.BibliobatchApplication [main] Started BibliobatchApplication in 4.608 seconds (JVM running for 5.6)
2022-05-29 18:41:00,261 INFO com.fabienit.bibliobatch.service.impl.EmailServiceImpl [scheduling-1] Sending notification emails for available reservations
2022-05-29 18:41:00,495 DEBUG com.fabienit.bibliobatch.service.impl.EmailServiceImpl [scheduling-1] Generating mail data for reservation, id:1
2022-05-29 18:45:15,657 INFO com.fabienit.bibliobatch.BibliobatchApplication [main] No active profile set, falling back to default profiles: default
2022-05-29 18:45:19,768 INFO com.fabienit.bibliobatch.BibliobatchApplication [main] Started BibliobatchApplication in 5.763 seconds (JVM running for 6.764)
2022-05-29 18:47:07,844 INFO com.fabienit.bibliobatch.BibliobatchApplication [main] No active profile set, falling back to default profiles: default
2022-05-29 18:47:12,277 INFO com.fabienit.bibliobatch.BibliobatchApplication [main] Started BibliobatchApplication in 5.745 seconds (JVM running for 7.05)
2022-05-29 18:47:20,762 INFO com.fabienit.bibliobatch.BibliobatchApplication [main] No active profile set, falling back to default profiles: default
2022-05-29 18:47:24,081 INFO com.fabienit.bibliobatch.BibliobatchApplication [main] Started BibliobatchApplication in 4.516 seconds (JVM running for 5.432)
2022-05-29 18:48:00,174 ERROR org.springframework.scheduling.support.TaskUtils$LoggingErrorHandler [scheduling-1] Unexpected error occurred in scheduled task
feign.FeignException$InternalServerError: status 500 reading ApiProxy#deleteOutDatedReservations()
	at feign.FeignException.serverErrorStatus(FeignException.java:195)
	at feign.FeignException.errorStatus(FeignException.java:144)
	at feign.FeignException.errorStatus(FeignException.java:133)
	at feign.codec.ErrorDecoder$Default.decode(ErrorDecoder.java:92)
	at feign.SynchronousMethodHandler.executeAndDecode(SynchronousMethodHandler.java:151)
	at feign.SynchronousMethodHandler.invoke(SynchronousMethodHandler.java:80)
	at feign.ReflectiveFeign$FeignInvocationHandler.invoke(ReflectiveFeign.java:103)
	at jdk.proxy2/jdk.proxy2.$Proxy72.deleteOutDatedReservations(Unknown Source)
	at com.fabienit.bibliobatch.service.impl.EmailServiceImpl.launchingReservationDailyTask(EmailServiceImpl.java:71)
	at java.base/jdk.internal.reflect.NativeMethodAccessorImpl.invoke0(Native Method)
	at java.base/jdk.internal.reflect.NativeMethodAccessorImpl.invoke(NativeMethodAccessorImpl.java:78)
	at java.base/jdk.internal.reflect.DelegatingMethodAccessorImpl.invoke(DelegatingMethodAccessorImpl.java:43)
	at java.base/java.lang.reflect.Method.invoke(Method.java:567)
	at org.springframework.scheduling.support.ScheduledMethodRunnable.run(ScheduledMethodRunnable.java:84)
	at org.springframework.scheduling.support.DelegatingErrorHandlingRunnable.run(DelegatingErrorHandlingRunnable.java:54)
	at org.springframework.scheduling.concurrent.ReschedulingRunnable.run(ReschedulingRunnable.java:93)
	at java.base/java.util.concurrent.Executors$RunnableAdapter.call(Executors.java:515)
	at java.base/java.util.concurrent.FutureTask.run(FutureTask.java:264)
	at java.base/java.util.concurrent.ScheduledThreadPoolExecutor$ScheduledFutureTask.run(ScheduledThreadPoolExecutor.java:304)
	at java.base/java.util.concurrent.ThreadPoolExecutor.runWorker(ThreadPoolExecutor.java:1130)
	at java.base/java.util.concurrent.ThreadPoolExecutor$Worker.run(ThreadPoolExecutor.java:630)
	at java.base/java.lang.Thread.run(Thread.java:831)
2022-05-29 18:52:29,215 INFO com.fabienit.bibliobatch.BibliobatchApplication [main] No active profile set, falling back to default profiles: default
2022-05-29 18:52:33,216 INFO com.fabienit.bibliobatch.BibliobatchApplication [main] Started BibliobatchApplication in 5.471 seconds (JVM running for 6.677)
2022-05-29 18:53:00,335 INFO com.fabienit.bibliobatch.service.impl.EmailServiceImpl [scheduling-1] Sending notification emails for available reservations
2022-05-29 18:53:00,536 DEBUG com.fabienit.bibliobatch.service.impl.EmailServiceImpl [scheduling-1] Generating mail data for reservation, id:1
2022-05-29 21:21:18,049 INFO com.fabienit.bibliobatch.BibliobatchApplication [main] No active profile set, falling back to default profiles: default
2022-05-29 21:21:22,801 INFO com.fabienit.bibliobatch.BibliobatchApplication [main] Started BibliobatchApplication in 7.196 seconds (JVM running for 8.646)
2022-05-29 21:22:01,225 INFO com.fabienit.bibliobatch.service.impl.EmailServiceImpl [scheduling-1] Sending notification emails for available reservations
2022-05-29 21:22:01,610 DEBUG com.fabienit.bibliobatch.service.impl.EmailServiceImpl [scheduling-1] Generating mail data for reservation, id:1
2022-05-29 21:23:14,251 INFO com.fabienit.bibliobatch.BibliobatchApplication [main] No active profile set, falling back to default profiles: default
2022-05-29 21:23:19,500 INFO com.fabienit.bibliobatch.BibliobatchApplication [main] Started BibliobatchApplication in 7.77 seconds (JVM running for 9.607)
2022-05-29 21:24:00,226 INFO com.fabienit.bibliobatch.service.impl.EmailServiceImpl [scheduling-1] Sending notification emails for available reservations
2022-05-29 21:24:00,469 DEBUG com.fabienit.bibliobatch.service.impl.EmailServiceImpl [scheduling-1] Generating mail data for reservation, id:1
