2022-06-01 10:07:19,152 INFO com.fabienit.biblioapi.BiblioApiApplication [main] Starting BiblioApiApplication on FABPC with PID 7296 (started by FaB PC in C:\Users\FaB\Git\Projet 10\bibliothequep10)
2022-06-01 10:07:19,162 DEBUG com.fabienit.biblioapi.BiblioApiApplication [main] Running with Spring Boot v2.2.1.RELEASE, Spring v5.2.1.RELEASE
2022-06-01 10:07:19,162 INFO com.fabienit.biblioapi.BiblioApiApplication [main] The following profiles are active: dev
2022-06-01 10:07:43,738 DEBUG com.fabienit.biblioapi.configuration.SwaggerConfig$$EnhancerBySpringCGLIB$$bb3c8fe [main] Set Swagger2 documentation
2022-06-01 10:07:44,978 INFO com.fabienit.biblioapi.BiblioApiApplication [main] Started BiblioApiApplication in 26.458 seconds (JVM running for 32.321)
2022-06-01 10:13:04,228 INFO com.fabienit.biblioapi.web.controllers.RegisteredUserController [http-nio-8001-exec-1] Search user by email: test1@gmail.com
2022-06-01 10:13:06,041 INFO com.fabienit.biblioapi.web.controllers.BorrowController [http-nio-8001-exec-2] Providing borrow resources from database by user id: 2
2022-06-01 10:13:06,373 INFO com.fabienit.biblioapi.web.controllers.ReservationController [http-nio-8001-exec-3] Providing reservation list for registered user from database: user id: 2
2022-06-01 13:32:33,333 ERROR org.hibernate.tool.schema.internal.SchemaDropperImpl$DelayedDropActionImpl [SpringContextShutdownHook] HHH000478: Unsuccessful: drop table available_copie if exists
2022-06-01 13:32:33,424 ERROR org.hibernate.tool.schema.internal.SchemaDropperImpl$DelayedDropActionImpl [SpringContextShutdownHook] HHH000478: Unsuccessful: drop table book if exists
2022-06-01 13:32:33,530 ERROR org.hibernate.tool.schema.internal.SchemaDropperImpl$DelayedDropActionImpl [SpringContextShutdownHook] HHH000478: Unsuccessful: drop table library if exists
2022-06-01 13:32:33,531 ERROR org.hibernate.tool.schema.internal.SchemaDropperImpl$DelayedDropActionImpl [SpringContextShutdownHook] HHH000478: Unsuccessful: drop table registered_user if exists
2022-06-01 13:45:17,035 INFO com.fabienit.biblioapi.BiblioApiApplication [main] Starting BiblioApiApplication on FABPC with PID 13800 (started by FaB PC in C:\Users\FaB\Git\Projet 10\bibliothequep10)
2022-06-01 13:45:17,039 DEBUG com.fabienit.biblioapi.BiblioApiApplication [main] Running with Spring Boot v2.2.1.RELEASE, Spring v5.2.1.RELEASE
2022-06-01 13:45:17,040 INFO com.fabienit.biblioapi.BiblioApiApplication [main] The following profiles are active: dev
2022-06-01 13:45:28,917 DEBUG com.fabienit.biblioapi.configuration.SwaggerConfig$$EnhancerBySpringCGLIB$$27ac5a49 [main] Set Swagger2 documentation
2022-06-01 13:45:30,305 INFO com.fabienit.biblioapi.BiblioApiApplication [main] Started BiblioApiApplication in 13.983 seconds (JVM running for 15.287)
2022-06-01 13:46:00,719 INFO com.fabienit.biblioapi.web.controllers.RegisteredUserController [http-nio-8001-exec-1] Search user by email: test1@gmail.com
2022-06-01 13:46:03,027 INFO com.fabienit.biblioapi.web.controllers.BorrowController [http-nio-8001-exec-2] Providing borrow resources from database by user id: 2
2022-06-01 13:46:03,296 INFO com.fabienit.biblioapi.web.controllers.ReservationController [http-nio-8001-exec-3] Providing reservation list for registered user from database: user id: 2
2022-06-01 13:46:11,370 INFO com.fabienit.biblioapi.web.controllers.BorrowController [http-nio-8001-exec-5] Providing borrow resource from database: borrow id: 6
2022-06-01 13:46:11,514 INFO com.fabienit.biblioapi.web.controllers.BorrowController [http-nio-8001-exec-6] Providing borrow resource from database: borrow id: 6
2022-06-01 13:46:11,701 INFO com.fabienit.biblioapi.web.controllers.BorrowController [http-nio-8001-exec-7] Updating borrow in database, id: 6
2022-06-01 13:46:11,873 INFO com.fabienit.biblioapi.web.controllers.BorrowController [http-nio-8001-exec-8] Providing borrow resources from database by user id: 2
2022-06-01 13:46:11,971 INFO com.fabienit.biblioapi.web.controllers.ReservationController [http-nio-8001-exec-9] Providing reservation list for registered user from database: user id: 2
2022-06-01 13:46:17,905 INFO com.fabienit.biblioapi.web.controllers.RegisteredUserController [http-nio-8001-exec-10] Search user by email: test1@gmail.com
2022-06-01 13:46:19,680 INFO com.fabienit.biblioapi.web.controllers.BorrowController [http-nio-8001-exec-1] Providing borrow resources from database by user id: 2
2022-06-01 13:46:19,809 INFO com.fabienit.biblioapi.web.controllers.ReservationController [http-nio-8001-exec-2] Providing reservation list for registered user from database: user id: 2
2022-06-01 13:52:18,309 ERROR org.hibernate.tool.schema.internal.SchemaDropperImpl$DelayedDropActionImpl [SpringContextShutdownHook] HHH000478: Unsuccessful: drop table available_copie if exists
2022-06-01 13:52:18,313 ERROR org.hibernate.tool.schema.internal.SchemaDropperImpl$DelayedDropActionImpl [SpringContextShutdownHook] HHH000478: Unsuccessful: drop table book if exists
2022-06-01 13:52:18,330 ERROR org.hibernate.tool.schema.internal.SchemaDropperImpl$DelayedDropActionImpl [SpringContextShutdownHook] HHH000478: Unsuccessful: drop table library if exists
2022-06-01 13:52:18,331 ERROR org.hibernate.tool.schema.internal.SchemaDropperImpl$DelayedDropActionImpl [SpringContextShutdownHook] HHH000478: Unsuccessful: drop table registered_user if exists
2022-06-01 13:52:26,013 INFO com.fabienit.biblioapi.BiblioApiApplication [main] Starting BiblioApiApplication on FABPC with PID 7972 (started by FaB PC in C:\Users\FaB\Git\Projet 10\bibliothequep10)
2022-06-01 13:52:26,017 DEBUG com.fabienit.biblioapi.BiblioApiApplication [main] Running with Spring Boot v2.2.1.RELEASE, Spring v5.2.1.RELEASE
2022-06-01 13:52:26,017 INFO com.fabienit.biblioapi.BiblioApiApplication [main] The following profiles are active: dev
2022-06-01 13:52:42,219 DEBUG com.fabienit.biblioapi.configuration.SwaggerConfig$$EnhancerBySpringCGLIB$$9cca5591 [main] Set Swagger2 documentation
2022-06-01 13:52:43,471 INFO com.fabienit.biblioapi.BiblioApiApplication [main] Started BiblioApiApplication in 18.458 seconds (JVM running for 19.928)
2022-06-01 13:53:43,867 INFO com.fabienit.biblioapi.web.controllers.RegisteredUserController [http-nio-8001-exec-1] Search user by email: test1@gmail.com
2022-06-01 13:53:45,600 INFO com.fabienit.biblioapi.web.controllers.BorrowController [http-nio-8001-exec-2] Providing borrow resources from database by user id: 2
2022-06-01 13:53:45,819 INFO com.fabienit.biblioapi.web.controllers.ReservationController [http-nio-8001-exec-3] Providing reservation list for registered user from database: user id: 2
2022-06-01 14:18:23,002 ERROR org.hibernate.tool.schema.internal.SchemaDropperImpl$DelayedDropActionImpl [SpringContextShutdownHook] HHH000478: Unsuccessful: drop table available_copie if exists
2022-06-01 14:18:23,006 ERROR org.hibernate.tool.schema.internal.SchemaDropperImpl$DelayedDropActionImpl [SpringContextShutdownHook] HHH000478: Unsuccessful: drop table book if exists
2022-06-01 14:18:23,021 ERROR org.hibernate.tool.schema.internal.SchemaDropperImpl$DelayedDropActionImpl [SpringContextShutdownHook] HHH000478: Unsuccessful: drop table library if exists
2022-06-01 14:18:23,021 ERROR org.hibernate.tool.schema.internal.SchemaDropperImpl$DelayedDropActionImpl [SpringContextShutdownHook] HHH000478: Unsuccessful: drop table registered_user if exists
2022-06-01 14:18:34,966 INFO com.fabienit.biblioapi.BiblioApiApplication [main] Starting BiblioApiApplication on FABPC with PID 20692 (started by FaB PC in C:\Users\FaB\Git\Projet 10\bibliothequep10)
2022-06-01 14:18:34,969 DEBUG com.fabienit.biblioapi.BiblioApiApplication [main] Running with Spring Boot v2.2.1.RELEASE, Spring v5.2.1.RELEASE
2022-06-01 14:18:34,970 INFO com.fabienit.biblioapi.BiblioApiApplication [main] The following profiles are active: dev
2022-06-01 14:18:43,748 DEBUG com.fabienit.biblioapi.configuration.SwaggerConfig$$EnhancerBySpringCGLIB$$83b6bc27 [main] Set Swagger2 documentation
2022-06-01 14:18:44,858 INFO com.fabienit.biblioapi.BiblioApiApplication [main] Started BiblioApiApplication in 10.536 seconds (JVM running for 11.621)
2022-06-01 14:19:04,935 INFO com.fabienit.biblioapi.web.controllers.RegisteredUserController [http-nio-8001-exec-1] Search user by email: test1@gmail.com
2022-06-01 14:19:07,150 INFO com.fabienit.biblioapi.web.controllers.BorrowController [http-nio-8001-exec-2] Providing borrow resources from database by user id: 2
2022-06-01 14:19:07,408 INFO com.fabienit.biblioapi.web.controllers.ReservationController [http-nio-8001-exec-3] Providing reservation list for registered user from database: user id: 2
2022-06-01 14:19:24,397 INFO com.fabienit.biblioapi.web.controllers.BorrowController [http-nio-8001-exec-5] Providing borrow resource from database: borrow id: 2
2022-06-01 14:19:24,627 INFO com.fabienit.biblioapi.web.controllers.BorrowController [http-nio-8001-exec-6] Extend borrow in database, id: 2
2022-06-01 14:19:24,813 INFO com.fabienit.biblioapi.web.controllers.BorrowController [http-nio-8001-exec-7] Providing borrow resources from database by user id: 2
2022-06-01 14:19:24,918 INFO com.fabienit.biblioapi.web.controllers.ReservationController [http-nio-8001-exec-8] Providing reservation list for registered user from database: user id: 2
2022-06-01 14:19:27,009 INFO com.fabienit.biblioapi.web.controllers.ReservationController [http-nio-8001-exec-9] Deleting reservation from database: id: 2
2022-06-01 14:19:27,138 INFO com.fabienit.biblioapi.web.controllers.BorrowController [http-nio-8001-exec-10] Providing borrow resources from database by user id: 2
2022-06-01 14:19:27,235 INFO com.fabienit.biblioapi.web.controllers.ReservationController [http-nio-8001-exec-1] Providing reservation list for registered user from database: user id: 2
2022-06-01 14:19:28,754 INFO com.fabienit.biblioapi.web.controllers.BorrowController [http-nio-8001-exec-2] Providing borrow resources from database by user id: 2
2022-06-01 14:19:28,850 INFO com.fabienit.biblioapi.web.controllers.ReservationController [http-nio-8001-exec-3] Providing reservation list for registered user from database: user id: 2
2022-06-01 14:22:55,244 INFO com.fabienit.biblioapi.web.controllers.RegisteredUserController [http-nio-8001-exec-5] Search user by email: test1@gmail.com
2022-06-01 14:22:57,594 INFO com.fabienit.biblioapi.web.controllers.BorrowController [http-nio-8001-exec-6] Providing borrow resources from database by user id: 2
2022-06-01 14:22:57,713 INFO com.fabienit.biblioapi.web.controllers.ReservationController [http-nio-8001-exec-7] Providing reservation list for registered user from database: user id: 2
2022-06-01 14:25:53,720 ERROR org.hibernate.tool.schema.internal.SchemaDropperImpl$DelayedDropActionImpl [SpringContextShutdownHook] HHH000478: Unsuccessful: drop table available_copie if exists
2022-06-01 14:25:53,722 ERROR org.hibernate.tool.schema.internal.SchemaDropperImpl$DelayedDropActionImpl [SpringContextShutdownHook] HHH000478: Unsuccessful: drop table book if exists
2022-06-01 14:25:53,733 ERROR org.hibernate.tool.schema.internal.SchemaDropperImpl$DelayedDropActionImpl [SpringContextShutdownHook] HHH000478: Unsuccessful: drop table library if exists
2022-06-01 14:25:53,733 ERROR org.hibernate.tool.schema.internal.SchemaDropperImpl$DelayedDropActionImpl [SpringContextShutdownHook] HHH000478: Unsuccessful: drop table registered_user if exists
2022-06-01 14:26:07,480 INFO com.fabienit.biblioapi.BiblioApiApplication [main] Starting BiblioApiApplication on FABPC with PID 8200 (started by FaB PC in C:\Users\FaB\Git\Projet 10\bibliothequep10)
2022-06-01 14:26:07,483 DEBUG com.fabienit.biblioapi.BiblioApiApplication [main] Running with Spring Boot v2.2.1.RELEASE, Spring v5.2.1.RELEASE
2022-06-01 14:26:07,484 INFO com.fabienit.biblioapi.BiblioApiApplication [main] The following profiles are active: dev
2022-06-01 14:26:16,335 DEBUG com.fabienit.biblioapi.configuration.SwaggerConfig$$EnhancerBySpringCGLIB$$c5b519d3 [main] Set Swagger2 documentation
2022-06-01 14:26:17,456 INFO com.fabienit.biblioapi.BiblioApiApplication [main] Started BiblioApiApplication in 10.538 seconds (JVM running for 11.475)
2022-06-01 14:26:40,408 INFO com.fabienit.biblioapi.web.controllers.RegisteredUserController [http-nio-8001-exec-1] Search user by email: test1@gmail.com
2022-06-01 14:26:42,759 INFO com.fabienit.biblioapi.web.controllers.BorrowController [http-nio-8001-exec-2] Providing borrow resources from database by user id: 2
2022-06-01 14:26:43,098 INFO com.fabienit.biblioapi.web.controllers.ReservationController [http-nio-8001-exec-3] Providing reservation list for registered user from database: user id: 2
2022-06-01 14:31:53,543 ERROR org.hibernate.tool.schema.internal.SchemaDropperImpl$DelayedDropActionImpl [SpringContextShutdownHook] HHH000478: Unsuccessful: drop table available_copie if exists
2022-06-01 14:31:53,548 ERROR org.hibernate.tool.schema.internal.SchemaDropperImpl$DelayedDropActionImpl [SpringContextShutdownHook] HHH000478: Unsuccessful: drop table book if exists
2022-06-01 14:31:53,563 ERROR org.hibernate.tool.schema.internal.SchemaDropperImpl$DelayedDropActionImpl [SpringContextShutdownHook] HHH000478: Unsuccessful: drop table library if exists
2022-06-01 14:31:53,565 ERROR org.hibernate.tool.schema.internal.SchemaDropperImpl$DelayedDropActionImpl [SpringContextShutdownHook] HHH000478: Unsuccessful: drop table registered_user if exists
2022-06-01 14:32:05,356 INFO com.fabienit.biblioapi.BiblioApiApplication [main] Starting BiblioApiApplication on FABPC with PID 572 (started by FaB PC in C:\Users\FaB\Git\Projet 10\bibliothequep10)
2022-06-01 14:32:05,360 DEBUG com.fabienit.biblioapi.BiblioApiApplication [main] Running with Spring Boot v2.2.1.RELEASE, Spring v5.2.1.RELEASE
2022-06-01 14:32:05,361 INFO com.fabienit.biblioapi.BiblioApiApplication [main] The following profiles are active: dev
2022-06-01 14:32:17,522 DEBUG com.fabienit.biblioapi.configuration.SwaggerConfig$$EnhancerBySpringCGLIB$$f5dd24a7 [main] Set Swagger2 documentation
2022-06-01 14:32:19,934 INFO com.fabienit.biblioapi.BiblioApiApplication [main] Started BiblioApiApplication in 15.166 seconds (JVM running for 16.146)
2022-06-01 14:32:20,586 INFO com.fabienit.biblioapi.web.controllers.RegisteredUserController [http-nio-8001-exec-1] Search user by email: test1@gmail.com
2022-06-01 14:32:21,805 INFO com.fabienit.biblioapi.web.controllers.BorrowController [http-nio-8001-exec-2] Providing borrow resources from database by user id: 2
2022-06-01 14:32:22,009 INFO com.fabienit.biblioapi.web.controllers.ReservationController [http-nio-8001-exec-3] Providing reservation list for registered user from database: user id: 2
2022-06-01 14:34:30,388 INFO com.fabienit.biblioapi.web.controllers.BorrowController [http-nio-8001-exec-5] Providing borrow resources from database by user id: 2
2022-06-01 14:34:30,488 INFO com.fabienit.biblioapi.web.controllers.ReservationController [http-nio-8001-exec-6] Providing reservation list for registered user from database: user id: 2
2022-06-01 14:35:53,926 ERROR org.hibernate.tool.schema.internal.SchemaDropperImpl$DelayedDropActionImpl [SpringContextShutdownHook] HHH000478: Unsuccessful: drop table available_copie if exists
2022-06-01 14:35:53,929 ERROR org.hibernate.tool.schema.internal.SchemaDropperImpl$DelayedDropActionImpl [SpringContextShutdownHook] HHH000478: Unsuccessful: drop table book if exists
2022-06-01 14:35:53,950 ERROR org.hibernate.tool.schema.internal.SchemaDropperImpl$DelayedDropActionImpl [SpringContextShutdownHook] HHH000478: Unsuccessful: drop table library if exists
2022-06-01 14:35:53,952 ERROR org.hibernate.tool.schema.internal.SchemaDropperImpl$DelayedDropActionImpl [SpringContextShutdownHook] HHH000478: Unsuccessful: drop table registered_user if exists
2022-06-01 14:36:02,420 INFO com.fabienit.biblioapi.BiblioApiApplication [main] Starting BiblioApiApplication on FABPC with PID 13300 (started by FaB PC in C:\Users\FaB\Git\Projet 10\bibliothequep10)
2022-06-01 14:36:02,423 DEBUG com.fabienit.biblioapi.BiblioApiApplication [main] Running with Spring Boot v2.2.1.RELEASE, Spring v5.2.1.RELEASE
2022-06-01 14:36:02,424 INFO com.fabienit.biblioapi.BiblioApiApplication [main] The following profiles are active: dev
2022-06-01 14:36:17,113 DEBUG com.fabienit.biblioapi.configuration.SwaggerConfig$$EnhancerBySpringCGLIB$$60014821 [main] Set Swagger2 documentation
2022-06-01 14:36:19,454 INFO com.fabienit.biblioapi.BiblioApiApplication [main] Started BiblioApiApplication in 17.707 seconds (JVM running for 18.847)
2022-06-01 14:36:22,126 INFO com.fabienit.biblioapi.web.controllers.RegisteredUserController [http-nio-8001-exec-1] Search user by email: test1@gmail.com
2022-06-01 14:36:23,221 INFO com.fabienit.biblioapi.web.controllers.BorrowController [http-nio-8001-exec-2] Providing borrow resources from database by user id: 2
2022-06-01 14:36:23,436 INFO com.fabienit.biblioapi.web.controllers.ReservationController [http-nio-8001-exec-3] Providing reservation list for registered user from database: user id: 2
2022-06-01 14:37:56,751 ERROR org.hibernate.tool.schema.internal.SchemaDropperImpl$DelayedDropActionImpl [SpringContextShutdownHook] HHH000478: Unsuccessful: drop table available_copie if exists
2022-06-01 14:37:56,754 ERROR org.hibernate.tool.schema.internal.SchemaDropperImpl$DelayedDropActionImpl [SpringContextShutdownHook] HHH000478: Unsuccessful: drop table book if exists
2022-06-01 14:37:56,787 ERROR org.hibernate.tool.schema.internal.SchemaDropperImpl$DelayedDropActionImpl [SpringContextShutdownHook] HHH000478: Unsuccessful: drop table library if exists
2022-06-01 14:37:56,788 ERROR org.hibernate.tool.schema.internal.SchemaDropperImpl$DelayedDropActionImpl [SpringContextShutdownHook] HHH000478: Unsuccessful: drop table registered_user if exists
2022-06-01 14:38:03,551 INFO com.fabienit.biblioapi.BiblioApiApplication [main] Starting BiblioApiApplication on FABPC with PID 3292 (started by FaB PC in C:\Users\FaB\Git\Projet 10\bibliothequep10)
2022-06-01 14:38:03,555 DEBUG com.fabienit.biblioapi.BiblioApiApplication [main] Running with Spring Boot v2.2.1.RELEASE, Spring v5.2.1.RELEASE
2022-06-01 14:38:03,555 INFO com.fabienit.biblioapi.BiblioApiApplication [main] The following profiles are active: dev
2022-06-01 14:38:13,288 DEBUG com.fabienit.biblioapi.configuration.SwaggerConfig$$EnhancerBySpringCGLIB$$4357d65c [main] Set Swagger2 documentation
2022-06-01 14:38:14,356 INFO com.fabienit.biblioapi.BiblioApiApplication [main] Started BiblioApiApplication in 11.345 seconds (JVM running for 12.562)
2022-06-01 14:38:27,843 INFO com.fabienit.biblioapi.web.controllers.RegisteredUserController [http-nio-8001-exec-1] Search user by email: test1@gmail.com
2022-06-01 14:38:29,131 INFO com.fabienit.biblioapi.web.controllers.BorrowController [http-nio-8001-exec-2] Providing borrow resources from database by user id: 2
2022-06-01 14:38:29,357 INFO com.fabienit.biblioapi.web.controllers.ReservationController [http-nio-8001-exec-3] Providing reservation list for registered user from database: user id: 2
2022-06-01 14:39:11,519 INFO com.fabienit.biblioapi.web.controllers.RegisteredUserController [http-nio-8001-exec-5] Search user by email: test1@gmail.com
2022-06-01 14:39:11,789 INFO com.fabienit.biblioapi.web.controllers.BorrowController [http-nio-8001-exec-6] Providing borrow resources from database by user id: 2
2022-06-01 14:39:11,904 INFO com.fabienit.biblioapi.web.controllers.ReservationController [http-nio-8001-exec-7] Providing reservation list for registered user from database: user id: 2
2022-06-01 14:39:30,948 INFO com.fabienit.biblioapi.web.controllers.BorrowController [http-nio-8001-exec-9] Providing borrow resources from database by user id: 2
2022-06-01 14:39:31,069 INFO com.fabienit.biblioapi.web.controllers.ReservationController [http-nio-8001-exec-9] Providing reservation list for registered user from database: user id: 2
2022-06-01 14:39:32,598 INFO com.fabienit.biblioapi.web.controllers.BorrowController [http-nio-8001-exec-1] Providing borrow resource from database: borrow id: 6
2022-06-01 14:39:32,810 INFO com.fabienit.biblioapi.web.controllers.BorrowController [http-nio-8001-exec-2] Extend borrow in database, id: 6
2022-06-01 14:39:32,827 DEBUG com.fabienit.biblioapi.web.controllers.BorrowController [http-nio-8001-exec-2] Le prêt ne peut pas être prolongé car la date de retour est dépassée
2022-06-01 14:39:35,978 INFO com.fabienit.biblioapi.web.controllers.BorrowController [http-nio-8001-exec-3] Providing borrow resources from database by user id: 2
2022-06-01 14:39:36,075 INFO com.fabienit.biblioapi.web.controllers.ReservationController [http-nio-8001-exec-4] Providing reservation list for registered user from database: user id: 2
2022-06-01 14:39:37,283 INFO com.fabienit.biblioapi.web.controllers.BorrowController [http-nio-8001-exec-5] Providing borrow resource from database: borrow id: 2
2022-06-01 14:39:37,381 INFO com.fabienit.biblioapi.web.controllers.BorrowController [http-nio-8001-exec-6] Extend borrow in database, id: 2
2022-06-01 14:39:37,541 INFO com.fabienit.biblioapi.web.controllers.BorrowController [http-nio-8001-exec-7] Providing borrow resources from database by user id: 2
2022-06-01 14:39:37,639 INFO com.fabienit.biblioapi.web.controllers.ReservationController [http-nio-8001-exec-8] Providing reservation list for registered user from database: user id: 2
2022-06-01 14:39:41,239 INFO com.fabienit.biblioapi.web.controllers.BorrowController [http-nio-8001-exec-10] Providing borrow resource from database: borrow id: 6
2022-06-01 14:39:41,337 INFO com.fabienit.biblioapi.web.controllers.BorrowController [http-nio-8001-exec-9] Extend borrow in database, id: 6
2022-06-01 14:39:41,341 DEBUG com.fabienit.biblioapi.web.controllers.BorrowController [http-nio-8001-exec-9] Le prêt ne peut pas être prolongé car la date de retour est dépassée
2022-06-01 14:39:47,392 INFO com.fabienit.biblioapi.web.controllers.BorrowController [http-nio-8001-exec-1] Providing borrow resources from database by user id: 2
2022-06-01 14:39:47,490 INFO com.fabienit.biblioapi.web.controllers.ReservationController [http-nio-8001-exec-2] Providing reservation list for registered user from database: user id: 2
2022-06-01 17:34:31,398 ERROR org.hibernate.tool.schema.internal.SchemaDropperImpl$DelayedDropActionImpl [SpringContextShutdownHook] HHH000478: Unsuccessful: drop table available_copie if exists
2022-06-01 17:34:31,502 ERROR org.hibernate.tool.schema.internal.SchemaDropperImpl$DelayedDropActionImpl [SpringContextShutdownHook] HHH000478: Unsuccessful: drop table book if exists
2022-06-01 17:34:31,513 ERROR org.hibernate.tool.schema.internal.SchemaDropperImpl$DelayedDropActionImpl [SpringContextShutdownHook] HHH000478: Unsuccessful: drop table library if exists
2022-06-01 17:34:31,514 ERROR org.hibernate.tool.schema.internal.SchemaDropperImpl$DelayedDropActionImpl [SpringContextShutdownHook] HHH000478: Unsuccessful: drop table registered_user if exists
2022-06-01 17:34:45,713 INFO com.fabienit.biblioapi.BiblioApiApplication [main] Starting BiblioApiApplication on FABPC with PID 9644 (started by FaB PC in C:\Users\FaB\Git\Projet 10\bibliothequep10)
2022-06-01 17:34:45,717 DEBUG com.fabienit.biblioapi.BiblioApiApplication [main] Running with Spring Boot v2.2.1.RELEASE, Spring v5.2.1.RELEASE
2022-06-01 17:34:45,717 INFO com.fabienit.biblioapi.BiblioApiApplication [main] The following profiles are active: dev
2022-06-01 17:34:56,408 DEBUG com.fabienit.biblioapi.configuration.SwaggerConfig$$EnhancerBySpringCGLIB$$f2d85a1d [main] Set Swagger2 documentation
2022-06-01 17:34:57,992 INFO com.fabienit.biblioapi.BiblioApiApplication [main] Started BiblioApiApplication in 12.879 seconds (JVM running for 13.792)
2022-06-01 17:35:13,698 INFO com.fabienit.biblioapi.web.controllers.RegisteredUserController [http-nio-8001-exec-1] Search user by email: test1@gmail.com
2022-06-01 17:35:14,230 INFO com.fabienit.biblioapi.web.controllers.BorrowController [http-nio-8001-exec-2] Providing borrow resources from database by user id: 2
2022-06-01 17:35:14,441 INFO com.fabienit.biblioapi.web.controllers.ReservationController [http-nio-8001-exec-3] Providing reservation list for registered user from database: user id: 2
2022-06-01 17:35:18,304 INFO com.fabienit.biblioapi.web.controllers.BorrowController [http-nio-8001-exec-4] Providing borrow resource from database: borrow id: 2
2022-06-01 17:35:18,524 INFO com.fabienit.biblioapi.web.controllers.BorrowController [http-nio-8001-exec-5] Extend borrow in database, id: 2
2022-06-01 17:35:18,762 INFO com.fabienit.biblioapi.web.controllers.BorrowController [http-nio-8001-exec-6] Providing borrow resources from database by user id: 2
2022-06-01 17:35:18,862 INFO com.fabienit.biblioapi.web.controllers.ReservationController [http-nio-8001-exec-7] Providing reservation list for registered user from database: user id: 2
2022-06-01 17:35:20,020 INFO com.fabienit.biblioapi.web.controllers.BorrowController [http-nio-8001-exec-8] Providing borrow resource from database: borrow id: 6
2022-06-01 17:35:20,119 INFO com.fabienit.biblioapi.web.controllers.BorrowController [http-nio-8001-exec-9] Extend borrow in database, id: 6
2022-06-01 17:35:20,123 DEBUG com.fabienit.biblioapi.web.controllers.BorrowController [http-nio-8001-exec-9] Le prêt ne peut pas être prolongé car la date de retour est dépassée
2022-06-01 17:35:21,731 INFO com.fabienit.biblioapi.web.controllers.BorrowController [http-nio-8001-exec-10] Providing borrow resources from database by user id: 2
2022-06-01 17:35:21,828 INFO com.fabienit.biblioapi.web.controllers.ReservationController [http-nio-8001-exec-1] Providing reservation list for registered user from database: user id: 2
2022-06-01 17:36:39,203 ERROR org.hibernate.tool.schema.internal.SchemaDropperImpl$DelayedDropActionImpl [SpringContextShutdownHook] HHH000478: Unsuccessful: drop table available_copie if exists
2022-06-01 17:36:39,212 ERROR org.hibernate.tool.schema.internal.SchemaDropperImpl$DelayedDropActionImpl [SpringContextShutdownHook] HHH000478: Unsuccessful: drop table book if exists
2022-06-01 17:36:39,220 ERROR org.hibernate.tool.schema.internal.SchemaDropperImpl$DelayedDropActionImpl [SpringContextShutdownHook] HHH000478: Unsuccessful: drop table library if exists
2022-06-01 17:36:39,222 ERROR org.hibernate.tool.schema.internal.SchemaDropperImpl$DelayedDropActionImpl [SpringContextShutdownHook] HHH000478: Unsuccessful: drop table registered_user if exists
2022-06-01 17:36:47,296 INFO com.fabienit.biblioapi.BiblioApiApplication [main] Starting BiblioApiApplication on FABPC with PID 13588 (started by FaB PC in C:\Users\FaB\Git\Projet 10\bibliothequep10)
2022-06-01 17:36:47,300 DEBUG com.fabienit.biblioapi.BiblioApiApplication [main] Running with Spring Boot v2.2.1.RELEASE, Spring v5.2.1.RELEASE
2022-06-01 17:36:47,300 INFO com.fabienit.biblioapi.BiblioApiApplication [main] The following profiles are active: dev
2022-06-01 17:37:01,999 DEBUG com.fabienit.biblioapi.configuration.SwaggerConfig$$EnhancerBySpringCGLIB$$f5dd24a7 [main] Set Swagger2 documentation
2022-06-01 17:37:03,599 INFO com.fabienit.biblioapi.BiblioApiApplication [main] Started BiblioApiApplication in 16.859 seconds (JVM running for 17.998)
2022-06-01 17:38:02,300 INFO com.fabienit.biblioapi.web.controllers.RegisteredUserController [http-nio-8001-exec-1] Search user by email: test1@gmail.com
2022-06-01 17:38:03,273 INFO com.fabienit.biblioapi.web.controllers.BorrowController [http-nio-8001-exec-2] Providing borrow resources from database by user id: 2
2022-06-01 17:38:03,750 INFO com.fabienit.biblioapi.web.controllers.ReservationController [http-nio-8001-exec-3] Providing reservation list for registered user from database: user id: 2
2022-06-01 17:41:16,129 INFO com.fabienit.biblioapi.web.controllers.RegisteredUserController [http-nio-8001-exec-5] Search user by email: test1@gmail.com
2022-06-01 17:41:16,602 INFO com.fabienit.biblioapi.web.controllers.BorrowController [http-nio-8001-exec-6] Providing borrow resources from database by user id: 2
2022-06-01 17:41:16,738 INFO com.fabienit.biblioapi.web.controllers.ReservationController [http-nio-8001-exec-7] Providing reservation list for registered user from database: user id: 2
2022-06-01 17:44:12,408 INFO com.fabienit.biblioapi.web.controllers.RegisteredUserController [http-nio-8001-exec-9] Search user by email: test1@gmail.com
2022-06-01 17:44:12,677 INFO com.fabienit.biblioapi.web.controllers.BorrowController [http-nio-8001-exec-10] Providing borrow resources from database by user id: 2
2022-06-01 17:44:12,786 INFO com.fabienit.biblioapi.web.controllers.ReservationController [http-nio-8001-exec-1] Providing reservation list for registered user from database: user id: 2
2022-06-01 17:44:24,734 INFO com.fabienit.biblioapi.web.controllers.BorrowController [http-nio-8001-exec-3] Providing borrow resources from database by user id: 2
2022-06-01 17:44:24,832 INFO com.fabienit.biblioapi.web.controllers.ReservationController [http-nio-8001-exec-4] Providing reservation list for registered user from database: user id: 2
2022-06-01 17:44:27,338 INFO com.fabienit.biblioapi.web.controllers.BorrowController [http-nio-8001-exec-5] Providing borrow resources from database by user id: 2
2022-06-01 17:44:27,439 INFO com.fabienit.biblioapi.web.controllers.ReservationController [http-nio-8001-exec-6] Providing reservation list for registered user from database: user id: 2
2022-06-01 17:44:30,555 INFO com.fabienit.biblioapi.web.controllers.RegisteredUserController [http-nio-8001-exec-7] Search user by email: test1@gmail.com
2022-06-01 17:44:31,920 INFO com.fabienit.biblioapi.web.controllers.BorrowController [http-nio-8001-exec-8] Providing borrow resources from database by user id: 2
2022-06-01 17:44:32,024 INFO com.fabienit.biblioapi.web.controllers.ReservationController [http-nio-8001-exec-9] Providing reservation list for registered user from database: user id: 2
2022-06-01 17:47:08,648 INFO com.fabienit.biblioapi.web.controllers.RegisteredUserController [http-nio-8001-exec-1] Search user by email: test1@gmail.com
2022-06-01 17:47:08,936 INFO com.fabienit.biblioapi.web.controllers.BorrowController [http-nio-8001-exec-2] Providing borrow resources from database by user id: 2
2022-06-01 17:47:09,053 INFO com.fabienit.biblioapi.web.controllers.ReservationController [http-nio-8001-exec-3] Providing reservation list for registered user from database: user id: 2
2022-06-01 17:47:44,291 INFO com.fabienit.biblioapi.web.controllers.RegisteredUserController [http-nio-8001-exec-5] Search user by email: test1@gmail.com
2022-06-01 17:47:44,576 INFO com.fabienit.biblioapi.web.controllers.BorrowController [http-nio-8001-exec-6] Providing borrow resources from database by user id: 2
2022-06-01 17:47:44,685 INFO com.fabienit.biblioapi.web.controllers.ReservationController [http-nio-8001-exec-7] Providing reservation list for registered user from database: user id: 2
2022-06-01 17:48:23,618 INFO com.fabienit.biblioapi.web.controllers.RegisteredUserController [http-nio-8001-exec-9] Search user by email: test1@gmail.com
2022-06-01 17:48:23,915 INFO com.fabienit.biblioapi.web.controllers.BorrowController [http-nio-8001-exec-10] Providing borrow resources from database by user id: 2
2022-06-01 17:48:24,026 INFO com.fabienit.biblioapi.web.controllers.ReservationController [http-nio-8001-exec-1] Providing reservation list for registered user from database: user id: 2
2022-06-01 17:50:51,834 ERROR org.hibernate.tool.schema.internal.SchemaDropperImpl$DelayedDropActionImpl [SpringContextShutdownHook] HHH000478: Unsuccessful: drop table available_copie if exists
2022-06-01 17:50:51,839 ERROR org.hibernate.tool.schema.internal.SchemaDropperImpl$DelayedDropActionImpl [SpringContextShutdownHook] HHH000478: Unsuccessful: drop table book if exists
2022-06-01 17:50:51,869 ERROR org.hibernate.tool.schema.internal.SchemaDropperImpl$DelayedDropActionImpl [SpringContextShutdownHook] HHH000478: Unsuccessful: drop table library if exists
2022-06-01 17:50:51,870 ERROR org.hibernate.tool.schema.internal.SchemaDropperImpl$DelayedDropActionImpl [SpringContextShutdownHook] HHH000478: Unsuccessful: drop table registered_user if exists
2022-06-01 17:51:03,645 INFO com.fabienit.biblioapi.BiblioApiApplication [main] Starting BiblioApiApplication on FABPC with PID 8852 (started by FaB PC in C:\Users\FaB\Git\Projet 10\bibliothequep10)
2022-06-01 17:51:03,653 DEBUG com.fabienit.biblioapi.BiblioApiApplication [main] Running with Spring Boot v2.2.1.RELEASE, Spring v5.2.1.RELEASE
2022-06-01 17:51:03,654 INFO com.fabienit.biblioapi.BiblioApiApplication [main] The following profiles are active: dev
2022-06-01 17:51:13,601 DEBUG com.fabienit.biblioapi.configuration.SwaggerConfig$$EnhancerBySpringCGLIB$$cf37159 [main] Set Swagger2 documentation
2022-06-01 17:51:15,311 INFO com.fabienit.biblioapi.BiblioApiApplication [main] Started BiblioApiApplication in 12.857 seconds (JVM running for 14.451)
2022-06-01 17:51:34,738 INFO com.fabienit.biblioapi.web.controllers.RegisteredUserController [http-nio-8001-exec-1] Search user by email: test1@gmail.com
2022-06-01 17:51:36,961 INFO com.fabienit.biblioapi.web.controllers.BorrowController [http-nio-8001-exec-2] Providing borrow resources from database by user id: 2
2022-06-01 17:51:37,281 INFO com.fabienit.biblioapi.web.controllers.ReservationController [http-nio-8001-exec-3] Providing reservation list for registered user from database: user id: 2
2022-06-01 17:54:14,149 ERROR org.hibernate.tool.schema.internal.SchemaDropperImpl$DelayedDropActionImpl [SpringContextShutdownHook] HHH000478: Unsuccessful: drop table available_copie if exists
2022-06-01 17:54:14,153 ERROR org.hibernate.tool.schema.internal.SchemaDropperImpl$DelayedDropActionImpl [SpringContextShutdownHook] HHH000478: Unsuccessful: drop table book if exists
2022-06-01 17:54:14,187 ERROR org.hibernate.tool.schema.internal.SchemaDropperImpl$DelayedDropActionImpl [SpringContextShutdownHook] HHH000478: Unsuccessful: drop table library if exists
2022-06-01 17:54:14,189 ERROR org.hibernate.tool.schema.internal.SchemaDropperImpl$DelayedDropActionImpl [SpringContextShutdownHook] HHH000478: Unsuccessful: drop table registered_user if exists
2022-06-01 17:55:54,065 INFO com.fabienit.biblioapi.BiblioApiApplication [main] Starting BiblioApiApplication on FABPC with PID 13192 (started by FaB PC in C:\Users\FaB\Git\Projet 10\bibliothequep10)
2022-06-01 17:55:54,070 DEBUG com.fabienit.biblioapi.BiblioApiApplication [main] Running with Spring Boot v2.2.1.RELEASE, Spring v5.2.1.RELEASE
2022-06-01 17:55:54,070 INFO com.fabienit.biblioapi.BiblioApiApplication [main] The following profiles are active: dev
2022-06-01 17:56:06,727 DEBUG com.fabienit.biblioapi.configuration.SwaggerConfig$$EnhancerBySpringCGLIB$$b3429617 [main] Set Swagger2 documentation
2022-06-01 17:56:07,886 INFO com.fabienit.biblioapi.BiblioApiApplication [main] Started BiblioApiApplication in 14.51 seconds (JVM running for 15.519)
2022-06-01 17:56:09,652 INFO com.fabienit.biblioapi.web.controllers.RegisteredUserController [http-nio-8001-exec-1] Search user by email: test1@gmail.com
2022-06-01 17:56:10,153 INFO com.fabienit.biblioapi.web.controllers.BorrowController [http-nio-8001-exec-2] Providing borrow resources from database by user id: 2
2022-06-01 17:56:10,491 INFO com.fabienit.biblioapi.web.controllers.ReservationController [http-nio-8001-exec-3] Providing reservation list for registered user from database: user id: 2
2022-06-01 22:57:30,659 ERROR org.hibernate.tool.schema.internal.SchemaDropperImpl$DelayedDropActionImpl [SpringContextShutdownHook] HHH000478: Unsuccessful: drop table available_copie if exists
2022-06-01 22:57:30,664 ERROR org.hibernate.tool.schema.internal.SchemaDropperImpl$DelayedDropActionImpl [SpringContextShutdownHook] HHH000478: Unsuccessful: drop table book if exists
2022-06-01 22:57:30,681 ERROR org.hibernate.tool.schema.internal.SchemaDropperImpl$DelayedDropActionImpl [SpringContextShutdownHook] HHH000478: Unsuccessful: drop table library if exists
2022-06-01 22:57:30,683 ERROR org.hibernate.tool.schema.internal.SchemaDropperImpl$DelayedDropActionImpl [SpringContextShutdownHook] HHH000478: Unsuccessful: drop table registered_user if exists
2022-06-01 22:57:40,425 INFO com.fabienit.biblioapi.BiblioApiApplication [main] Starting BiblioApiApplication on FABPC with PID 20492 (started by FaB PC in C:\Users\FaB\Git\Projet 10\bibliothequep10)
2022-06-01 22:57:40,429 DEBUG com.fabienit.biblioapi.BiblioApiApplication [main] Running with Spring Boot v2.2.1.RELEASE, Spring v5.2.1.RELEASE
2022-06-01 22:57:40,430 INFO com.fabienit.biblioapi.BiblioApiApplication [main] The following profiles are active: dev
2022-06-01 22:57:53,108 DEBUG com.fabienit.biblioapi.configuration.SwaggerConfig$$EnhancerBySpringCGLIB$$1531349 [main] Set Swagger2 documentation
2022-06-01 22:57:54,235 INFO com.fabienit.biblioapi.BiblioApiApplication [main] Started BiblioApiApplication in 14.414 seconds (JVM running for 15.362)
2022-06-01 22:58:33,161 INFO com.fabienit.biblioapi.web.controllers.RegisteredUserController [http-nio-8001-exec-1] Search user by email: test1@gmail.com
2022-06-01 22:58:33,703 INFO com.fabienit.biblioapi.web.controllers.BorrowController [http-nio-8001-exec-2] Providing borrow resources from database by user id: 2
2022-06-01 22:58:33,920 INFO com.fabienit.biblioapi.web.controllers.ReservationController [http-nio-8001-exec-3] Providing reservation list for registered user from database: user id: 2
2022-06-01 22:59:33,451 ERROR org.hibernate.tool.schema.internal.SchemaDropperImpl$DelayedDropActionImpl [SpringContextShutdownHook] HHH000478: Unsuccessful: drop table available_copie if exists
2022-06-01 22:59:33,454 ERROR org.hibernate.tool.schema.internal.SchemaDropperImpl$DelayedDropActionImpl [SpringContextShutdownHook] HHH000478: Unsuccessful: drop table book if exists
2022-06-01 22:59:33,503 ERROR org.hibernate.tool.schema.internal.SchemaDropperImpl$DelayedDropActionImpl [SpringContextShutdownHook] HHH000478: Unsuccessful: drop table library if exists
2022-06-01 22:59:33,504 ERROR org.hibernate.tool.schema.internal.SchemaDropperImpl$DelayedDropActionImpl [SpringContextShutdownHook] HHH000478: Unsuccessful: drop table registered_user if exists
