2022-05-06 12:10:26,239 INFO com.fabienit.biblioapi.BiblioApiApplication [main] Starting BiblioApiApplication on FABPC with PID 4124 (started by FaB PC in C:\Users\FaB\Git\Projet 10\bibliothequep10)
2022-05-06 12:10:26,251 DEBUG com.fabienit.biblioapi.BiblioApiApplication [main] Running with Spring Boot v2.2.1.RELEASE, Spring v5.2.1.RELEASE
2022-05-06 12:10:26,251 INFO com.fabienit.biblioapi.BiblioApiApplication [main] The following profiles are active: dev
2022-05-06 12:10:36,534 DEBUG com.fabienit.biblioapi.configuration.SwaggerConfig$$EnhancerBySpringCGLIB$$dcc8cca7 [main] Set Swagger2 documentation
2022-05-06 12:10:37,975 INFO com.fabienit.biblioapi.BiblioApiApplication [main] Started BiblioApiApplication in 12.618 seconds (JVM running for 14.15)
2022-05-06 12:12:49,400 INFO com.fabienit.biblioapi.web.controllers.BookController [http-nio-8001-exec-2] Providing book resource from database: all book list
2022-05-06 12:22:47,422 INFO com.fabienit.biblioapi.web.controllers.ReservationController [http-nio-8001-exec-7] Adding new reservation in database
2022-05-06 12:22:47,490 INFO com.fabienit.biblioapi.web.controllers.AvailableCopieController [http-nio-8001-exec-7] Providing availablecopie resource from database: availableCopie book_id: 1, library_id: 1
2022-05-06 12:22:47,532 INFO com.fabienit.biblioapi.web.controllers.AvailableCopieController [http-nio-8001-exec-7] Updating availableCopie in database, book_id: 1, library_id: 1
2022-05-06 12:24:24,855 ERROR org.hibernate.tool.schema.internal.SchemaDropperImpl$DelayedDropActionImpl [SpringContextShutdownHook] HHH000478: Unsuccessful: drop table book if exists
2022-05-06 12:24:24,866 ERROR org.hibernate.tool.schema.internal.SchemaDropperImpl$DelayedDropActionImpl [SpringContextShutdownHook] HHH000478: Unsuccessful: drop table library if exists
2022-05-06 12:24:24,870 ERROR org.hibernate.tool.schema.internal.SchemaDropperImpl$DelayedDropActionImpl [SpringContextShutdownHook] HHH000478: Unsuccessful: drop table registered_user if exists
2022-05-06 12:24:31,551 INFO com.fabienit.biblioapi.BiblioApiApplication [main] Starting BiblioApiApplication on FABPC with PID 5708 (started by FaB PC in C:\Users\FaB\Git\Projet 10\bibliothequep10)
2022-05-06 12:24:31,557 DEBUG com.fabienit.biblioapi.BiblioApiApplication [main] Running with Spring Boot v2.2.1.RELEASE, Spring v5.2.1.RELEASE
2022-05-06 12:24:31,558 INFO com.fabienit.biblioapi.BiblioApiApplication [main] The following profiles are active: dev
2022-05-06 12:24:41,145 ERROR org.hibernate.tool.schema.internal.SchemaDropperImpl$DelayedDropActionImpl [main] HHH000478: Unsuccessful: drop table book if exists
2022-05-06 12:24:41,149 ERROR org.hibernate.tool.schema.internal.SchemaDropperImpl$DelayedDropActionImpl [main] HHH000478: Unsuccessful: drop table library if exists
2022-05-06 12:24:41,150 ERROR org.hibernate.tool.schema.internal.SchemaDropperImpl$DelayedDropActionImpl [main] HHH000478: Unsuccessful: drop table registered_user if exists
2022-05-06 12:24:41,178 ERROR org.springframework.boot.SpringApplication [main] Application run failed
org.springframework.beans.factory.UnsatisfiedDependencyException: Error creating bean with name 'documentationPluginsBootstrapper' defined in URL [jar:file:/C:/Users/FaB/.m2/repository/io/springfox/springfox-spring-web/2.9.2/springfox-spring-web-2.9.2.jar!/springfox/documentation/spring/web/plugins/DocumentationPluginsBootstrapper.class]: Unsatisfied dependency expressed through constructor parameter 1; nested exception is org.springframework.beans.factory.UnsatisfiedDependencyException: Error creating bean with name 'webMvcRequestHandlerProvider' defined in URL [jar:file:/C:/Users/FaB/.m2/repository/io/springfox/springfox-spring-web/2.9.2/springfox-spring-web-2.9.2.jar!/springfox/documentation/spring/web/plugins/WebMvcRequestHandlerProvider.class]: Unsatisfied dependency expressed through constructor parameter 1; nested exception is org.springframework.beans.factory.BeanCreationException: Error creating bean with name 'requestMappingHandlerMapping' defined in class path resource [org/springframework/boot/autoconfigure/web/servlet/WebMvcAutoConfiguration$EnableWebMvcConfiguration.class]: Invocation of init method failed; nested exception is java.lang.IllegalStateException: Ambiguous mapping. Cannot map 'reservationController' method 
com.fabienit.biblioapi.web.controllers.ReservationController#getReservations()
to {GET /borrows}: There is already 'borrowController' bean method
com.fabienit.biblioapi.web.controllers.BorrowController#getBorrows() mapped.
	at org.springframework.beans.factory.support.ConstructorResolver.createArgumentArray(ConstructorResolver.java:787)
	at org.springframework.beans.factory.support.ConstructorResolver.autowireConstructor(ConstructorResolver.java:226)
	at org.springframework.beans.factory.support.AbstractAutowireCapableBeanFactory.autowireConstructor(AbstractAutowireCapableBeanFactory.java:1358)
	at org.springframework.beans.factory.support.AbstractAutowireCapableBeanFactory.createBeanInstance(AbstractAutowireCapableBeanFactory.java:1204)
	at org.springframework.beans.factory.support.AbstractAutowireCapableBeanFactory.doCreateBean(AbstractAutowireCapableBeanFactory.java:557)
	at org.springframework.beans.factory.support.AbstractAutowireCapableBeanFactory.createBean(AbstractAutowireCapableBeanFactory.java:517)
	at org.springframework.beans.factory.support.AbstractBeanFactory.lambda$doGetBean$0(AbstractBeanFactory.java:323)
	at org.springframework.beans.factory.support.DefaultSingletonBeanRegistry.getSingleton(DefaultSingletonBeanRegistry.java:222)
	at org.springframework.beans.factory.support.AbstractBeanFactory.doGetBean(AbstractBeanFactory.java:321)
	at org.springframework.beans.factory.support.AbstractBeanFactory.getBean(AbstractBeanFactory.java:202)
	at org.springframework.beans.factory.support.DefaultListableBeanFactory.preInstantiateSingletons(DefaultListableBeanFactory.java:879)
	at org.springframework.context.support.AbstractApplicationContext.finishBeanFactoryInitialization(AbstractApplicationContext.java:878)
	at org.springframework.context.support.AbstractApplicationContext.refresh(AbstractApplicationContext.java:550)
	at org.springframework.boot.web.servlet.context.ServletWebServerApplicationContext.refresh(ServletWebServerApplicationContext.java:141)
	at org.springframework.boot.SpringApplication.refresh(SpringApplication.java:747)
	at org.springframework.boot.SpringApplication.refreshContext(SpringApplication.java:397)
	at org.springframework.boot.SpringApplication.run(SpringApplication.java:315)
	at org.springframework.boot.SpringApplication.run(SpringApplication.java:1226)
	at org.springframework.boot.SpringApplication.run(SpringApplication.java:1215)
	at com.fabienit.biblioapi.BiblioApiApplication.main(BiblioApiApplication.java:10)
Caused by: org.springframework.beans.factory.UnsatisfiedDependencyException: Error creating bean with name 'webMvcRequestHandlerProvider' defined in URL [jar:file:/C:/Users/FaB/.m2/repository/io/springfox/springfox-spring-web/2.9.2/springfox-spring-web-2.9.2.jar!/springfox/documentation/spring/web/plugins/WebMvcRequestHandlerProvider.class]: Unsatisfied dependency expressed through constructor parameter 1; nested exception is org.springframework.beans.factory.BeanCreationException: Error creating bean with name 'requestMappingHandlerMapping' defined in class path resource [org/springframework/boot/autoconfigure/web/servlet/WebMvcAutoConfiguration$EnableWebMvcConfiguration.class]: Invocation of init method failed; nested exception is java.lang.IllegalStateException: Ambiguous mapping. Cannot map 'reservationController' method 
com.fabienit.biblioapi.web.controllers.ReservationController#getReservations()
to {GET /borrows}: There is already 'borrowController' bean method
com.fabienit.biblioapi.web.controllers.BorrowController#getBorrows() mapped.
	at org.springframework.beans.factory.support.ConstructorResolver.createArgumentArray(ConstructorResolver.java:787)
	at org.springframework.beans.factory.support.ConstructorResolver.autowireConstructor(ConstructorResolver.java:226)
	at org.springframework.beans.factory.support.AbstractAutowireCapableBeanFactory.autowireConstructor(AbstractAutowireCapableBeanFactory.java:1358)
	at org.springframework.beans.factory.support.AbstractAutowireCapableBeanFactory.createBeanInstance(AbstractAutowireCapableBeanFactory.java:1204)
	at org.springframework.beans.factory.support.AbstractAutowireCapableBeanFactory.doCreateBean(AbstractAutowireCapableBeanFactory.java:557)
	at org.springframework.beans.factory.support.AbstractAutowireCapableBeanFactory.createBean(AbstractAutowireCapableBeanFactory.java:517)
	at org.springframework.beans.factory.support.AbstractBeanFactory.lambda$doGetBean$0(AbstractBeanFactory.java:323)
	at org.springframework.beans.factory.support.DefaultSingletonBeanRegistry.getSingleton(DefaultSingletonBeanRegistry.java:222)
	at org.springframework.beans.factory.support.AbstractBeanFactory.doGetBean(AbstractBeanFactory.java:321)
	at org.springframework.beans.factory.support.AbstractBeanFactory.getBean(AbstractBeanFactory.java:202)
	at org.springframework.beans.factory.config.DependencyDescriptor.resolveCandidate(DependencyDescriptor.java:276)
	at org.springframework.beans.factory.support.DefaultListableBeanFactory.addCandidateEntry(DefaultListableBeanFactory.java:1503)
	at org.springframework.beans.factory.support.DefaultListableBeanFactory.findAutowireCandidates(DefaultListableBeanFactory.java:1467)
	at org.springframework.beans.factory.support.DefaultListableBeanFactory.resolveMultipleBeans(DefaultListableBeanFactory.java:1358)
	at org.springframework.beans.factory.support.DefaultListableBeanFactory.doResolveDependency(DefaultListableBeanFactory.java:1245)
	at org.springframework.beans.factory.support.DefaultListableBeanFactory.resolveDependency(DefaultListableBeanFactory.java:1207)
	at org.springframework.beans.factory.support.ConstructorResolver.resolveAutowiredArgument(ConstructorResolver.java:874)
	at org.springframework.beans.factory.support.ConstructorResolver.createArgumentArray(ConstructorResolver.java:778)
	... 19 common frames omitted
Caused by: org.springframework.beans.factory.BeanCreationException: Error creating bean with name 'requestMappingHandlerMapping' defined in class path resource [org/springframework/boot/autoconfigure/web/servlet/WebMvcAutoConfiguration$EnableWebMvcConfiguration.class]: Invocation of init method failed; nested exception is java.lang.IllegalStateException: Ambiguous mapping. Cannot map 'reservationController' method 
com.fabienit.biblioapi.web.controllers.ReservationController#getReservations()
to {GET /borrows}: There is already 'borrowController' bean method
com.fabienit.biblioapi.web.controllers.BorrowController#getBorrows() mapped.
	at org.springframework.beans.factory.support.AbstractAutowireCapableBeanFactory.initializeBean(AbstractAutowireCapableBeanFactory.java:1803)
	at org.springframework.beans.factory.support.AbstractAutowireCapableBeanFactory.doCreateBean(AbstractAutowireCapableBeanFactory.java:595)
	at org.springframework.beans.factory.support.AbstractAutowireCapableBeanFactory.createBean(AbstractAutowireCapableBeanFactory.java:517)
	at org.springframework.beans.factory.support.AbstractBeanFactory.lambda$doGetBean$0(AbstractBeanFactory.java:323)
	at org.springframework.beans.factory.support.DefaultSingletonBeanRegistry.getSingleton(DefaultSingletonBeanRegistry.java:222)
	at org.springframework.beans.factory.support.AbstractBeanFactory.doGetBean(AbstractBeanFactory.java:321)
	at org.springframework.beans.factory.support.AbstractBeanFactory.getBean(AbstractBeanFactory.java:202)
	at org.springframework.beans.factory.config.DependencyDescriptor.resolveCandidate(DependencyDescriptor.java:276)
	at org.springframework.beans.factory.support.DefaultListableBeanFactory.addCandidateEntry(DefaultListableBeanFactory.java:1503)
	at org.springframework.beans.factory.support.DefaultListableBeanFactory.findAutowireCandidates(DefaultListableBeanFactory.java:1467)
	at org.springframework.beans.factory.support.DefaultListableBeanFactory.resolveMultipleBeans(DefaultListableBeanFactory.java:1358)
	at org.springframework.beans.factory.support.DefaultListableBeanFactory.doResolveDependency(DefaultListableBeanFactory.java:1245)
	at org.springframework.beans.factory.support.DefaultListableBeanFactory.resolveDependency(DefaultListableBeanFactory.java:1207)
	at org.springframework.beans.factory.support.ConstructorResolver.resolveAutowiredArgument(ConstructorResolver.java:874)
	at org.springframework.beans.factory.support.ConstructorResolver.createArgumentArray(ConstructorResolver.java:778)
	... 36 common frames omitted
Caused by: java.lang.IllegalStateException: Ambiguous mapping. Cannot map 'reservationController' method 
com.fabienit.biblioapi.web.controllers.ReservationController#getReservations()
to {GET /borrows}: There is already 'borrowController' bean method
com.fabienit.biblioapi.web.controllers.BorrowController#getBorrows() mapped.
	at org.springframework.web.servlet.handler.AbstractHandlerMethodMapping$MappingRegistry.validateMethodMapping(AbstractHandlerMethodMapping.java:633)
	at org.springframework.web.servlet.handler.AbstractHandlerMethodMapping$MappingRegistry.register(AbstractHandlerMethodMapping.java:600)
	at org.springframework.web.servlet.handler.AbstractHandlerMethodMapping.registerHandlerMethod(AbstractHandlerMethodMapping.java:318)
	at org.springframework.web.servlet.mvc.method.annotation.RequestMappingHandlerMapping.registerHandlerMethod(RequestMappingHandlerMapping.java:350)
	at org.springframework.web.servlet.mvc.method.annotation.RequestMappingHandlerMapping.registerHandlerMethod(RequestMappingHandlerMapping.java:67)
	at org.springframework.web.servlet.handler.AbstractHandlerMethodMapping.lambda$detectHandlerMethods$1(AbstractHandlerMethodMapping.java:288)
	at java.util.LinkedHashMap.forEach(LinkedHashMap.java:684)
	at org.springframework.web.servlet.handler.AbstractHandlerMethodMapping.detectHandlerMethods(AbstractHandlerMethodMapping.java:286)
	at org.springframework.web.servlet.handler.AbstractHandlerMethodMapping.processCandidateBean(AbstractHandlerMethodMapping.java:258)
	at org.springframework.web.servlet.handler.AbstractHandlerMethodMapping.initHandlerMethods(AbstractHandlerMethodMapping.java:217)
	at org.springframework.web.servlet.handler.AbstractHandlerMethodMapping.afterPropertiesSet(AbstractHandlerMethodMapping.java:205)
	at org.springframework.web.servlet.mvc.method.annotation.RequestMappingHandlerMapping.afterPropertiesSet(RequestMappingHandlerMapping.java:171)
	at org.springframework.beans.factory.support.AbstractAutowireCapableBeanFactory.invokeInitMethods(AbstractAutowireCapableBeanFactory.java:1862)
	at org.springframework.beans.factory.support.AbstractAutowireCapableBeanFactory.initializeBean(AbstractAutowireCapableBeanFactory.java:1799)
	... 50 common frames omitted
2022-05-06 12:25:38,878 INFO com.fabienit.biblioapi.BiblioApiApplication [main] Starting BiblioApiApplication on FABPC with PID 11496 (started by FaB PC in C:\Users\FaB\Git\Projet 10\bibliothequep10)
2022-05-06 12:25:38,890 DEBUG com.fabienit.biblioapi.BiblioApiApplication [main] Running with Spring Boot v2.2.1.RELEASE, Spring v5.2.1.RELEASE
2022-05-06 12:25:38,890 INFO com.fabienit.biblioapi.BiblioApiApplication [main] The following profiles are active: dev
2022-05-06 12:25:46,488 DEBUG com.fabienit.biblioapi.configuration.SwaggerConfig$$EnhancerBySpringCGLIB$$e6d7bab6 [main] Set Swagger2 documentation
2022-05-06 12:25:47,271 INFO com.fabienit.biblioapi.BiblioApiApplication [main] Started BiblioApiApplication in 8.956 seconds (JVM running for 9.941)
2022-05-06 12:26:20,477 INFO com.fabienit.biblioapi.web.controllers.ReservationController [http-nio-8001-exec-1] Adding new reservation in database
2022-05-06 12:26:20,567 INFO com.fabienit.biblioapi.web.controllers.AvailableCopieController [http-nio-8001-exec-1] Providing availablecopie resource from database: availableCopie book_id: 1, library_id: 1
2022-05-06 12:26:20,652 INFO com.fabienit.biblioapi.web.controllers.AvailableCopieController [http-nio-8001-exec-1] Updating availableCopie in database, book_id: 1, library_id: 1
2022-05-06 12:26:25,390 INFO com.fabienit.biblioapi.web.controllers.ReservationController [http-nio-8001-exec-3] Providing reservation resource from database: all reservation list
2022-05-06 12:27:42,253 ERROR org.hibernate.tool.schema.internal.SchemaDropperImpl$DelayedDropActionImpl [SpringContextShutdownHook] HHH000478: Unsuccessful: drop table book if exists
2022-05-06 12:27:42,258 ERROR org.hibernate.tool.schema.internal.SchemaDropperImpl$DelayedDropActionImpl [SpringContextShutdownHook] HHH000478: Unsuccessful: drop table library if exists
2022-05-06 12:27:42,259 ERROR org.hibernate.tool.schema.internal.SchemaDropperImpl$DelayedDropActionImpl [SpringContextShutdownHook] HHH000478: Unsuccessful: drop table registered_user if exists
