2022-05-23 15:29:32,565 INFO com.fabienit.biblioweb.BibliowebApplication [main] No active profile set, falling back to default profiles: default
2022-05-23 15:29:36,493 INFO com.fabienit.biblioweb.BibliowebApplication [main] Started BibliowebApplication in 5.876 seconds (JVM running for 7.294)
2022-05-23 15:32:54,537 INFO com.fabienit.biblioweb.web.controllers.WebappController [http-nio-8002-exec-1] Reach url: / - GET
2022-05-23 15:32:56,546 INFO com.fabienit.biblioweb.web.controllers.WebappController [http-nio-8002-exec-7] Reach url: /connexion - GET
2022-05-23 15:33:01,429 INFO com.fabienit.biblioweb.web.controllers.WebappController [http-nio-8002-exec-10] Reach url: / - GET
2022-05-23 15:33:02,870 INFO com.fabienit.biblioweb.web.controllers.WebappController [http-nio-8002-exec-6] Reach url: /profile - GET
2022-05-23 15:33:02,871 DEBUG com.fabienit.biblioweb.service.impl.WebappServiceImpl [http-nio-8002-exec-6] Getting active borrows for current authenticated user
2022-05-23 15:33:02,871 DEBUG com.fabienit.biblioweb.service.impl.WebappServiceImpl [http-nio-8002-exec-6] Getting authenticated current user id
2022-05-23 15:33:03,108 DEBUG com.fabienit.biblioweb.service.impl.WebappServiceImpl [http-nio-8002-exec-6] Getting reservations for current authenticated user
2022-05-23 15:33:03,109 DEBUG com.fabienit.biblioweb.service.impl.WebappServiceImpl [http-nio-8002-exec-6] Getting authenticated current user id
2022-05-23 15:33:05,243 INFO com.fabienit.biblioweb.web.controllers.WebappController [http-nio-8002-exec-5] Reach url: / - GET
2022-05-23 15:33:05,515 DEBUG com.fabienit.biblioweb.service.impl.WebappServiceImpl [http-nio-8002-exec-5] Getting authenticated current user id
2022-05-23 15:33:05,608 DEBUG com.fabienit.biblioweb.service.impl.WebappServiceImpl [http-nio-8002-exec-5] Getting active borrows for current authenticated user
2022-05-23 15:33:05,609 DEBUG com.fabienit.biblioweb.service.impl.WebappServiceImpl [http-nio-8002-exec-5] Getting authenticated current user id
2022-05-23 15:33:10,499 INFO com.fabienit.biblioweb.web.controllers.WebappController [http-nio-8002-exec-8] Reach url: /reserve - POST
2022-05-23 15:33:10,500 DEBUG com.fabienit.biblioweb.service.impl.WebappServiceImpl [http-nio-8002-exec-8] Getting authenticated current user id
2022-05-23 15:33:10,786 INFO com.fabienit.biblioweb.web.controllers.WebappController [http-nio-8002-exec-6] Reach url: /profile - GET
2022-05-23 15:33:10,786 DEBUG com.fabienit.biblioweb.service.impl.WebappServiceImpl [http-nio-8002-exec-6] Getting active borrows for current authenticated user
2022-05-23 15:33:10,786 DEBUG com.fabienit.biblioweb.service.impl.WebappServiceImpl [http-nio-8002-exec-6] Getting authenticated current user id
2022-05-23 15:33:10,888 DEBUG com.fabienit.biblioweb.service.impl.WebappServiceImpl [http-nio-8002-exec-6] Getting reservations for current authenticated user
2022-05-23 15:33:10,888 DEBUG com.fabienit.biblioweb.service.impl.WebappServiceImpl [http-nio-8002-exec-6] Getting authenticated current user id
2022-05-23 15:39:11,136 INFO com.fabienit.biblioweb.web.controllers.WebappController [http-nio-8002-exec-4] Reach url: /profile - GET
2022-05-23 15:39:11,136 DEBUG com.fabienit.biblioweb.service.impl.WebappServiceImpl [http-nio-8002-exec-4] Getting active borrows for current authenticated user
2022-05-23 15:39:11,169 DEBUG com.fabienit.biblioweb.service.impl.WebappServiceImpl [http-nio-8002-exec-4] Getting authenticated current user id
2022-05-23 15:39:11,269 DEBUG com.fabienit.biblioweb.service.impl.WebappServiceImpl [http-nio-8002-exec-4] Getting reservations for current authenticated user
2022-05-23 15:39:11,270 DEBUG com.fabienit.biblioweb.service.impl.WebappServiceImpl [http-nio-8002-exec-4] Getting authenticated current user id
2022-05-23 15:39:47,929 INFO com.fabienit.biblioweb.web.controllers.WebappController [http-nio-8002-exec-6] Reach url: /profile - GET
2022-05-23 15:39:47,929 DEBUG com.fabienit.biblioweb.service.impl.WebappServiceImpl [http-nio-8002-exec-6] Getting active borrows for current authenticated user
2022-05-23 15:39:47,929 DEBUG com.fabienit.biblioweb.service.impl.WebappServiceImpl [http-nio-8002-exec-6] Getting authenticated current user id
2022-05-23 15:39:48,033 DEBUG com.fabienit.biblioweb.service.impl.WebappServiceImpl [http-nio-8002-exec-6] Getting reservations for current authenticated user
2022-05-23 15:39:48,033 DEBUG com.fabienit.biblioweb.service.impl.WebappServiceImpl [http-nio-8002-exec-6] Getting authenticated current user id
2022-05-23 15:46:21,494 INFO com.fabienit.biblioweb.web.controllers.WebappController [http-nio-8002-exec-5] Reach url: /profile - GET
2022-05-23 15:46:21,495 DEBUG com.fabienit.biblioweb.service.impl.WebappServiceImpl [http-nio-8002-exec-5] Getting active borrows for current authenticated user
2022-05-23 15:46:21,509 DEBUG com.fabienit.biblioweb.service.impl.WebappServiceImpl [http-nio-8002-exec-5] Getting authenticated current user id
2022-05-23 15:46:21,627 DEBUG com.fabienit.biblioweb.service.impl.WebappServiceImpl [http-nio-8002-exec-5] Getting reservations for current authenticated user
2022-05-23 15:46:21,627 DEBUG com.fabienit.biblioweb.service.impl.WebappServiceImpl [http-nio-8002-exec-5] Getting authenticated current user id
2022-05-23 16:08:52,965 INFO com.fabienit.biblioweb.BibliowebApplication [main] No active profile set, falling back to default profiles: default
2022-05-23 16:08:56,479 INFO com.fabienit.biblioweb.BibliowebApplication [main] Started BibliowebApplication in 4.865 seconds (JVM running for 5.829)
2022-05-23 16:09:24,181 INFO com.fabienit.biblioweb.web.controllers.WebappController [http-nio-8002-exec-2] Reach url: /connexion - GET
2022-05-23 16:09:31,474 INFO com.fabienit.biblioweb.web.controllers.WebappController [http-nio-8002-exec-4] Reach url: /profile - GET
2022-05-23 16:09:31,475 DEBUG com.fabienit.biblioweb.service.impl.WebappServiceImpl [http-nio-8002-exec-4] Getting active borrows for current authenticated user
2022-05-23 16:09:31,475 DEBUG com.fabienit.biblioweb.service.impl.WebappServiceImpl [http-nio-8002-exec-4] Getting authenticated current user id
2022-05-23 16:09:31,828 DEBUG com.fabienit.biblioweb.service.impl.WebappServiceImpl [http-nio-8002-exec-4] Getting reservations for current authenticated user
2022-05-23 16:09:31,829 DEBUG com.fabienit.biblioweb.service.impl.WebappServiceImpl [http-nio-8002-exec-4] Getting authenticated current user id
2022-05-23 16:09:34,332 INFO com.fabienit.biblioweb.web.controllers.WebappController [http-nio-8002-exec-6] Reach url: /profile - GET
2022-05-23 16:09:34,332 DEBUG com.fabienit.biblioweb.service.impl.WebappServiceImpl [http-nio-8002-exec-6] Getting active borrows for current authenticated user
2022-05-23 16:09:34,333 DEBUG com.fabienit.biblioweb.service.impl.WebappServiceImpl [http-nio-8002-exec-6] Getting authenticated current user id
2022-05-23 16:09:34,439 DEBUG com.fabienit.biblioweb.service.impl.WebappServiceImpl [http-nio-8002-exec-6] Getting reservations for current authenticated user
2022-05-23 16:09:34,440 DEBUG com.fabienit.biblioweb.service.impl.WebappServiceImpl [http-nio-8002-exec-6] Getting authenticated current user id
2022-05-23 16:09:35,992 INFO com.fabienit.biblioweb.web.controllers.WebappController [http-nio-8002-exec-8] Reach url: / - GET
2022-05-23 16:09:36,412 DEBUG com.fabienit.biblioweb.service.impl.WebappServiceImpl [http-nio-8002-exec-8] Getting authenticated current user id
2022-05-23 16:09:36,510 DEBUG com.fabienit.biblioweb.service.impl.WebappServiceImpl [http-nio-8002-exec-8] Getting active borrows for current authenticated user
2022-05-23 16:09:36,510 DEBUG com.fabienit.biblioweb.service.impl.WebappServiceImpl [http-nio-8002-exec-8] Getting authenticated current user id
2022-05-23 16:09:41,233 INFO com.fabienit.biblioweb.web.controllers.WebappController [http-nio-8002-exec-5] Reach url: /reserve - POST
2022-05-23 16:09:41,234 DEBUG com.fabienit.biblioweb.service.impl.WebappServiceImpl [http-nio-8002-exec-5] Getting authenticated current user id
2022-05-23 16:09:41,659 INFO com.fabienit.biblioweb.web.controllers.WebappController [http-nio-8002-exec-6] Reach url: /profile - GET
2022-05-23 16:09:41,660 DEBUG com.fabienit.biblioweb.service.impl.WebappServiceImpl [http-nio-8002-exec-6] Getting active borrows for current authenticated user
2022-05-23 16:09:41,660 DEBUG com.fabienit.biblioweb.service.impl.WebappServiceImpl [http-nio-8002-exec-6] Getting authenticated current user id
2022-05-23 16:09:41,769 DEBUG com.fabienit.biblioweb.service.impl.WebappServiceImpl [http-nio-8002-exec-6] Getting reservations for current authenticated user
2022-05-23 16:09:41,769 DEBUG com.fabienit.biblioweb.service.impl.WebappServiceImpl [http-nio-8002-exec-6] Getting authenticated current user id
2022-05-23 16:09:55,745 INFO com.fabienit.biblioweb.web.controllers.WebappController [http-nio-8002-exec-10] Reach url: /profile - GET
2022-05-23 16:09:55,747 DEBUG com.fabienit.biblioweb.service.impl.WebappServiceImpl [http-nio-8002-exec-10] Getting active borrows for current authenticated user
2022-05-23 16:09:55,747 DEBUG com.fabienit.biblioweb.service.impl.WebappServiceImpl [http-nio-8002-exec-10] Getting authenticated current user id
2022-05-23 16:09:55,845 DEBUG com.fabienit.biblioweb.service.impl.WebappServiceImpl [http-nio-8002-exec-10] Getting reservations for current authenticated user
2022-05-23 16:09:55,845 DEBUG com.fabienit.biblioweb.service.impl.WebappServiceImpl [http-nio-8002-exec-10] Getting authenticated current user id
