2022-05-27 21:44:20,240 INFO com.fabienit.bibliobatch.BibliobatchApplication [main] No active profile set, falling back to default profiles: default
2022-05-27 21:44:23,697 INFO com.fabienit.bibliobatch.BibliobatchApplication [main] Started BibliobatchApplication in 4.722 seconds (JVM running for 5.687)
2022-05-27 21:46:00,154 INFO com.fabienit.bibliobatch.service.impl.EmailServiceImpl [scheduling-1] Sending notification emails for available reservations
2022-05-27 21:46:00,343 DEBUG com.fabienit.bibliobatch.service.impl.EmailServiceImpl [scheduling-1] Generating mail data for reservation, id:1
2022-05-27 21:47:11,886 INFO com.fabienit.bibliobatch.BibliobatchApplication [main] No active profile set, falling back to default profiles: default
2022-05-27 21:47:15,102 INFO com.fabienit.bibliobatch.BibliobatchApplication [main] Started BibliobatchApplication in 4.65 seconds (JVM running for 5.587)
2022-05-27 21:48:00,248 ERROR org.springframework.scheduling.support.TaskUtils$LoggingErrorHandler [scheduling-1] Unexpected error occurred in scheduled task
feign.FeignException$InternalServerError: status 500 reading ApiProxy#deleteOutdatedReservations()
	at feign.FeignException.serverErrorStatus(FeignException.java:195)
	at feign.FeignException.errorStatus(FeignException.java:144)
	at feign.FeignException.errorStatus(FeignException.java:133)
	at feign.codec.ErrorDecoder$Default.decode(ErrorDecoder.java:92)
	at feign.SynchronousMethodHandler.executeAndDecode(SynchronousMethodHandler.java:151)
	at feign.SynchronousMethodHandler.invoke(SynchronousMethodHandler.java:80)
	at feign.ReflectiveFeign$FeignInvocationHandler.invoke(ReflectiveFeign.java:103)
	at jdk.proxy2/jdk.proxy2.$Proxy72.deleteOutdatedReservations(Unknown Source)
	at com.fabienit.bibliobatch.service.impl.EmailServiceImpl.launchingReservationDailyTask(EmailServiceImpl.java:71)
	at java.base/jdk.internal.reflect.NativeMethodAccessorImpl.invoke0(Native Method)
	at java.base/jdk.internal.reflect.NativeMethodAccessorImpl.invoke(NativeMethodAccessorImpl.java:78)
	at java.base/jdk.internal.reflect.DelegatingMethodAccessorImpl.invoke(DelegatingMethodAccessorImpl.java:43)
	at java.base/java.lang.reflect.Method.invoke(Method.java:567)
	at org.springframework.scheduling.support.ScheduledMethodRunnable.run(ScheduledMethodRunnable.java:84)
	at org.springframework.scheduling.support.DelegatingErrorHandlingRunnable.run(DelegatingErrorHandlingRunnable.java:54)
	at org.springframework.scheduling.concurrent.ReschedulingRunnable.run(ReschedulingRunnable.java:93)
	at java.base/java.util.concurrent.Executors$RunnableAdapter.call(Executors.java:515)
	at java.base/java.util.concurrent.FutureTask.run(FutureTask.java:264)
	at java.base/java.util.concurrent.ScheduledThreadPoolExecutor$ScheduledFutureTask.run(ScheduledThreadPoolExecutor.java:304)
	at java.base/java.util.concurrent.ThreadPoolExecutor.runWorker(ThreadPoolExecutor.java:1130)
	at java.base/java.util.concurrent.ThreadPoolExecutor$Worker.run(ThreadPoolExecutor.java:630)
	at java.base/java.lang.Thread.run(Thread.java:831)
2022-05-27 21:50:16,566 INFO com.fabienit.bibliobatch.BibliobatchApplication [main] No active profile set, falling back to default profiles: default
2022-05-27 21:50:21,790 INFO com.fabienit.bibliobatch.BibliobatchApplication [main] Started BibliobatchApplication in 7.093 seconds (JVM running for 8.831)
2022-05-27 21:51:00,174 ERROR org.springframework.scheduling.support.TaskUtils$LoggingErrorHandler [scheduling-1] Unexpected error occurred in scheduled task
feign.FeignException$InternalServerError: status 500 reading ApiProxy#deleteOutdatedReservations()
	at feign.FeignException.serverErrorStatus(FeignException.java:195)
	at feign.FeignException.errorStatus(FeignException.java:144)
	at feign.FeignException.errorStatus(FeignException.java:133)
	at feign.codec.ErrorDecoder$Default.decode(ErrorDecoder.java:92)
	at feign.SynchronousMethodHandler.executeAndDecode(SynchronousMethodHandler.java:151)
	at feign.SynchronousMethodHandler.invoke(SynchronousMethodHandler.java:80)
	at feign.ReflectiveFeign$FeignInvocationHandler.invoke(ReflectiveFeign.java:103)
	at jdk.proxy2/jdk.proxy2.$Proxy72.deleteOutdatedReservations(Unknown Source)
	at com.fabienit.bibliobatch.service.impl.EmailServiceImpl.launchingReservationDailyTask(EmailServiceImpl.java:71)
	at java.base/jdk.internal.reflect.NativeMethodAccessorImpl.invoke0(Native Method)
	at java.base/jdk.internal.reflect.NativeMethodAccessorImpl.invoke(NativeMethodAccessorImpl.java:78)
	at java.base/jdk.internal.reflect.DelegatingMethodAccessorImpl.invoke(DelegatingMethodAccessorImpl.java:43)
	at java.base/java.lang.reflect.Method.invoke(Method.java:567)
	at org.springframework.scheduling.support.ScheduledMethodRunnable.run(ScheduledMethodRunnable.java:84)
	at org.springframework.scheduling.support.DelegatingErrorHandlingRunnable.run(DelegatingErrorHandlingRunnable.java:54)
	at org.springframework.scheduling.concurrent.ReschedulingRunnable.run(ReschedulingRunnable.java:93)
	at java.base/java.util.concurrent.Executors$RunnableAdapter.call(Executors.java:515)
	at java.base/java.util.concurrent.FutureTask.run$$$capture(FutureTask.java:264)
	at java.base/java.util.concurrent.FutureTask.run(FutureTask.java)
	at java.base/java.util.concurrent.ScheduledThreadPoolExecutor$ScheduledFutureTask.run(ScheduledThreadPoolExecutor.java:304)
	at java.base/java.util.concurrent.ThreadPoolExecutor.runWorker(ThreadPoolExecutor.java:1130)
	at java.base/java.util.concurrent.ThreadPoolExecutor$Worker.run(ThreadPoolExecutor.java:630)
	at java.base/java.lang.Thread.run(Thread.java:831)
2022-05-27 21:52:43,000 INFO com.fabienit.bibliobatch.BibliobatchApplication [main] No active profile set, falling back to default profiles: default
2022-05-27 21:53:25,548 INFO com.fabienit.bibliobatch.BibliobatchApplication [main] Started BibliobatchApplication in 44.78 seconds (JVM running for 46.421)
2022-05-27 21:53:49,118 INFO com.fabienit.bibliobatch.BibliobatchApplication [main] No active profile set, falling back to default profiles: default
2022-05-27 21:54:22,957 INFO com.fabienit.bibliobatch.BibliobatchApplication [main] No active profile set, falling back to default profiles: default
2022-05-27 21:55:05,445 INFO com.fabienit.bibliobatch.BibliobatchApplication [main] Started BibliobatchApplication in 44.811 seconds (JVM running for 46.225)
2022-05-27 21:59:59,541 INFO com.fabienit.bibliobatch.BibliobatchApplication [main] No active profile set, falling back to default profiles: default
2022-05-27 22:00:42,261 INFO com.fabienit.bibliobatch.BibliobatchApplication [main] Started BibliobatchApplication in 44.099 seconds (JVM running for 45.396)
2022-05-27 22:01:17,559 ERROR org.springframework.scheduling.support.TaskUtils$LoggingErrorHandler [scheduling-1] Unexpected error occurred in scheduled task
feign.FeignException$InternalServerError: status 500 reading ApiProxy#deleteOutdatedReservations()
	at feign.FeignException.serverErrorStatus(FeignException.java:195)
	at feign.FeignException.errorStatus(FeignException.java:144)
	at feign.FeignException.errorStatus(FeignException.java:133)
	at feign.codec.ErrorDecoder$Default.decode(ErrorDecoder.java:92)
	at feign.SynchronousMethodHandler.executeAndDecode(SynchronousMethodHandler.java:151)
	at feign.SynchronousMethodHandler.invoke(SynchronousMethodHandler.java:80)
	at feign.ReflectiveFeign$FeignInvocationHandler.invoke(ReflectiveFeign.java:103)
	at jdk.proxy2/jdk.proxy2.$Proxy72.deleteOutdatedReservations(Unknown Source)
	at com.fabienit.bibliobatch.service.impl.EmailServiceImpl.launchingReservationDailyTask(EmailServiceImpl.java:71)
	at java.base/jdk.internal.reflect.NativeMethodAccessorImpl.invoke0(Native Method)
	at java.base/jdk.internal.reflect.NativeMethodAccessorImpl.invoke(NativeMethodAccessorImpl.java:78)
	at java.base/jdk.internal.reflect.DelegatingMethodAccessorImpl.invoke(DelegatingMethodAccessorImpl.java:43)
	at java.base/java.lang.reflect.Method.invoke(Method.java:567)
	at org.springframework.scheduling.support.ScheduledMethodRunnable.run(ScheduledMethodRunnable.java:84)
	at org.springframework.scheduling.support.DelegatingErrorHandlingRunnable.run(DelegatingErrorHandlingRunnable.java:54)
	at org.springframework.scheduling.concurrent.ReschedulingRunnable.run(ReschedulingRunnable.java:93)
	at java.base/java.util.concurrent.Executors$RunnableAdapter.call(Executors.java:515)
	at java.base/java.util.concurrent.FutureTask.run$$$capture(FutureTask.java:264)
	at java.base/java.util.concurrent.FutureTask.run(FutureTask.java)
	at java.base/java.util.concurrent.ScheduledThreadPoolExecutor$ScheduledFutureTask.run(ScheduledThreadPoolExecutor.java:304)
	at java.base/java.util.concurrent.ThreadPoolExecutor.runWorker(ThreadPoolExecutor.java:1130)
	at java.base/java.util.concurrent.ThreadPoolExecutor$Worker.run(ThreadPoolExecutor.java:630)
	at java.base/java.lang.Thread.run(Thread.java:831)
2022-05-27 22:02:07,780 INFO com.fabienit.bibliobatch.BibliobatchApplication [main] No active profile set, falling back to default profiles: default
2022-05-27 22:02:10,771 INFO com.fabienit.bibliobatch.BibliobatchApplication [main] Started BibliobatchApplication in 4.115 seconds (JVM running for 5.125)
2022-05-27 22:03:00,154 ERROR org.springframework.scheduling.support.TaskUtils$LoggingErrorHandler [scheduling-1] Unexpected error occurred in scheduled task
feign.FeignException$InternalServerError: status 500 reading ApiProxy#deleteOutdatedReservations()
	at feign.FeignException.serverErrorStatus(FeignException.java:195)
	at feign.FeignException.errorStatus(FeignException.java:144)
	at feign.FeignException.errorStatus(FeignException.java:133)
	at feign.codec.ErrorDecoder$Default.decode(ErrorDecoder.java:92)
	at feign.SynchronousMethodHandler.executeAndDecode(SynchronousMethodHandler.java:151)
	at feign.SynchronousMethodHandler.invoke(SynchronousMethodHandler.java:80)
	at feign.ReflectiveFeign$FeignInvocationHandler.invoke(ReflectiveFeign.java:103)
	at jdk.proxy2/jdk.proxy2.$Proxy72.deleteOutdatedReservations(Unknown Source)
	at com.fabienit.bibliobatch.service.impl.EmailServiceImpl.launchingReservationDailyTask(EmailServiceImpl.java:71)
	at java.base/jdk.internal.reflect.NativeMethodAccessorImpl.invoke0(Native Method)
	at java.base/jdk.internal.reflect.NativeMethodAccessorImpl.invoke(NativeMethodAccessorImpl.java:78)
	at java.base/jdk.internal.reflect.DelegatingMethodAccessorImpl.invoke(DelegatingMethodAccessorImpl.java:43)
	at java.base/java.lang.reflect.Method.invoke(Method.java:567)
	at org.springframework.scheduling.support.ScheduledMethodRunnable.run(ScheduledMethodRunnable.java:84)
	at org.springframework.scheduling.support.DelegatingErrorHandlingRunnable.run(DelegatingErrorHandlingRunnable.java:54)
	at org.springframework.scheduling.concurrent.ReschedulingRunnable.run(ReschedulingRunnable.java:93)
	at java.base/java.util.concurrent.Executors$RunnableAdapter.call(Executors.java:515)
	at java.base/java.util.concurrent.FutureTask.run(FutureTask.java:264)
	at java.base/java.util.concurrent.ScheduledThreadPoolExecutor$ScheduledFutureTask.run(ScheduledThreadPoolExecutor.java:304)
	at java.base/java.util.concurrent.ThreadPoolExecutor.runWorker(ThreadPoolExecutor.java:1130)
	at java.base/java.util.concurrent.ThreadPoolExecutor$Worker.run(ThreadPoolExecutor.java:630)
	at java.base/java.lang.Thread.run(Thread.java:831)
2022-05-27 22:12:32,447 INFO com.fabienit.bibliobatch.BibliobatchApplication [main] No active profile set, falling back to default profiles: default
2022-05-27 22:12:35,421 INFO com.fabienit.bibliobatch.BibliobatchApplication [main] Started BibliobatchApplication in 4.173 seconds (JVM running for 5.013)
2022-05-27 22:13:00,169 ERROR org.springframework.scheduling.support.TaskUtils$LoggingErrorHandler [scheduling-1] Unexpected error occurred in scheduled task
feign.FeignException$InternalServerError: status 500 reading ApiProxy#deleteOutdatedReservations()
	at feign.FeignException.serverErrorStatus(FeignException.java:195)
	at feign.FeignException.errorStatus(FeignException.java:144)
	at feign.FeignException.errorStatus(FeignException.java:133)
	at feign.codec.ErrorDecoder$Default.decode(ErrorDecoder.java:92)
	at feign.SynchronousMethodHandler.executeAndDecode(SynchronousMethodHandler.java:151)
	at feign.SynchronousMethodHandler.invoke(SynchronousMethodHandler.java:80)
	at feign.ReflectiveFeign$FeignInvocationHandler.invoke(ReflectiveFeign.java:103)
	at jdk.proxy2/jdk.proxy2.$Proxy72.deleteOutdatedReservations(Unknown Source)
	at com.fabienit.bibliobatch.service.impl.EmailServiceImpl.launchingReservationDailyTask(EmailServiceImpl.java:71)
	at java.base/jdk.internal.reflect.NativeMethodAccessorImpl.invoke0(Native Method)
	at java.base/jdk.internal.reflect.NativeMethodAccessorImpl.invoke(NativeMethodAccessorImpl.java:78)
	at java.base/jdk.internal.reflect.DelegatingMethodAccessorImpl.invoke(DelegatingMethodAccessorImpl.java:43)
	at java.base/java.lang.reflect.Method.invoke(Method.java:567)
	at org.springframework.scheduling.support.ScheduledMethodRunnable.run(ScheduledMethodRunnable.java:84)
	at org.springframework.scheduling.support.DelegatingErrorHandlingRunnable.run(DelegatingErrorHandlingRunnable.java:54)
	at org.springframework.scheduling.concurrent.ReschedulingRunnable.run(ReschedulingRunnable.java:93)
	at java.base/java.util.concurrent.Executors$RunnableAdapter.call(Executors.java:515)
	at java.base/java.util.concurrent.FutureTask.run(FutureTask.java:264)
	at java.base/java.util.concurrent.ScheduledThreadPoolExecutor$ScheduledFutureTask.run(ScheduledThreadPoolExecutor.java:304)
	at java.base/java.util.concurrent.ThreadPoolExecutor.runWorker(ThreadPoolExecutor.java:1130)
	at java.base/java.util.concurrent.ThreadPoolExecutor$Worker.run(ThreadPoolExecutor.java:630)
	at java.base/java.lang.Thread.run(Thread.java:831)
2022-05-27 22:17:20,351 INFO com.fabienit.bibliobatch.BibliobatchApplication [main] No active profile set, falling back to default profiles: default
2022-05-27 22:17:23,095 INFO com.fabienit.bibliobatch.BibliobatchApplication [main] Started BibliobatchApplication in 3.973 seconds (JVM running for 5.048)
2022-05-27 22:18:00,162 ERROR org.springframework.scheduling.support.TaskUtils$LoggingErrorHandler [scheduling-1] Unexpected error occurred in scheduled task
feign.FeignException$InternalServerError: status 500 reading ApiProxy#deleteOutdatedReservations()
	at feign.FeignException.serverErrorStatus(FeignException.java:195)
	at feign.FeignException.errorStatus(FeignException.java:144)
	at feign.FeignException.errorStatus(FeignException.java:133)
	at feign.codec.ErrorDecoder$Default.decode(ErrorDecoder.java:92)
	at feign.SynchronousMethodHandler.executeAndDecode(SynchronousMethodHandler.java:151)
	at feign.SynchronousMethodHandler.invoke(SynchronousMethodHandler.java:80)
	at feign.ReflectiveFeign$FeignInvocationHandler.invoke(ReflectiveFeign.java:103)
	at jdk.proxy2/jdk.proxy2.$Proxy72.deleteOutdatedReservations(Unknown Source)
	at com.fabienit.bibliobatch.service.impl.EmailServiceImpl.launchingReservationDailyTask(EmailServiceImpl.java:71)
	at java.base/jdk.internal.reflect.NativeMethodAccessorImpl.invoke0(Native Method)
	at java.base/jdk.internal.reflect.NativeMethodAccessorImpl.invoke(NativeMethodAccessorImpl.java:78)
	at java.base/jdk.internal.reflect.DelegatingMethodAccessorImpl.invoke(DelegatingMethodAccessorImpl.java:43)
	at java.base/java.lang.reflect.Method.invoke(Method.java:567)
	at org.springframework.scheduling.support.ScheduledMethodRunnable.run(ScheduledMethodRunnable.java:84)
	at org.springframework.scheduling.support.DelegatingErrorHandlingRunnable.run(DelegatingErrorHandlingRunnable.java:54)
	at org.springframework.scheduling.concurrent.ReschedulingRunnable.run(ReschedulingRunnable.java:93)
	at java.base/java.util.concurrent.Executors$RunnableAdapter.call(Executors.java:515)
	at java.base/java.util.concurrent.FutureTask.run(FutureTask.java:264)
	at java.base/java.util.concurrent.ScheduledThreadPoolExecutor$ScheduledFutureTask.run(ScheduledThreadPoolExecutor.java:304)
	at java.base/java.util.concurrent.ThreadPoolExecutor.runWorker(ThreadPoolExecutor.java:1130)
	at java.base/java.util.concurrent.ThreadPoolExecutor$Worker.run(ThreadPoolExecutor.java:630)
	at java.base/java.lang.Thread.run(Thread.java:831)
2022-05-27 22:27:38,876 INFO com.fabienit.bibliobatch.BibliobatchApplication [main] No active profile set, falling back to default profiles: default
2022-05-27 22:27:42,011 INFO com.fabienit.bibliobatch.BibliobatchApplication [main] Started BibliobatchApplication in 4.571 seconds (JVM running for 5.665)
2022-05-27 22:28:00,159 ERROR org.springframework.scheduling.support.TaskUtils$LoggingErrorHandler [scheduling-1] Unexpected error occurred in scheduled task
feign.FeignException$InternalServerError: status 500 reading ApiProxy#deleteOutDatedReservationsDevMode()
	at feign.FeignException.serverErrorStatus(FeignException.java:195)
	at feign.FeignException.errorStatus(FeignException.java:144)
	at feign.FeignException.errorStatus(FeignException.java:133)
	at feign.codec.ErrorDecoder$Default.decode(ErrorDecoder.java:92)
	at feign.SynchronousMethodHandler.executeAndDecode(SynchronousMethodHandler.java:151)
	at feign.SynchronousMethodHandler.invoke(SynchronousMethodHandler.java:80)
	at feign.ReflectiveFeign$FeignInvocationHandler.invoke(ReflectiveFeign.java:103)
	at jdk.proxy2/jdk.proxy2.$Proxy72.deleteOutDatedReservationsDevMode(Unknown Source)
	at com.fabienit.bibliobatch.service.impl.EmailServiceImpl.launchingReservationDailyTask(EmailServiceImpl.java:72)
	at java.base/jdk.internal.reflect.NativeMethodAccessorImpl.invoke0(Native Method)
	at java.base/jdk.internal.reflect.NativeMethodAccessorImpl.invoke(NativeMethodAccessorImpl.java:78)
	at java.base/jdk.internal.reflect.DelegatingMethodAccessorImpl.invoke(DelegatingMethodAccessorImpl.java:43)
	at java.base/java.lang.reflect.Method.invoke(Method.java:567)
	at org.springframework.scheduling.support.ScheduledMethodRunnable.run(ScheduledMethodRunnable.java:84)
	at org.springframework.scheduling.support.DelegatingErrorHandlingRunnable.run(DelegatingErrorHandlingRunnable.java:54)
	at org.springframework.scheduling.concurrent.ReschedulingRunnable.run(ReschedulingRunnable.java:93)
	at java.base/java.util.concurrent.Executors$RunnableAdapter.call(Executors.java:515)
	at java.base/java.util.concurrent.FutureTask.run(FutureTask.java:264)
	at java.base/java.util.concurrent.ScheduledThreadPoolExecutor$ScheduledFutureTask.run(ScheduledThreadPoolExecutor.java:304)
	at java.base/java.util.concurrent.ThreadPoolExecutor.runWorker(ThreadPoolExecutor.java:1130)
	at java.base/java.util.concurrent.ThreadPoolExecutor$Worker.run(ThreadPoolExecutor.java:630)
	at java.base/java.lang.Thread.run(Thread.java:831)
2022-05-27 22:31:24,126 INFO com.fabienit.bibliobatch.BibliobatchApplication [main] No active profile set, falling back to default profiles: default
2022-05-27 22:31:26,905 INFO com.fabienit.bibliobatch.BibliobatchApplication [main] Started BibliobatchApplication in 4.027 seconds (JVM running for 4.956)
2022-05-27 22:32:00,163 ERROR org.springframework.scheduling.support.TaskUtils$LoggingErrorHandler [scheduling-1] Unexpected error occurred in scheduled task
feign.FeignException$InternalServerError: status 500 reading ApiProxy#deleteOutDatedReservationsDevMode()
	at feign.FeignException.serverErrorStatus(FeignException.java:195)
	at feign.FeignException.errorStatus(FeignException.java:144)
	at feign.FeignException.errorStatus(FeignException.java:133)
	at feign.codec.ErrorDecoder$Default.decode(ErrorDecoder.java:92)
	at feign.SynchronousMethodHandler.executeAndDecode(SynchronousMethodHandler.java:151)
	at feign.SynchronousMethodHandler.invoke(SynchronousMethodHandler.java:80)
	at feign.ReflectiveFeign$FeignInvocationHandler.invoke(ReflectiveFeign.java:103)
	at jdk.proxy2/jdk.proxy2.$Proxy72.deleteOutDatedReservationsDevMode(Unknown Source)
	at com.fabienit.bibliobatch.service.impl.EmailServiceImpl.launchingReservationDailyTask(EmailServiceImpl.java:72)
	at java.base/jdk.internal.reflect.NativeMethodAccessorImpl.invoke0(Native Method)
	at java.base/jdk.internal.reflect.NativeMethodAccessorImpl.invoke(NativeMethodAccessorImpl.java:78)
	at java.base/jdk.internal.reflect.DelegatingMethodAccessorImpl.invoke(DelegatingMethodAccessorImpl.java:43)
	at java.base/java.lang.reflect.Method.invoke(Method.java:567)
	at org.springframework.scheduling.support.ScheduledMethodRunnable.run(ScheduledMethodRunnable.java:84)
	at org.springframework.scheduling.support.DelegatingErrorHandlingRunnable.run(DelegatingErrorHandlingRunnable.java:54)
	at org.springframework.scheduling.concurrent.ReschedulingRunnable.run(ReschedulingRunnable.java:93)
	at java.base/java.util.concurrent.Executors$RunnableAdapter.call(Executors.java:515)
	at java.base/java.util.concurrent.FutureTask.run(FutureTask.java:264)
	at java.base/java.util.concurrent.ScheduledThreadPoolExecutor$ScheduledFutureTask.run(ScheduledThreadPoolExecutor.java:304)
	at java.base/java.util.concurrent.ThreadPoolExecutor.runWorker(ThreadPoolExecutor.java:1130)
	at java.base/java.util.concurrent.ThreadPoolExecutor$Worker.run(ThreadPoolExecutor.java:630)
	at java.base/java.lang.Thread.run(Thread.java:831)
2022-05-27 22:40:30,995 INFO com.fabienit.bibliobatch.BibliobatchApplication [main] No active profile set, falling back to default profiles: default
2022-05-27 22:40:33,784 ERROR org.springframework.boot.SpringApplication [main] Application run failed
org.springframework.beans.factory.UnsatisfiedDependencyException: Error creating bean with name 'emailServiceImpl': Unsatisfied dependency expressed through field 'apiProxy'; nested exception is org.springframework.beans.factory.BeanCreationException: Error creating bean with name 'com.fabienit.bibliobatch.proxies.ApiProxy': FactoryBean threw exception on object creation; nested exception is java.lang.IllegalStateException: Method deleteOutDatedReservationsDevMode not annotated with HTTP method type (ex. GET, POST)
	at org.springframework.beans.factory.annotation.AutowiredAnnotationBeanPostProcessor$AutowiredFieldElement.inject(AutowiredAnnotationBeanPostProcessor.java:643)
	at org.springframework.beans.factory.annotation.InjectionMetadata.inject(InjectionMetadata.java:116)
	at org.springframework.beans.factory.annotation.AutowiredAnnotationBeanPostProcessor.postProcessProperties(AutowiredAnnotationBeanPostProcessor.java:399)
	at org.springframework.beans.factory.support.AbstractAutowireCapableBeanFactory.populateBean(AbstractAutowireCapableBeanFactory.java:1422)
	at org.springframework.beans.factory.support.AbstractAutowireCapableBeanFactory.doCreateBean(AbstractAutowireCapableBeanFactory.java:594)
	at org.springframework.beans.factory.support.AbstractAutowireCapableBeanFactory.createBean(AbstractAutowireCapableBeanFactory.java:517)
	at org.springframework.beans.factory.support.AbstractBeanFactory.lambda$doGetBean$0(AbstractBeanFactory.java:323)
	at org.springframework.beans.factory.support.DefaultSingletonBeanRegistry.getSingleton(DefaultSingletonBeanRegistry.java:222)
	at org.springframework.beans.factory.support.AbstractBeanFactory.doGetBean(AbstractBeanFactory.java:321)
	at org.springframework.beans.factory.support.AbstractBeanFactory.getBean(AbstractBeanFactory.java:202)
	at org.springframework.beans.factory.support.DefaultListableBeanFactory.preInstantiateSingletons(DefaultListableBeanFactory.java:879)
	at org.springframework.context.support.AbstractApplicationContext.finishBeanFactoryInitialization(AbstractApplicationContext.java:878)
	at org.springframework.context.support.AbstractApplicationContext.refresh(AbstractApplicationContext.java:550)
	at org.springframework.boot.web.servlet.context.ServletWebServerApplicationContext.refresh(ServletWebServerApplicationContext.java:141)
	at org.springframework.boot.SpringApplication.refresh(SpringApplication.java:747)
	at org.springframework.boot.SpringApplication.refreshContext(SpringApplication.java:397)
	at org.springframework.boot.SpringApplication.run(SpringApplication.java:315)
	at org.springframework.boot.SpringApplication.run(SpringApplication.java:1226)
	at org.springframework.boot.SpringApplication.run(SpringApplication.java:1215)
	at com.fabienit.bibliobatch.BibliobatchApplication.main(BibliobatchApplication.java:14)
Caused by: org.springframework.beans.factory.BeanCreationException: Error creating bean with name 'com.fabienit.bibliobatch.proxies.ApiProxy': FactoryBean threw exception on object creation; nested exception is java.lang.IllegalStateException: Method deleteOutDatedReservationsDevMode not annotated with HTTP method type (ex. GET, POST)
	at org.springframework.beans.factory.support.FactoryBeanRegistrySupport.doGetObjectFromFactoryBean(FactoryBeanRegistrySupport.java:178)
	at org.springframework.beans.factory.support.FactoryBeanRegistrySupport.getObjectFromFactoryBean(FactoryBeanRegistrySupport.java:101)
	at org.springframework.beans.factory.support.AbstractBeanFactory.getObjectForBeanInstance(AbstractBeanFactory.java:1817)
	at org.springframework.beans.factory.support.AbstractAutowireCapableBeanFactory.getObjectForBeanInstance(AbstractAutowireCapableBeanFactory.java:1266)
	at org.springframework.beans.factory.support.AbstractBeanFactory.doGetBean(AbstractBeanFactory.java:260)
	at org.springframework.beans.factory.support.AbstractBeanFactory.getBean(AbstractBeanFactory.java:202)
	at org.springframework.beans.factory.config.DependencyDescriptor.resolveCandidate(DependencyDescriptor.java:276)
	at org.springframework.beans.factory.support.DefaultListableBeanFactory.addCandidateEntry(DefaultListableBeanFactory.java:1510)
	at org.springframework.beans.factory.support.DefaultListableBeanFactory.findAutowireCandidates(DefaultListableBeanFactory.java:1467)
	at org.springframework.beans.factory.support.DefaultListableBeanFactory.doResolveDependency(DefaultListableBeanFactory.java:1250)
	at org.springframework.beans.factory.support.DefaultListableBeanFactory.resolveDependency(DefaultListableBeanFactory.java:1207)
	at org.springframework.beans.factory.annotation.AutowiredAnnotationBeanPostProcessor$AutowiredFieldElement.inject(AutowiredAnnotationBeanPostProcessor.java:640)
	... 19 common frames omitted
Caused by: java.lang.IllegalStateException: Method deleteOutDatedReservationsDevMode not annotated with HTTP method type (ex. GET, POST)
	at feign.Util.checkState(Util.java:130)
	at feign.Contract$BaseContract.parseAndValidateMetadata(Contract.java:99)
	at org.springframework.cloud.openfeign.support.SpringMvcContract.parseAndValidateMetadata(SpringMvcContract.java:188)
	at feign.Contract$BaseContract.parseAndValidatateMetadata(Contract.java:66)
	at feign.ReflectiveFeign$ParseHandlersByName.apply(ReflectiveFeign.java:154)
	at feign.ReflectiveFeign.newInstance(ReflectiveFeign.java:52)
	at feign.Feign$Builder.target(Feign.java:251)
	at org.springframework.cloud.openfeign.HystrixTargeter.target(HystrixTargeter.java:38)
	at org.springframework.cloud.openfeign.FeignClientFactoryBean.getTarget(FeignClientFactoryBean.java:288)
	at org.springframework.cloud.openfeign.FeignClientFactoryBean.getObject(FeignClientFactoryBean.java:251)
	at org.springframework.beans.factory.support.FactoryBeanRegistrySupport.doGetObjectFromFactoryBean(FactoryBeanRegistrySupport.java:171)
	... 30 common frames omitted
2022-05-27 22:41:15,972 INFO com.fabienit.bibliobatch.BibliobatchApplication [main] No active profile set, falling back to default profiles: default
2022-05-27 22:41:18,761 INFO com.fabienit.bibliobatch.BibliobatchApplication [main] Started BibliobatchApplication in 4.132 seconds (JVM running for 4.976)
2022-05-27 22:42:00,686 INFO com.fabienit.bibliobatch.service.impl.EmailServiceImpl [scheduling-1] Sending notification emails for available reservations
2022-05-27 22:42:00,958 DEBUG com.fabienit.bibliobatch.service.impl.EmailServiceImpl [scheduling-1] Generating mail data for reservation, id:1
2022-05-27 22:44:01,735 INFO com.fabienit.bibliobatch.BibliobatchApplication [main] No active profile set, falling back to default profiles: default
2022-05-27 22:44:05,010 INFO com.fabienit.bibliobatch.BibliobatchApplication [main] Started BibliobatchApplication in 4.89 seconds (JVM running for 5.943)
2022-05-27 22:53:12,142 INFO com.fabienit.bibliobatch.BibliobatchApplication [main] No active profile set, falling back to default profiles: default
2022-05-27 22:53:17,682 INFO com.fabienit.bibliobatch.BibliobatchApplication [main] Started BibliobatchApplication in 6.768 seconds (JVM running for 7.866)
2022-05-27 22:54:00,235 INFO com.fabienit.bibliobatch.service.impl.EmailServiceImpl [scheduling-1] Sending notification emails for available reservations
2022-05-27 22:54:00,424 DEBUG com.fabienit.bibliobatch.service.impl.EmailServiceImpl [scheduling-1] Generating mail data for reservation, id:1
