2022-05-15 18:51:02,351 INFO com.fabienit.flyingclub.AeroclubwebApplication [main] No active profile set, falling back to default profiles: default
2022-05-15 18:51:05,177 INFO com.fabienit.flyingclub.AeroclubwebApplication [main] Started BibliowebApplication in 3.924 seconds (JVM running for 4.929)
2022-05-15 18:51:05,259 INFO controllers.web.com.fabien.flyingclub.WebappController [http-nio-8002-exec-2] Reach url: / - GET
2022-05-15 18:51:13,990 INFO controllers.web.com.fabien.flyingclub.WebappController [http-nio-8002-exec-7] Reach url: /connexion - GET
2022-05-15 18:51:19,028 INFO controllers.web.com.fabien.flyingclub.WebappController [http-nio-8002-exec-5] Reach url: / - GET
2022-05-15 18:51:21,343 INFO controllers.web.com.fabien.flyingclub.WebappController [http-nio-8002-exec-3] Reach url: /profile - GET
2022-05-15 18:51:21,344 DEBUG impl.service.com.fabien.flyingclub.WebappServiceImpl [http-nio-8002-exec-3] Getting active borrows for current authenticated user
2022-05-15 18:51:21,345 DEBUG impl.service.com.fabien.flyingclub.WebappServiceImpl [http-nio-8002-exec-3] Getting authenticated current user id
2022-05-15 18:51:21,596 DEBUG impl.service.com.fabien.flyingclub.WebappServiceImpl [http-nio-8002-exec-3] Getting reservations for current authenticated user
2022-05-15 18:51:21,597 DEBUG impl.service.com.fabien.flyingclub.WebappServiceImpl [http-nio-8002-exec-3] Getting authenticated current user id
2022-05-15 18:51:32,385 INFO controllers.web.com.fabien.flyingclub.WebappController [http-nio-8002-exec-7] Reach url: / - GET
2022-05-15 18:51:32,722 DEBUG impl.service.com.fabien.flyingclub.WebappServiceImpl [http-nio-8002-exec-7] Getting authenticated current user id
2022-05-15 18:51:32,846 DEBUG impl.service.com.fabien.flyingclub.WebappServiceImpl [http-nio-8002-exec-7] Getting active borrows for current authenticated user
2022-05-15 18:51:32,847 DEBUG impl.service.com.fabien.flyingclub.WebappServiceImpl [http-nio-8002-exec-7] Getting authenticated current user id
2022-05-15 18:51:42,680 INFO controllers.web.com.fabien.flyingclub.WebappController [http-nio-8002-exec-6] Reach url: /reserve - POST
2022-05-15 18:51:42,682 DEBUG impl.service.com.fabien.flyingclub.WebappServiceImpl [http-nio-8002-exec-6] Getting authenticated current user id
2022-05-15 18:51:43,029 DEBUG controllers.web.com.fabien.flyingclub.WebappController [http-nio-8002-exec-6] status 500 reading ApiProxy#addReservation(ReservationBean)
2022-05-15 18:51:43,035 DEBUG controllers.web.com.fabien.flyingclub.WebappController [http-nio-8002-exec-6] status 500 reading ApiProxy#addReservation(ReservationBean)
2022-05-15 18:51:43,114 INFO controllers.web.com.fabien.flyingclub.WebappController [http-nio-8002-exec-3] Reach url: /profile - GET
2022-05-15 18:51:43,114 DEBUG impl.service.com.fabien.flyingclub.WebappServiceImpl [http-nio-8002-exec-3] Getting active borrows for current authenticated user
2022-05-15 18:51:43,115 DEBUG impl.service.com.fabien.flyingclub.WebappServiceImpl [http-nio-8002-exec-3] Getting authenticated current user id
2022-05-15 18:51:43,242 DEBUG impl.service.com.fabien.flyingclub.WebappServiceImpl [http-nio-8002-exec-3] Getting reservations for current authenticated user
2022-05-15 18:51:43,242 DEBUG impl.service.com.fabien.flyingclub.WebappServiceImpl [http-nio-8002-exec-3] Getting authenticated current user id
2022-05-15 18:53:00,137 INFO controllers.web.com.fabien.flyingclub.WebappController [http-nio-8002-exec-7] Reach url: / - GET
2022-05-15 18:53:00,520 DEBUG impl.service.com.fabien.flyingclub.WebappServiceImpl [http-nio-8002-exec-7] Getting authenticated current user id
2022-05-15 18:53:00,693 DEBUG impl.service.com.fabien.flyingclub.WebappServiceImpl [http-nio-8002-exec-7] Getting active borrows for current authenticated user
2022-05-15 18:53:00,694 DEBUG impl.service.com.fabien.flyingclub.WebappServiceImpl [http-nio-8002-exec-7] Getting authenticated current user id
2022-05-15 18:54:30,145 INFO controllers.web.com.fabien.flyingclub.WebappController [http-nio-8002-exec-5] Reach url: /profile - GET
2022-05-15 18:54:30,146 DEBUG impl.service.com.fabien.flyingclub.WebappServiceImpl [http-nio-8002-exec-5] Getting active borrows for current authenticated user
2022-05-15 18:54:30,165 DEBUG impl.service.com.fabien.flyingclub.WebappServiceImpl [http-nio-8002-exec-5] Getting authenticated current user id
2022-05-15 18:54:30,313 DEBUG impl.service.com.fabien.flyingclub.WebappServiceImpl [http-nio-8002-exec-5] Getting reservations for current authenticated user
2022-05-15 18:54:30,314 DEBUG impl.service.com.fabien.flyingclub.WebappServiceImpl [http-nio-8002-exec-5] Getting authenticated current user id
2022-05-15 18:55:18,964 INFO controllers.web.com.fabien.flyingclub.WebappController [http-nio-8002-exec-4] Reach url: / - GET
